22:29:28.281 [main] TRACE - Resolving type for handle ctproperties2c18type
22:29:28.301 [main] TRACE - Resolving type for handle sstf81fdoctype
22:29:28.302 [main] TRACE - Resolving type for handle ctsst44f3type
22:29:28.306 [main] TRACE - Resolving type for handle stylesheet5d8bdoctype
22:29:28.309 [main] TRACE - Resolving type for handle ctstylesheet4257type
22:29:28.317 [main] TRACE - Resolving type for handle ctfont14d8type
22:29:28.325 [main] TRACE - Resolving type for handle ctfontsizeb3b9type
22:29:28.331 [main] TRACE - Resolving type for handle ctcolord2c2type
22:29:28.334 [main] TRACE - Resolving type for handle ctfontname2dc3type
22:29:28.338 [main] TRACE - Resolving type for handle stxstringf179type
22:29:28.340 [main] TRACE - Resolving type for handle ctfontfamily685ctype
22:29:28.349 [main] TRACE - Resolving type for handle stfontfamily9c6ctype
22:29:28.356 [main] TRACE - Resolving type for handle ctfontschemebf5dtype
22:29:28.360 [main] TRACE - Resolving type for handle stfontschemef36dtype
22:29:28.364 [main] TRACE - Resolving type for handle ctfill550ctype
22:29:28.367 [main] TRACE - Resolving type for handle ctpatternfill7452type
22:29:28.372 [main] TRACE - Resolving type for handle stpatterntype7939type
22:29:28.385 [main] TRACE - Resolving type for handle ctborderf935type
22:29:28.390 [main] TRACE - Resolving type for handle ctborderpre497type
22:29:28.402 [main] TRACE - Resolving type for handle ctxf97f7type
22:29:28.405 [main] TRACE - Resolving type for handle stnumfmtid76fbtype
22:29:28.406 [main] TRACE - Resolving type for handle stfontid9d63type
22:29:28.407 [main] TRACE - Resolving type for handle stfillida097type
22:29:28.410 [main] TRACE - Resolving type for handle stborderid1a80type
22:29:28.413 [main] TRACE - Resolving type for handle stcellstylexfid70c7type
22:29:28.419 [main] TRACE - Resolving type for handle ctsheet4dbetype
22:29:28.423 [main] TRACE - Resolving type for handle ctworksheet530dtype
22:29:28.434 [main] TRACE - Resolving type for handle ctsheetformatprdef7type
22:29:28.438 [main] TRACE - Resolving type for handle ctsheetviewsb918type
22:29:28.440 [main] TRACE - Resolving type for handle ctsheetview0f43type
22:29:28.451 [main] TRACE - Resolving type for handle ctsheetdimensiond310type
22:29:28.453 [main] TRACE - Resolving type for handle stref90a2type
22:29:28.454 [main] TRACE - Resolving type for handle ctsheetdata8408type
22:29:28.455 [main] TRACE - Resolving type for handle ctpagemargins5455type
22:29:28.461 [main] TRACE - Resolving type for handle ctcols627ctype
22:29:28.464 [main] TRACE - Resolving type for handle strelationshipid1e94type
22:29:28.465 [main] TRACE - Resolving type for handle ctrowdd39type
22:29:28.471 [main] TRACE - Resolving type for handle ctcell842btype
22:29:28.481 [main] TRACE - Resolving type for handle stcellrefe4e0type
22:29:28.483 [main] TRACE - Resolving type for handle ctrsta472type
22:29:28.485 [main] TRACE - Resolving type for handle stcelltypebf95type
22:29:29.058 [main] TRACE - Resolving type for handle ctnumfmtsb58btype
22:29:29.062 [main] TRACE - Resolving type for handle ctfonts6623type
22:29:29.066 [main] TRACE - Resolving type for handle ctfills2c6ftype
22:29:29.069 [main] TRACE - Resolving type for handle ctborders0d66type
22:29:29.078 [main] TRACE - Resolving type for handle ctcellxfs1322type
22:29:29.083 [main] TRACE - Resolving type for handle ctcellstylexfsa81ftype
22:29:29.112 [main] DEBUG - Save core properties part
22:29:29.112 [main] DEBUG - Save content types part
22:29:29.221 [main] DEBUG - Save package relationships
22:29:29.227 [main] DEBUG - Save part 'docProps/app.xml'
22:29:29.231 [main] DEBUG - Save part 'docProps/core.xml'
22:29:29.238 [main] DEBUG - Save part 'xl/sharedStrings.xml'
22:29:29.239 [main] DEBUG - Save part 'xl/styles.xml'
22:29:29.239 [main] DEBUG - Save part 'xl/workbook.xml'
22:29:29.241 [main] DEBUG - Save part 'xl/worksheets/sheet1.xml'
22:29:29.246 [main] DEBUG - Save content types part
22:29:29.248 [main] DEBUG - Save package relationships
22:29:29.249 [main] DEBUG - Save part 'docProps/app.xml'
22:29:29.250 [main] DEBUG - Save part 'docProps/core.xml'
22:29:29.251 [main] DEBUG - Save part 'xl/sharedStrings.xml'
22:29:29.252 [main] DEBUG - Save part 'xl/styles.xml'
22:29:29.252 [main] DEBUG - Save part 'xl/workbook.xml'
22:29:29.253 [main] DEBUG - Save part 'xl/worksheets/sheet1.xml'
22:29:31.259 [main] INFO  - Printing Details of Car Washing Services.......
22:29:32.838 [main] INFO  - FreeListing is Launched.......
22:29:35.308 [main] INFO  - Wrong detail is given in input box.......
22:29:37.798 [main] INFO  - Start Now Button is clicked.......
22:29:39.858 [main] INFO  - Invalid Message is printed.......
22:29:42.022 [main] INFO  - Navigating Back to original Window.......
22:29:46.012 [main] INFO  - Type gyms in search box.......
22:29:48.288 [main] DEBUG - Parsing relationship: /xl/_rels/workbook.xml.rels
22:29:48.291 [main] DEBUG - Parsing relationship: /_rels/.rels
22:29:48.339 [main] TRACE - Resolving type for handle workbookec17doctype
22:29:48.344 [main] TRACE - Resolving type for handle worksheetf539doctype
22:29:48.833 [main] DEBUG - Save content types part
22:29:48.837 [main] DEBUG - Save package relationships
22:29:48.840 [main] DEBUG - Save part 'docProps/app.xml'
22:29:48.840 [main] DEBUG - Save part 'docProps/core.xml'
22:29:48.842 [main] DEBUG - Save part 'xl/sharedStrings.xml'
22:29:48.842 [main] DEBUG - Save part 'xl/styles.xml'
22:29:48.842 [main] DEBUG - Save part 'xl/workbook.xml'
22:29:48.844 [main] DEBUG - Save part 'xl/worksheets/sheet1.xml'
22:29:48.845 [main] DEBUG - Save part 'xl/worksheets/sheet2.xml'
22:29:50.851 [main] INFO  - Sub-Menu of Gyms are Printed.......
22:30:47.211 [main] INFO  - Chrome Browser is Opened.......................
22:30:56.343 [main] INFO  - First Pop Up Handled.......
22:30:58.782 [main] INFO  - Near By Location is entered.......
22:30:58.950 [main] INFO  - Suggested location is selected.......
22:31:01.765 [main] INFO  - Type Car Washing Services in search box.......
22:31:03.946 [main] INFO  - Suggested Car Washing Services is selected.......
22:31:06.564 [main] INFO  - Clicked on search button and result appears.......
22:31:09.287 [main] INFO  - Clicked on All Filters Sub-Menu.......
22:31:11.487 [main] INFO  - Click and Select rating 4.0+.......
22:31:14.809 [main] INFO  - Click on Apply Filter Button.......
22:31:25.142 [main] INFO  - PopUp appeared and handled.......
22:31:34.244 [main] INFO  - Click on Show Number Flare Button to get contact of car washing services Dealer 
22:31:35.338 [main] TRACE - Loading type system org.apache.poi.schemas.ooxml.system.ooxml
22:31:35.341 [main] TRACE - Loading type system org.apache.xmlbeans.metadata.system.sXMLCONFIG
22:31:35.341 [main] TRACE - Loading type system org.apache.xmlbeans.metadata.system.sXMLLANG
22:31:35.342 [main] TRACE - Loading type system org.apache.xmlbeans.metadata.system.sXMLSCHEMA
22:31:35.342 [main] TRACE - Loading type system org.apache.xmlbeans.metadata.system.sXMLTOOLS
22:31:35.343 [main] TRACE - Reading unresolved handles for type system org.apache.xmlbeans.metadata.system.sXMLTOOLS
22:31:35.360 [main] TRACE - Finished loading type system org.apache.xmlbeans.metadata.system.sXMLTOOLS
22:31:35.361 [main] TRACE - Reading unresolved handles for type system org.apache.xmlbeans.metadata.system.sXMLSCHEMA
22:31:35.365 [main] TRACE - Finished loading type system org.apache.xmlbeans.metadata.system.sXMLSCHEMA
22:31:35.366 [main] TRACE - Reading unresolved handles for type system org.apache.xmlbeans.metadata.system.sXMLLANG
22:31:35.368 [main] TRACE - Finished loading type system org.apache.xmlbeans.metadata.system.sXMLLANG
22:31:35.370 [main] TRACE - Reading unresolved handles for type system org.apache.xmlbeans.metadata.system.sXMLCONFIG
22:31:35.372 [main] TRACE - Finished loading type system org.apache.xmlbeans.metadata.system.sXMLCONFIG
22:31:35.373 [main] TRACE - Reading unresolved handles for type system org.apache.poi.schemas.ooxml.system.ooxml
22:31:35.459 [main] TRACE - Finished loading type system org.apache.poi.schemas.ooxml.system.ooxml
22:31:35.460 [main] TRACE - Resolving type for handle ctworkbook83c3type
22:31:35.551 [main] TRACE - Resolving type for handle ctworkbookpr03a5type
22:31:35.562 [main] TRACE - Resolving type for handle ctbookviewsb864type
22:31:35.572 [main] TRACE - Resolving type for handle ctbookviewf677type
22:31:35.595 [main] TRACE - Resolving type for handle ctsheets49fdtype
22:31:35.598 [main] TRACE - Resolving type for handle propertiesee84doctype
22:31:35.606 [main] TRACE - Resolving type for handle ctproperties3f10type
22:31:35.612 [main] TRACE - Resolving type for handle properties288cdoctype
22:31:35.614 [main] TRACE - Resolving type for handle ctproperties2c18type
22:31:35.644 [main] TRACE - Resolving type for handle sstf81fdoctype
22:31:35.647 [main] TRACE - Resolving type for handle ctsst44f3type
22:31:35.654 [main] TRACE - Resolving type for handle stylesheet5d8bdoctype
22:31:35.656 [main] TRACE - Resolving type for handle ctstylesheet4257type
22:31:35.661 [main] TRACE - Resolving type for handle ctfont14d8type
22:31:35.667 [main] TRACE - Resolving type for handle ctfontsizeb3b9type
22:31:35.672 [main] TRACE - Resolving type for handle ctcolord2c2type
22:31:35.679 [main] TRACE - Resolving type for handle ctfontname2dc3type
22:31:35.682 [main] TRACE - Resolving type for handle stxstringf179type
22:31:35.689 [main] TRACE - Resolving type for handle ctfontfamily685ctype
22:31:35.694 [main] TRACE - Resolving type for handle stfontfamily9c6ctype
22:31:35.705 [main] TRACE - Resolving type for handle ctfontschemebf5dtype
22:31:35.709 [main] TRACE - Resolving type for handle stfontschemef36dtype
22:31:35.726 [main] TRACE - Resolving type for handle ctfill550ctype
22:31:35.733 [main] TRACE - Resolving type for handle ctpatternfill7452type
22:31:35.746 [main] TRACE - Resolving type for handle stpatterntype7939type
22:31:35.762 [main] TRACE - Resolving type for handle ctborderf935type
22:31:35.783 [main] TRACE - Resolving type for handle ctborderpre497type
22:31:35.807 [main] TRACE - Resolving type for handle ctxf97f7type
22:31:35.830 [main] TRACE - Resolving type for handle stnumfmtid76fbtype
22:31:35.832 [main] TRACE - Resolving type for handle stfontid9d63type
22:31:35.834 [main] TRACE - Resolving type for handle stfillida097type
22:31:35.837 [main] TRACE - Resolving type for handle stborderid1a80type
22:31:35.839 [main] TRACE - Resolving type for handle stcellstylexfid70c7type
22:31:35.852 [main] TRACE - Resolving type for handle ctsheet4dbetype
22:31:35.863 [main] TRACE - Resolving type for handle ctworksheet530dtype
22:31:35.892 [main] TRACE - Resolving type for handle ctsheetformatprdef7type
22:31:35.899 [main] TRACE - Resolving type for handle ctsheetviewsb918type
22:31:35.915 [main] TRACE - Resolving type for handle ctsheetview0f43type
22:31:35.948 [main] TRACE - Resolving type for handle ctsheetdimensiond310type
22:31:35.950 [main] TRACE - Resolving type for handle stref90a2type
22:31:35.952 [main] TRACE - Resolving type for handle ctsheetdata8408type
22:31:35.955 [main] TRACE - Resolving type for handle ctpagemargins5455type
22:31:35.959 [main] TRACE - Resolving type for handle ctcols627ctype
22:31:35.962 [main] TRACE - Resolving type for handle strelationshipid1e94type
22:31:35.963 [main] TRACE - Resolving type for handle ctrowdd39type
22:31:35.975 [main] TRACE - Resolving type for handle ctcell842btype
22:31:35.980 [main] TRACE - Resolving type for handle stcellrefe4e0type
22:31:35.983 [main] TRACE - Resolving type for handle ctrsta472type
22:31:35.988 [main] TRACE - Resolving type for handle stcelltypebf95type
22:31:36.529 [main] TRACE - Resolving type for handle ctnumfmtsb58btype
22:31:36.532 [main] TRACE - Resolving type for handle ctfonts6623type
22:31:36.538 [main] TRACE - Resolving type for handle ctfills2c6ftype
22:31:36.543 [main] TRACE - Resolving type for handle ctborders0d66type
22:31:36.545 [main] TRACE - Resolving type for handle ctcellxfs1322type
22:31:36.547 [main] TRACE - Resolving type for handle ctcellstylexfsa81ftype
22:31:36.573 [main] DEBUG - Save core properties part
22:31:36.573 [main] DEBUG - Save content types part
22:31:36.711 [main] DEBUG - Save package relationships
22:31:36.719 [main] DEBUG - Save part 'docProps/app.xml'
22:31:36.723 [main] DEBUG - Save part 'docProps/core.xml'
22:31:36.731 [main] DEBUG - Save part 'xl/sharedStrings.xml'
22:31:36.731 [main] DEBUG - Save part 'xl/styles.xml'
22:31:36.731 [main] DEBUG - Save part 'xl/workbook.xml'
22:31:36.735 [main] DEBUG - Save part 'xl/worksheets/sheet1.xml'
22:31:36.748 [main] DEBUG - Save content types part
22:31:36.750 [main] DEBUG - Save package relationships
22:31:36.753 [main] DEBUG - Save part 'docProps/app.xml'
22:31:36.754 [main] DEBUG - Save part 'docProps/core.xml'
22:31:36.756 [main] DEBUG - Save part 'xl/sharedStrings.xml'
22:31:36.756 [main] DEBUG - Save part 'xl/styles.xml'
22:31:36.757 [main] DEBUG - Save part 'xl/workbook.xml'
22:31:36.758 [main] DEBUG - Save part 'xl/worksheets/sheet1.xml'
22:31:38.773 [main] INFO  - Printing Details of Car Washing Services.......
22:31:40.362 [main] INFO  - FreeListing is Launched.......
22:31:42.742 [main] INFO  - Wrong detail is given in input box.......
22:31:45.127 [main] INFO  - Start Now Button is clicked.......
22:31:47.183 [main] INFO  - Invalid Message is printed.......
22:31:49.307 [main] INFO  - Navigating Back to original Window.......
22:31:53.583 [main] INFO  - Type gyms in search box.......
22:31:55.890 [main] DEBUG - Parsing relationship: /xl/_rels/workbook.xml.rels
22:31:55.891 [main] DEBUG - Parsing relationship: /_rels/.rels
22:31:55.939 [main] TRACE - Resolving type for handle workbookec17doctype
22:31:55.947 [main] TRACE - Resolving type for handle worksheetf539doctype
22:31:56.500 [main] DEBUG - Save content types part
22:31:56.502 [main] DEBUG - Save package relationships
22:31:56.503 [main] DEBUG - Save part 'docProps/app.xml'
22:31:56.503 [main] DEBUG - Save part 'docProps/core.xml'
22:31:56.505 [main] DEBUG - Save part 'xl/sharedStrings.xml'
22:31:56.505 [main] DEBUG - Save part 'xl/styles.xml'
22:31:56.505 [main] DEBUG - Save part 'xl/workbook.xml'
22:31:56.507 [main] DEBUG - Save part 'xl/worksheets/sheet1.xml'
22:31:56.507 [main] DEBUG - Save part 'xl/worksheets/sheet2.xml'
22:31:58.522 [main] INFO  - Sub-Menu of Gyms are Printed.......
22:32:44.482 [TestNG-tests-2] INFO  - Edge Browser is Opened.......................
22:32:44.665 [TestNG-tests-1] INFO  - Chrome Browser is Opened.......................
22:32:52.837 [TestNG-tests-1] INFO  - Type gyms in search box.......
22:32:58.022 [TestNG-tests-2] INFO  - First Pop Up Handled.......
22:33:00.313 [TestNG-tests-1] DEBUG - Parsing relationship: /xl/_rels/workbook.xml.rels
22:33:00.344 [TestNG-tests-1] DEBUG - Parsing relationship: /_rels/.rels
22:33:00.785 [TestNG-tests-1] TRACE - Loading type system org.apache.poi.schemas.ooxml.system.ooxml
22:33:00.787 [TestNG-tests-1] TRACE - Loading type system org.apache.xmlbeans.metadata.system.sXMLCONFIG
22:33:00.789 [TestNG-tests-1] TRACE - Loading type system org.apache.xmlbeans.metadata.system.sXMLLANG
22:33:00.790 [TestNG-tests-1] TRACE - Loading type system org.apache.xmlbeans.metadata.system.sXMLSCHEMA
22:33:00.792 [TestNG-tests-1] TRACE - Loading type system org.apache.xmlbeans.metadata.system.sXMLTOOLS
22:33:00.795 [TestNG-tests-1] TRACE - Reading unresolved handles for type system org.apache.xmlbeans.metadata.system.sXMLTOOLS
22:33:00.796 [TestNG-tests-2] INFO  - Near By Location is entered.......
22:33:00.864 [TestNG-tests-1] TRACE - Finished loading type system org.apache.xmlbeans.metadata.system.sXMLTOOLS
22:33:00.866 [TestNG-tests-1] TRACE - Reading unresolved handles for type system org.apache.xmlbeans.metadata.system.sXMLSCHEMA
22:33:00.875 [TestNG-tests-1] TRACE - Finished loading type system org.apache.xmlbeans.metadata.system.sXMLSCHEMA
22:33:00.881 [TestNG-tests-1] TRACE - Reading unresolved handles for type system org.apache.xmlbeans.metadata.system.sXMLLANG
22:33:00.885 [TestNG-tests-1] TRACE - Finished loading type system org.apache.xmlbeans.metadata.system.sXMLLANG
22:33:00.890 [TestNG-tests-1] TRACE - Reading unresolved handles for type system org.apache.xmlbeans.metadata.system.sXMLCONFIG
22:33:00.892 [TestNG-tests-1] TRACE - Finished loading type system org.apache.xmlbeans.metadata.system.sXMLCONFIG
22:33:00.896 [TestNG-tests-1] TRACE - Reading unresolved handles for type system org.apache.poi.schemas.ooxml.system.ooxml
22:33:01.037 [TestNG-tests-1] TRACE - Finished loading type system org.apache.poi.schemas.ooxml.system.ooxml
22:33:01.040 [TestNG-tests-1] TRACE - Resolving type for handle sstf81fdoctype
22:33:01.121 [TestNG-tests-2] INFO  - Suggested location is selected.......
22:33:01.152 [TestNG-tests-1] TRACE - Resolving type for handle ctsst44f3type
22:33:01.166 [TestNG-tests-1] TRACE - Resolving type for handle ctrsta472type
22:33:01.208 [TestNG-tests-1] TRACE - Resolving type for handle stylesheet5d8bdoctype
22:33:01.213 [TestNG-tests-1] TRACE - Resolving type for handle ctstylesheet4257type
22:33:01.217 [TestNG-tests-1] TRACE - Resolving type for handle ctnumfmtsb58btype
22:33:01.218 [TestNG-tests-1] TRACE - Resolving type for handle ctfonts6623type
22:33:01.220 [TestNG-tests-1] TRACE - Resolving type for handle ctfont14d8type
22:33:01.230 [TestNG-tests-1] TRACE - Resolving type for handle ctfills2c6ftype
22:33:01.235 [TestNG-tests-1] TRACE - Resolving type for handle ctfill550ctype
22:33:01.237 [TestNG-tests-1] TRACE - Resolving type for handle ctborders0d66type
22:33:01.242 [TestNG-tests-1] TRACE - Resolving type for handle ctborderf935type
22:33:01.249 [TestNG-tests-1] TRACE - Resolving type for handle ctcellxfs1322type
22:33:01.254 [TestNG-tests-1] TRACE - Resolving type for handle ctxf97f7type
22:33:01.261 [TestNG-tests-1] TRACE - Resolving type for handle ctcellstylexfsa81ftype
22:33:01.272 [TestNG-tests-1] TRACE - Resolving type for handle workbookec17doctype
22:33:01.283 [TestNG-tests-1] TRACE - Resolving type for handle ctworkbook83c3type
22:33:01.294 [TestNG-tests-1] TRACE - Resolving type for handle ctsheets49fdtype
22:33:01.306 [TestNG-tests-1] TRACE - Resolving type for handle ctsheet4dbetype
22:33:01.316 [TestNG-tests-1] TRACE - Resolving type for handle strelationshipid1e94type
22:33:01.331 [TestNG-tests-1] TRACE - Resolving type for handle worksheetf539doctype
22:33:01.358 [TestNG-tests-1] TRACE - Resolving type for handle ctworksheet530dtype
22:33:01.395 [TestNG-tests-1] TRACE - Resolving type for handle ctcols627ctype
22:33:01.413 [TestNG-tests-1] TRACE - Resolving type for handle ctsheetdata8408type
22:33:01.425 [TestNG-tests-1] TRACE - Resolving type for handle ctrowdd39type
22:33:01.440 [TestNG-tests-1] TRACE - Resolving type for handle ctcell842btype
22:33:01.461 [TestNG-tests-1] TRACE - Resolving type for handle stcellrefe4e0type
22:33:01.502 [TestNG-tests-1] TRACE - Resolving type for handle stxstringf179type
22:33:01.505 [TestNG-tests-1] TRACE - Resolving type for handle stcelltypebf95type
22:33:03.557 [TestNG-tests-2] INFO  - FreeListing is Launched.......
22:33:24.259 [TestNG-tests-1] INFO  - First Pop Up Handled.......
22:33:52.867 [TestNG-tests-1] INFO  - Chrome Browser is Opened.......................
22:33:53.699 [TestNG-tests-2] INFO  - Edge Browser is Opened.......................
22:34:02.275 [TestNG-tests-2] INFO  - Type gyms in search box.......
22:34:07.081 [TestNG-tests-1] INFO  - First Pop Up Handled.......
22:34:08.566 [TestNG-tests-2] DEBUG - Parsing relationship: /xl/_rels/workbook.xml.rels
22:34:08.576 [TestNG-tests-2] DEBUG - Parsing relationship: /_rels/.rels
22:34:08.865 [TestNG-tests-2] TRACE - Loading type system org.apache.poi.schemas.ooxml.system.ooxml
22:34:08.873 [TestNG-tests-2] TRACE - Loading type system org.apache.xmlbeans.metadata.system.sXMLCONFIG
22:34:08.874 [TestNG-tests-2] TRACE - Loading type system org.apache.xmlbeans.metadata.system.sXMLLANG
22:34:08.875 [TestNG-tests-2] TRACE - Loading type system org.apache.xmlbeans.metadata.system.sXMLSCHEMA
22:34:08.876 [TestNG-tests-2] TRACE - Loading type system org.apache.xmlbeans.metadata.system.sXMLTOOLS
22:34:08.880 [TestNG-tests-2] TRACE - Reading unresolved handles for type system org.apache.xmlbeans.metadata.system.sXMLTOOLS
22:34:08.932 [TestNG-tests-2] TRACE - Finished loading type system org.apache.xmlbeans.metadata.system.sXMLTOOLS
22:34:08.935 [TestNG-tests-2] TRACE - Reading unresolved handles for type system org.apache.xmlbeans.metadata.system.sXMLSCHEMA
22:34:08.943 [TestNG-tests-2] TRACE - Finished loading type system org.apache.xmlbeans.metadata.system.sXMLSCHEMA
22:34:08.947 [TestNG-tests-2] TRACE - Reading unresolved handles for type system org.apache.xmlbeans.metadata.system.sXMLLANG
22:34:08.949 [TestNG-tests-2] TRACE - Finished loading type system org.apache.xmlbeans.metadata.system.sXMLLANG
22:34:08.952 [TestNG-tests-2] TRACE - Reading unresolved handles for type system org.apache.xmlbeans.metadata.system.sXMLCONFIG
22:34:08.953 [TestNG-tests-2] TRACE - Finished loading type system org.apache.xmlbeans.metadata.system.sXMLCONFIG
22:34:08.956 [TestNG-tests-2] TRACE - Reading unresolved handles for type system org.apache.poi.schemas.ooxml.system.ooxml
22:34:09.045 [TestNG-tests-2] TRACE - Finished loading type system org.apache.poi.schemas.ooxml.system.ooxml
22:34:09.046 [TestNG-tests-2] TRACE - Resolving type for handle sstf81fdoctype
22:34:09.298 [TestNG-tests-2] TRACE - Resolving type for handle ctsst44f3type
22:34:09.341 [TestNG-tests-2] TRACE - Resolving type for handle ctrsta472type
22:34:09.423 [TestNG-tests-2] TRACE - Resolving type for handle stylesheet5d8bdoctype
22:34:09.435 [TestNG-tests-2] TRACE - Resolving type for handle ctstylesheet4257type
22:34:09.464 [TestNG-tests-2] TRACE - Resolving type for handle ctnumfmtsb58btype
22:34:09.473 [TestNG-tests-2] TRACE - Resolving type for handle ctfonts6623type
22:34:09.484 [TestNG-tests-2] TRACE - Resolving type for handle ctfont14d8type
22:34:09.531 [TestNG-tests-2] TRACE - Resolving type for handle ctfills2c6ftype
22:34:09.537 [TestNG-tests-2] TRACE - Resolving type for handle ctfill550ctype
22:34:09.546 [TestNG-tests-2] TRACE - Resolving type for handle ctborders0d66type
22:34:09.552 [TestNG-tests-2] TRACE - Resolving type for handle ctborderf935type
22:34:09.562 [TestNG-tests-2] TRACE - Resolving type for handle ctcellxfs1322type
22:34:09.571 [TestNG-tests-2] TRACE - Resolving type for handle ctxf97f7type
22:34:09.603 [TestNG-tests-2] TRACE - Resolving type for handle ctcellstylexfsa81ftype
22:34:09.615 [TestNG-tests-2] TRACE - Resolving type for handle workbookec17doctype
22:34:09.630 [TestNG-tests-2] TRACE - Resolving type for handle ctworkbook83c3type
22:34:09.648 [TestNG-tests-2] TRACE - Resolving type for handle ctsheets49fdtype
22:34:09.657 [TestNG-tests-2] TRACE - Resolving type for handle ctsheet4dbetype
22:34:09.666 [TestNG-tests-2] TRACE - Resolving type for handle strelationshipid1e94type
22:34:09.679 [TestNG-tests-2] TRACE - Resolving type for handle worksheetf539doctype
22:34:09.694 [TestNG-tests-2] TRACE - Resolving type for handle ctworksheet530dtype
22:34:09.792 [TestNG-tests-2] TRACE - Resolving type for handle ctcols627ctype
22:34:09.813 [TestNG-tests-1] INFO  - Near By Location is entered.......
22:34:09.832 [TestNG-tests-2] TRACE - Resolving type for handle ctsheetdata8408type
22:34:09.854 [TestNG-tests-2] TRACE - Resolving type for handle ctrowdd39type
22:34:09.928 [TestNG-tests-2] TRACE - Resolving type for handle ctcell842btype
22:34:09.965 [TestNG-tests-2] TRACE - Resolving type for handle stcellrefe4e0type
22:34:10.024 [TestNG-tests-2] TRACE - Resolving type for handle stxstringf179type
22:34:10.036 [TestNG-tests-2] TRACE - Resolving type for handle stcelltypebf95type
22:34:10.087 [TestNG-tests-1] INFO  - Suggested location is selected.......
22:34:14.009 [TestNG-tests-1] INFO  - FreeListing is Launched.......
22:34:24.070 [TestNG-tests-2] TRACE - Resolving type for handle stcellstylexfid70c7type
22:34:24.085 [TestNG-tests-2] TRACE - Resolving type for handle ctsheetdimensiond310type
22:34:24.090 [TestNG-tests-2] TRACE - Resolving type for handle stref90a2type
22:34:24.105 [TestNG-tests-2] TRACE - Resolving type for handle propertiesee84doctype
22:34:24.110 [TestNG-tests-2] TRACE - Resolving type for handle ctproperties3f10type
22:34:24.131 [TestNG-tests-2] TRACE - Resolving type for handle properties288cdoctype
22:34:24.135 [TestNG-tests-2] TRACE - Resolving type for handle ctproperties2c18type
22:34:24.161 [TestNG-tests-2] DEBUG - Save content types part
22:34:24.329 [TestNG-tests-2] DEBUG - Save package relationships
22:34:24.354 [TestNG-tests-2] DEBUG - Save part 'docProps/app.xml'
22:34:24.356 [TestNG-tests-2] DEBUG - Save part 'docProps/core.xml'
22:34:24.371 [TestNG-tests-2] DEBUG - Save part 'xl/sharedStrings.xml'
22:34:24.373 [TestNG-tests-2] DEBUG - Save part 'xl/styles.xml'
22:34:24.375 [TestNG-tests-2] DEBUG - Save part 'xl/workbook.xml'
22:34:24.382 [TestNG-tests-2] DEBUG - Save part 'xl/worksheets/sheet1.xml'
22:34:24.384 [TestNG-tests-2] DEBUG - Save part 'xl/worksheets/sheet2.xml'
22:34:26.393 [TestNG-tests-2] INFO  - Sub-Menu of Gyms are Printed.......
22:34:26.495 [TestNG-tests-1] INFO  - Wrong detail is given in input box.......
22:34:37.084 [TestNG-tests-2] INFO  - First Pop Up Handled.......
22:34:47.467 [TestNG-tests-1] INFO  - Start Now Button is clicked.......
22:34:58.846 [TestNG-tests-1] INFO  - Invalid Message is printed.......
22:35:10.336 [TestNG-tests-2] INFO  - Start Now Button is clicked.......
22:35:20.791 [TestNG-tests-2] INFO  - Invalid Message is printed.......
22:35:23.709 [TestNG-tests-1] INFO  - Navigating Back to original Window.......
22:35:34.488 [TestNG-tests-1] INFO  - PopUp appeared and handled.......
22:35:44.530 [TestNG-tests-1] INFO  - Click on Show Number Flare Button to get contact of car washing services Dealer 
22:35:47.037 [TestNG-tests-2] INFO  - Type Car Washing Services in search box.......
22:35:58.133 [TestNG-tests-2] INFO  - Suggested Car Washing Services is selected.......
22:38:02.925 [TestNG-tests-2] INFO  - Edge Browser is Opened.......................
22:38:02.925 [TestNG-tests-1] INFO  - Chrome Browser is Opened.......................
22:38:11.451 [TestNG-tests-2] INFO  - Type gyms in search box.......
22:38:16.074 [TestNG-tests-1] INFO  - First Pop Up Handled.......
22:38:21.720 [TestNG-tests-2] DEBUG - Parsing relationship: /xl/_rels/workbook.xml.rels
22:38:21.726 [TestNG-tests-2] DEBUG - Parsing relationship: /_rels/.rels
22:38:22.180 [TestNG-tests-2] TRACE - Loading type system org.apache.poi.schemas.ooxml.system.ooxml
22:38:22.189 [TestNG-tests-2] TRACE - Loading type system org.apache.xmlbeans.metadata.system.sXMLCONFIG
22:38:22.191 [TestNG-tests-2] TRACE - Loading type system org.apache.xmlbeans.metadata.system.sXMLLANG
22:38:22.192 [TestNG-tests-2] TRACE - Loading type system org.apache.xmlbeans.metadata.system.sXMLSCHEMA
22:38:22.193 [TestNG-tests-2] TRACE - Loading type system org.apache.xmlbeans.metadata.system.sXMLTOOLS
22:38:22.196 [TestNG-tests-2] TRACE - Reading unresolved handles for type system org.apache.xmlbeans.metadata.system.sXMLTOOLS
22:38:22.275 [TestNG-tests-2] TRACE - Finished loading type system org.apache.xmlbeans.metadata.system.sXMLTOOLS
22:38:22.279 [TestNG-tests-2] TRACE - Reading unresolved handles for type system org.apache.xmlbeans.metadata.system.sXMLSCHEMA
22:38:22.298 [TestNG-tests-2] TRACE - Finished loading type system org.apache.xmlbeans.metadata.system.sXMLSCHEMA
22:38:22.303 [TestNG-tests-2] TRACE - Reading unresolved handles for type system org.apache.xmlbeans.metadata.system.sXMLLANG
22:38:22.306 [TestNG-tests-2] TRACE - Finished loading type system org.apache.xmlbeans.metadata.system.sXMLLANG
22:38:22.311 [TestNG-tests-2] TRACE - Reading unresolved handles for type system org.apache.xmlbeans.metadata.system.sXMLCONFIG
22:38:22.314 [TestNG-tests-2] TRACE - Finished loading type system org.apache.xmlbeans.metadata.system.sXMLCONFIG
22:38:22.320 [TestNG-tests-2] TRACE - Reading unresolved handles for type system org.apache.poi.schemas.ooxml.system.ooxml
22:38:22.480 [TestNG-tests-2] TRACE - Finished loading type system org.apache.poi.schemas.ooxml.system.ooxml
22:38:22.483 [TestNG-tests-2] TRACE - Resolving type for handle sstf81fdoctype
22:38:22.631 [TestNG-tests-2] TRACE - Resolving type for handle ctsst44f3type
22:38:22.662 [TestNG-tests-2] TRACE - Resolving type for handle ctrsta472type
22:38:22.721 [TestNG-tests-2] TRACE - Resolving type for handle stylesheet5d8bdoctype
22:38:22.732 [TestNG-tests-2] TRACE - Resolving type for handle ctstylesheet4257type
22:38:22.740 [TestNG-tests-2] TRACE - Resolving type for handle ctnumfmtsb58btype
22:38:22.746 [TestNG-tests-2] TRACE - Resolving type for handle ctfonts6623type
22:38:22.755 [TestNG-tests-2] TRACE - Resolving type for handle ctfont14d8type
22:38:22.769 [TestNG-tests-2] TRACE - Resolving type for handle ctfills2c6ftype
22:38:22.775 [TestNG-tests-2] TRACE - Resolving type for handle ctfill550ctype
22:38:22.779 [TestNG-tests-2] TRACE - Resolving type for handle ctborders0d66type
22:38:22.786 [TestNG-tests-2] TRACE - Resolving type for handle ctborderf935type
22:38:22.793 [TestNG-tests-2] TRACE - Resolving type for handle ctcellxfs1322type
22:38:22.801 [TestNG-tests-2] TRACE - Resolving type for handle ctxf97f7type
22:38:22.808 [TestNG-tests-2] TRACE - Resolving type for handle ctcellstylexfsa81ftype
22:38:22.822 [TestNG-tests-2] TRACE - Resolving type for handle workbookec17doctype
22:38:22.834 [TestNG-tests-2] TRACE - Resolving type for handle ctworkbook83c3type
22:38:22.844 [TestNG-tests-2] TRACE - Resolving type for handle ctsheets49fdtype
22:38:22.850 [TestNG-tests-2] TRACE - Resolving type for handle ctsheet4dbetype
22:38:22.855 [TestNG-tests-2] TRACE - Resolving type for handle strelationshipid1e94type
22:38:22.862 [TestNG-tests-2] TRACE - Resolving type for handle worksheetf539doctype
22:38:22.878 [TestNG-tests-2] TRACE - Resolving type for handle ctworksheet530dtype
22:38:22.904 [TestNG-tests-2] TRACE - Resolving type for handle ctcols627ctype
22:38:22.930 [TestNG-tests-2] TRACE - Resolving type for handle ctsheetdata8408type
22:38:22.937 [TestNG-tests-2] TRACE - Resolving type for handle ctrowdd39type
22:38:22.948 [TestNG-tests-2] TRACE - Resolving type for handle ctcell842btype
22:38:22.963 [TestNG-tests-2] TRACE - Resolving type for handle stcellrefe4e0type
22:38:22.992 [TestNG-tests-2] TRACE - Resolving type for handle stxstringf179type
22:38:22.995 [TestNG-tests-2] TRACE - Resolving type for handle stcelltypebf95type
18:20:40.605 [main] INFO  - Chrome Browser is Opened.......................
18:20:49.549 [main] INFO  - First Pop Up Handled.......
18:20:52.056 [main] INFO  - Near By Location is entered.......
18:20:52.251 [main] INFO  - Suggested location is selected.......
18:20:55.159 [main] INFO  - Type Car Washing Services in search box.......
18:20:57.377 [main] INFO  - Suggested Car Washing Services is selected.......
18:20:59.986 [main] INFO  - Clicked on search button and result appears.......
18:21:02.871 [main] INFO  - Clicked on All Filters Sub-Menu.......
18:21:05.374 [main] INFO  - Click and Select rating 4.0+.......
18:21:08.680 [main] INFO  - Click on Apply Filter Button.......
18:21:19.045 [main] INFO  - PopUp appeared and handled.......
18:21:31.462 [main] INFO  - Click on Show Number Flare Button to get contact of car washing services Dealer 
18:21:33.641 [main] TRACE - Loading type system org.apache.poi.schemas.ooxml.system.ooxml
18:21:33.644 [main] TRACE - Loading type system org.apache.xmlbeans.metadata.system.sXMLCONFIG
18:21:33.645 [main] TRACE - Loading type system org.apache.xmlbeans.metadata.system.sXMLLANG
18:21:33.646 [main] TRACE - Loading type system org.apache.xmlbeans.metadata.system.sXMLSCHEMA
18:21:33.647 [main] TRACE - Loading type system org.apache.xmlbeans.metadata.system.sXMLTOOLS
18:21:33.649 [main] TRACE - Reading unresolved handles for type system org.apache.xmlbeans.metadata.system.sXMLTOOLS
18:21:33.668 [main] TRACE - Finished loading type system org.apache.xmlbeans.metadata.system.sXMLTOOLS
18:21:33.669 [main] TRACE - Reading unresolved handles for type system org.apache.xmlbeans.metadata.system.sXMLSCHEMA
18:21:33.675 [main] TRACE - Finished loading type system org.apache.xmlbeans.metadata.system.sXMLSCHEMA
18:21:33.677 [main] TRACE - Reading unresolved handles for type system org.apache.xmlbeans.metadata.system.sXMLLANG
18:21:33.678 [main] TRACE - Finished loading type system org.apache.xmlbeans.metadata.system.sXMLLANG
18:21:33.680 [main] TRACE - Reading unresolved handles for type system org.apache.xmlbeans.metadata.system.sXMLCONFIG
18:21:33.684 [main] TRACE - Finished loading type system org.apache.xmlbeans.metadata.system.sXMLCONFIG
18:21:33.686 [main] TRACE - Reading unresolved handles for type system org.apache.poi.schemas.ooxml.system.ooxml
18:21:33.767 [main] TRACE - Finished loading type system org.apache.poi.schemas.ooxml.system.ooxml
18:21:33.770 [main] TRACE - Resolving type for handle ctworkbook83c3type
18:21:33.890 [main] TRACE - Resolving type for handle ctworkbookpr03a5type
18:21:33.910 [main] TRACE - Resolving type for handle ctbookviewsb864type
18:21:33.917 [main] TRACE - Resolving type for handle ctbookviewf677type
18:21:33.932 [main] TRACE - Resolving type for handle ctsheets49fdtype
18:21:33.940 [main] TRACE - Resolving type for handle propertiesee84doctype
18:21:33.944 [main] TRACE - Resolving type for handle ctproperties3f10type
18:21:33.956 [main] TRACE - Resolving type for handle properties288cdoctype
18:21:33.960 [main] TRACE - Resolving type for handle ctproperties2c18type
18:21:33.974 [main] TRACE - Resolving type for handle sstf81fdoctype
18:21:33.978 [main] TRACE - Resolving type for handle ctsst44f3type
18:21:33.988 [main] TRACE - Resolving type for handle stylesheet5d8bdoctype
18:21:33.991 [main] TRACE - Resolving type for handle ctstylesheet4257type
18:21:34.001 [main] TRACE - Resolving type for handle ctfont14d8type
18:21:34.014 [main] TRACE - Resolving type for handle ctfontsizeb3b9type
18:21:34.024 [main] TRACE - Resolving type for handle ctcolord2c2type
18:21:34.029 [main] TRACE - Resolving type for handle ctfontname2dc3type
18:21:34.033 [main] TRACE - Resolving type for handle stxstringf179type
18:21:34.039 [main] TRACE - Resolving type for handle ctfontfamily685ctype
18:21:34.042 [main] TRACE - Resolving type for handle stfontfamily9c6ctype
18:21:34.050 [main] TRACE - Resolving type for handle ctfontschemebf5dtype
18:21:34.056 [main] TRACE - Resolving type for handle stfontschemef36dtype
18:21:34.065 [main] TRACE - Resolving type for handle ctfill550ctype
18:21:34.070 [main] TRACE - Resolving type for handle ctpatternfill7452type
18:21:34.077 [main] TRACE - Resolving type for handle stpatterntype7939type
18:21:34.085 [main] TRACE - Resolving type for handle ctborderf935type
18:21:34.090 [main] TRACE - Resolving type for handle ctborderpre497type
18:21:34.102 [main] TRACE - Resolving type for handle ctxf97f7type
18:21:34.107 [main] TRACE - Resolving type for handle stnumfmtid76fbtype
18:21:34.110 [main] TRACE - Resolving type for handle stfontid9d63type
18:21:34.114 [main] TRACE - Resolving type for handle stfillida097type
18:21:34.117 [main] TRACE - Resolving type for handle stborderid1a80type
18:21:34.121 [main] TRACE - Resolving type for handle stcellstylexfid70c7type
18:21:34.137 [main] TRACE - Resolving type for handle ctsheet4dbetype
18:21:34.148 [main] TRACE - Resolving type for handle ctworksheet530dtype
18:21:34.162 [main] TRACE - Resolving type for handle ctsheetformatprdef7type
18:21:34.176 [main] TRACE - Resolving type for handle ctsheetviewsb918type
18:21:34.181 [main] TRACE - Resolving type for handle ctsheetview0f43type
18:21:34.202 [main] TRACE - Resolving type for handle ctsheetdimensiond310type
18:21:34.208 [main] TRACE - Resolving type for handle stref90a2type
18:21:34.210 [main] TRACE - Resolving type for handle ctsheetdata8408type
18:21:34.216 [main] TRACE - Resolving type for handle ctpagemargins5455type
18:21:34.239 [main] TRACE - Resolving type for handle ctcols627ctype
18:21:34.244 [main] TRACE - Resolving type for handle strelationshipid1e94type
18:21:34.252 [main] TRACE - Resolving type for handle ctrowdd39type
18:21:34.268 [main] TRACE - Resolving type for handle ctcell842btype
18:21:34.294 [main] TRACE - Resolving type for handle stcellrefe4e0type
18:21:34.304 [main] TRACE - Resolving type for handle ctrsta472type
18:21:34.314 [main] TRACE - Resolving type for handle stcelltypebf95type
18:21:35.407 [main] TRACE - Resolving type for handle ctnumfmtsb58btype
18:21:35.409 [main] TRACE - Resolving type for handle ctfonts6623type
18:21:35.412 [main] TRACE - Resolving type for handle ctfills2c6ftype
18:21:35.417 [main] TRACE - Resolving type for handle ctborders0d66type
18:21:35.421 [main] TRACE - Resolving type for handle ctcellxfs1322type
18:21:35.423 [main] TRACE - Resolving type for handle ctcellstylexfsa81ftype
18:21:35.452 [main] DEBUG - Save core properties part
18:21:35.453 [main] DEBUG - Save content types part
18:21:35.553 [main] DEBUG - Save package relationships
18:21:35.558 [main] DEBUG - Save part 'docProps/app.xml'
18:21:35.562 [main] DEBUG - Save part 'docProps/core.xml'
18:21:35.570 [main] DEBUG - Save part 'xl/sharedStrings.xml'
18:21:35.570 [main] DEBUG - Save part 'xl/styles.xml'
18:21:35.570 [main] DEBUG - Save part 'xl/workbook.xml'
18:21:35.572 [main] DEBUG - Save part 'xl/worksheets/sheet1.xml'
18:21:35.577 [main] DEBUG - Save content types part
18:21:35.578 [main] DEBUG - Save package relationships
18:21:35.580 [main] DEBUG - Save part 'docProps/app.xml'
18:21:35.581 [main] DEBUG - Save part 'docProps/core.xml'
18:21:35.582 [main] DEBUG - Save part 'xl/sharedStrings.xml'
18:21:35.583 [main] DEBUG - Save part 'xl/styles.xml'
18:21:35.583 [main] DEBUG - Save part 'xl/workbook.xml'
18:21:35.585 [main] DEBUG - Save part 'xl/worksheets/sheet1.xml'
18:21:37.595 [main] INFO  - Printing Details of Car Washing Services.......
18:21:39.510 [main] INFO  - FreeListing is Launched.......
18:21:42.068 [main] INFO  - Wrong detail is given in input box.......
18:21:44.479 [main] INFO  - Start Now Button is clicked.......
18:21:46.537 [main] INFO  - Invalid Message is printed.......
18:21:49.239 [main] INFO  - Navigating Back to original Window.......
18:21:53.190 [main] INFO  - Type gyms in search box.......
18:21:56.109 [main] DEBUG - Parsing relationship: /xl/_rels/workbook.xml.rels
18:21:56.113 [main] DEBUG - Parsing relationship: /_rels/.rels
18:21:56.194 [main] TRACE - Resolving type for handle workbookec17doctype
18:21:56.204 [main] TRACE - Resolving type for handle worksheetf539doctype
18:21:58.190 [main] DEBUG - Save content types part
18:21:58.193 [main] DEBUG - Save package relationships
18:21:58.195 [main] DEBUG - Save part 'docProps/app.xml'
18:21:58.196 [main] DEBUG - Save part 'docProps/core.xml'
18:21:58.198 [main] DEBUG - Save part 'xl/sharedStrings.xml'
18:21:58.198 [main] DEBUG - Save part 'xl/styles.xml'
18:21:58.199 [main] DEBUG - Save part 'xl/workbook.xml'
18:21:58.200 [main] DEBUG - Save part 'xl/worksheets/sheet1.xml'
18:21:58.202 [main] DEBUG - Save part 'xl/worksheets/sheet2.xml'
18:22:00.217 [main] INFO  - Sub-Menu of Gyms are Printed.......
23:02:38.369 [main] INFO  - Chrome Browser is Opened.......................
23:02:47.929 [main] INFO  - First Pop Up Handled.......
23:02:50.641 [main] INFO  - Near By Location is entered.......
23:02:50.979 [main] INFO  - Suggested location is selected.......
23:02:54.549 [main] INFO  - Type Car Washing Services in search box.......
23:02:56.846 [main] INFO  - Suggested Car Washing Services is selected.......
23:02:59.781 [main] INFO  - Clicked on search button and result appears.......
23:03:02.573 [main] INFO  - Clicked on All Filters Sub-Menu.......
23:03:04.815 [main] INFO  - Click and Select rating 4.0+.......
23:03:08.184 [main] INFO  - Click on Apply Filter Button.......
23:03:18.730 [main] INFO  - PopUp appeared and handled.......
23:03:29.767 [main] INFO  - Click on Show Number Flare Button to get contact of car washing services Dealer 
23:03:37.773 [main] TRACE - Loading type system org.apache.poi.schemas.ooxml.system.ooxml
23:03:37.780 [main] TRACE - Loading type system org.apache.xmlbeans.metadata.system.sXMLCONFIG
23:03:37.781 [main] TRACE - Loading type system org.apache.xmlbeans.metadata.system.sXMLLANG
23:03:37.782 [main] TRACE - Loading type system org.apache.xmlbeans.metadata.system.sXMLSCHEMA
23:03:37.783 [main] TRACE - Loading type system org.apache.xmlbeans.metadata.system.sXMLTOOLS
23:03:37.784 [main] TRACE - Reading unresolved handles for type system org.apache.xmlbeans.metadata.system.sXMLTOOLS
23:03:37.810 [main] TRACE - Finished loading type system org.apache.xmlbeans.metadata.system.sXMLTOOLS
23:03:37.811 [main] TRACE - Reading unresolved handles for type system org.apache.xmlbeans.metadata.system.sXMLSCHEMA
23:03:37.817 [main] TRACE - Finished loading type system org.apache.xmlbeans.metadata.system.sXMLSCHEMA
23:03:37.822 [main] TRACE - Reading unresolved handles for type system org.apache.xmlbeans.metadata.system.sXMLLANG
23:03:37.826 [main] TRACE - Finished loading type system org.apache.xmlbeans.metadata.system.sXMLLANG
23:03:37.829 [main] TRACE - Reading unresolved handles for type system org.apache.xmlbeans.metadata.system.sXMLCONFIG
23:03:37.831 [main] TRACE - Finished loading type system org.apache.xmlbeans.metadata.system.sXMLCONFIG
23:03:37.832 [main] TRACE - Reading unresolved handles for type system org.apache.poi.schemas.ooxml.system.ooxml
23:03:37.940 [main] TRACE - Finished loading type system org.apache.poi.schemas.ooxml.system.ooxml
23:03:37.945 [main] TRACE - Resolving type for handle ctworkbook83c3type
23:03:38.128 [main] TRACE - Resolving type for handle ctworkbookpr03a5type
23:03:38.169 [main] TRACE - Resolving type for handle ctbookviewsb864type
23:03:38.180 [main] TRACE - Resolving type for handle ctbookviewf677type
23:03:38.206 [main] TRACE - Resolving type for handle ctsheets49fdtype
23:03:38.216 [main] TRACE - Resolving type for handle propertiesee84doctype
23:03:38.231 [main] TRACE - Resolving type for handle ctproperties3f10type
23:03:38.249 [main] TRACE - Resolving type for handle properties288cdoctype
23:03:38.256 [main] TRACE - Resolving type for handle ctproperties2c18type
23:03:38.278 [main] TRACE - Resolving type for handle sstf81fdoctype
23:03:38.282 [main] TRACE - Resolving type for handle ctsst44f3type
23:03:38.299 [main] TRACE - Resolving type for handle stylesheet5d8bdoctype
23:03:38.305 [main] TRACE - Resolving type for handle ctstylesheet4257type
23:03:38.314 [main] TRACE - Resolving type for handle ctfont14d8type
23:03:38.346 [main] TRACE - Resolving type for handle ctfontsizeb3b9type
23:03:38.378 [main] TRACE - Resolving type for handle ctcolord2c2type
23:03:38.398 [main] TRACE - Resolving type for handle ctfontname2dc3type
23:03:38.408 [main] TRACE - Resolving type for handle stxstringf179type
23:03:38.434 [main] TRACE - Resolving type for handle ctfontfamily685ctype
23:03:38.447 [main] TRACE - Resolving type for handle stfontfamily9c6ctype
23:03:38.471 [main] TRACE - Resolving type for handle ctfontschemebf5dtype
23:03:38.484 [main] TRACE - Resolving type for handle stfontschemef36dtype
23:03:38.501 [main] TRACE - Resolving type for handle ctfill550ctype
23:03:38.510 [main] TRACE - Resolving type for handle ctpatternfill7452type
23:03:38.527 [main] TRACE - Resolving type for handle stpatterntype7939type
23:03:38.541 [main] TRACE - Resolving type for handle ctborderf935type
23:03:38.548 [main] TRACE - Resolving type for handle ctborderpre497type
23:03:38.570 [main] TRACE - Resolving type for handle ctxf97f7type
23:03:38.577 [main] TRACE - Resolving type for handle stnumfmtid76fbtype
23:03:38.580 [main] TRACE - Resolving type for handle stfontid9d63type
23:03:38.584 [main] TRACE - Resolving type for handle stfillida097type
23:03:38.588 [main] TRACE - Resolving type for handle stborderid1a80type
23:03:38.598 [main] TRACE - Resolving type for handle stcellstylexfid70c7type
23:03:38.615 [main] TRACE - Resolving type for handle ctsheet4dbetype
23:03:38.638 [main] TRACE - Resolving type for handle ctworksheet530dtype
23:03:38.650 [main] TRACE - Resolving type for handle ctsheetformatprdef7type
23:03:38.672 [main] TRACE - Resolving type for handle ctsheetviewsb918type
23:03:38.686 [main] TRACE - Resolving type for handle ctsheetview0f43type
23:03:38.701 [main] TRACE - Resolving type for handle ctsheetdimensiond310type
23:03:38.707 [main] TRACE - Resolving type for handle stref90a2type
23:03:38.714 [main] TRACE - Resolving type for handle ctsheetdata8408type
23:03:38.720 [main] TRACE - Resolving type for handle ctpagemargins5455type
23:03:38.732 [main] TRACE - Resolving type for handle ctcols627ctype
23:03:38.735 [main] TRACE - Resolving type for handle strelationshipid1e94type
23:03:38.739 [main] TRACE - Resolving type for handle ctrowdd39type
23:03:38.753 [main] TRACE - Resolving type for handle ctcell842btype
23:03:38.771 [main] TRACE - Resolving type for handle stcellrefe4e0type
23:03:38.779 [main] TRACE - Resolving type for handle ctrsta472type
23:03:38.786 [main] TRACE - Resolving type for handle stcelltypebf95type
23:03:43.200 [main] TRACE - Resolving type for handle ctnumfmtsb58btype
23:03:43.208 [main] TRACE - Resolving type for handle ctfonts6623type
23:03:43.215 [main] TRACE - Resolving type for handle ctfills2c6ftype
23:03:43.220 [main] TRACE - Resolving type for handle ctborders0d66type
23:03:43.230 [main] TRACE - Resolving type for handle ctcellxfs1322type
23:03:43.235 [main] TRACE - Resolving type for handle ctcellstylexfsa81ftype
23:03:43.278 [main] DEBUG - Save core properties part
23:03:43.279 [main] DEBUG - Save content types part
23:03:43.453 [main] DEBUG - Save package relationships
23:03:43.473 [main] DEBUG - Save part 'docProps/app.xml'
23:03:43.477 [main] DEBUG - Save part 'docProps/core.xml'
23:03:43.484 [main] DEBUG - Save part 'xl/sharedStrings.xml'
23:03:43.485 [main] DEBUG - Save part 'xl/styles.xml'
23:03:43.485 [main] DEBUG - Save part 'xl/workbook.xml'
23:03:43.488 [main] DEBUG - Save part 'xl/worksheets/sheet1.xml'
23:03:43.496 [main] DEBUG - Save content types part
23:03:43.498 [main] DEBUG - Save package relationships
23:03:43.500 [main] DEBUG - Save part 'docProps/app.xml'
23:03:43.500 [main] DEBUG - Save part 'docProps/core.xml'
23:03:43.502 [main] DEBUG - Save part 'xl/sharedStrings.xml'
23:03:43.503 [main] DEBUG - Save part 'xl/styles.xml'
23:03:43.503 [main] DEBUG - Save part 'xl/workbook.xml'
23:03:43.506 [main] DEBUG - Save part 'xl/worksheets/sheet1.xml'
23:03:45.519 [main] INFO  - Printing Details of Car Washing Services.......
23:03:48.633 [main] INFO  - FreeListing is Launched.......
23:03:51.419 [main] INFO  - Wrong detail is given in input box.......
23:03:54.098 [main] INFO  - Start Now Button is clicked.......
23:03:56.191 [main] INFO  - Invalid Message is printed.......
23:03:58.972 [main] INFO  - Navigating Back to original Window.......
23:04:03.742 [main] INFO  - Type gyms in search box.......
23:04:06.202 [main] DEBUG - Parsing relationship: /xl/_rels/workbook.xml.rels
23:04:06.206 [main] DEBUG - Parsing relationship: /_rels/.rels
23:04:06.310 [main] TRACE - Resolving type for handle workbookec17doctype
23:04:06.325 [main] TRACE - Resolving type for handle worksheetf539doctype
23:04:07.194 [main] DEBUG - Save content types part
23:04:07.199 [main] DEBUG - Save package relationships
23:04:07.203 [main] DEBUG - Save part 'docProps/app.xml'
23:04:07.203 [main] DEBUG - Save part 'docProps/core.xml'
23:04:07.208 [main] DEBUG - Save part 'xl/sharedStrings.xml'
23:04:07.209 [main] DEBUG - Save part 'xl/styles.xml'
23:04:07.209 [main] DEBUG - Save part 'xl/workbook.xml'
23:04:07.216 [main] DEBUG - Save part 'xl/worksheets/sheet1.xml'
23:04:07.217 [main] DEBUG - Save part 'xl/worksheets/sheet2.xml'
23:04:09.221 [main] INFO  - Sub-Menu of Gyms are Printed.......
23:56:14.452 [main] INFO  - Chrome Browser is Opened.......................
23:56:23.131 [main] INFO  - First Pop Up Handled.......
23:56:25.473 [main] INFO  - Near By Location is entered.......
23:56:25.665 [main] INFO  - Suggested location is selected.......
23:56:28.497 [main] INFO  - Type Car Washing Services in search box.......
23:56:30.737 [main] INFO  - Suggested Car Washing Services is selected.......
23:56:33.380 [main] INFO  - Clicked on search button and result appears.......
23:56:36.182 [main] INFO  - Clicked on All Filters Sub-Menu.......
23:56:38.357 [main] INFO  - Click and Select rating 4.0+.......
23:56:41.613 [main] INFO  - Click on Apply Filter Button.......
23:56:53.192 [main] TRACE - Loading type system org.apache.poi.schemas.ooxml.system.ooxml
23:56:53.196 [main] TRACE - Loading type system org.apache.xmlbeans.metadata.system.sXMLCONFIG
23:56:53.196 [main] TRACE - Loading type system org.apache.xmlbeans.metadata.system.sXMLLANG
23:56:53.197 [main] TRACE - Loading type system org.apache.xmlbeans.metadata.system.sXMLSCHEMA
23:56:53.198 [main] TRACE - Loading type system org.apache.xmlbeans.metadata.system.sXMLTOOLS
