23:56:24.326 [main] TRACE - Resolving type for handle worksheetf539doctype
23:56:24.353 [main] TRACE - Resolving type for handle ctworksheet530dtype
23:56:24.379 [main] TRACE - Resolving type for handle ctcols627ctype
23:56:24.383 [main] TRACE - Resolving type for handle ctcola95ftype
23:56:24.428 [main] TRACE - Resolving type for handle ctsheetdata8408type
23:56:24.439 [main] TRACE - Resolving type for handle ctrowdd39type
23:56:24.470 [main] TRACE - Resolving type for handle ctcell842btype
23:56:24.483 [main] TRACE - Resolving type for handle stcellrefe4e0type
23:56:24.501 [main] TRACE - Resolving type for handle stxstringf179type
23:56:24.513 [main] TRACE - Resolving type for handle stcelltypebf95type
23:56:26.935 [main] INFO  - Type Car Washing Services in search box.......
23:56:29.127 [main] INFO  - Suggested Car Washing Services is selected.......
23:56:31.766 [main] INFO  - Clicked on search button and result appears.......
23:56:34.487 [main] INFO  - Clicked on All Filters Sub-Menu.......
23:56:34.694 [main] INFO  - Click and Select rating 4.0+.......
23:56:35.063 [main] INFO  - Click on Apply Filter Button.......
23:56:49.687 [main] INFO  - Click on Show Number Flare Button to get contact of car washing services Dealer 
23:56:49.702 [main] INFO  - PopUp appeared and handled.......
23:56:50.844 [main] TRACE - Resolving type for handle ctworkbookpr03a5type
23:56:50.853 [main] TRACE - Resolving type for handle ctbookviewsb864type
23:56:50.855 [main] TRACE - Resolving type for handle ctbookviewf677type
23:56:50.860 [main] TRACE - Resolving type for handle propertiesee84doctype
23:56:50.862 [main] TRACE - Resolving type for handle ctproperties3f10type
23:56:50.868 [main] TRACE - Resolving type for handle properties288cdoctype
23:56:50.869 [main] TRACE - Resolving type for handle ctproperties2c18type
23:56:50.874 [main] TRACE - Resolving type for handle ctfontsizeb3b9type
23:56:50.875 [main] TRACE - Resolving type for handle ctcolord2c2type
23:56:50.877 [main] TRACE - Resolving type for handle ctfontname2dc3type
23:56:50.879 [main] TRACE - Resolving type for handle ctfontfamily685ctype
23:56:50.880 [main] TRACE - Resolving type for handle stfontfamily9c6ctype
23:56:50.884 [main] TRACE - Resolving type for handle ctfontschemebf5dtype
23:56:50.886 [main] TRACE - Resolving type for handle stfontschemef36dtype
23:56:50.887 [main] TRACE - Resolving type for handle ctpatternfill7452type
23:56:50.889 [main] TRACE - Resolving type for handle stpatterntype7939type
23:56:50.891 [main] TRACE - Resolving type for handle ctborderpre497type
23:56:50.892 [main] TRACE - Resolving type for handle stnumfmtid76fbtype
23:56:50.894 [main] TRACE - Resolving type for handle stfontid9d63type
23:56:50.895 [main] TRACE - Resolving type for handle stfillida097type
23:56:50.896 [main] TRACE - Resolving type for handle stborderid1a80type
23:56:50.899 [main] TRACE - Resolving type for handle stcellstylexfid70c7type
23:56:50.902 [main] TRACE - Resolving type for handle ctsheetformatprdef7type
23:56:50.904 [main] TRACE - Resolving type for handle ctsheetviewsb918type
23:56:50.907 [main] TRACE - Resolving type for handle ctsheetview0f43type
23:56:50.911 [main] TRACE - Resolving type for handle ctsheetdimensiond310type
23:56:50.913 [main] TRACE - Resolving type for handle stref90a2type
23:56:50.916 [main] TRACE - Resolving type for handle ctpagemargins5455type
23:56:51.417 [main] TRACE - Resolving type for handle ctnumfmtsb58btype
23:56:51.438 [main] DEBUG - Save core properties part
23:56:51.439 [main] DEBUG - Save content types part
23:56:51.522 [main] DEBUG - Save package relationships
23:56:51.534 [main] DEBUG - Save part 'docProps/app.xml'
23:56:51.535 [main] DEBUG - Save part 'docProps/core.xml'
23:56:51.541 [main] DEBUG - Save part 'xl/sharedStrings.xml'
23:56:51.541 [main] DEBUG - Save part 'xl/styles.xml'
23:56:51.542 [main] DEBUG - Save part 'xl/workbook.xml'
23:56:51.544 [main] DEBUG - Save part 'xl/worksheets/sheet1.xml'
23:56:51.546 [main] DEBUG - Save content types part
23:56:51.549 [main] DEBUG - Save package relationships
23:56:51.551 [main] DEBUG - Save part 'docProps/app.xml'
23:56:51.552 [main] DEBUG - Save part 'docProps/core.xml'
23:56:51.554 [main] DEBUG - Save part 'xl/sharedStrings.xml'
23:56:51.554 [main] DEBUG - Save part 'xl/styles.xml'
23:56:51.555 [main] DEBUG - Save part 'xl/workbook.xml'
23:56:51.556 [main] DEBUG - Save part 'xl/worksheets/sheet1.xml'
23:56:53.570 [main] INFO  - Printing Details of Car Washing Services.......
23:56:55.444 [main] INFO  - FreeListing is Launched.......
23:56:57.636 [main] DEBUG - Parsing relationship: /xl/_rels/workbook.xml.rels
23:56:57.637 [main] DEBUG - Parsing relationship: /_rels/.rels
23:56:57.813 [main] INFO  - Wrong detail is given in input box.......
23:57:00.228 [main] INFO  - Start Now Button is clicked.......
23:57:02.543 [main] INFO  - Invalid Message is printed.......
23:57:04.567 [main] INFO  - Navigating Back to original Window.......
23:57:05.932 [main] INFO  - Type gyms in search box.......
23:57:09.751 [main] DEBUG - Parsing relationship: /xl/_rels/workbook.xml.rels
23:57:09.752 [main] DEBUG - Parsing relationship: /_rels/.rels
23:57:10.389 [main] DEBUG - Save content types part
23:57:10.391 [main] DEBUG - Save package relationships
23:57:10.393 [main] DEBUG - Save part 'docProps/app.xml'
23:57:10.393 [main] DEBUG - Save part 'docProps/core.xml'
23:57:10.394 [main] DEBUG - Save part 'xl/sharedStrings.xml'
23:57:10.394 [main] DEBUG - Save part 'xl/styles.xml'
23:57:10.395 [main] DEBUG - Save part 'xl/workbook.xml'
23:57:10.396 [main] DEBUG - Save part 'xl/worksheets/sheet1.xml'
23:57:10.396 [main] DEBUG - Save part 'xl/worksheets/sheet2.xml'
23:57:10.397 [main] INFO  - Sub-Menu of Gyms are Printed.......
23:57:12.526 [main] DEBUG - Parsing relationship: /xl/_rels/workbook.xml.rels
23:57:12.527 [main] DEBUG - Parsing relationship: /_rels/.rels
23:57:12.562 [main] DEBUG - Save content types part
23:57:12.563 [main] DEBUG - Save package relationships
23:57:12.565 [main] DEBUG - Save part 'docProps/app.xml'
23:57:12.565 [main] DEBUG - Save part 'docProps/core.xml'
23:57:12.566 [main] DEBUG - Save part 'xl/sharedStrings.xml'
23:57:12.567 [main] DEBUG - Save part 'xl/styles.xml'
23:57:12.567 [main] DEBUG - Save part 'xl/workbook.xml'
23:57:12.570 [main] DEBUG - Save part 'xl/worksheets/sheet1.xml'
23:57:12.570 [main] DEBUG - Save part 'xl/worksheets/sheet2.xml'
23:57:12.570 [main] DEBUG - Save part 'xl/worksheets/sheet3.xml'
23:57:12.571 [main] INFO  - Sub-Menu dropdown items list is printed.....
00:04:04.662 [main] INFO  - First Pop Up Handled.......
00:04:07.023 [main] INFO  - Near By Location is entered.......
00:04:07.188 [main] INFO  - Suggested location is selected.......
00:04:07.903 [main] DEBUG - Parsing relationship: /xl/_rels/workbook.xml.rels
00:04:07.909 [main] DEBUG - Parsing relationship: /_rels/.rels
00:04:08.212 [main] TRACE - Loading type system org.apache.poi.schemas.ooxml.system.ooxml
00:04:08.215 [main] TRACE - Loading type system org.apache.xmlbeans.metadata.system.sXMLCONFIG
00:04:08.216 [main] TRACE - Loading type system org.apache.xmlbeans.metadata.system.sXMLLANG
00:04:08.217 [main] TRACE - Loading type system org.apache.xmlbeans.metadata.system.sXMLSCHEMA
00:04:08.218 [main] TRACE - Loading type system org.apache.xmlbeans.metadata.system.sXMLTOOLS
00:04:08.219 [main] TRACE - Reading unresolved handles for type system org.apache.xmlbeans.metadata.system.sXMLTOOLS
00:04:08.234 [main] TRACE - Finished loading type system org.apache.xmlbeans.metadata.system.sXMLTOOLS
00:04:08.235 [main] TRACE - Reading unresolved handles for type system org.apache.xmlbeans.metadata.system.sXMLSCHEMA
00:04:08.242 [main] TRACE - Finished loading type system org.apache.xmlbeans.metadata.system.sXMLSCHEMA
00:04:08.246 [main] TRACE - Reading unresolved handles for type system org.apache.xmlbeans.metadata.system.sXMLLANG
00:04:08.248 [main] TRACE - Finished loading type system org.apache.xmlbeans.metadata.system.sXMLLANG
00:04:08.251 [main] TRACE - Reading unresolved handles for type system org.apache.xmlbeans.metadata.system.sXMLCONFIG
00:04:08.252 [main] TRACE - Finished loading type system org.apache.xmlbeans.metadata.system.sXMLCONFIG
00:04:08.253 [main] TRACE - Reading unresolved handles for type system org.apache.poi.schemas.ooxml.system.ooxml
00:04:08.365 [main] TRACE - Finished loading type system org.apache.poi.schemas.ooxml.system.ooxml
00:04:08.366 [main] TRACE - Resolving type for handle themefd26doctype
00:04:08.520 [main] TRACE - Resolving type for handle stylesheet5d8bdoctype
00:04:08.532 [main] TRACE - Resolving type for handle ctstylesheet4257type
00:04:08.554 [main] TRACE - Resolving type for handle ctfonts6623type
00:04:08.558 [main] TRACE - Resolving type for handle ctfont14d8type
00:04:08.567 [main] TRACE - Resolving type for handle ctfills2c6ftype
00:04:08.570 [main] TRACE - Resolving type for handle ctfill550ctype
00:04:08.574 [main] TRACE - Resolving type for handle ctborders0d66type
00:04:08.580 [main] TRACE - Resolving type for handle ctborderf935type
00:04:08.592 [main] TRACE - Resolving type for handle ctcellxfs1322type
00:04:08.600 [main] TRACE - Resolving type for handle ctxf97f7type
00:04:08.621 [main] TRACE - Resolving type for handle ctcellstylexfsa81ftype
00:04:08.630 [main] TRACE - Resolving type for handle ctdxfsb26atype
00:04:08.636 [main] TRACE - Resolving type for handle cttablestyles872ftype
00:04:08.643 [main] TRACE - Resolving type for handle sstf81fdoctype
00:04:08.649 [main] TRACE - Resolving type for handle ctsst44f3type
00:04:08.665 [main] TRACE - Resolving type for handle ctrsta472type
00:04:08.738 [main] TRACE - Resolving type for handle workbookec17doctype
00:04:08.749 [main] TRACE - Resolving type for handle ctworkbook83c3type
00:04:08.756 [main] TRACE - Resolving type for handle ctsheets49fdtype
00:04:08.760 [main] TRACE - Resolving type for handle ctsheet4dbetype
00:04:08.763 [main] TRACE - Resolving type for handle strelationshipid1e94type
00:04:08.765 [main] TRACE - Resolving type for handle worksheetf539doctype
00:04:08.777 [main] TRACE - Resolving type for handle ctworksheet530dtype
00:04:08.834 [main] TRACE - Resolving type for handle ctcols627ctype
00:04:08.844 [main] TRACE - Resolving type for handle ctcola95ftype
00:04:08.869 [main] TRACE - Resolving type for handle ctsheetdata8408type
00:04:08.883 [main] TRACE - Resolving type for handle ctrowdd39type
00:04:08.915 [main] TRACE - Resolving type for handle ctcell842btype
00:04:08.926 [main] TRACE - Resolving type for handle stcellrefe4e0type
00:04:08.936 [main] TRACE - Resolving type for handle stxstringf179type
00:04:08.938 [main] TRACE - Resolving type for handle stcelltypebf95type
00:04:11.383 [main] INFO  - Type Car Washing Services in search box.......
00:04:13.582 [main] INFO  - Suggested Car Washing Services is selected.......
00:04:16.220 [main] INFO  - Clicked on search button and result appears.......
00:04:18.787 [main] INFO  - Clicked on All Filters Sub-Menu.......
00:04:18.982 [main] INFO  - Click and Select rating 4.0+.......
00:04:19.232 [main] INFO  - Click on Apply Filter Button.......
00:04:33.547 [main] INFO  - Click on Show Number Flare Button to get contact of car washing services Dealer 
00:04:33.564 [main] INFO  - PopUp appeared and handled.......
00:04:34.800 [main] TRACE - Resolving type for handle ctworkbookpr03a5type
00:04:34.809 [main] TRACE - Resolving type for handle ctbookviewsb864type
00:04:34.812 [main] TRACE - Resolving type for handle ctbookviewf677type
00:04:34.820 [main] TRACE - Resolving type for handle propertiesee84doctype
00:04:34.822 [main] TRACE - Resolving type for handle ctproperties3f10type
00:04:34.825 [main] TRACE - Resolving type for handle properties288cdoctype
00:04:34.828 [main] TRACE - Resolving type for handle ctproperties2c18type
00:04:34.836 [main] TRACE - Resolving type for handle ctfontsizeb3b9type
00:04:34.838 [main] TRACE - Resolving type for handle ctcolord2c2type
00:04:34.841 [main] TRACE - Resolving type for handle ctfontname2dc3type
00:04:34.844 [main] TRACE - Resolving type for handle ctfontfamily685ctype
00:04:34.845 [main] TRACE - Resolving type for handle stfontfamily9c6ctype
00:04:34.853 [main] TRACE - Resolving type for handle ctfontschemebf5dtype
00:04:34.855 [main] TRACE - Resolving type for handle stfontschemef36dtype
00:04:34.857 [main] TRACE - Resolving type for handle ctpatternfill7452type
00:04:34.860 [main] TRACE - Resolving type for handle stpatterntype7939type
00:04:34.861 [main] TRACE - Resolving type for handle ctborderpre497type
00:04:34.865 [main] TRACE - Resolving type for handle stnumfmtid76fbtype
00:04:34.867 [main] TRACE - Resolving type for handle stfontid9d63type
00:04:34.869 [main] TRACE - Resolving type for handle stfillida097type
00:04:34.870 [main] TRACE - Resolving type for handle stborderid1a80type
00:04:34.872 [main] TRACE - Resolving type for handle stcellstylexfid70c7type
00:04:34.874 [main] TRACE - Resolving type for handle ctsheetformatprdef7type
00:04:34.877 [main] TRACE - Resolving type for handle ctsheetviewsb918type
00:04:34.879 [main] TRACE - Resolving type for handle ctsheetview0f43type
00:04:34.884 [main] TRACE - Resolving type for handle ctsheetdimensiond310type
00:04:34.886 [main] TRACE - Resolving type for handle stref90a2type
00:04:34.887 [main] TRACE - Resolving type for handle ctpagemargins5455type
00:04:35.350 [main] TRACE - Resolving type for handle ctnumfmtsb58btype
00:04:35.375 [main] DEBUG - Save core properties part
00:04:35.375 [main] DEBUG - Save content types part
00:04:35.484 [main] DEBUG - Save package relationships
00:04:35.494 [main] DEBUG - Save part 'docProps/app.xml'
00:04:35.494 [main] DEBUG - Save part 'docProps/core.xml'
00:04:35.502 [main] DEBUG - Save part 'xl/sharedStrings.xml'
00:04:35.503 [main] DEBUG - Save part 'xl/styles.xml'
00:04:35.503 [main] DEBUG - Save part 'xl/workbook.xml'
00:04:35.505 [main] DEBUG - Save part 'xl/worksheets/sheet1.xml'
00:04:35.506 [main] DEBUG - Save content types part
00:04:35.507 [main] DEBUG - Save package relationships
00:04:35.508 [main] DEBUG - Save part 'docProps/app.xml'
00:04:35.508 [main] DEBUG - Save part 'docProps/core.xml'
00:04:35.510 [main] DEBUG - Save part 'xl/sharedStrings.xml'
00:04:35.510 [main] DEBUG - Save part 'xl/styles.xml'
00:04:35.510 [main] DEBUG - Save part 'xl/workbook.xml'
00:04:35.512 [main] DEBUG - Save part 'xl/worksheets/sheet1.xml'
00:04:37.529 [main] INFO  - Printing Details of Car Washing Services.......
00:04:39.202 [main] INFO  - FreeListing is Launched.......
00:04:41.401 [main] DEBUG - Parsing relationship: /xl/_rels/workbook.xml.rels
00:04:41.403 [main] DEBUG - Parsing relationship: /_rels/.rels
00:04:41.586 [main] INFO  - Wrong detail is given in input box.......
00:04:43.963 [main] INFO  - Start Now Button is clicked.......
00:04:46.295 [main] INFO  - Invalid Message is printed.......
00:04:48.179 [main] INFO  - Navigating Back to original Window.......
00:04:49.258 [main] INFO  - Type gyms in search box.......
00:04:52.758 [main] DEBUG - Parsing relationship: /xl/_rels/workbook.xml.rels
00:04:52.761 [main] DEBUG - Parsing relationship: /_rels/.rels
00:04:53.231 [main] DEBUG - Save content types part
00:04:53.233 [main] DEBUG - Save package relationships
00:04:53.234 [main] DEBUG - Save part 'docProps/app.xml'
00:04:53.234 [main] DEBUG - Save part 'docProps/core.xml'
00:04:53.235 [main] DEBUG - Save part 'xl/sharedStrings.xml'
00:04:53.235 [main] DEBUG - Save part 'xl/styles.xml'
00:04:53.236 [main] DEBUG - Save part 'xl/workbook.xml'
00:04:53.237 [main] DEBUG - Save part 'xl/worksheets/sheet1.xml'
00:04:53.237 [main] DEBUG - Save part 'xl/worksheets/sheet2.xml'
00:04:53.238 [main] INFO  - Sub-Menu of Gyms are Printed.......
00:04:55.294 [main] DEBUG - Parsing relationship: /xl/_rels/workbook.xml.rels
00:04:55.295 [main] DEBUG - Parsing relationship: /_rels/.rels
00:04:55.339 [main] DEBUG - Save content types part
00:04:55.343 [main] DEBUG - Save package relationships
00:04:55.345 [main] DEBUG - Save part 'docProps/app.xml'
00:04:55.346 [main] DEBUG - Save part 'docProps/core.xml'
00:04:55.348 [main] DEBUG - Save part 'xl/sharedStrings.xml'
00:04:55.349 [main] DEBUG - Save part 'xl/styles.xml'
00:04:55.350 [main] DEBUG - Save part 'xl/workbook.xml'
00:04:55.354 [main] DEBUG - Save part 'xl/worksheets/sheet1.xml'
00:04:55.354 [main] DEBUG - Save part 'xl/worksheets/sheet2.xml'
00:04:55.354 [main] DEBUG - Save part 'xl/worksheets/sheet3.xml'
00:04:55.356 [main] INFO  - Sub-Menu dropdown items list is printed.....
00:26:14.632 [TestNG-tests-2] INFO  - First Pop Up Handled.......
00:26:14.921 [TestNG-tests-1] INFO  - First Pop Up Handled.......
00:26:17.352 [TestNG-tests-2] INFO  - Near By Location is entered.......
00:26:17.585 [TestNG-tests-1] INFO  - Near By Location is entered.......
00:26:17.704 [TestNG-tests-2] INFO  - Suggested location is selected.......
00:26:17.890 [TestNG-tests-1] INFO  - Suggested location is selected.......
00:26:22.434 [TestNG-tests-2] DEBUG - Parsing relationship: /xl/_rels/workbook.xml.rels
00:26:22.434 [TestNG-tests-1] DEBUG - Parsing relationship: /xl/_rels/workbook.xml.rels
00:26:22.440 [TestNG-tests-1] DEBUG - Parsing relationship: /_rels/.rels
00:26:22.440 [TestNG-tests-2] DEBUG - Parsing relationship: /_rels/.rels
00:26:22.865 [TestNG-tests-1] TRACE - Loading type system org.apache.poi.schemas.ooxml.system.ooxml
00:26:22.876 [TestNG-tests-1] TRACE - Loading type system org.apache.xmlbeans.metadata.system.sXMLCONFIG
00:26:22.883 [TestNG-tests-1] TRACE - Loading type system org.apache.xmlbeans.metadata.system.sXMLLANG
00:26:22.885 [TestNG-tests-1] TRACE - Loading type system org.apache.xmlbeans.metadata.system.sXMLSCHEMA
00:26:22.896 [TestNG-tests-1] TRACE - Loading type system org.apache.xmlbeans.metadata.system.sXMLTOOLS
00:26:22.899 [TestNG-tests-1] TRACE - Reading unresolved handles for type system org.apache.xmlbeans.metadata.system.sXMLTOOLS
00:26:22.937 [TestNG-tests-1] TRACE - Finished loading type system org.apache.xmlbeans.metadata.system.sXMLTOOLS
00:26:22.939 [TestNG-tests-1] TRACE - Reading unresolved handles for type system org.apache.xmlbeans.metadata.system.sXMLSCHEMA
00:26:22.951 [TestNG-tests-1] TRACE - Finished loading type system org.apache.xmlbeans.metadata.system.sXMLSCHEMA
00:26:22.953 [TestNG-tests-1] TRACE - Reading unresolved handles for type system org.apache.xmlbeans.metadata.system.sXMLLANG
00:26:22.956 [TestNG-tests-1] TRACE - Finished loading type system org.apache.xmlbeans.metadata.system.sXMLLANG
00:26:22.959 [TestNG-tests-1] TRACE - Reading unresolved handles for type system org.apache.xmlbeans.metadata.system.sXMLCONFIG
00:26:22.962 [TestNG-tests-1] TRACE - Finished loading type system org.apache.xmlbeans.metadata.system.sXMLCONFIG
00:26:22.965 [TestNG-tests-1] TRACE - Reading unresolved handles for type system org.apache.poi.schemas.ooxml.system.ooxml
00:26:23.144 [TestNG-tests-1] TRACE - Finished loading type system org.apache.poi.schemas.ooxml.system.ooxml
00:26:23.146 [TestNG-tests-1] TRACE - Resolving type for handle themefd26doctype
00:26:23.333 [TestNG-tests-1] TRACE - Resolving type for handle stylesheet5d8bdoctype
00:26:23.346 [TestNG-tests-2] TRACE - Resolving type for handle ctstylesheet4257type
00:26:23.358 [TestNG-tests-1] TRACE - Resolving type for handle ctfonts6623type
00:26:23.366 [TestNG-tests-1] TRACE - Resolving type for handle ctfont14d8type
00:26:23.383 [TestNG-tests-2] TRACE - Resolving type for handle ctfills2c6ftype
00:26:23.391 [TestNG-tests-2] TRACE - Resolving type for handle ctfill550ctype
00:26:23.396 [TestNG-tests-1] TRACE - Resolving type for handle ctborders0d66type
00:26:23.401 [TestNG-tests-1] TRACE - Resolving type for handle ctborderf935type
00:26:23.406 [TestNG-tests-1] TRACE - Resolving type for handle ctcellxfs1322type
00:26:23.415 [TestNG-tests-2] TRACE - Resolving type for handle ctxf97f7type
00:26:23.420 [TestNG-tests-2] TRACE - Resolving type for handle ctcellstylexfsa81ftype
00:26:23.424 [TestNG-tests-2] TRACE - Resolving type for handle ctdxfsb26atype
00:26:23.430 [TestNG-tests-2] TRACE - Resolving type for handle cttablestyles872ftype
00:26:23.436 [TestNG-tests-2] TRACE - Resolving type for handle sstf81fdoctype
00:26:23.447 [TestNG-tests-2] TRACE - Resolving type for handle ctsst44f3type
00:26:23.472 [TestNG-tests-1] TRACE - Resolving type for handle ctrsta472type
00:26:23.505 [TestNG-tests-2] TRACE - Resolving type for handle workbookec17doctype
00:26:23.517 [TestNG-tests-1] TRACE - Resolving type for handle ctworkbook83c3type
00:26:23.529 [TestNG-tests-2] TRACE - Resolving type for handle ctsheets49fdtype
00:26:23.536 [TestNG-tests-1] TRACE - Resolving type for handle ctsheet4dbetype
00:26:23.547 [TestNG-tests-1] TRACE - Resolving type for handle strelationshipid1e94type
00:26:23.569 [TestNG-tests-1] TRACE - Resolving type for handle worksheetf539doctype
00:26:23.598 [TestNG-tests-1] TRACE - Resolving type for handle ctworksheet530dtype
00:26:23.637 [TestNG-tests-1] TRACE - Resolving type for handle ctcols627ctype
00:26:23.653 [TestNG-tests-2] TRACE - Resolving type for handle ctcola95ftype
00:26:23.700 [TestNG-tests-2] TRACE - Resolving type for handle ctsheetdata8408type
00:26:23.705 [TestNG-tests-2] TRACE - Resolving type for handle ctrowdd39type
00:26:23.719 [TestNG-tests-2] TRACE - Resolving type for handle ctcell842btype
00:26:23.738 [TestNG-tests-2] TRACE - Resolving type for handle stcellrefe4e0type
00:26:23.764 [TestNG-tests-1] TRACE - Resolving type for handle stxstringf179type
00:26:23.770 [TestNG-tests-2] TRACE - Resolving type for handle stcelltypebf95type
00:26:26.300 [TestNG-tests-1] INFO  - Type Car Washing Services in search box.......
00:26:26.348 [TestNG-tests-2] INFO  - Type Car Washing Services in search box.......
00:26:28.684 [TestNG-tests-1] INFO  - Suggested Car Washing Services is selected.......
00:26:28.791 [TestNG-tests-2] INFO  - Suggested Car Washing Services is selected.......
00:26:31.754 [TestNG-tests-2] INFO  - Clicked on search button and result appears.......
00:26:32.427 [TestNG-tests-1] INFO  - Clicked on search button and result appears.......
00:26:34.193 [TestNG-tests-2] INFO  - Clicked on All Filters Sub-Menu.......
00:26:34.730 [TestNG-tests-2] INFO  - Click and Select rating 4.0+.......
00:26:35.333 [TestNG-tests-1] INFO  - Clicked on All Filters Sub-Menu.......
00:26:35.687 [TestNG-tests-2] INFO  - Click on Apply Filter Button.......
00:26:35.935 [TestNG-tests-1] INFO  - Click and Select rating 4.0+.......
00:26:36.627 [TestNG-tests-1] INFO  - Click on Apply Filter Button.......
00:26:51.676 [TestNG-tests-2] INFO  - Click on Show Number Flare Button to get contact of car washing services Dealer 
00:26:51.703 [TestNG-tests-2] INFO  - PopUp appeared and handled.......
00:26:52.886 [TestNG-tests-1] INFO  - Click on Show Number Flare Button to get contact of car washing services Dealer 
00:26:52.893 [TestNG-tests-1] INFO  - PopUp appeared and handled.......
00:26:53.198 [TestNG-tests-2] TRACE - Resolving type for handle ctworkbookpr03a5type
00:26:53.209 [TestNG-tests-2] TRACE - Resolving type for handle ctbookviewsb864type
00:26:53.215 [TestNG-tests-2] TRACE - Resolving type for handle ctbookviewf677type
00:26:53.228 [TestNG-tests-2] TRACE - Resolving type for handle propertiesee84doctype
00:26:53.234 [TestNG-tests-2] TRACE - Resolving type for handle ctproperties3f10type
00:26:53.245 [TestNG-tests-2] TRACE - Resolving type for handle properties288cdoctype
00:26:53.249 [TestNG-tests-2] TRACE - Resolving type for handle ctproperties2c18type
00:26:53.261 [TestNG-tests-2] TRACE - Resolving type for handle ctfontsizeb3b9type
00:26:53.268 [TestNG-tests-2] TRACE - Resolving type for handle ctcolord2c2type
00:26:53.273 [TestNG-tests-2] TRACE - Resolving type for handle ctfontname2dc3type
00:26:53.276 [TestNG-tests-2] TRACE - Resolving type for handle ctfontfamily685ctype
00:26:53.279 [TestNG-tests-2] TRACE - Resolving type for handle stfontfamily9c6ctype
00:26:53.287 [TestNG-tests-2] TRACE - Resolving type for handle ctfontschemebf5dtype
00:26:53.291 [TestNG-tests-2] TRACE - Resolving type for handle stfontschemef36dtype
00:26:53.293 [TestNG-tests-2] TRACE - Resolving type for handle ctpatternfill7452type
00:26:53.298 [TestNG-tests-2] TRACE - Resolving type for handle stpatterntype7939type
00:26:53.302 [TestNG-tests-2] TRACE - Resolving type for handle ctborderpre497type
00:26:53.307 [TestNG-tests-2] TRACE - Resolving type for handle stnumfmtid76fbtype
00:26:53.309 [TestNG-tests-2] TRACE - Resolving type for handle stfontid9d63type
00:26:53.311 [TestNG-tests-2] TRACE - Resolving type for handle stfillida097type
00:26:53.313 [TestNG-tests-2] TRACE - Resolving type for handle stborderid1a80type
00:26:53.319 [TestNG-tests-2] TRACE - Resolving type for handle stcellstylexfid70c7type
00:26:53.324 [TestNG-tests-2] TRACE - Resolving type for handle ctsheetformatprdef7type
00:26:53.329 [TestNG-tests-2] TRACE - Resolving type for handle ctsheetviewsb918type
00:26:53.335 [TestNG-tests-2] TRACE - Resolving type for handle ctsheetview0f43type
00:26:53.345 [TestNG-tests-2] TRACE - Resolving type for handle ctsheetdimensiond310type
00:26:53.352 [TestNG-tests-2] TRACE - Resolving type for handle stref90a2type
00:26:53.355 [TestNG-tests-2] TRACE - Resolving type for handle ctpagemargins5455type
00:26:54.153 [TestNG-tests-2] TRACE - Resolving type for handle ctnumfmtsb58btype
00:26:54.179 [TestNG-tests-2] DEBUG - Save core properties part
00:26:54.179 [TestNG-tests-2] DEBUG - Save content types part
00:26:54.265 [TestNG-tests-2] DEBUG - Save package relationships
00:26:54.273 [TestNG-tests-2] DEBUG - Save part 'docProps/app.xml'
00:26:54.274 [TestNG-tests-2] DEBUG - Save part 'docProps/core.xml'
00:26:54.278 [TestNG-tests-2] DEBUG - Save part 'xl/sharedStrings.xml'
00:26:54.279 [TestNG-tests-2] DEBUG - Save part 'xl/styles.xml'
00:26:54.279 [TestNG-tests-2] DEBUG - Save part 'xl/workbook.xml'
00:26:54.282 [TestNG-tests-2] DEBUG - Save part 'xl/worksheets/sheet1.xml'
00:26:54.286 [TestNG-tests-2] DEBUG - Save content types part
00:26:54.288 [TestNG-tests-2] DEBUG - Save package relationships
00:26:54.289 [TestNG-tests-2] DEBUG - Save part 'docProps/app.xml'
00:26:54.290 [TestNG-tests-2] DEBUG - Save part 'docProps/core.xml'
00:26:54.292 [TestNG-tests-2] DEBUG - Save part 'xl/sharedStrings.xml'
00:26:54.292 [TestNG-tests-2] DEBUG - Save part 'xl/styles.xml'
00:26:54.293 [TestNG-tests-2] DEBUG - Save part 'xl/workbook.xml'
00:26:54.294 [TestNG-tests-2] DEBUG - Save part 'xl/worksheets/sheet1.xml'
00:26:56.310 [TestNG-tests-2] INFO  - Printing Details of Car Washing Services.......
00:26:57.868 [TestNG-tests-1] DEBUG - Save core properties part
00:26:57.868 [TestNG-tests-1] DEBUG - Save content types part
00:26:57.870 [TestNG-tests-1] DEBUG - Save package relationships
00:26:57.872 [TestNG-tests-1] DEBUG - Save part 'docProps/app.xml'
00:26:57.872 [TestNG-tests-1] DEBUG - Save part 'docProps/core.xml'
00:26:57.873 [TestNG-tests-1] DEBUG - Save part 'xl/sharedStrings.xml'
00:26:57.874 [TestNG-tests-1] DEBUG - Save part 'xl/styles.xml'
00:26:57.874 [TestNG-tests-1] DEBUG - Save part 'xl/workbook.xml'
00:26:57.876 [TestNG-tests-1] DEBUG - Save part 'xl/worksheets/sheet1.xml'
00:26:57.877 [TestNG-tests-1] DEBUG - Save content types part
00:26:57.878 [TestNG-tests-1] DEBUG - Save package relationships
00:26:57.879 [TestNG-tests-1] DEBUG - Save part 'docProps/app.xml'
00:26:57.879 [TestNG-tests-1] DEBUG - Save part 'docProps/core.xml'
00:26:57.882 [TestNG-tests-1] DEBUG - Save part 'xl/sharedStrings.xml'
00:26:57.883 [TestNG-tests-1] DEBUG - Save part 'xl/styles.xml'
00:26:57.883 [TestNG-tests-1] DEBUG - Save part 'xl/workbook.xml'
00:26:57.886 [TestNG-tests-1] DEBUG - Save part 'xl/worksheets/sheet1.xml'
00:26:59.898 [TestNG-tests-1] INFO  - Printing Details of Car Washing Services.......
00:29:16.315 [TestNG-tests-2] INFO  - First Pop Up Handled.......
00:29:16.556 [TestNG-tests-1] INFO  - First Pop Up Handled.......
00:29:19.098 [TestNG-tests-2] INFO  - Near By Location is entered.......
00:29:19.238 [TestNG-tests-1] INFO  - Near By Location is entered.......
00:29:19.347 [TestNG-tests-2] INFO  - Suggested location is selected.......
00:29:19.527 [TestNG-tests-1] INFO  - Suggested location is selected.......
00:29:23.859 [TestNG-tests-1] DEBUG - Parsing relationship: /xl/_rels/workbook.xml.rels
00:29:23.859 [TestNG-tests-2] DEBUG - Parsing relationship: /xl/_rels/workbook.xml.rels
00:29:23.863 [TestNG-tests-1] DEBUG - Parsing relationship: /_rels/.rels
00:29:23.863 [TestNG-tests-2] DEBUG - Parsing relationship: /_rels/.rels
00:29:24.240 [TestNG-tests-1] TRACE - Loading type system org.apache.poi.schemas.ooxml.system.ooxml
00:29:24.245 [TestNG-tests-1] TRACE - Loading type system org.apache.xmlbeans.metadata.system.sXMLCONFIG
00:29:24.246 [TestNG-tests-1] TRACE - Loading type system org.apache.xmlbeans.metadata.system.sXMLLANG
00:29:24.247 [TestNG-tests-1] TRACE - Loading type system org.apache.xmlbeans.metadata.system.sXMLSCHEMA
00:29:24.248 [TestNG-tests-1] TRACE - Loading type system org.apache.xmlbeans.metadata.system.sXMLTOOLS
00:29:24.253 [TestNG-tests-1] TRACE - Reading unresolved handles for type system org.apache.xmlbeans.metadata.system.sXMLTOOLS
00:29:24.279 [TestNG-tests-1] TRACE - Finished loading type system org.apache.xmlbeans.metadata.system.sXMLTOOLS
00:29:24.280 [TestNG-tests-1] TRACE - Reading unresolved handles for type system org.apache.xmlbeans.metadata.system.sXMLSCHEMA
00:29:24.291 [TestNG-tests-1] TRACE - Finished loading type system org.apache.xmlbeans.metadata.system.sXMLSCHEMA
00:29:24.294 [TestNG-tests-1] TRACE - Reading unresolved handles for type system org.apache.xmlbeans.metadata.system.sXMLLANG
00:29:24.296 [TestNG-tests-1] TRACE - Finished loading type system org.apache.xmlbeans.metadata.system.sXMLLANG
00:29:24.300 [TestNG-tests-1] TRACE - Reading unresolved handles for type system org.apache.xmlbeans.metadata.system.sXMLCONFIG
00:29:24.305 [TestNG-tests-1] TRACE - Finished loading type system org.apache.xmlbeans.metadata.system.sXMLCONFIG
00:29:24.307 [TestNG-tests-1] TRACE - Reading unresolved handles for type system org.apache.poi.schemas.ooxml.system.ooxml
00:29:24.454 [TestNG-tests-1] TRACE - Finished loading type system org.apache.poi.schemas.ooxml.system.ooxml
00:29:24.456 [TestNG-tests-1] TRACE - Resolving type for handle themefd26doctype
00:29:24.620 [TestNG-tests-2] TRACE - Resolving type for handle stylesheet5d8bdoctype
00:29:24.630 [TestNG-tests-2] TRACE - Resolving type for handle ctstylesheet4257type
00:29:24.640 [TestNG-tests-2] TRACE - Resolving type for handle ctfonts6623type
00:29:24.645 [TestNG-tests-2] TRACE - Resolving type for handle ctfont14d8type
00:29:24.655 [TestNG-tests-1] TRACE - Resolving type for handle ctfills2c6ftype
00:29:24.659 [TestNG-tests-1] TRACE - Resolving type for handle ctfill550ctype
00:29:24.663 [TestNG-tests-1] TRACE - Resolving type for handle ctborders0d66type
00:29:24.667 [TestNG-tests-1] TRACE - Resolving type for handle ctborderf935type
00:29:24.672 [TestNG-tests-1] TRACE - Resolving type for handle ctcellxfs1322type
00:29:24.678 [TestNG-tests-2] TRACE - Resolving type for handle ctxf97f7type
00:29:24.684 [TestNG-tests-2] TRACE - Resolving type for handle ctcellstylexfsa81ftype
00:29:24.688 [TestNG-tests-2] TRACE - Resolving type for handle ctdxfsb26atype
00:29:24.692 [TestNG-tests-2] TRACE - Resolving type for handle cttablestyles872ftype
00:29:24.705 [TestNG-tests-1] TRACE - Resolving type for handle sstf81fdoctype
00:29:24.712 [TestNG-tests-1] TRACE - Resolving type for handle ctsst44f3type
00:29:24.730 [TestNG-tests-2] TRACE - Resolving type for handle ctrsta472type
00:29:24.771 [TestNG-tests-1] TRACE - Resolving type for handle workbookec17doctype
00:29:24.780 [TestNG-tests-2] TRACE - Resolving type for handle ctworkbook83c3type
00:29:24.797 [TestNG-tests-2] TRACE - Resolving type for handle ctsheets49fdtype
00:29:24.805 [TestNG-tests-2] TRACE - Resolving type for handle ctsheet4dbetype
00:29:24.810 [TestNG-tests-1] TRACE - Resolving type for handle strelationshipid1e94type
00:29:24.817 [TestNG-tests-1] TRACE - Resolving type for handle worksheetf539doctype
00:29:24.830 [TestNG-tests-2] TRACE - Resolving type for handle ctworksheet530dtype
00:29:24.860 [TestNG-tests-2] TRACE - Resolving type for handle ctcols627ctype
00:29:24.873 [TestNG-tests-1] TRACE - Resolving type for handle ctcola95ftype
00:29:24.897 [TestNG-tests-2] TRACE - Resolving type for handle ctsheetdata8408type
00:29:24.905 [TestNG-tests-2] TRACE - Resolving type for handle ctrowdd39type
00:29:24.915 [TestNG-tests-1] TRACE - Resolving type for handle ctcell842btype
00:29:24.933 [TestNG-tests-1] TRACE - Resolving type for handle stcellrefe4e0type
00:29:24.954 [TestNG-tests-2] TRACE - Resolving type for handle stxstringf179type
00:29:24.961 [TestNG-tests-2] TRACE - Resolving type for handle stcelltypebf95type
00:29:27.411 [TestNG-tests-2] INFO  - Type Car Washing Services in search box.......
00:29:27.427 [TestNG-tests-1] INFO  - Type Car Washing Services in search box.......
00:29:29.656 [TestNG-tests-2] INFO  - Suggested Car Washing Services is selected.......
00:29:29.656 [TestNG-tests-1] INFO  - Suggested Car Washing Services is selected.......
00:29:32.318 [TestNG-tests-1] INFO  - Clicked on search button and result appears.......
00:29:32.644 [TestNG-tests-2] INFO  - Clicked on search button and result appears.......
00:29:34.647 [TestNG-tests-1] INFO  - Clicked on All Filters Sub-Menu.......
00:29:35.006 [TestNG-tests-1] INFO  - Click and Select rating 4.0+.......
00:29:35.244 [TestNG-tests-2] INFO  - Clicked on All Filters Sub-Menu.......
00:29:35.837 [TestNG-tests-2] INFO  - Click and Select rating 4.0+.......
00:29:35.926 [TestNG-tests-1] INFO  - Click on Apply Filter Button.......
00:29:36.470 [TestNG-tests-2] INFO  - Click on Apply Filter Button.......
00:29:52.446 [TestNG-tests-2] INFO  - Click on Show Number Flare Button to get contact of car washing services Dealer 
00:29:52.460 [TestNG-tests-2] INFO  - PopUp appeared and handled.......
00:29:52.633 [TestNG-tests-1] INFO  - Click on Show Number Flare Button to get contact of car washing services Dealer 
00:29:52.639 [TestNG-tests-1] INFO  - PopUp appeared and handled.......
00:29:53.920 [TestNG-tests-2] TRACE - Resolving type for handle ctworkbookpr03a5type
00:29:53.930 [TestNG-tests-2] TRACE - Resolving type for handle ctbookviewsb864type
00:29:53.934 [TestNG-tests-2] TRACE - Resolving type for handle ctbookviewf677type
00:29:53.942 [TestNG-tests-2] TRACE - Resolving type for handle propertiesee84doctype
00:29:53.949 [TestNG-tests-2] TRACE - Resolving type for handle ctproperties3f10type
00:29:53.957 [TestNG-tests-2] TRACE - Resolving type for handle properties288cdoctype
00:29:53.963 [TestNG-tests-2] TRACE - Resolving type for handle ctproperties2c18type
00:29:53.968 [TestNG-tests-2] TRACE - Resolving type for handle ctfontsizeb3b9type
00:29:53.970 [TestNG-tests-2] TRACE - Resolving type for handle ctcolord2c2type
00:29:53.972 [TestNG-tests-2] TRACE - Resolving type for handle ctfontname2dc3type
00:29:53.975 [TestNG-tests-2] TRACE - Resolving type for handle ctfontfamily685ctype
00:29:53.979 [TestNG-tests-2] TRACE - Resolving type for handle stfontfamily9c6ctype
00:29:53.984 [TestNG-tests-2] TRACE - Resolving type for handle ctfontschemebf5dtype
00:29:53.985 [TestNG-tests-2] TRACE - Resolving type for handle stfontschemef36dtype
00:29:53.986 [TestNG-tests-2] TRACE - Resolving type for handle ctpatternfill7452type
00:29:53.988 [TestNG-tests-2] TRACE - Resolving type for handle stpatterntype7939type
00:29:53.991 [TestNG-tests-2] TRACE - Resolving type for handle ctborderpre497type
00:29:53.994 [TestNG-tests-2] TRACE - Resolving type for handle stnumfmtid76fbtype
00:29:53.996 [TestNG-tests-2] TRACE - Resolving type for handle stfontid9d63type
00:29:53.997 [TestNG-tests-2] TRACE - Resolving type for handle stfillida097type
00:29:53.999 [TestNG-tests-2] TRACE - Resolving type for handle stborderid1a80type
00:29:54.000 [TestNG-tests-2] TRACE - Resolving type for handle stcellstylexfid70c7type
00:29:54.002 [TestNG-tests-2] TRACE - Resolving type for handle ctsheetformatprdef7type
00:29:54.003 [TestNG-tests-2] TRACE - Resolving type for handle ctsheetviewsb918type
00:29:54.005 [TestNG-tests-2] TRACE - Resolving type for handle ctsheetview0f43type
00:29:54.011 [TestNG-tests-2] TRACE - Resolving type for handle ctsheetdimensiond310type
00:29:54.013 [TestNG-tests-2] TRACE - Resolving type for handle stref90a2type
00:29:54.016 [TestNG-tests-2] TRACE - Resolving type for handle ctpagemargins5455type
00:29:54.665 [TestNG-tests-2] TRACE - Resolving type for handle ctnumfmtsb58btype
00:29:54.689 [TestNG-tests-2] DEBUG - Save core properties part
00:29:54.689 [TestNG-tests-2] DEBUG - Save content types part
00:29:54.808 [TestNG-tests-2] DEBUG - Save package relationships
00:29:54.818 [TestNG-tests-2] DEBUG - Save part 'docProps/app.xml'
00:29:54.819 [TestNG-tests-2] DEBUG - Save part 'docProps/core.xml'
00:29:54.826 [TestNG-tests-2] DEBUG - Save part 'xl/sharedStrings.xml'
00:29:54.827 [TestNG-tests-2] DEBUG - Save part 'xl/styles.xml'
00:29:54.828 [TestNG-tests-2] DEBUG - Save part 'xl/workbook.xml'
00:29:54.831 [TestNG-tests-2] DEBUG - Save part 'xl/worksheets/sheet1.xml'
00:29:54.833 [TestNG-tests-2] DEBUG - Save content types part
00:29:54.834 [TestNG-tests-2] DEBUG - Save package relationships
00:29:54.835 [TestNG-tests-2] DEBUG - Save part 'docProps/app.xml'
00:29:54.835 [TestNG-tests-2] DEBUG - Save part 'docProps/core.xml'
00:29:54.837 [TestNG-tests-2] DEBUG - Save part 'xl/sharedStrings.xml'
00:29:54.837 [TestNG-tests-2] DEBUG - Save part 'xl/styles.xml'
00:29:54.837 [TestNG-tests-2] DEBUG - Save part 'xl/workbook.xml'
00:29:54.839 [TestNG-tests-2] DEBUG - Save part 'xl/worksheets/sheet1.xml'
00:29:56.845 [TestNG-tests-2] INFO  - Printing Details of Car Washing Services.......
00:29:57.395 [TestNG-tests-1] DEBUG - Save core properties part
00:29:57.395 [TestNG-tests-1] DEBUG - Save content types part
00:29:57.397 [TestNG-tests-1] DEBUG - Save package relationships
00:29:57.399 [TestNG-tests-1] DEBUG - Save part 'docProps/app.xml'
00:29:57.399 [TestNG-tests-1] DEBUG - Save part 'docProps/core.xml'
00:29:57.401 [TestNG-tests-1] DEBUG - Save part 'xl/sharedStrings.xml'
00:29:57.401 [TestNG-tests-1] DEBUG - Save part 'xl/styles.xml'
00:29:57.402 [TestNG-tests-1] DEBUG - Save part 'xl/workbook.xml'
00:29:57.403 [TestNG-tests-1] DEBUG - Save part 'xl/worksheets/sheet1.xml'
00:29:57.405 [TestNG-tests-1] DEBUG - Save content types part
00:29:57.410 [TestNG-tests-1] DEBUG - Save package relationships
00:29:57.412 [TestNG-tests-1] DEBUG - Save part 'docProps/app.xml'
00:29:57.413 [TestNG-tests-1] DEBUG - Save part 'docProps/core.xml'
00:29:57.414 [TestNG-tests-1] DEBUG - Save part 'xl/sharedStrings.xml'
00:29:57.415 [TestNG-tests-1] DEBUG - Save part 'xl/styles.xml'
00:29:57.415 [TestNG-tests-1] DEBUG - Save part 'xl/workbook.xml'
00:29:57.417 [TestNG-tests-1] DEBUG - Save part 'xl/worksheets/sheet1.xml'
00:29:59.431 [TestNG-tests-1] INFO  - Printing Details of Car Washing Services.......
00:32:10.339 [TestNG-tests-2] INFO  - First Pop Up Handled.......
00:32:12.908 [TestNG-tests-2] INFO  - Near By Location is entered.......
00:32:13.119 [TestNG-tests-2] INFO  - Suggested location is selected.......
00:32:18.723 [TestNG-tests-2] DEBUG - Parsing relationship: /xl/_rels/workbook.xml.rels
00:32:18.736 [TestNG-tests-2] DEBUG - Parsing relationship: /_rels/.rels
00:32:19.337 [TestNG-tests-2] TRACE - Loading type system org.apache.poi.schemas.ooxml.system.ooxml
00:32:19.345 [TestNG-tests-2] TRACE - Loading type system org.apache.xmlbeans.metadata.system.sXMLCONFIG
00:32:19.348 [TestNG-tests-2] TRACE - Loading type system org.apache.xmlbeans.metadata.system.sXMLLANG
00:32:19.349 [TestNG-tests-2] TRACE - Loading type system org.apache.xmlbeans.metadata.system.sXMLSCHEMA
00:32:19.351 [TestNG-tests-2] TRACE - Loading type system org.apache.xmlbeans.metadata.system.sXMLTOOLS
00:32:19.354 [TestNG-tests-2] TRACE - Reading unresolved handles for type system org.apache.xmlbeans.metadata.system.sXMLTOOLS
00:32:19.389 [TestNG-tests-2] TRACE - Finished loading type system org.apache.xmlbeans.metadata.system.sXMLTOOLS
00:32:19.390 [TestNG-tests-2] TRACE - Reading unresolved handles for type system org.apache.xmlbeans.metadata.system.sXMLSCHEMA
00:32:19.403 [TestNG-tests-2] TRACE - Finished loading type system org.apache.xmlbeans.metadata.system.sXMLSCHEMA
00:32:19.406 [TestNG-tests-2] TRACE - Reading unresolved handles for type system org.apache.xmlbeans.metadata.system.sXMLLANG
00:32:19.410 [TestNG-tests-2] TRACE - Finished loading type system org.apache.xmlbeans.metadata.system.sXMLLANG
00:32:19.412 [TestNG-tests-2] TRACE - Reading unresolved handles for type system org.apache.xmlbeans.metadata.system.sXMLCONFIG
00:32:19.414 [TestNG-tests-2] TRACE - Finished loading type system org.apache.xmlbeans.metadata.system.sXMLCONFIG
00:32:19.415 [TestNG-tests-2] TRACE - Reading unresolved handles for type system org.apache.poi.schemas.ooxml.system.ooxml
00:32:19.547 [TestNG-tests-2] TRACE - Finished loading type system org.apache.poi.schemas.ooxml.system.ooxml
00:32:19.548 [TestNG-tests-2] TRACE - Resolving type for handle themefd26doctype
00:32:19.770 [TestNG-tests-2] TRACE - Resolving type for handle stylesheet5d8bdoctype
00:32:19.787 [TestNG-tests-2] TRACE - Resolving type for handle ctstylesheet4257type
00:32:19.805 [TestNG-tests-2] TRACE - Resolving type for handle ctfonts6623type
00:32:19.815 [TestNG-tests-2] TRACE - Resolving type for handle ctfont14d8type
00:32:19.837 [TestNG-tests-2] TRACE - Resolving type for handle ctfills2c6ftype
00:32:19.847 [TestNG-tests-2] TRACE - Resolving type for handle ctfill550ctype
00:32:19.856 [TestNG-tests-2] TRACE - Resolving type for handle ctborders0d66type
00:32:19.866 [TestNG-tests-2] TRACE - Resolving type for handle ctborderf935type
00:32:19.876 [TestNG-tests-2] TRACE - Resolving type for handle ctcellxfs1322type
00:32:19.886 [TestNG-tests-2] TRACE - Resolving type for handle ctxf97f7type
00:32:19.895 [TestNG-tests-2] TRACE - Resolving type for handle ctcellstylexfsa81ftype
00:32:19.904 [TestNG-tests-2] TRACE - Resolving type for handle ctdxfsb26atype
00:32:19.913 [TestNG-tests-2] TRACE - Resolving type for handle cttablestyles872ftype
00:32:19.923 [TestNG-tests-2] TRACE - Resolving type for handle sstf81fdoctype
00:32:19.936 [TestNG-tests-2] TRACE - Resolving type for handle ctsst44f3type
00:32:19.967 [TestNG-tests-2] TRACE - Resolving type for handle ctrsta472type
00:32:20.019 [TestNG-tests-2] TRACE - Resolving type for handle workbookec17doctype
00:32:20.033 [TestNG-tests-2] TRACE - Resolving type for handle ctworkbook83c3type
00:32:20.048 [TestNG-tests-2] TRACE - Resolving type for handle ctsheets49fdtype
00:32:20.054 [TestNG-tests-2] TRACE - Resolving type for handle ctsheet4dbetype
00:32:20.063 [TestNG-tests-2] TRACE - Resolving type for handle strelationshipid1e94type
00:32:20.071 [TestNG-tests-2] TRACE - Resolving type for handle worksheetf539doctype
00:32:20.085 [TestNG-tests-2] TRACE - Resolving type for handle ctworksheet530dtype
00:32:20.120 [TestNG-tests-2] TRACE - Resolving type for handle ctcols627ctype
00:32:20.140 [TestNG-tests-2] TRACE - Resolving type for handle ctcola95ftype
00:32:20.204 [TestNG-tests-2] TRACE - Resolving type for handle ctsheetdata8408type
00:32:20.222 [TestNG-tests-2] TRACE - Resolving type for handle ctrowdd39type
00:32:20.237 [TestNG-tests-2] TRACE - Resolving type for handle ctcell842btype
00:32:20.267 [TestNG-tests-2] TRACE - Resolving type for handle stcellrefe4e0type
00:32:20.294 [TestNG-tests-2] TRACE - Resolving type for handle stxstringf179type
00:32:20.303 [TestNG-tests-2] TRACE - Resolving type for handle stcelltypebf95type
00:32:22.920 [TestNG-tests-2] INFO  - Type Car Washing Services in search box.......
00:32:25.131 [TestNG-tests-2] INFO  - Suggested Car Washing Services is selected.......
00:32:27.350 [TestNG-tests-2] INFO  - Clicked on search button and result appears.......
00:32:29.621 [TestNG-tests-2] INFO  - Clicked on All Filters Sub-Menu.......
00:32:29.913 [TestNG-tests-2] INFO  - Click and Select rating 4.0+.......
00:32:30.312 [TestNG-tests-2] INFO  - Click on Apply Filter Button.......
00:32:45.915 [TestNG-tests-2] INFO  - Click on Show Number Flare Button to get contact of car washing services Dealer 
00:32:45.936 [TestNG-tests-2] INFO  - PopUp appeared and handled.......
00:32:47.199 [TestNG-tests-2] TRACE - Resolving type for handle ctworkbookpr03a5type
00:32:47.212 [TestNG-tests-2] TRACE - Resolving type for handle ctbookviewsb864type
00:32:47.214 [TestNG-tests-2] TRACE - Resolving type for handle ctbookviewf677type
00:32:47.222 [TestNG-tests-2] TRACE - Resolving type for handle propertiesee84doctype
00:32:47.225 [TestNG-tests-2] TRACE - Resolving type for handle ctproperties3f10type
00:32:47.232 [TestNG-tests-2] TRACE - Resolving type for handle properties288cdoctype
00:32:47.234 [TestNG-tests-2] TRACE - Resolving type for handle ctproperties2c18type
00:32:47.243 [TestNG-tests-2] TRACE - Resolving type for handle ctfontsizeb3b9type
00:32:47.246 [TestNG-tests-2] TRACE - Resolving type for handle ctcolord2c2type
00:32:47.251 [TestNG-tests-2] TRACE - Resolving type for handle ctfontname2dc3type
00:32:47.256 [TestNG-tests-2] TRACE - Resolving type for handle ctfontfamily685ctype
00:32:47.260 [TestNG-tests-2] TRACE - Resolving type for handle stfontfamily9c6ctype
00:32:47.265 [TestNG-tests-2] TRACE - Resolving type for handle ctfontschemebf5dtype
00:32:47.273 [TestNG-tests-2] TRACE - Resolving type for handle stfontschemef36dtype
00:32:47.275 [TestNG-tests-2] TRACE - Resolving type for handle ctpatternfill7452type
00:32:47.280 [TestNG-tests-2] TRACE - Resolving type for handle stpatterntype7939type
00:32:47.282 [TestNG-tests-2] TRACE - Resolving type for handle ctborderpre497type
00:32:47.289 [TestNG-tests-2] TRACE - Resolving type for handle stnumfmtid76fbtype
00:32:47.294 [TestNG-tests-2] TRACE - Resolving type for handle stfontid9d63type
00:32:47.297 [TestNG-tests-2] TRACE - Resolving type for handle stfillida097type
00:32:47.298 [TestNG-tests-2] TRACE - Resolving type for handle stborderid1a80type
00:32:47.303 [TestNG-tests-2] TRACE - Resolving type for handle stcellstylexfid70c7type
00:32:47.313 [TestNG-tests-2] TRACE - Resolving type for handle ctsheetformatprdef7type
00:32:47.329 [TestNG-tests-2] TRACE - Resolving type for handle ctsheetviewsb918type
00:32:47.339 [TestNG-tests-2] TRACE - Resolving type for handle ctsheetview0f43type
00:32:47.360 [TestNG-tests-2] TRACE - Resolving type for handle ctsheetdimensiond310type
00:32:47.364 [TestNG-tests-2] TRACE - Resolving type for handle stref90a2type
00:32:47.368 [TestNG-tests-2] TRACE - Resolving type for handle ctpagemargins5455type
00:32:47.940 [TestNG-tests-2] TRACE - Resolving type for handle ctnumfmtsb58btype
00:32:47.981 [TestNG-tests-2] DEBUG - Save core properties part
00:32:47.981 [TestNG-tests-2] DEBUG - Save content types part
00:32:48.094 [TestNG-tests-2] DEBUG - Save package relationships
00:32:48.107 [TestNG-tests-2] DEBUG - Save part 'docProps/app.xml'
00:32:48.110 [TestNG-tests-2] DEBUG - Save part 'docProps/core.xml'
00:32:48.119 [TestNG-tests-2] DEBUG - Save part 'xl/sharedStrings.xml'
00:32:48.119 [TestNG-tests-2] DEBUG - Save part 'xl/styles.xml'
00:32:48.120 [TestNG-tests-2] DEBUG - Save part 'xl/workbook.xml'
00:32:48.123 [TestNG-tests-2] DEBUG - Save part 'xl/worksheets/sheet1.xml'
00:32:48.126 [TestNG-tests-2] DEBUG - Save content types part
00:32:48.128 [TestNG-tests-2] DEBUG - Save package relationships
00:32:48.129 [TestNG-tests-2] DEBUG - Save part 'docProps/app.xml'
00:32:48.129 [TestNG-tests-2] DEBUG - Save part 'docProps/core.xml'
00:32:48.130 [TestNG-tests-2] DEBUG - Save part 'xl/sharedStrings.xml'
00:32:48.131 [TestNG-tests-2] DEBUG - Save part 'xl/styles.xml'
00:32:48.131 [TestNG-tests-2] DEBUG - Save part 'xl/workbook.xml'
00:32:48.132 [TestNG-tests-2] DEBUG - Save part 'xl/worksheets/sheet1.xml'
00:32:50.142 [TestNG-tests-2] INFO  - Printing Details of Car Washing Services.......
00:33:41.523 [TestNG-tests-1] DEBUG - Parsing relationship: /xl/_rels/workbook.xml.rels
00:33:41.535 [TestNG-tests-1] DEBUG - Parsing relationship: /_rels/.rels
00:33:41.625 [TestNG-tests-2] DEBUG - Parsing relationship: /xl/_rels/workbook.xml.rels
00:33:41.626 [TestNG-tests-2] DEBUG - Parsing relationship: /_rels/.rels
00:33:41.802 [TestNG-tests-1] TRACE - Loading type system org.apache.poi.schemas.ooxml.system.ooxml
00:33:41.809 [TestNG-tests-1] TRACE - Loading type system org.apache.xmlbeans.metadata.system.sXMLCONFIG
00:33:41.810 [TestNG-tests-1] TRACE - Loading type system org.apache.xmlbeans.metadata.system.sXMLLANG
00:33:41.811 [TestNG-tests-1] TRACE - Loading type system org.apache.xmlbeans.metadata.system.sXMLSCHEMA
00:33:41.813 [TestNG-tests-1] TRACE - Loading type system org.apache.xmlbeans.metadata.system.sXMLTOOLS
00:33:41.816 [TestNG-tests-1] TRACE - Reading unresolved handles for type system org.apache.xmlbeans.metadata.system.sXMLTOOLS
00:33:41.839 [TestNG-tests-1] TRACE - Finished loading type system org.apache.xmlbeans.metadata.system.sXMLTOOLS
00:33:41.840 [TestNG-tests-1] TRACE - Reading unresolved handles for type system org.apache.xmlbeans.metadata.system.sXMLSCHEMA
