16:32:58.517 [main] TRACE - Resolving type for handle ctworkbook83c3type
16:32:58.585 [main] TRACE - Resolving type for handle ctworkbookpr03a5type
16:32:58.599 [main] TRACE - Resolving type for handle ctbookviewsb864type
16:32:58.601 [main] TRACE - Resolving type for handle ctbookviewf677type
16:32:58.608 [main] TRACE - Resolving type for handle ctsheets49fdtype
16:32:58.612 [main] TRACE - Resolving type for handle propertiesee84doctype
16:32:58.615 [main] TRACE - Resolving type for handle ctproperties3f10type
16:32:58.621 [main] TRACE - Resolving type for handle properties288cdoctype
16:32:58.622 [main] TRACE - Resolving type for handle ctproperties2c18type
16:32:58.628 [main] TRACE - Resolving type for handle sstf81fdoctype
16:32:58.629 [main] TRACE - Resolving type for handle ctsst44f3type
16:32:58.637 [main] TRACE - Resolving type for handle stylesheet5d8bdoctype
16:32:58.639 [main] TRACE - Resolving type for handle ctstylesheet4257type
16:32:58.643 [main] TRACE - Resolving type for handle ctfont14d8type
16:32:58.653 [main] TRACE - Resolving type for handle ctfontsizeb3b9type
16:32:58.660 [main] TRACE - Resolving type for handle ctcolord2c2type
16:32:58.665 [main] TRACE - Resolving type for handle ctfontname2dc3type
16:32:58.668 [main] TRACE - Resolving type for handle stxstringf179type
16:32:58.672 [main] TRACE - Resolving type for handle ctfontfamily685ctype
16:32:58.674 [main] TRACE - Resolving type for handle stfontfamily9c6ctype
16:32:58.679 [main] TRACE - Resolving type for handle ctfontschemebf5dtype
16:32:58.683 [main] TRACE - Resolving type for handle stfontschemef36dtype
16:32:58.687 [main] TRACE - Resolving type for handle ctfill550ctype
16:32:58.690 [main] TRACE - Resolving type for handle ctpatternfill7452type
16:32:58.694 [main] TRACE - Resolving type for handle stpatterntype7939type
16:32:58.699 [main] TRACE - Resolving type for handle ctborderf935type
16:32:58.702 [main] TRACE - Resolving type for handle ctborderpre497type
16:32:58.708 [main] TRACE - Resolving type for handle ctxf97f7type
16:32:58.714 [main] TRACE - Resolving type for handle stnumfmtid76fbtype
16:32:58.717 [main] TRACE - Resolving type for handle stfontid9d63type
16:32:58.719 [main] TRACE - Resolving type for handle stfillida097type
16:32:58.721 [main] TRACE - Resolving type for handle stborderid1a80type
16:32:58.723 [main] TRACE - Resolving type for handle stcellstylexfid70c7type
16:32:58.729 [main] TRACE - Resolving type for handle ctsheet4dbetype
16:32:58.737 [main] TRACE - Resolving type for handle ctworksheet530dtype
16:32:58.743 [main] TRACE - Resolving type for handle ctsheetformatprdef7type
16:32:58.750 [main] TRACE - Resolving type for handle ctsheetviewsb918type
16:32:58.752 [main] TRACE - Resolving type for handle ctsheetview0f43type
16:32:58.757 [main] TRACE - Resolving type for handle ctsheetdimensiond310type
16:32:58.761 [main] TRACE - Resolving type for handle stref90a2type
16:32:58.764 [main] TRACE - Resolving type for handle ctsheetdata8408type
16:32:58.768 [main] TRACE - Resolving type for handle ctpagemargins5455type
16:32:58.775 [main] TRACE - Resolving type for handle ctcols627ctype
16:32:58.777 [main] TRACE - Resolving type for handle strelationshipid1e94type
16:32:58.780 [main] TRACE - Resolving type for handle ctrowdd39type
16:32:58.789 [main] TRACE - Resolving type for handle ctcell842btype
16:32:58.804 [main] TRACE - Resolving type for handle stcellrefe4e0type
16:32:58.807 [main] TRACE - Resolving type for handle ctrsta472type
16:32:58.810 [main] TRACE - Resolving type for handle stcelltypebf95type
16:32:59.218 [main] TRACE - Resolving type for handle ctnumfmtsb58btype
16:32:59.222 [main] TRACE - Resolving type for handle ctfonts6623type
16:32:59.227 [main] TRACE - Resolving type for handle ctfills2c6ftype
16:32:59.232 [main] TRACE - Resolving type for handle ctborders0d66type
16:32:59.235 [main] TRACE - Resolving type for handle ctcellxfs1322type
16:32:59.238 [main] TRACE - Resolving type for handle ctcellstylexfsa81ftype
16:32:59.268 [main] DEBUG - Save core properties part
16:32:59.268 [main] DEBUG - Save content types part
16:32:59.394 [main] DEBUG - Save package relationships
16:32:59.406 [main] DEBUG - Save part 'docProps/app.xml'
16:32:59.412 [main] DEBUG - Save part 'docProps/core.xml'
16:32:59.420 [main] DEBUG - Save part 'xl/sharedStrings.xml'
16:32:59.421 [main] DEBUG - Save part 'xl/styles.xml'
16:32:59.421 [main] DEBUG - Save part 'xl/workbook.xml'
16:32:59.423 [main] DEBUG - Save part 'xl/worksheets/sheet1.xml'
16:32:59.426 [main] DEBUG - Save content types part
16:32:59.428 [main] DEBUG - Save package relationships
16:32:59.430 [main] DEBUG - Save part 'docProps/app.xml'
16:32:59.430 [main] DEBUG - Save part 'docProps/core.xml'
16:32:59.432 [main] DEBUG - Save part 'xl/sharedStrings.xml'
16:32:59.432 [main] DEBUG - Save part 'xl/styles.xml'
16:32:59.433 [main] DEBUG - Save part 'xl/workbook.xml'
16:32:59.434 [main] DEBUG - Save part 'xl/worksheets/sheet1.xml'
16:33:01.442 [main] INFO  - Printing Details of Car Washing Services.......
16:33:03.097 [main] INFO  - FreeListing is Launched.......
16:33:05.265 [main] INFO  - Wrong detail is given in input box.......
16:33:07.433 [main] INFO  - Start Now Button is clicked.......
16:33:09.570 [main] INFO  - Invalid Message is printed.......
16:33:10.930 [main] INFO  - Navigating Back to original Window.......
16:33:14.302 [main] INFO  - Type gyms in search box.......
16:33:16.553 [main] DEBUG - Parsing relationship: /xl/_rels/workbook.xml.rels
16:33:16.554 [main] DEBUG - Parsing relationship: /_rels/.rels
16:33:16.598 [main] TRACE - Resolving type for handle workbookec17doctype
16:33:16.603 [main] TRACE - Resolving type for handle worksheetf539doctype
16:33:16.999 [main] DEBUG - Save content types part
16:33:17.001 [main] DEBUG - Save package relationships
16:33:17.002 [main] DEBUG - Save part 'docProps/app.xml'
16:33:17.003 [main] DEBUG - Save part 'docProps/core.xml'
16:33:17.004 [main] DEBUG - Save part 'xl/sharedStrings.xml'
16:33:17.005 [main] DEBUG - Save part 'xl/styles.xml'
16:33:17.005 [main] DEBUG - Save part 'xl/workbook.xml'
16:33:17.007 [main] DEBUG - Save part 'xl/worksheets/sheet1.xml'
16:33:17.007 [main] DEBUG - Save part 'xl/worksheets/sheet2.xml'
16:33:19.018 [main] INFO  - Sub-Menu of Gyms are Printed.......
16:33:20.318 [main] INFO  - Sub-Menu dropdown items list is printed.....
16:57:05.424 [main] INFO  - Chrome Browser is Opened.......................
16:57:13.523 [main] INFO  - First Pop Up Handled.......
16:57:15.682 [main] INFO  - Near By Location is entered.......
16:57:15.762 [main] INFO  - Suggested location is selected.......
16:57:18.203 [main] INFO  - Type Car Washing Services in search box.......
16:57:20.288 [main] INFO  - Suggested Car Washing Services is selected.......
16:57:22.899 [main] INFO  - Clicked on search button and result appears.......
16:57:25.149 [main] INFO  - Clicked on All Filters Sub-Menu.......
16:57:27.230 [main] INFO  - Click and Select rating 4.0+.......
16:57:30.325 [main] INFO  - Click on Apply Filter Button.......
16:57:41.211 [main] INFO  - Click on Show Number Flare Button to get contact of car washing services Dealer 
16:57:51.282 [main] INFO  - PopUp appeared and handled.......
16:57:52.257 [main] TRACE - Loading type system org.apache.poi.schemas.ooxml.system.ooxml
16:57:52.261 [main] TRACE - Loading type system org.apache.xmlbeans.metadata.system.sXMLCONFIG
16:57:52.262 [main] TRACE - Loading type system org.apache.xmlbeans.metadata.system.sXMLLANG
16:57:52.263 [main] TRACE - Loading type system org.apache.xmlbeans.metadata.system.sXMLSCHEMA
16:57:52.264 [main] TRACE - Loading type system org.apache.xmlbeans.metadata.system.sXMLTOOLS
16:57:52.266 [main] TRACE - Reading unresolved handles for type system org.apache.xmlbeans.metadata.system.sXMLTOOLS
16:57:52.286 [main] TRACE - Finished loading type system org.apache.xmlbeans.metadata.system.sXMLTOOLS
16:57:52.288 [main] TRACE - Reading unresolved handles for type system org.apache.xmlbeans.metadata.system.sXMLSCHEMA
16:57:52.293 [main] TRACE - Finished loading type system org.apache.xmlbeans.metadata.system.sXMLSCHEMA
16:57:52.295 [main] TRACE - Reading unresolved handles for type system org.apache.xmlbeans.metadata.system.sXMLLANG
16:57:52.296 [main] TRACE - Finished loading type system org.apache.xmlbeans.metadata.system.sXMLLANG
16:57:52.297 [main] TRACE - Reading unresolved handles for type system org.apache.xmlbeans.metadata.system.sXMLCONFIG
16:57:52.298 [main] TRACE - Finished loading type system org.apache.xmlbeans.metadata.system.sXMLCONFIG
16:57:52.300 [main] TRACE - Reading unresolved handles for type system org.apache.poi.schemas.ooxml.system.ooxml
16:57:52.360 [main] TRACE - Finished loading type system org.apache.poi.schemas.ooxml.system.ooxml
16:57:52.362 [main] TRACE - Resolving type for handle ctworkbook83c3type
16:57:52.422 [main] TRACE - Resolving type for handle ctworkbookpr03a5type
16:57:52.433 [main] TRACE - Resolving type for handle ctbookviewsb864type
16:57:52.436 [main] TRACE - Resolving type for handle ctbookviewf677type
16:57:52.444 [main] TRACE - Resolving type for handle ctsheets49fdtype
16:57:52.447 [main] TRACE - Resolving type for handle propertiesee84doctype
16:57:52.449 [main] TRACE - Resolving type for handle ctproperties3f10type
16:57:52.455 [main] TRACE - Resolving type for handle properties288cdoctype
16:57:52.458 [main] TRACE - Resolving type for handle ctproperties2c18type
16:57:52.466 [main] TRACE - Resolving type for handle sstf81fdoctype
16:57:52.468 [main] TRACE - Resolving type for handle ctsst44f3type
16:57:52.474 [main] TRACE - Resolving type for handle stylesheet5d8bdoctype
16:57:52.476 [main] TRACE - Resolving type for handle ctstylesheet4257type
16:57:52.481 [main] TRACE - Resolving type for handle ctfont14d8type
16:57:52.488 [main] TRACE - Resolving type for handle ctfontsizeb3b9type
16:57:52.493 [main] TRACE - Resolving type for handle ctcolord2c2type
16:57:52.496 [main] TRACE - Resolving type for handle ctfontname2dc3type
16:57:52.499 [main] TRACE - Resolving type for handle stxstringf179type
16:57:52.503 [main] TRACE - Resolving type for handle ctfontfamily685ctype
16:57:52.505 [main] TRACE - Resolving type for handle stfontfamily9c6ctype
16:57:52.511 [main] TRACE - Resolving type for handle ctfontschemebf5dtype
16:57:52.514 [main] TRACE - Resolving type for handle stfontschemef36dtype
16:57:52.518 [main] TRACE - Resolving type for handle ctfill550ctype
16:57:52.520 [main] TRACE - Resolving type for handle ctpatternfill7452type
16:57:52.525 [main] TRACE - Resolving type for handle stpatterntype7939type
16:57:52.528 [main] TRACE - Resolving type for handle ctborderf935type
16:57:52.532 [main] TRACE - Resolving type for handle ctborderpre497type
16:57:52.540 [main] TRACE - Resolving type for handle ctxf97f7type
16:57:52.544 [main] TRACE - Resolving type for handle stnumfmtid76fbtype
16:57:52.546 [main] TRACE - Resolving type for handle stfontid9d63type
16:57:52.548 [main] TRACE - Resolving type for handle stfillida097type
16:57:52.550 [main] TRACE - Resolving type for handle stborderid1a80type
16:57:52.552 [main] TRACE - Resolving type for handle stcellstylexfid70c7type
16:57:52.558 [main] TRACE - Resolving type for handle ctsheet4dbetype
16:57:52.565 [main] TRACE - Resolving type for handle ctworksheet530dtype
16:57:52.571 [main] TRACE - Resolving type for handle ctsheetformatprdef7type
16:57:52.577 [main] TRACE - Resolving type for handle ctsheetviewsb918type
16:57:52.579 [main] TRACE - Resolving type for handle ctsheetview0f43type
16:57:52.587 [main] TRACE - Resolving type for handle ctsheetdimensiond310type
16:57:52.589 [main] TRACE - Resolving type for handle stref90a2type
16:57:52.591 [main] TRACE - Resolving type for handle ctsheetdata8408type
16:57:52.594 [main] TRACE - Resolving type for handle ctpagemargins5455type
16:57:52.603 [main] TRACE - Resolving type for handle ctcols627ctype
16:57:52.607 [main] TRACE - Resolving type for handle strelationshipid1e94type
16:57:52.609 [main] TRACE - Resolving type for handle ctrowdd39type
16:57:52.622 [main] TRACE - Resolving type for handle ctcell842btype
16:57:52.640 [main] TRACE - Resolving type for handle stcellrefe4e0type
16:57:52.646 [main] TRACE - Resolving type for handle ctrsta472type
16:57:52.651 [main] TRACE - Resolving type for handle stcelltypebf95type
16:57:53.054 [main] TRACE - Resolving type for handle ctnumfmtsb58btype
16:57:53.058 [main] TRACE - Resolving type for handle ctfonts6623type
16:57:53.061 [main] TRACE - Resolving type for handle ctfills2c6ftype
16:57:53.064 [main] TRACE - Resolving type for handle ctborders0d66type
16:57:53.066 [main] TRACE - Resolving type for handle ctcellxfs1322type
16:57:53.068 [main] TRACE - Resolving type for handle ctcellstylexfsa81ftype
16:57:53.095 [main] DEBUG - Save core properties part
16:57:53.095 [main] DEBUG - Save content types part
16:57:53.205 [main] DEBUG - Save package relationships
16:57:53.216 [main] DEBUG - Save part 'docProps/app.xml'
16:57:53.225 [main] DEBUG - Save part 'docProps/core.xml'
16:57:53.233 [main] DEBUG - Save part 'xl/sharedStrings.xml'
16:57:53.234 [main] DEBUG - Save part 'xl/styles.xml'
16:57:53.235 [main] DEBUG - Save part 'xl/workbook.xml'
16:57:53.237 [main] DEBUG - Save part 'xl/worksheets/sheet1.xml'
16:57:53.240 [main] DEBUG - Save content types part
16:57:53.242 [main] DEBUG - Save package relationships
16:57:53.243 [main] DEBUG - Save part 'docProps/app.xml'
16:57:53.243 [main] DEBUG - Save part 'docProps/core.xml'
16:57:53.245 [main] DEBUG - Save part 'xl/sharedStrings.xml'
16:57:53.245 [main] DEBUG - Save part 'xl/styles.xml'
16:57:53.245 [main] DEBUG - Save part 'xl/workbook.xml'
16:57:53.247 [main] DEBUG - Save part 'xl/worksheets/sheet1.xml'
16:57:55.257 [main] INFO  - Printing Details of Car Washing Services.......
16:57:57.038 [main] INFO  - FreeListing is Launched.......
16:57:59.207 [main] INFO  - Wrong detail is given in input box.......
16:58:01.430 [main] INFO  - Start Now Button is clicked.......
16:58:03.582 [main] INFO  - Invalid Message is printed.......
16:58:05.137 [main] INFO  - Navigating Back to original Window.......
16:58:08.425 [main] INFO  - Type gyms in search box.......
16:58:10.727 [main] DEBUG - Parsing relationship: /xl/_rels/workbook.xml.rels
16:58:10.729 [main] DEBUG - Parsing relationship: /_rels/.rels
16:58:10.774 [main] TRACE - Resolving type for handle workbookec17doctype
16:58:10.778 [main] TRACE - Resolving type for handle worksheetf539doctype
16:58:11.142 [main] DEBUG - Save content types part
16:58:11.145 [main] DEBUG - Save package relationships
16:58:11.147 [main] DEBUG - Save part 'docProps/app.xml'
16:58:11.147 [main] DEBUG - Save part 'docProps/core.xml'
16:58:11.150 [main] DEBUG - Save part 'xl/sharedStrings.xml'
16:58:11.151 [main] DEBUG - Save part 'xl/styles.xml'
16:58:11.151 [main] DEBUG - Save part 'xl/workbook.xml'
16:58:11.154 [main] DEBUG - Save part 'xl/worksheets/sheet1.xml'
16:58:11.154 [main] DEBUG - Save part 'xl/worksheets/sheet2.xml'
16:58:13.167 [main] INFO  - Sub-Menu of Gyms are Printed.......
16:58:14.436 [main] INFO  - Sub-Menu dropdown items list is printed.....
17:00:49.596 [main] INFO  - Chrome Browser is Opened.......................
17:01:01.906 [main] INFO  - First Pop Up Handled.......
17:01:04.089 [main] INFO  - Near By Location is entered.......
17:01:04.175 [main] INFO  - Suggested location is selected.......
17:01:06.697 [main] INFO  - Type Car Washing Services in search box.......
17:01:08.812 [main] INFO  - Suggested Car Washing Services is selected.......
17:01:10.908 [main] INFO  - Clicked on search button and result appears.......
17:01:13.272 [main] INFO  - Clicked on All Filters Sub-Menu.......
17:01:15.396 [main] INFO  - Click and Select rating 4.0+.......
17:01:18.640 [main] INFO  - Click on Apply Filter Button.......
17:01:29.559 [main] INFO  - Click on Show Number Flare Button to get contact of car washing services Dealer 
17:01:39.592 [main] INFO  - PopUp appeared and handled.......
17:01:40.662 [main] TRACE - Loading type system org.apache.poi.schemas.ooxml.system.ooxml
17:01:40.665 [main] TRACE - Loading type system org.apache.xmlbeans.metadata.system.sXMLCONFIG
17:01:40.666 [main] TRACE - Loading type system org.apache.xmlbeans.metadata.system.sXMLLANG
17:01:40.667 [main] TRACE - Loading type system org.apache.xmlbeans.metadata.system.sXMLSCHEMA
17:01:40.667 [main] TRACE - Loading type system org.apache.xmlbeans.metadata.system.sXMLTOOLS
17:01:40.669 [main] TRACE - Reading unresolved handles for type system org.apache.xmlbeans.metadata.system.sXMLTOOLS
17:01:40.683 [main] TRACE - Finished loading type system org.apache.xmlbeans.metadata.system.sXMLTOOLS
17:01:40.684 [main] TRACE - Reading unresolved handles for type system org.apache.xmlbeans.metadata.system.sXMLSCHEMA
17:01:40.690 [main] TRACE - Finished loading type system org.apache.xmlbeans.metadata.system.sXMLSCHEMA
17:01:40.691 [main] TRACE - Reading unresolved handles for type system org.apache.xmlbeans.metadata.system.sXMLLANG
17:01:40.692 [main] TRACE - Finished loading type system org.apache.xmlbeans.metadata.system.sXMLLANG
17:01:40.693 [main] TRACE - Reading unresolved handles for type system org.apache.xmlbeans.metadata.system.sXMLCONFIG
17:01:40.694 [main] TRACE - Finished loading type system org.apache.xmlbeans.metadata.system.sXMLCONFIG
17:01:40.696 [main] TRACE - Reading unresolved handles for type system org.apache.poi.schemas.ooxml.system.ooxml
17:01:40.754 [main] TRACE - Finished loading type system org.apache.poi.schemas.ooxml.system.ooxml
17:01:40.755 [main] TRACE - Resolving type for handle ctworkbook83c3type
17:01:40.813 [main] TRACE - Resolving type for handle ctworkbookpr03a5type
17:01:40.823 [main] TRACE - Resolving type for handle ctbookviewsb864type
17:01:40.825 [main] TRACE - Resolving type for handle ctbookviewf677type
17:01:40.834 [main] TRACE - Resolving type for handle ctsheets49fdtype
17:01:40.838 [main] TRACE - Resolving type for handle propertiesee84doctype
17:01:40.840 [main] TRACE - Resolving type for handle ctproperties3f10type
17:01:40.850 [main] TRACE - Resolving type for handle properties288cdoctype
17:01:40.851 [main] TRACE - Resolving type for handle ctproperties2c18type
17:01:40.859 [main] TRACE - Resolving type for handle sstf81fdoctype
17:01:40.861 [main] TRACE - Resolving type for handle ctsst44f3type
17:01:40.867 [main] TRACE - Resolving type for handle stylesheet5d8bdoctype
17:01:40.869 [main] TRACE - Resolving type for handle ctstylesheet4257type
17:01:40.872 [main] TRACE - Resolving type for handle ctfont14d8type
17:01:40.881 [main] TRACE - Resolving type for handle ctfontsizeb3b9type
17:01:40.885 [main] TRACE - Resolving type for handle ctcolord2c2type
17:01:40.888 [main] TRACE - Resolving type for handle ctfontname2dc3type
17:01:40.889 [main] TRACE - Resolving type for handle stxstringf179type
17:01:40.894 [main] TRACE - Resolving type for handle ctfontfamily685ctype
17:01:40.896 [main] TRACE - Resolving type for handle stfontfamily9c6ctype
17:01:40.900 [main] TRACE - Resolving type for handle ctfontschemebf5dtype
17:01:40.903 [main] TRACE - Resolving type for handle stfontschemef36dtype
17:01:40.908 [main] TRACE - Resolving type for handle ctfill550ctype
17:01:40.911 [main] TRACE - Resolving type for handle ctpatternfill7452type
17:01:40.916 [main] TRACE - Resolving type for handle stpatterntype7939type
17:01:40.920 [main] TRACE - Resolving type for handle ctborderf935type
17:01:40.924 [main] TRACE - Resolving type for handle ctborderpre497type
17:01:40.932 [main] TRACE - Resolving type for handle ctxf97f7type
17:01:40.936 [main] TRACE - Resolving type for handle stnumfmtid76fbtype
17:01:40.938 [main] TRACE - Resolving type for handle stfontid9d63type
17:01:40.940 [main] TRACE - Resolving type for handle stfillida097type
17:01:40.941 [main] TRACE - Resolving type for handle stborderid1a80type
17:01:40.944 [main] TRACE - Resolving type for handle stcellstylexfid70c7type
17:01:40.950 [main] TRACE - Resolving type for handle ctsheet4dbetype
17:01:40.961 [main] TRACE - Resolving type for handle ctworksheet530dtype
17:01:40.967 [main] TRACE - Resolving type for handle ctsheetformatprdef7type
17:01:40.973 [main] TRACE - Resolving type for handle ctsheetviewsb918type
17:01:40.979 [main] TRACE - Resolving type for handle ctsheetview0f43type
17:01:40.986 [main] TRACE - Resolving type for handle ctsheetdimensiond310type
17:01:40.988 [main] TRACE - Resolving type for handle stref90a2type
17:01:40.990 [main] TRACE - Resolving type for handle ctsheetdata8408type
17:01:40.994 [main] TRACE - Resolving type for handle ctpagemargins5455type
17:01:41.003 [main] TRACE - Resolving type for handle ctcols627ctype
17:01:41.007 [main] TRACE - Resolving type for handle strelationshipid1e94type
17:01:41.010 [main] TRACE - Resolving type for handle ctrowdd39type
17:01:41.021 [main] TRACE - Resolving type for handle ctcell842btype
17:01:41.034 [main] TRACE - Resolving type for handle stcellrefe4e0type
17:01:41.039 [main] TRACE - Resolving type for handle ctrsta472type
17:01:41.044 [main] TRACE - Resolving type for handle stcelltypebf95type
17:01:41.501 [main] TRACE - Resolving type for handle ctnumfmtsb58btype
17:01:41.504 [main] TRACE - Resolving type for handle ctfonts6623type
17:01:41.510 [main] TRACE - Resolving type for handle ctfills2c6ftype
17:01:41.513 [main] TRACE - Resolving type for handle ctborders0d66type
17:01:41.516 [main] TRACE - Resolving type for handle ctcellxfs1322type
17:01:41.519 [main] TRACE - Resolving type for handle ctcellstylexfsa81ftype
17:01:41.548 [main] DEBUG - Save core properties part
17:01:41.548 [main] DEBUG - Save content types part
17:01:41.665 [main] DEBUG - Save package relationships
17:01:41.674 [main] DEBUG - Save part 'docProps/app.xml'
17:01:41.682 [main] DEBUG - Save part 'docProps/core.xml'
17:01:41.694 [main] DEBUG - Save part 'xl/sharedStrings.xml'
17:01:41.694 [main] DEBUG - Save part 'xl/styles.xml'
17:01:41.694 [main] DEBUG - Save part 'xl/workbook.xml'
17:01:41.696 [main] DEBUG - Save part 'xl/worksheets/sheet1.xml'
17:01:41.701 [main] DEBUG - Save content types part
17:01:41.703 [main] DEBUG - Save package relationships
17:01:41.705 [main] DEBUG - Save part 'docProps/app.xml'
17:01:41.706 [main] DEBUG - Save part 'docProps/core.xml'
17:01:41.709 [main] DEBUG - Save part 'xl/sharedStrings.xml'
17:01:41.710 [main] DEBUG - Save part 'xl/styles.xml'
17:01:41.710 [main] DEBUG - Save part 'xl/workbook.xml'
17:01:41.711 [main] DEBUG - Save part 'xl/worksheets/sheet1.xml'
17:01:43.715 [main] INFO  - Printing Details of Car Washing Services.......
17:01:45.588 [main] INFO  - FreeListing is Launched.......
17:01:47.763 [main] INFO  - Wrong detail is given in input box.......
17:01:50.044 [main] INFO  - Start Now Button is clicked.......
17:01:52.289 [main] INFO  - Invalid Message is printed.......
17:01:54.146 [main] INFO  - Navigating Back to original Window.......
17:01:57.717 [main] INFO  - Type gyms in search box.......
17:02:00.184 [main] DEBUG - Parsing relationship: /xl/_rels/workbook.xml.rels
17:02:00.185 [main] DEBUG - Parsing relationship: /_rels/.rels
17:02:00.252 [main] TRACE - Resolving type for handle workbookec17doctype
17:02:00.260 [main] TRACE - Resolving type for handle worksheetf539doctype
17:02:00.604 [main] DEBUG - Save content types part
17:02:00.607 [main] DEBUG - Save package relationships
17:02:00.608 [main] DEBUG - Save part 'docProps/app.xml'
17:02:00.608 [main] DEBUG - Save part 'docProps/core.xml'
17:02:00.610 [main] DEBUG - Save part 'xl/sharedStrings.xml'
17:02:00.610 [main] DEBUG - Save part 'xl/styles.xml'
17:02:00.611 [main] DEBUG - Save part 'xl/workbook.xml'
17:02:00.612 [main] DEBUG - Save part 'xl/worksheets/sheet1.xml'
17:02:00.613 [main] DEBUG - Save part 'xl/worksheets/sheet2.xml'
17:02:02.616 [main] INFO  - Sub-Menu of Gyms are Printed.......
17:02:04.007 [main] INFO  - Sub-Menu dropdown items list is printed.....
13:15:51.123 [main] INFO  - Chrome Browser is Opened.......................
13:15:59.446 [main] INFO  - First Pop Up Handled.......
13:16:01.634 [main] INFO  - Near By Location is entered.......
13:16:01.701 [main] INFO  - Suggested location is selected.......
13:16:04.161 [main] INFO  - Type Car Washing Services in search box.......
13:16:06.242 [main] INFO  - Suggested Car Washing Services is selected.......
13:16:08.328 [main] INFO  - Clicked on search button and result appears.......
13:16:10.701 [main] INFO  - Clicked on All Filters Sub-Menu.......
13:16:12.805 [main] INFO  - Click and Select rating 4.0+.......
13:16:15.933 [main] INFO  - Click on Apply Filter Button.......
13:16:24.485 [main] TRACE - Loading type system org.apache.poi.schemas.ooxml.system.ooxml
13:16:24.487 [main] TRACE - Loading type system org.apache.xmlbeans.metadata.system.sXMLCONFIG
13:16:24.488 [main] TRACE - Loading type system org.apache.xmlbeans.metadata.system.sXMLLANG
13:16:24.488 [main] TRACE - Loading type system org.apache.xmlbeans.metadata.system.sXMLSCHEMA
13:16:24.489 [main] TRACE - Loading type system org.apache.xmlbeans.metadata.system.sXMLTOOLS
13:16:24.489 [main] TRACE - Reading unresolved handles for type system org.apache.xmlbeans.metadata.system.sXMLTOOLS
13:16:24.497 [main] TRACE - Finished loading type system org.apache.xmlbeans.metadata.system.sXMLTOOLS
13:16:24.497 [main] TRACE - Reading unresolved handles for type system org.apache.xmlbeans.metadata.system.sXMLSCHEMA
13:16:24.499 [main] TRACE - Finished loading type system org.apache.xmlbeans.metadata.system.sXMLSCHEMA
13:16:24.500 [main] TRACE - Reading unresolved handles for type system org.apache.xmlbeans.metadata.system.sXMLLANG
13:16:24.500 [main] TRACE - Finished loading type system org.apache.xmlbeans.metadata.system.sXMLLANG
13:16:24.501 [main] TRACE - Reading unresolved handles for type system org.apache.xmlbeans.metadata.system.sXMLCONFIG
13:16:24.501 [main] TRACE - Finished loading type system org.apache.xmlbeans.metadata.system.sXMLCONFIG
13:16:24.502 [main] TRACE - Reading unresolved handles for type system org.apache.poi.schemas.ooxml.system.ooxml
13:16:24.533 [main] TRACE - Finished loading type system org.apache.poi.schemas.ooxml.system.ooxml
13:16:24.534 [main] TRACE - Resolving type for handle ctworkbook83c3type
13:16:24.573 [main] TRACE - Resolving type for handle ctworkbookpr03a5type
13:16:24.580 [main] TRACE - Resolving type for handle ctbookviewsb864type
13:16:24.582 [main] TRACE - Resolving type for handle ctbookviewf677type
13:16:24.592 [main] TRACE - Resolving type for handle ctsheets49fdtype
13:16:24.596 [main] TRACE - Resolving type for handle propertiesee84doctype
13:16:24.598 [main] TRACE - Resolving type for handle ctproperties3f10type
13:16:24.601 [main] TRACE - Resolving type for handle properties288cdoctype
13:16:24.602 [main] TRACE - Resolving type for handle ctproperties2c18type
13:16:24.606 [main] TRACE - Resolving type for handle sstf81fdoctype
13:16:24.608 [main] TRACE - Resolving type for handle ctsst44f3type
13:16:24.612 [main] TRACE - Resolving type for handle stylesheet5d8bdoctype
13:16:24.614 [main] TRACE - Resolving type for handle ctstylesheet4257type
13:16:24.617 [main] TRACE - Resolving type for handle ctfont14d8type
13:16:24.623 [main] TRACE - Resolving type for handle ctfontsizeb3b9type
13:16:24.627 [main] TRACE - Resolving type for handle ctcolord2c2type
13:16:24.629 [main] TRACE - Resolving type for handle ctfontname2dc3type
13:16:24.630 [main] TRACE - Resolving type for handle stxstringf179type
13:16:24.633 [main] TRACE - Resolving type for handle ctfontfamily685ctype
13:16:24.634 [main] TRACE - Resolving type for handle stfontfamily9c6ctype
13:16:24.638 [main] TRACE - Resolving type for handle ctfontschemebf5dtype
13:16:24.642 [main] TRACE - Resolving type for handle stfontschemef36dtype
13:16:24.644 [main] TRACE - Resolving type for handle ctfill550ctype
13:16:24.647 [main] TRACE - Resolving type for handle ctpatternfill7452type
13:16:24.653 [main] TRACE - Resolving type for handle stpatterntype7939type
13:16:24.658 [main] TRACE - Resolving type for handle ctborderf935type
13:16:24.660 [main] TRACE - Resolving type for handle ctborderpre497type
13:16:24.664 [main] TRACE - Resolving type for handle ctxf97f7type
13:16:24.666 [main] TRACE - Resolving type for handle stnumfmtid76fbtype
13:16:24.668 [main] TRACE - Resolving type for handle stfontid9d63type
13:16:24.669 [main] TRACE - Resolving type for handle stfillida097type
13:16:24.672 [main] TRACE - Resolving type for handle stborderid1a80type
13:16:24.674 [main] TRACE - Resolving type for handle stcellstylexfid70c7type
13:16:24.682 [main] TRACE - Resolving type for handle ctsheet4dbetype
13:16:24.687 [main] TRACE - Resolving type for handle ctworksheet530dtype
13:16:24.692 [main] TRACE - Resolving type for handle ctsheetformatprdef7type
13:16:24.696 [main] TRACE - Resolving type for handle ctsheetviewsb918type
13:16:24.698 [main] TRACE - Resolving type for handle ctsheetview0f43type
13:16:24.702 [main] TRACE - Resolving type for handle ctsheetdimensiond310type
13:16:24.705 [main] TRACE - Resolving type for handle stref90a2type
13:16:24.706 [main] TRACE - Resolving type for handle ctsheetdata8408type
13:16:24.708 [main] TRACE - Resolving type for handle ctpagemargins5455type
13:16:24.713 [main] TRACE - Resolving type for handle ctcols627ctype
13:16:24.715 [main] TRACE - Resolving type for handle strelationshipid1e94type
13:16:24.716 [main] TRACE - Resolving type for handle ctrowdd39type
13:16:24.722 [main] TRACE - Resolving type for handle ctcell842btype
13:16:24.729 [main] TRACE - Resolving type for handle stcellrefe4e0type
13:16:24.731 [main] TRACE - Resolving type for handle ctrsta472type
13:16:24.734 [main] TRACE - Resolving type for handle stcelltypebf95type
13:16:25.072 [main] TRACE - Resolving type for handle ctnumfmtsb58btype
13:16:25.074 [main] TRACE - Resolving type for handle ctfonts6623type
13:16:25.076 [main] TRACE - Resolving type for handle ctfills2c6ftype
13:16:25.077 [main] TRACE - Resolving type for handle ctborders0d66type
13:16:25.079 [main] TRACE - Resolving type for handle ctcellxfs1322type
13:16:25.081 [main] TRACE - Resolving type for handle ctcellstylexfsa81ftype
13:16:25.095 [main] DEBUG - Save core properties part
13:16:25.095 [main] DEBUG - Save content types part
13:16:25.161 [main] DEBUG - Save package relationships
13:16:25.165 [main] DEBUG - Save part 'docProps/app.xml'
13:16:25.168 [main] DEBUG - Save part 'docProps/core.xml'
13:16:25.173 [main] DEBUG - Save part 'xl/sharedStrings.xml'
13:16:25.173 [main] DEBUG - Save part 'xl/styles.xml'
13:16:25.173 [main] DEBUG - Save part 'xl/workbook.xml'
13:16:25.174 [main] DEBUG - Save part 'xl/worksheets/sheet1.xml'
13:16:25.177 [main] DEBUG - Save content types part
13:16:25.178 [main] DEBUG - Save package relationships
13:16:25.179 [main] DEBUG - Save part 'docProps/app.xml'
13:16:25.179 [main] DEBUG - Save part 'docProps/core.xml'
13:16:25.180 [main] DEBUG - Save part 'xl/sharedStrings.xml'
13:16:25.180 [main] DEBUG - Save part 'xl/styles.xml'
13:16:25.180 [main] DEBUG - Save part 'xl/workbook.xml'
13:16:25.181 [main] DEBUG - Save part 'xl/worksheets/sheet1.xml'
13:16:27.186 [main] INFO  - Printing Details of Car Washing Services.......
13:16:28.858 [main] INFO  - FreeListing is Launched.......
13:16:30.980 [main] INFO  - Wrong detail is given in input box.......
13:16:33.198 [main] INFO  - Start Now Button is clicked.......
13:16:35.410 [main] INFO  - Invalid Message is printed.......
13:16:36.828 [main] INFO  - Navigating Back to original Window.......
13:16:50.940 [main] DEBUG - Parsing relationship: /xl/_rels/workbook.xml.rels
13:16:50.941 [main] DEBUG - Parsing relationship: /_rels/.rels
13:16:50.964 [main] TRACE - Resolving type for handle workbookec17doctype
13:16:50.967 [main] TRACE - Resolving type for handle worksheetf539doctype
13:17:01.002 [main] DEBUG - Save content types part
13:17:01.003 [main] DEBUG - Save package relationships
13:17:01.005 [main] DEBUG - Save part 'docProps/app.xml'
13:17:01.005 [main] DEBUG - Save part 'docProps/core.xml'
13:17:01.006 [main] DEBUG - Save part 'xl/sharedStrings.xml'
13:17:01.006 [main] DEBUG - Save part 'xl/styles.xml'
13:17:01.006 [main] DEBUG - Save part 'xl/workbook.xml'
13:17:01.007 [main] DEBUG - Save part 'xl/worksheets/sheet1.xml'
13:17:01.007 [main] DEBUG - Save part 'xl/worksheets/sheet2.xml'
13:17:03.014 [main] INFO  - Sub-Menu of Gyms are Printed.......
13:17:05.518 [main] INFO  - Sub-Menu dropdown items list is printed.....
13:19:03.157 [main] INFO  - Chrome Browser is Opened.......................
13:19:11.377 [main] INFO  - First Pop Up Handled.......
13:19:13.563 [main] INFO  - Near By Location is entered.......
13:19:13.632 [main] INFO  - Suggested location is selected.......
13:19:16.060 [main] INFO  - Type Car Washing Services in search box.......
13:19:18.126 [main] INFO  - Suggested Car Washing Services is selected.......
13:19:20.212 [main] INFO  - Clicked on search button and result appears.......
13:19:22.594 [main] INFO  - Clicked on All Filters Sub-Menu.......
13:19:24.764 [main] INFO  - Click and Select rating 4.0+.......
13:19:27.918 [main] INFO  - Click on Apply Filter Button.......
13:19:38.701 [main] INFO  - Click on Show Number Flare Button to get contact of car washing services Dealer 
13:19:48.753 [main] INFO  - PopUp appeared and handled.......
13:19:49.459 [main] TRACE - Loading type system org.apache.poi.schemas.ooxml.system.ooxml
13:19:49.461 [main] TRACE - Loading type system org.apache.xmlbeans.metadata.system.sXMLCONFIG
13:19:49.461 [main] TRACE - Loading type system org.apache.xmlbeans.metadata.system.sXMLLANG
13:19:49.462 [main] TRACE - Loading type system org.apache.xmlbeans.metadata.system.sXMLSCHEMA
13:19:49.462 [main] TRACE - Loading type system org.apache.xmlbeans.metadata.system.sXMLTOOLS
13:19:49.463 [main] TRACE - Reading unresolved handles for type system org.apache.xmlbeans.metadata.system.sXMLTOOLS
13:19:49.469 [main] TRACE - Finished loading type system org.apache.xmlbeans.metadata.system.sXMLTOOLS
13:19:49.469 [main] TRACE - Reading unresolved handles for type system org.apache.xmlbeans.metadata.system.sXMLSCHEMA
13:19:49.473 [main] TRACE - Finished loading type system org.apache.xmlbeans.metadata.system.sXMLSCHEMA
13:19:49.473 [main] TRACE - Reading unresolved handles for type system org.apache.xmlbeans.metadata.system.sXMLLANG
13:19:49.474 [main] TRACE - Finished loading type system org.apache.xmlbeans.metadata.system.sXMLLANG
13:19:49.474 [main] TRACE - Reading unresolved handles for type system org.apache.xmlbeans.metadata.system.sXMLCONFIG
13:19:49.475 [main] TRACE - Finished loading type system org.apache.xmlbeans.metadata.system.sXMLCONFIG
13:19:49.475 [main] TRACE - Reading unresolved handles for type system org.apache.poi.schemas.ooxml.system.ooxml
13:19:49.507 [main] TRACE - Finished loading type system org.apache.poi.schemas.ooxml.system.ooxml
13:19:49.507 [main] TRACE - Resolving type for handle ctworkbook83c3type
13:19:49.534 [main] TRACE - Resolving type for handle ctworkbookpr03a5type
13:19:49.542 [main] TRACE - Resolving type for handle ctbookviewsb864type
13:19:49.544 [main] TRACE - Resolving type for handle ctbookviewf677type
13:19:49.548 [main] TRACE - Resolving type for handle ctsheets49fdtype
13:19:49.549 [main] TRACE - Resolving type for handle propertiesee84doctype
13:19:49.550 [main] TRACE - Resolving type for handle ctproperties3f10type
13:19:49.556 [main] TRACE - Resolving type for handle properties288cdoctype
13:19:49.557 [main] TRACE - Resolving type for handle ctproperties2c18type
13:19:49.563 [main] TRACE - Resolving type for handle sstf81fdoctype
13:19:49.564 [main] TRACE - Resolving type for handle ctsst44f3type
13:19:49.567 [main] TRACE - Resolving type for handle stylesheet5d8bdoctype
13:19:49.567 [main] TRACE - Resolving type for handle ctstylesheet4257type
13:19:49.569 [main] TRACE - Resolving type for handle ctfont14d8type
13:19:49.575 [main] TRACE - Resolving type for handle ctfontsizeb3b9type
13:19:49.578 [main] TRACE - Resolving type for handle ctcolord2c2type
13:19:49.579 [main] TRACE - Resolving type for handle ctfontname2dc3type
13:19:49.580 [main] TRACE - Resolving type for handle stxstringf179type
13:19:49.583 [main] TRACE - Resolving type for handle ctfontfamily685ctype
13:19:49.584 [main] TRACE - Resolving type for handle stfontfamily9c6ctype
13:19:49.586 [main] TRACE - Resolving type for handle ctfontschemebf5dtype
13:19:49.590 [main] TRACE - Resolving type for handle stfontschemef36dtype
13:19:49.593 [main] TRACE - Resolving type for handle ctfill550ctype
13:19:49.594 [main] TRACE - Resolving type for handle ctpatternfill7452type
13:19:49.596 [main] TRACE - Resolving type for handle stpatterntype7939type
13:19:49.598 [main] TRACE - Resolving type for handle ctborderf935type
13:19:49.599 [main] TRACE - Resolving type for handle ctborderpre497type
13:19:49.602 [main] TRACE - Resolving type for handle ctxf97f7type
13:19:49.606 [main] TRACE - Resolving type for handle stnumfmtid76fbtype
13:19:49.607 [main] TRACE - Resolving type for handle stfontid9d63type
13:19:49.609 [main] TRACE - Resolving type for handle stfillida097type
13:19:49.610 [main] TRACE - Resolving type for handle stborderid1a80type
13:19:49.611 [main] TRACE - Resolving type for handle stcellstylexfid70c7type
13:19:49.613 [main] TRACE - Resolving type for handle ctsheet4dbetype
13:19:49.617 [main] TRACE - Resolving type for handle ctworksheet530dtype
13:19:49.622 [main] TRACE - Resolving type for handle ctsheetformatprdef7type
13:19:49.625 [main] TRACE - Resolving type for handle ctsheetviewsb918type
13:19:49.626 [main] TRACE - Resolving type for handle ctsheetview0f43type
13:19:49.630 [main] TRACE - Resolving type for handle ctsheetdimensiond310type
13:19:49.631 [main] TRACE - Resolving type for handle stref90a2type
13:19:49.632 [main] TRACE - Resolving type for handle ctsheetdata8408type
13:19:49.633 [main] TRACE - Resolving type for handle ctpagemargins5455type
13:19:49.636 [main] TRACE - Resolving type for handle ctcols627ctype
13:19:49.638 [main] TRACE - Resolving type for handle strelationshipid1e94type
13:19:49.639 [main] TRACE - Resolving type for handle ctrowdd39type
13:19:49.643 [main] TRACE - Resolving type for handle ctcell842btype
13:19:49.647 [main] TRACE - Resolving type for handle stcellrefe4e0type
13:19:49.649 [main] TRACE - Resolving type for handle ctrsta472type
13:19:49.651 [main] TRACE - Resolving type for handle stcelltypebf95type
13:19:49.902 [main] TRACE - Resolving type for handle ctnumfmtsb58btype
13:19:49.905 [main] TRACE - Resolving type for handle ctfonts6623type
13:19:49.907 [main] TRACE - Resolving type for handle ctfills2c6ftype
13:19:49.908 [main] TRACE - Resolving type for handle ctborders0d66type
13:19:49.910 [main] TRACE - Resolving type for handle ctcellxfs1322type
13:19:49.911 [main] TRACE - Resolving type for handle ctcellstylexfsa81ftype
13:19:49.924 [main] DEBUG - Save core properties part
13:19:49.924 [main] DEBUG - Save content types part
13:19:49.987 [main] DEBUG - Save package relationships
13:19:49.992 [main] DEBUG - Save part 'docProps/app.xml'
13:19:49.993 [main] DEBUG - Save part 'docProps/core.xml'
13:19:49.997 [main] DEBUG - Save part 'xl/sharedStrings.xml'
13:19:49.997 [main] DEBUG - Save part 'xl/styles.xml'
13:19:49.997 [main] DEBUG - Save part 'xl/workbook.xml'
13:19:49.998 [main] DEBUG - Save part 'xl/worksheets/sheet1.xml'
13:19:50.001 [main] DEBUG - Save content types part
13:19:50.001 [main] DEBUG - Save package relationships
13:19:50.002 [main] DEBUG - Save part 'docProps/app.xml'
13:19:50.002 [main] DEBUG - Save part 'docProps/core.xml'
13:19:50.003 [main] DEBUG - Save part 'xl/sharedStrings.xml'
13:19:50.003 [main] DEBUG - Save part 'xl/styles.xml'
13:19:50.003 [main] DEBUG - Save part 'xl/workbook.xml'
13:19:50.003 [main] DEBUG - Save part 'xl/worksheets/sheet1.xml'
13:19:52.011 [main] INFO  - Printing Details of Car Washing Services.......
13:19:54.480 [main] INFO  - FreeListing is Launched.......
13:19:56.613 [main] INFO  - Wrong detail is given in input box.......
13:19:58.858 [main] INFO  - Start Now Button is clicked.......
13:20:01.073 [main] INFO  - Invalid Message is printed.......
13:20:02.275 [main] INFO  - Navigating Back to original Window.......
13:20:18.571 [main] DEBUG - Parsing relationship: /xl/_rels/workbook.xml.rels
13:20:18.572 [main] DEBUG - Parsing relationship: /_rels/.rels
13:20:18.599 [main] TRACE - Resolving type for handle workbookec17doctype
13:20:18.603 [main] TRACE - Resolving type for handle worksheetf539doctype
13:20:28.665 [main] DEBUG - Save content types part
13:20:28.666 [main] DEBUG - Save package relationships
13:20:28.667 [main] DEBUG - Save part 'docProps/app.xml'
13:20:28.667 [main] DEBUG - Save part 'docProps/core.xml'
13:20:28.668 [main] DEBUG - Save part 'xl/sharedStrings.xml'
13:20:28.668 [main] DEBUG - Save part 'xl/styles.xml'
13:20:28.668 [main] DEBUG - Save part 'xl/workbook.xml'
13:20:28.670 [main] DEBUG - Save part 'xl/worksheets/sheet1.xml'
13:20:28.670 [main] DEBUG - Save part 'xl/worksheets/sheet2.xml'
13:20:30.675 [main] INFO  - Sub-Menu of Gyms are Printed.......
13:20:40.922 [main] INFO  - Sub-Menu dropdown items list is printed.....
13:21:28.507 [main] INFO  - Chrome Browser is Opened.......................
13:21:37.187 [main] INFO  - First Pop Up Handled.......
13:21:39.339 [main] INFO  - Near By Location is entered.......
13:21:39.423 [main] INFO  - Suggested location is selected.......
13:21:41.849 [main] INFO  - Type Car Washing Services in search box.......
13:21:43.931 [main] INFO  - Suggested Car Washing Services is selected.......
13:21:45.999 [main] INFO  - Clicked on search button and result appears.......
13:21:48.319 [main] INFO  - Clicked on All Filters Sub-Menu.......
13:21:50.452 [main] INFO  - Click and Select rating 4.0+.......
13:21:53.577 [main] INFO  - Click on Apply Filter Button.......
13:22:05.021 [main] INFO  - Click on Show Number Flare Button to get contact of car washing services Dealer 
13:22:15.068 [main] INFO  - PopUp appeared and handled.......
13:22:15.750 [main] TRACE - Loading type system org.apache.poi.schemas.ooxml.system.ooxml
13:22:15.751 [main] TRACE - Loading type system org.apache.xmlbeans.metadata.system.sXMLCONFIG
13:22:15.752 [main] TRACE - Loading type system org.apache.xmlbeans.metadata.system.sXMLLANG
13:22:15.752 [main] TRACE - Loading type system org.apache.xmlbeans.metadata.system.sXMLSCHEMA
13:22:15.752 [main] TRACE - Loading type system org.apache.xmlbeans.metadata.system.sXMLTOOLS
13:22:15.753 [main] TRACE - Reading unresolved handles for type system org.apache.xmlbeans.metadata.system.sXMLTOOLS
13:22:15.760 [main] TRACE - Finished loading type system org.apache.xmlbeans.metadata.system.sXMLTOOLS
13:22:15.761 [main] TRACE - Reading unresolved handles for type system org.apache.xmlbeans.metadata.system.sXMLSCHEMA
13:22:15.763 [main] TRACE - Finished loading type system org.apache.xmlbeans.metadata.system.sXMLSCHEMA
13:22:15.763 [main] TRACE - Reading unresolved handles for type system org.apache.xmlbeans.metadata.system.sXMLLANG
13:22:15.764 [main] TRACE - Finished loading type system org.apache.xmlbeans.metadata.system.sXMLLANG
13:22:15.764 [main] TRACE - Reading unresolved handles for type system org.apache.xmlbeans.metadata.system.sXMLCONFIG
13:22:15.765 [main] TRACE - Finished loading type system org.apache.xmlbeans.metadata.system.sXMLCONFIG
13:22:15.765 [main] TRACE - Reading unresolved handles for type system org.apache.poi.schemas.ooxml.system.ooxml
13:22:15.793 [main] TRACE - Finished loading type system org.apache.poi.schemas.ooxml.system.ooxml
13:22:15.794 [main] TRACE - Resolving type for handle ctworkbook83c3type
13:22:15.822 [main] TRACE - Resolving type for handle ctworkbookpr03a5type
13:22:15.827 [main] TRACE - Resolving type for handle ctbookviewsb864type
13:22:15.828 [main] TRACE - Resolving type for handle ctbookviewf677type
13:22:15.832 [main] TRACE - Resolving type for handle ctsheets49fdtype
13:22:15.834 [main] TRACE - Resolving type for handle propertiesee84doctype
13:22:15.836 [main] TRACE - Resolving type for handle ctproperties3f10type
13:22:15.842 [main] TRACE - Resolving type for handle properties288cdoctype
13:22:15.844 [main] TRACE - Resolving type for handle ctproperties2c18type
13:22:15.848 [main] TRACE - Resolving type for handle sstf81fdoctype
13:22:15.849 [main] TRACE - Resolving type for handle ctsst44f3type
13:22:15.851 [main] TRACE - Resolving type for handle stylesheet5d8bdoctype
13:22:15.852 [main] TRACE - Resolving type for handle ctstylesheet4257type
13:22:15.854 [main] TRACE - Resolving type for handle ctfont14d8type
13:22:15.857 [main] TRACE - Resolving type for handle ctfontsizeb3b9type
13:22:15.860 [main] TRACE - Resolving type for handle ctcolord2c2type
13:22:15.862 [main] TRACE - Resolving type for handle ctfontname2dc3type
13:22:15.862 [main] TRACE - Resolving type for handle stxstringf179type
13:22:15.864 [main] TRACE - Resolving type for handle ctfontfamily685ctype
13:22:15.865 [main] TRACE - Resolving type for handle stfontfamily9c6ctype
13:22:15.867 [main] TRACE - Resolving type for handle ctfontschemebf5dtype
13:22:15.869 [main] TRACE - Resolving type for handle stfontschemef36dtype
13:22:15.871 [main] TRACE - Resolving type for handle ctfill550ctype
13:22:15.872 [main] TRACE - Resolving type for handle ctpatternfill7452type
13:22:15.879 [main] TRACE - Resolving type for handle stpatterntype7939type
13:22:15.881 [main] TRACE - Resolving type for handle ctborderf935type
13:22:15.883 [main] TRACE - Resolving type for handle ctborderpre497type
13:22:15.887 [main] TRACE - Resolving type for handle ctxf97f7type
13:22:15.890 [main] TRACE - Resolving type for handle stnumfmtid76fbtype
13:22:15.893 [main] TRACE - Resolving type for handle stfontid9d63type
13:22:15.894 [main] TRACE - Resolving type for handle stfillida097type
13:22:15.895 [main] TRACE - Resolving type for handle stborderid1a80type
13:22:15.897 [main] TRACE - Resolving type for handle stcellstylexfid70c7type
13:22:15.902 [main] TRACE - Resolving type for handle ctsheet4dbetype
13:22:15.906 [main] TRACE - Resolving type for handle ctworksheet530dtype
13:22:15.913 [main] TRACE - Resolving type for handle ctsheetformatprdef7type
13:22:15.915 [main] TRACE - Resolving type for handle ctsheetviewsb918type
13:22:15.917 [main] TRACE - Resolving type for handle ctsheetview0f43type
13:22:15.920 [main] TRACE - Resolving type for handle ctsheetdimensiond310type
13:22:15.921 [main] TRACE - Resolving type for handle stref90a2type
13:22:15.922 [main] TRACE - Resolving type for handle ctsheetdata8408type
13:22:15.924 [main] TRACE - Resolving type for handle ctpagemargins5455type
13:22:15.928 [main] TRACE - Resolving type for handle ctcols627ctype
13:22:15.929 [main] TRACE - Resolving type for handle strelationshipid1e94type
13:22:15.930 [main] TRACE - Resolving type for handle ctrowdd39type
13:22:15.933 [main] TRACE - Resolving type for handle ctcell842btype
13:22:15.939 [main] TRACE - Resolving type for handle stcellrefe4e0type
13:22:15.943 [main] TRACE - Resolving type for handle ctrsta472type
13:22:15.945 [main] TRACE - Resolving type for handle stcelltypebf95type
13:22:16.206 [main] TRACE - Resolving type for handle ctnumfmtsb58btype
13:22:16.208 [main] TRACE - Resolving type for handle ctfonts6623type
13:22:16.210 [main] TRACE - Resolving type for handle ctfills2c6ftype
13:22:16.211 [main] TRACE - Resolving type for handle ctborders0d66type
13:22:16.212 [main] TRACE - Resolving type for handle ctcellxfs1322type
13:22:16.213 [main] TRACE - Resolving type for handle ctcellstylexfsa81ftype
13:22:16.226 [main] DEBUG - Save core properties part
13:22:16.226 [main] DEBUG - Save content types part
13:22:16.285 [main] DEBUG - Save package relationships
13:22:16.288 [main] DEBUG - Save part 'docProps/app.xml'
13:22:16.291 [main] DEBUG - Save part 'docProps/core.xml'
13:22:16.295 [main] DEBUG - Save part 'xl/sharedStrings.xml'
13:22:16.296 [main] DEBUG - Save part 'xl/styles.xml'
13:22:16.296 [main] DEBUG - Save part 'xl/workbook.xml'
13:22:16.297 [main] DEBUG - Save part 'xl/worksheets/sheet1.xml'
13:22:16.298 [main] DEBUG - Save content types part
13:22:16.299 [main] DEBUG - Save package relationships
13:22:16.300 [main] DEBUG - Save part 'docProps/app.xml'
13:22:16.300 [main] DEBUG - Save part 'docProps/core.xml'
13:22:16.301 [main] DEBUG - Save part 'xl/sharedStrings.xml'
13:22:16.301 [main] DEBUG - Save part 'xl/styles.xml'
13:22:16.301 [main] DEBUG - Save part 'xl/workbook.xml'
13:22:16.302 [main] DEBUG - Save part 'xl/worksheets/sheet1.xml'
13:22:18.313 [main] INFO  - Printing Details of Car Washing Services.......
13:22:20.169 [main] INFO  - FreeListing is Launched.......
13:22:22.302 [main] INFO  - Wrong detail is given in input box.......
13:22:24.520 [main] INFO  - Start Now Button is clicked.......
13:22:26.724 [main] INFO  - Invalid Message is printed.......
13:22:28.031 [main] INFO  - Navigating Back to original Window.......
13:22:30.438 [main] INFO  - Type gyms in search box.......
13:22:32.760 [main] DEBUG - Parsing relationship: /xl/_rels/workbook.xml.rels
13:22:32.761 [main] DEBUG - Parsing relationship: /_rels/.rels
