22:31:26.320 [main] DEBUG - Save part 'xl/sharedStrings.xml'
22:31:26.387 [main] DEBUG - Save part 'xl/styles.xml'
22:31:26.387 [main] DEBUG - Save part 'xl/workbook.xml'
22:31:26.389 [main] DEBUG - Save part 'xl/worksheets/sheet1.xml'
22:31:26.391 [main] DEBUG - Save part 'xl/worksheets/sheet2.xml'
22:31:26.391 [main] INFO  - Sub-Menu of Gyms are Printed.......
22:31:28.809 [main] DEBUG - Parsing relationship: /xl/_rels/workbook.xml.rels
22:31:28.810 [main] DEBUG - Parsing relationship: /_rels/.rels
22:31:28.868 [main] DEBUG - Save content types part
22:31:28.870 [main] DEBUG - Save package relationships
22:31:28.872 [main] DEBUG - Save part 'docProps/app.xml'
22:31:28.872 [main] DEBUG - Save part 'docProps/core.xml'
22:31:28.874 [main] DEBUG - Save part 'xl/sharedStrings.xml'
22:31:28.874 [main] DEBUG - Save part 'xl/styles.xml'
22:31:28.874 [main] DEBUG - Save part 'xl/workbook.xml'
22:31:28.877 [main] DEBUG - Save part 'xl/worksheets/sheet1.xml'
22:31:28.878 [main] DEBUG - Save part 'xl/worksheets/sheet2.xml'
22:31:28.878 [main] DEBUG - Save part 'xl/worksheets/sheet3.xml'
22:31:28.880 [main] INFO  - Sub-Menu dropdown items list is printed.....
23:13:57.739 [main] INFO  - Chrome Browser is Opened.......................
23:14:06.474 [main] INFO  - First Pop Up Handled.......
23:14:08.894 [main] INFO  - Near By Location is entered.......
23:14:19.763 [main] DEBUG - Parsing relationship: /xl/_rels/workbook.xml.rels
23:14:19.768 [main] DEBUG - Parsing relationship: /_rels/.rels
23:14:20.128 [main] TRACE - Loading type system org.apache.poi.schemas.ooxml.system.ooxml
23:14:20.132 [main] TRACE - Loading type system org.apache.xmlbeans.metadata.system.sXMLCONFIG
23:14:20.133 [main] TRACE - Loading type system org.apache.xmlbeans.metadata.system.sXMLLANG
23:14:20.135 [main] TRACE - Loading type system org.apache.xmlbeans.metadata.system.sXMLSCHEMA
23:14:20.136 [main] TRACE - Loading type system org.apache.xmlbeans.metadata.system.sXMLTOOLS
23:14:20.138 [main] TRACE - Reading unresolved handles for type system org.apache.xmlbeans.metadata.system.sXMLTOOLS
23:14:20.155 [main] TRACE - Finished loading type system org.apache.xmlbeans.metadata.system.sXMLTOOLS
23:14:20.155 [main] TRACE - Reading unresolved handles for type system org.apache.xmlbeans.metadata.system.sXMLSCHEMA
23:14:20.163 [main] TRACE - Finished loading type system org.apache.xmlbeans.metadata.system.sXMLSCHEMA
23:14:20.165 [main] TRACE - Reading unresolved handles for type system org.apache.xmlbeans.metadata.system.sXMLLANG
23:14:20.166 [main] TRACE - Finished loading type system org.apache.xmlbeans.metadata.system.sXMLLANG
23:14:20.168 [main] TRACE - Reading unresolved handles for type system org.apache.xmlbeans.metadata.system.sXMLCONFIG
23:14:20.169 [main] TRACE - Finished loading type system org.apache.xmlbeans.metadata.system.sXMLCONFIG
23:14:20.170 [main] TRACE - Reading unresolved handles for type system org.apache.poi.schemas.ooxml.system.ooxml
23:14:20.234 [main] TRACE - Finished loading type system org.apache.poi.schemas.ooxml.system.ooxml
23:14:20.235 [main] TRACE - Resolving type for handle themefd26doctype
23:14:20.313 [main] TRACE - Resolving type for handle stylesheet5d8bdoctype
23:14:20.324 [main] TRACE - Resolving type for handle ctstylesheet4257type
23:14:20.329 [main] TRACE - Resolving type for handle ctfonts6623type
23:14:20.331 [main] TRACE - Resolving type for handle ctfont14d8type
23:14:20.339 [main] TRACE - Resolving type for handle ctfills2c6ftype
23:14:20.341 [main] TRACE - Resolving type for handle ctfill550ctype
23:14:20.344 [main] TRACE - Resolving type for handle ctborders0d66type
23:14:20.348 [main] TRACE - Resolving type for handle ctborderf935type
23:14:20.362 [main] TRACE - Resolving type for handle ctcellxfs1322type
23:14:20.370 [main] TRACE - Resolving type for handle ctxf97f7type
23:14:20.377 [main] TRACE - Resolving type for handle ctcellstylexfsa81ftype
23:14:20.381 [main] TRACE - Resolving type for handle ctdxfsb26atype
23:14:20.387 [main] TRACE - Resolving type for handle cttablestyles872ftype
23:14:20.397 [main] TRACE - Resolving type for handle sstf81fdoctype
23:14:20.408 [main] TRACE - Resolving type for handle ctsst44f3type
23:14:20.477 [main] TRACE - Resolving type for handle ctrsta472type
23:14:20.528 [main] TRACE - Resolving type for handle workbookec17doctype
23:14:20.543 [main] TRACE - Resolving type for handle ctworkbook83c3type
23:14:20.556 [main] TRACE - Resolving type for handle ctsheets49fdtype
23:14:20.562 [main] TRACE - Resolving type for handle ctsheet4dbetype
23:14:20.567 [main] TRACE - Resolving type for handle strelationshipid1e94type
23:14:20.575 [main] TRACE - Resolving type for handle worksheetf539doctype
23:14:20.587 [main] TRACE - Resolving type for handle ctworksheet530dtype
23:14:20.608 [main] TRACE - Resolving type for handle ctcols627ctype
23:14:20.616 [main] TRACE - Resolving type for handle ctcola95ftype
23:14:20.642 [main] TRACE - Resolving type for handle ctsheetdata8408type
23:14:20.646 [main] TRACE - Resolving type for handle ctrowdd39type
23:14:20.656 [main] TRACE - Resolving type for handle ctcell842btype
23:14:20.670 [main] TRACE - Resolving type for handle stcellrefe4e0type
23:14:20.682 [main] TRACE - Resolving type for handle stxstringf179type
23:14:20.686 [main] TRACE - Resolving type for handle stcelltypebf95type
23:14:23.315 [main] INFO  - Type Car Washing Services in search box.......
23:14:46.402 [main] INFO  - Click on Show Number Flare Button to get contact of car washing services Dealer 
23:14:56.445 [main] INFO  - PopUp appeared and handled.......
23:15:08.909 [main] INFO  - FreeListing is Launched.......
23:15:11.193 [main] DEBUG - Parsing relationship: /xl/_rels/workbook.xml.rels
23:15:11.194 [main] DEBUG - Parsing relationship: /_rels/.rels
23:15:11.361 [main] INFO  - Wrong detail is given in input box.......
23:15:14.069 [main] INFO  - Start Now Button is clicked.......
23:15:16.591 [main] INFO  - Invalid Message is printed.......
23:15:19.155 [main] INFO  - Navigating Back to original Window.......
23:15:20.351 [main] INFO  - Type gyms in search box.......
23:15:23.639 [main] DEBUG - Parsing relationship: /xl/_rels/workbook.xml.rels
23:15:23.642 [main] DEBUG - Parsing relationship: /_rels/.rels
23:15:23.673 [main] TRACE - Resolving type for handle ctnumfmtsb58btype
23:15:24.518 [main] TRACE - Resolving type for handle stcellstylexfid70c7type
23:15:24.525 [main] TRACE - Resolving type for handle ctsheetdimensiond310type
23:15:24.527 [main] TRACE - Resolving type for handle stref90a2type
23:15:24.550 [main] TRACE - Resolving type for handle propertiesee84doctype
23:15:24.554 [main] TRACE - Resolving type for handle ctproperties3f10type
23:15:24.564 [main] TRACE - Resolving type for handle properties288cdoctype
23:15:24.569 [main] TRACE - Resolving type for handle ctproperties2c18type
23:15:24.586 [main] DEBUG - Save content types part
23:15:24.677 [main] DEBUG - Save package relationships
23:15:24.683 [main] DEBUG - Save part 'docProps/app.xml'
23:15:24.683 [main] DEBUG - Save part 'docProps/core.xml'
23:15:24.686 [main] DEBUG - Save part 'xl/sharedStrings.xml'
23:15:24.688 [main] DEBUG - Save part 'xl/styles.xml'
23:15:24.688 [main] DEBUG - Save part 'xl/workbook.xml'
23:15:24.690 [main] DEBUG - Save part 'xl/worksheets/sheet1.xml'
23:15:24.690 [main] DEBUG - Save part 'xl/worksheets/sheet2.xml'
23:15:24.690 [main] DEBUG - Save part 'xl/worksheets/sheet3.xml'
23:15:24.692 [main] INFO  - Sub-Menu of Gyms are Printed.......
23:15:27.319 [main] DEBUG - Parsing relationship: /xl/_rels/workbook.xml.rels
23:15:27.320 [main] DEBUG - Parsing relationship: /_rels/.rels
23:15:27.361 [main] DEBUG - Save content types part
23:15:27.364 [main] DEBUG - Save package relationships
23:15:27.366 [main] DEBUG - Save part 'docProps/app.xml'
23:15:27.366 [main] DEBUG - Save part 'docProps/core.xml'
23:15:27.368 [main] DEBUG - Save part 'xl/sharedStrings.xml'
23:15:27.368 [main] DEBUG - Save part 'xl/styles.xml'
23:15:27.369 [main] DEBUG - Save part 'xl/workbook.xml'
23:15:27.370 [main] DEBUG - Save part 'xl/worksheets/sheet1.xml'
23:15:27.371 [main] DEBUG - Save part 'xl/worksheets/sheet2.xml'
23:15:27.371 [main] DEBUG - Save part 'xl/worksheets/sheet3.xml'
23:15:27.373 [main] INFO  - Sub-Menu dropdown items list is printed.....
23:32:26.861 [main] INFO  - First Pop Up Handled.......
23:32:29.736 [main] INFO  - Near By Location is entered.......
23:32:30.009 [main] INFO  - Suggested location is selected.......
23:32:31.135 [main] DEBUG - Parsing relationship: /xl/_rels/workbook.xml.rels
23:32:31.138 [main] DEBUG - Parsing relationship: /_rels/.rels
23:32:31.448 [main] TRACE - Loading type system org.apache.poi.schemas.ooxml.system.ooxml
23:32:31.453 [main] TRACE - Loading type system org.apache.xmlbeans.metadata.system.sXMLCONFIG
23:32:31.454 [main] TRACE - Loading type system org.apache.xmlbeans.metadata.system.sXMLLANG
23:32:31.454 [main] TRACE - Loading type system org.apache.xmlbeans.metadata.system.sXMLSCHEMA
23:32:31.456 [main] TRACE - Loading type system org.apache.xmlbeans.metadata.system.sXMLTOOLS
23:32:31.459 [main] TRACE - Reading unresolved handles for type system org.apache.xmlbeans.metadata.system.sXMLTOOLS
23:32:31.480 [main] TRACE - Finished loading type system org.apache.xmlbeans.metadata.system.sXMLTOOLS
23:32:31.482 [main] TRACE - Reading unresolved handles for type system org.apache.xmlbeans.metadata.system.sXMLSCHEMA
23:32:31.490 [main] TRACE - Finished loading type system org.apache.xmlbeans.metadata.system.sXMLSCHEMA
23:32:31.491 [main] TRACE - Reading unresolved handles for type system org.apache.xmlbeans.metadata.system.sXMLLANG
23:32:31.492 [main] TRACE - Finished loading type system org.apache.xmlbeans.metadata.system.sXMLLANG
23:32:31.493 [main] TRACE - Reading unresolved handles for type system org.apache.xmlbeans.metadata.system.sXMLCONFIG
23:32:31.494 [main] TRACE - Finished loading type system org.apache.xmlbeans.metadata.system.sXMLCONFIG
23:32:31.495 [main] TRACE - Reading unresolved handles for type system org.apache.poi.schemas.ooxml.system.ooxml
23:32:31.588 [main] TRACE - Finished loading type system org.apache.poi.schemas.ooxml.system.ooxml
23:32:31.589 [main] TRACE - Resolving type for handle themefd26doctype
23:32:31.670 [main] TRACE - Resolving type for handle stylesheet5d8bdoctype
23:32:31.677 [main] TRACE - Resolving type for handle ctstylesheet4257type
23:32:31.686 [main] TRACE - Resolving type for handle ctfonts6623type
23:32:31.691 [main] TRACE - Resolving type for handle ctfont14d8type
23:32:31.699 [main] TRACE - Resolving type for handle ctfills2c6ftype
23:32:31.702 [main] TRACE - Resolving type for handle ctfill550ctype
23:32:31.704 [main] TRACE - Resolving type for handle ctborders0d66type
23:32:31.709 [main] TRACE - Resolving type for handle ctborderf935type
23:32:31.714 [main] TRACE - Resolving type for handle ctcellxfs1322type
23:32:31.719 [main] TRACE - Resolving type for handle ctxf97f7type
23:32:31.723 [main] TRACE - Resolving type for handle ctcellstylexfsa81ftype
23:32:31.727 [main] TRACE - Resolving type for handle ctdxfsb26atype
23:32:31.732 [main] TRACE - Resolving type for handle cttablestyles872ftype
23:32:31.737 [main] TRACE - Resolving type for handle sstf81fdoctype
23:32:31.744 [main] TRACE - Resolving type for handle ctsst44f3type
23:32:31.767 [main] TRACE - Resolving type for handle ctrsta472type
23:32:31.798 [main] TRACE - Resolving type for handle workbookec17doctype
23:32:31.805 [main] TRACE - Resolving type for handle ctworkbook83c3type
23:32:31.818 [main] TRACE - Resolving type for handle ctsheets49fdtype
23:32:31.821 [main] TRACE - Resolving type for handle ctsheet4dbetype
23:32:31.824 [main] TRACE - Resolving type for handle strelationshipid1e94type
23:32:31.826 [main] TRACE - Resolving type for handle worksheetf539doctype
23:32:31.834 [main] TRACE - Resolving type for handle ctworksheet530dtype
23:32:31.851 [main] TRACE - Resolving type for handle ctcols627ctype
23:32:31.858 [main] TRACE - Resolving type for handle ctcola95ftype
23:32:31.875 [main] TRACE - Resolving type for handle ctsheetdata8408type
23:32:31.881 [main] TRACE - Resolving type for handle ctrowdd39type
23:32:31.889 [main] TRACE - Resolving type for handle ctcell842btype
23:32:31.901 [main] TRACE - Resolving type for handle stcellrefe4e0type
23:32:31.914 [main] TRACE - Resolving type for handle stxstringf179type
23:32:31.919 [main] TRACE - Resolving type for handle stcelltypebf95type
23:32:34.324 [main] INFO  - Type Car Washing Services in search box.......
23:32:36.537 [main] INFO  - Suggested Car Washing Services is selected.......
23:32:39.452 [main] INFO  - Clicked on search button and result appears.......
23:32:42.129 [main] INFO  - Clicked on All Filters Sub-Menu.......
23:32:42.376 [main] INFO  - Click and Select rating 4.0+.......
23:32:42.733 [main] INFO  - Click on Apply Filter Button.......
23:32:50.932 [main] INFO  - Click on Show Number Flare Button to get contact of car washing services Dealer 
23:33:00.981 [main] INFO  - PopUp appeared and handled.......
23:33:02.193 [main] TRACE - Resolving type for handle ctworkbookpr03a5type
23:33:02.198 [main] TRACE - Resolving type for handle ctbookviewsb864type
23:33:02.200 [main] TRACE - Resolving type for handle ctbookviewf677type
23:33:02.206 [main] TRACE - Resolving type for handle propertiesee84doctype
23:33:02.208 [main] TRACE - Resolving type for handle ctproperties3f10type
23:33:02.213 [main] TRACE - Resolving type for handle properties288cdoctype
23:33:02.214 [main] TRACE - Resolving type for handle ctproperties2c18type
23:33:02.219 [main] TRACE - Resolving type for handle ctfontsizeb3b9type
23:33:02.222 [main] TRACE - Resolving type for handle ctcolord2c2type
23:33:02.224 [main] TRACE - Resolving type for handle ctfontname2dc3type
23:33:02.226 [main] TRACE - Resolving type for handle ctfontfamily685ctype
23:33:02.228 [main] TRACE - Resolving type for handle stfontfamily9c6ctype
23:33:02.231 [main] TRACE - Resolving type for handle ctfontschemebf5dtype
23:33:02.233 [main] TRACE - Resolving type for handle stfontschemef36dtype
23:33:02.235 [main] TRACE - Resolving type for handle ctpatternfill7452type
23:33:02.237 [main] TRACE - Resolving type for handle stpatterntype7939type
23:33:02.239 [main] TRACE - Resolving type for handle ctborderpre497type
23:33:02.242 [main] TRACE - Resolving type for handle stnumfmtid76fbtype
23:33:02.245 [main] TRACE - Resolving type for handle stfontid9d63type
23:33:02.246 [main] TRACE - Resolving type for handle stfillida097type
23:33:02.249 [main] TRACE - Resolving type for handle stborderid1a80type
23:33:02.251 [main] TRACE - Resolving type for handle stcellstylexfid70c7type
23:33:02.255 [main] TRACE - Resolving type for handle ctsheetformatprdef7type
23:33:02.258 [main] TRACE - Resolving type for handle ctsheetviewsb918type
23:33:02.262 [main] TRACE - Resolving type for handle ctsheetview0f43type
23:33:02.267 [main] TRACE - Resolving type for handle ctsheetdimensiond310type
23:33:02.269 [main] TRACE - Resolving type for handle stref90a2type
23:33:02.270 [main] TRACE - Resolving type for handle ctpagemargins5455type
23:33:02.844 [main] TRACE - Resolving type for handle ctnumfmtsb58btype
23:33:02.863 [main] DEBUG - Save core properties part
23:33:02.863 [main] DEBUG - Save content types part
23:33:02.925 [main] DEBUG - Save package relationships
23:33:02.930 [main] DEBUG - Save part 'docProps/app.xml'
23:33:02.930 [main] DEBUG - Save part 'docProps/core.xml'
23:33:02.933 [main] DEBUG - Save part 'xl/sharedStrings.xml'
23:33:02.933 [main] DEBUG - Save part 'xl/styles.xml'
23:33:02.934 [main] DEBUG - Save part 'xl/workbook.xml'
23:33:02.934 [main] DEBUG - Save part 'xl/worksheets/sheet1.xml'
23:33:02.936 [main] DEBUG - Save content types part
23:33:02.937 [main] DEBUG - Save package relationships
23:33:02.938 [main] DEBUG - Save part 'docProps/app.xml'
23:33:02.938 [main] DEBUG - Save part 'docProps/core.xml'
23:33:02.940 [main] DEBUG - Save part 'xl/sharedStrings.xml'
23:33:02.940 [main] DEBUG - Save part 'xl/styles.xml'
23:33:02.940 [main] DEBUG - Save part 'xl/workbook.xml'
23:33:02.941 [main] DEBUG - Save part 'xl/worksheets/sheet1.xml'
23:33:04.948 [main] INFO  - Printing Details of Car Washing Services.......
23:33:37.093 [main] INFO  - FreeListing is Launched.......
23:33:39.189 [main] DEBUG - Parsing relationship: /xl/_rels/workbook.xml.rels
23:33:39.189 [main] DEBUG - Parsing relationship: /_rels/.rels
23:33:39.266 [main] INFO  - Wrong detail is given in input box.......
23:33:41.513 [main] INFO  - Start Now Button is clicked.......
23:33:43.762 [main] INFO  - Invalid Message is printed.......
23:33:45.043 [main] INFO  - Navigating Back to original Window.......
23:34:10.839 [main] INFO  - Type gyms in search box.......
23:34:13.635 [main] DEBUG - Parsing relationship: /xl/_rels/workbook.xml.rels
23:34:13.636 [main] DEBUG - Parsing relationship: /_rels/.rels
23:34:13.986 [main] DEBUG - Save content types part
23:34:13.987 [main] DEBUG - Save package relationships
23:34:13.988 [main] DEBUG - Save part 'docProps/app.xml'
23:34:13.988 [main] DEBUG - Save part 'docProps/core.xml'
23:34:13.989 [main] DEBUG - Save part 'xl/sharedStrings.xml'
23:34:13.989 [main] DEBUG - Save part 'xl/styles.xml'
23:34:13.989 [main] DEBUG - Save part 'xl/workbook.xml'
23:34:13.990 [main] DEBUG - Save part 'xl/worksheets/sheet1.xml'
23:34:13.990 [main] DEBUG - Save part 'xl/worksheets/sheet2.xml'
23:34:13.991 [main] INFO  - Sub-Menu of Gyms are Printed.......
23:34:15.435 [main] DEBUG - Parsing relationship: /xl/_rels/workbook.xml.rels
23:34:15.436 [main] DEBUG - Parsing relationship: /_rels/.rels
23:34:15.455 [main] DEBUG - Save content types part
23:34:15.456 [main] DEBUG - Save package relationships
23:34:15.456 [main] DEBUG - Save part 'docProps/app.xml'
23:34:15.457 [main] DEBUG - Save part 'docProps/core.xml'
23:34:15.458 [main] DEBUG - Save part 'xl/sharedStrings.xml'
23:34:15.459 [main] DEBUG - Save part 'xl/styles.xml'
23:34:15.459 [main] DEBUG - Save part 'xl/workbook.xml'
23:34:15.460 [main] DEBUG - Save part 'xl/worksheets/sheet1.xml'
23:34:15.461 [main] DEBUG - Save part 'xl/worksheets/sheet2.xml'
23:34:15.462 [main] DEBUG - Save part 'xl/worksheets/sheet3.xml'
23:34:15.463 [main] INFO  - Sub-Menu dropdown items list is printed.....
23:36:09.392 [main] INFO  - First Pop Up Handled.......
23:36:11.574 [main] INFO  - Near By Location is entered.......
23:36:11.680 [main] INFO  - Suggested location is selected.......
23:36:12.158 [main] DEBUG - Parsing relationship: /xl/_rels/workbook.xml.rels
23:36:12.160 [main] DEBUG - Parsing relationship: /_rels/.rels
23:36:12.265 [main] TRACE - Loading type system org.apache.poi.schemas.ooxml.system.ooxml
23:36:12.266 [main] TRACE - Loading type system org.apache.xmlbeans.metadata.system.sXMLCONFIG
23:36:12.267 [main] TRACE - Loading type system org.apache.xmlbeans.metadata.system.sXMLLANG
23:36:12.267 [main] TRACE - Loading type system org.apache.xmlbeans.metadata.system.sXMLSCHEMA
23:36:12.267 [main] TRACE - Loading type system org.apache.xmlbeans.metadata.system.sXMLTOOLS
23:36:12.268 [main] TRACE - Reading unresolved handles for type system org.apache.xmlbeans.metadata.system.sXMLTOOLS
23:36:12.277 [main] TRACE - Finished loading type system org.apache.xmlbeans.metadata.system.sXMLTOOLS
23:36:12.278 [main] TRACE - Reading unresolved handles for type system org.apache.xmlbeans.metadata.system.sXMLSCHEMA
23:36:12.280 [main] TRACE - Finished loading type system org.apache.xmlbeans.metadata.system.sXMLSCHEMA
23:36:12.281 [main] TRACE - Reading unresolved handles for type system org.apache.xmlbeans.metadata.system.sXMLLANG
23:36:12.282 [main] TRACE - Finished loading type system org.apache.xmlbeans.metadata.system.sXMLLANG
23:36:12.282 [main] TRACE - Reading unresolved handles for type system org.apache.xmlbeans.metadata.system.sXMLCONFIG
23:36:12.282 [main] TRACE - Finished loading type system org.apache.xmlbeans.metadata.system.sXMLCONFIG
23:36:12.283 [main] TRACE - Reading unresolved handles for type system org.apache.poi.schemas.ooxml.system.ooxml
23:36:12.314 [main] TRACE - Finished loading type system org.apache.poi.schemas.ooxml.system.ooxml
23:36:12.314 [main] TRACE - Resolving type for handle themefd26doctype
23:36:12.363 [main] TRACE - Resolving type for handle stylesheet5d8bdoctype
23:36:12.366 [main] TRACE - Resolving type for handle ctstylesheet4257type
23:36:12.367 [main] TRACE - Resolving type for handle ctfonts6623type
23:36:12.369 [main] TRACE - Resolving type for handle ctfont14d8type
23:36:12.372 [main] TRACE - Resolving type for handle ctfills2c6ftype
23:36:12.373 [main] TRACE - Resolving type for handle ctfill550ctype
23:36:12.375 [main] TRACE - Resolving type for handle ctborders0d66type
23:36:12.376 [main] TRACE - Resolving type for handle ctborderf935type
23:36:12.378 [main] TRACE - Resolving type for handle ctcellxfs1322type
23:36:12.380 [main] TRACE - Resolving type for handle ctxf97f7type
23:36:12.384 [main] TRACE - Resolving type for handle ctcellstylexfsa81ftype
23:36:12.387 [main] TRACE - Resolving type for handle ctdxfsb26atype
23:36:12.391 [main] TRACE - Resolving type for handle cttablestyles872ftype
23:36:12.394 [main] TRACE - Resolving type for handle sstf81fdoctype
23:36:12.397 [main] TRACE - Resolving type for handle ctsst44f3type
23:36:12.414 [main] TRACE - Resolving type for handle ctrsta472type
23:36:12.427 [main] TRACE - Resolving type for handle workbookec17doctype
23:36:12.432 [main] TRACE - Resolving type for handle ctworkbook83c3type
23:36:12.436 [main] TRACE - Resolving type for handle ctsheets49fdtype
23:36:12.438 [main] TRACE - Resolving type for handle ctsheet4dbetype
23:36:12.439 [main] TRACE - Resolving type for handle strelationshipid1e94type
23:36:12.442 [main] TRACE - Resolving type for handle worksheetf539doctype
23:36:12.446 [main] TRACE - Resolving type for handle ctworksheet530dtype
23:36:12.459 [main] TRACE - Resolving type for handle ctcols627ctype
23:36:12.462 [main] TRACE - Resolving type for handle ctcola95ftype
23:36:12.469 [main] TRACE - Resolving type for handle ctsheetdata8408type
23:36:12.473 [main] TRACE - Resolving type for handle ctrowdd39type
23:36:12.478 [main] TRACE - Resolving type for handle ctcell842btype
23:36:12.483 [main] TRACE - Resolving type for handle stcellrefe4e0type
23:36:12.488 [main] TRACE - Resolving type for handle stxstringf179type
23:36:12.489 [main] TRACE - Resolving type for handle stcelltypebf95type
23:36:14.685 [main] INFO  - Type Car Washing Services in search box.......
23:36:16.794 [main] INFO  - Suggested Car Washing Services is selected.......
23:36:19.422 [main] INFO  - Clicked on search button and result appears.......
23:36:21.859 [main] INFO  - Clicked on All Filters Sub-Menu.......
23:36:21.967 [main] INFO  - Click and Select rating 4.0+.......
23:36:22.102 [main] INFO  - Click on Apply Filter Button.......
23:36:36.228 [main] INFO  - Click on Show Number Flare Button to get contact of car washing services Dealer 
23:36:46.256 [main] INFO  - PopUp appeared and handled.......
23:36:47.339 [main] TRACE - Resolving type for handle ctworkbookpr03a5type
23:36:47.342 [main] TRACE - Resolving type for handle ctbookviewsb864type
23:36:47.343 [main] TRACE - Resolving type for handle ctbookviewf677type
23:36:47.347 [main] TRACE - Resolving type for handle propertiesee84doctype
23:36:47.348 [main] TRACE - Resolving type for handle ctproperties3f10type
23:36:47.350 [main] TRACE - Resolving type for handle properties288cdoctype
23:36:47.351 [main] TRACE - Resolving type for handle ctproperties2c18type
23:36:47.353 [main] TRACE - Resolving type for handle ctfontsizeb3b9type
23:36:47.354 [main] TRACE - Resolving type for handle ctcolord2c2type
23:36:47.355 [main] TRACE - Resolving type for handle ctfontname2dc3type
23:36:47.357 [main] TRACE - Resolving type for handle ctfontfamily685ctype
23:36:47.358 [main] TRACE - Resolving type for handle stfontfamily9c6ctype
23:36:47.360 [main] TRACE - Resolving type for handle ctfontschemebf5dtype
23:36:47.362 [main] TRACE - Resolving type for handle stfontschemef36dtype
23:36:47.363 [main] TRACE - Resolving type for handle ctpatternfill7452type
23:36:47.365 [main] TRACE - Resolving type for handle stpatterntype7939type
23:36:47.366 [main] TRACE - Resolving type for handle ctborderpre497type
23:36:47.368 [main] TRACE - Resolving type for handle stnumfmtid76fbtype
23:36:47.369 [main] TRACE - Resolving type for handle stfontid9d63type
23:36:47.369 [main] TRACE - Resolving type for handle stfillida097type
23:36:47.370 [main] TRACE - Resolving type for handle stborderid1a80type
23:36:47.371 [main] TRACE - Resolving type for handle stcellstylexfid70c7type
23:36:47.372 [main] TRACE - Resolving type for handle ctsheetformatprdef7type
23:36:47.374 [main] TRACE - Resolving type for handle ctsheetviewsb918type
23:36:47.374 [main] TRACE - Resolving type for handle ctsheetview0f43type
23:36:47.376 [main] TRACE - Resolving type for handle ctsheetdimensiond310type
23:36:47.377 [main] TRACE - Resolving type for handle stref90a2type
23:36:47.379 [main] TRACE - Resolving type for handle ctpagemargins5455type
23:36:47.892 [main] TRACE - Resolving type for handle ctnumfmtsb58btype
23:36:47.911 [main] DEBUG - Save core properties part
23:36:47.911 [main] DEBUG - Save content types part
23:36:47.958 [main] DEBUG - Save package relationships
23:36:47.963 [main] DEBUG - Save part 'docProps/app.xml'
23:36:47.963 [main] DEBUG - Save part 'docProps/core.xml'
23:36:47.965 [main] DEBUG - Save part 'xl/sharedStrings.xml'
23:36:47.966 [main] DEBUG - Save part 'xl/styles.xml'
23:36:47.966 [main] DEBUG - Save part 'xl/workbook.xml'
23:36:47.967 [main] DEBUG - Save part 'xl/worksheets/sheet1.xml'
23:36:47.967 [main] DEBUG - Save content types part
23:36:47.968 [main] DEBUG - Save package relationships
23:36:47.969 [main] DEBUG - Save part 'docProps/app.xml'
23:36:47.969 [main] DEBUG - Save part 'docProps/core.xml'
23:36:47.969 [main] DEBUG - Save part 'xl/sharedStrings.xml'
23:36:47.970 [main] DEBUG - Save part 'xl/styles.xml'
23:36:47.970 [main] DEBUG - Save part 'xl/workbook.xml'
23:36:47.970 [main] DEBUG - Save part 'xl/worksheets/sheet1.xml'
23:36:49.975 [main] INFO  - Printing Details of Car Washing Services.......
23:37:00.816 [main] DEBUG - Parsing relationship: /xl/_rels/workbook.xml.rels
23:37:00.817 [main] DEBUG - Parsing relationship: /_rels/.rels
23:37:01.355 [main] DEBUG - Save content types part
23:37:01.356 [main] DEBUG - Save package relationships
23:37:01.357 [main] DEBUG - Save part 'docProps/app.xml'
23:37:01.358 [main] DEBUG - Save part 'docProps/core.xml'
23:37:01.359 [main] DEBUG - Save part 'xl/sharedStrings.xml'
23:37:01.359 [main] DEBUG - Save part 'xl/styles.xml'
23:37:01.359 [main] DEBUG - Save part 'xl/workbook.xml'
23:37:01.360 [main] DEBUG - Save part 'xl/worksheets/sheet1.xml'
23:37:01.361 [main] DEBUG - Save part 'xl/worksheets/sheet2.xml'
23:37:03.481 [main] DEBUG - Parsing relationship: /xl/_rels/workbook.xml.rels
23:37:03.482 [main] DEBUG - Parsing relationship: /_rels/.rels
23:37:03.503 [main] DEBUG - Save content types part
23:37:03.504 [main] DEBUG - Save package relationships
23:37:03.504 [main] DEBUG - Save part 'docProps/app.xml'
23:37:03.504 [main] DEBUG - Save part 'docProps/core.xml'
23:37:03.505 [main] DEBUG - Save part 'xl/sharedStrings.xml'
23:37:03.505 [main] DEBUG - Save part 'xl/styles.xml'
23:37:03.506 [main] DEBUG - Save part 'xl/workbook.xml'
23:37:03.510 [main] DEBUG - Save part 'xl/worksheets/sheet1.xml'
23:37:03.510 [main] DEBUG - Save part 'xl/worksheets/sheet2.xml'
23:37:03.510 [main] DEBUG - Save part 'xl/worksheets/sheet3.xml'
23:39:03.950 [TestNG-tests-1] INFO  - First Pop Up Handled.......
23:39:06.136 [TestNG-tests-1] INFO  - Near By Location is entered.......
23:40:08.834 [main] INFO  - First Pop Up Handled.......
23:40:11.036 [main] INFO  - Near By Location is entered.......
23:40:17.660 [main] INFO  - Suggested location is selected.......
23:40:56.977 [TestNG-tests-2] INFO  - First Pop Up Handled.......
23:41:07.011 [TestNG-tests-1] INFO  - First Pop Up Handled.......
23:41:09.240 [TestNG-tests-2] INFO  - Near By Location is entered.......
23:41:09.317 [TestNG-tests-1] INFO  - Near By Location is entered.......
23:41:09.338 [TestNG-tests-2] INFO  - Suggested location is selected.......
23:41:09.712 [TestNG-tests-1] INFO  - Suggested location is selected.......
23:41:46.091 [TestNG-tests-2] DEBUG - Parsing relationship: /xl/_rels/workbook.xml.rels
23:41:46.093 [TestNG-tests-2] DEBUG - Parsing relationship: /_rels/.rels
23:41:46.214 [TestNG-tests-2] TRACE - Loading type system org.apache.poi.schemas.ooxml.system.ooxml
23:41:46.216 [TestNG-tests-2] TRACE - Loading type system org.apache.xmlbeans.metadata.system.sXMLCONFIG
23:41:46.216 [TestNG-tests-2] TRACE - Loading type system org.apache.xmlbeans.metadata.system.sXMLLANG
23:41:46.216 [TestNG-tests-2] TRACE - Loading type system org.apache.xmlbeans.metadata.system.sXMLSCHEMA
23:41:46.217 [TestNG-tests-2] TRACE - Loading type system org.apache.xmlbeans.metadata.system.sXMLTOOLS
23:41:46.218 [TestNG-tests-2] TRACE - Reading unresolved handles for type system org.apache.xmlbeans.metadata.system.sXMLTOOLS
23:41:46.228 [TestNG-tests-2] TRACE - Finished loading type system org.apache.xmlbeans.metadata.system.sXMLTOOLS
23:41:46.228 [TestNG-tests-2] TRACE - Reading unresolved handles for type system org.apache.xmlbeans.metadata.system.sXMLSCHEMA
23:41:46.232 [TestNG-tests-2] TRACE - Finished loading type system org.apache.xmlbeans.metadata.system.sXMLSCHEMA
23:41:46.233 [TestNG-tests-2] TRACE - Reading unresolved handles for type system org.apache.xmlbeans.metadata.system.sXMLLANG
23:41:46.234 [TestNG-tests-2] TRACE - Finished loading type system org.apache.xmlbeans.metadata.system.sXMLLANG
23:41:46.235 [TestNG-tests-2] TRACE - Reading unresolved handles for type system org.apache.xmlbeans.metadata.system.sXMLCONFIG
23:41:46.236 [TestNG-tests-2] TRACE - Finished loading type system org.apache.xmlbeans.metadata.system.sXMLCONFIG
23:41:46.236 [TestNG-tests-2] TRACE - Reading unresolved handles for type system org.apache.poi.schemas.ooxml.system.ooxml
23:41:46.274 [TestNG-tests-2] TRACE - Finished loading type system org.apache.poi.schemas.ooxml.system.ooxml
23:41:46.274 [TestNG-tests-2] TRACE - Resolving type for handle sstf81fdoctype
23:41:46.311 [TestNG-tests-2] TRACE - Resolving type for handle ctsst44f3type
23:41:46.321 [TestNG-tests-2] TRACE - Resolving type for handle ctrsta472type
23:41:46.340 [TestNG-tests-2] TRACE - Resolving type for handle stylesheet5d8bdoctype
23:41:46.343 [TestNG-tests-2] TRACE - Resolving type for handle ctstylesheet4257type
23:41:46.345 [TestNG-tests-2] TRACE - Resolving type for handle ctnumfmtsb58btype
23:41:46.346 [TestNG-tests-2] TRACE - Resolving type for handle ctfonts6623type
23:41:46.348 [TestNG-tests-2] TRACE - Resolving type for handle ctfont14d8type
23:41:46.352 [TestNG-tests-2] TRACE - Resolving type for handle ctfills2c6ftype
23:41:46.353 [TestNG-tests-2] TRACE - Resolving type for handle ctfill550ctype
23:41:46.354 [TestNG-tests-2] TRACE - Resolving type for handle ctborders0d66type
23:41:46.356 [TestNG-tests-2] TRACE - Resolving type for handle ctborderf935type
23:41:46.358 [TestNG-tests-2] TRACE - Resolving type for handle ctcellxfs1322type
23:41:46.359 [TestNG-tests-2] TRACE - Resolving type for handle ctxf97f7type
23:41:46.363 [TestNG-tests-2] TRACE - Resolving type for handle ctcellstylexfsa81ftype
23:41:46.368 [TestNG-tests-2] TRACE - Resolving type for handle workbookec17doctype
23:41:46.371 [TestNG-tests-2] TRACE - Resolving type for handle ctworkbook83c3type
23:41:46.374 [TestNG-tests-2] TRACE - Resolving type for handle ctsheets49fdtype
23:41:46.376 [TestNG-tests-2] TRACE - Resolving type for handle ctsheet4dbetype
23:41:46.377 [TestNG-tests-2] TRACE - Resolving type for handle strelationshipid1e94type
23:41:46.378 [TestNG-tests-2] TRACE - Resolving type for handle worksheetf539doctype
23:41:46.386 [TestNG-tests-2] TRACE - Resolving type for handle ctworksheet530dtype
23:41:46.392 [TestNG-tests-2] TRACE - Resolving type for handle ctcols627ctype
23:41:46.398 [TestNG-tests-2] TRACE - Resolving type for handle ctsheetdata8408type
23:41:46.403 [TestNG-tests-2] TRACE - Resolving type for handle ctrowdd39type
23:41:46.408 [TestNG-tests-2] TRACE - Resolving type for handle ctcell842btype
23:41:46.413 [TestNG-tests-2] TRACE - Resolving type for handle stcellrefe4e0type
23:41:46.426 [TestNG-tests-2] TRACE - Resolving type for handle stxstringf179type
23:41:46.427 [TestNG-tests-2] TRACE - Resolving type for handle stcelltypebf95type
23:41:55.978 [TestNG-tests-1] DEBUG - Parsing relationship: /xl/_rels/workbook.xml.rels
23:41:55.979 [TestNG-tests-1] DEBUG - Parsing relationship: /_rels/.rels
23:41:59.690 [TestNG-tests-2] TRACE - Resolving type for handle stcellstylexfid70c7type
23:41:59.693 [TestNG-tests-2] TRACE - Resolving type for handle ctsheetdimensiond310type
23:41:59.695 [TestNG-tests-2] TRACE - Resolving type for handle stref90a2type
23:41:59.706 [TestNG-tests-2] TRACE - Resolving type for handle propertiesee84doctype
23:41:59.707 [TestNG-tests-2] TRACE - Resolving type for handle ctproperties3f10type
23:41:59.712 [TestNG-tests-2] TRACE - Resolving type for handle properties288cdoctype
23:41:59.713 [TestNG-tests-2] TRACE - Resolving type for handle ctproperties2c18type
23:41:59.725 [TestNG-tests-2] DEBUG - Save content types part
23:41:59.815 [TestNG-tests-2] DEBUG - Save package relationships
23:41:59.823 [TestNG-tests-2] DEBUG - Save part 'docProps/app.xml'
23:41:59.824 [TestNG-tests-2] DEBUG - Save part 'docProps/core.xml'
23:41:59.827 [TestNG-tests-2] DEBUG - Save part 'xl/sharedStrings.xml'
23:41:59.828 [TestNG-tests-2] DEBUG - Save part 'xl/styles.xml'
23:41:59.828 [TestNG-tests-2] DEBUG - Save part 'xl/workbook.xml'
23:41:59.831 [TestNG-tests-2] DEBUG - Save part 'xl/worksheets/sheet1.xml'
23:41:59.831 [TestNG-tests-2] DEBUG - Save part 'xl/worksheets/sheet2.xml'
23:41:59.832 [TestNG-tests-2] DEBUG - Save part 'xl/worksheets/sheet3.xml'
23:51:05.096 [main] INFO  - First Pop Up Handled.......
23:51:07.267 [main] INFO  - Near By Location is entered.......
23:51:07.333 [main] INFO  - Suggested location is selected.......
23:51:07.786 [main] DEBUG - Parsing relationship: /xl/_rels/workbook.xml.rels
23:51:07.788 [main] DEBUG - Parsing relationship: /_rels/.rels
23:51:07.966 [main] TRACE - Loading type system org.apache.poi.schemas.ooxml.system.ooxml
23:51:07.970 [main] TRACE - Loading type system org.apache.xmlbeans.metadata.system.sXMLCONFIG
23:51:07.971 [main] TRACE - Loading type system org.apache.xmlbeans.metadata.system.sXMLLANG
23:51:07.972 [main] TRACE - Loading type system org.apache.xmlbeans.metadata.system.sXMLSCHEMA
23:51:07.972 [main] TRACE - Loading type system org.apache.xmlbeans.metadata.system.sXMLTOOLS
23:51:07.973 [main] TRACE - Reading unresolved handles for type system org.apache.xmlbeans.metadata.system.sXMLTOOLS
23:51:07.986 [main] TRACE - Finished loading type system org.apache.xmlbeans.metadata.system.sXMLTOOLS
23:51:07.986 [main] TRACE - Reading unresolved handles for type system org.apache.xmlbeans.metadata.system.sXMLSCHEMA
23:51:07.989 [main] TRACE - Finished loading type system org.apache.xmlbeans.metadata.system.sXMLSCHEMA
23:51:07.990 [main] TRACE - Reading unresolved handles for type system org.apache.xmlbeans.metadata.system.sXMLLANG
23:51:07.991 [main] TRACE - Finished loading type system org.apache.xmlbeans.metadata.system.sXMLLANG
23:51:07.992 [main] TRACE - Reading unresolved handles for type system org.apache.xmlbeans.metadata.system.sXMLCONFIG
23:51:07.994 [main] TRACE - Finished loading type system org.apache.xmlbeans.metadata.system.sXMLCONFIG
23:51:07.995 [main] TRACE - Reading unresolved handles for type system org.apache.poi.schemas.ooxml.system.ooxml
23:51:08.057 [main] TRACE - Finished loading type system org.apache.poi.schemas.ooxml.system.ooxml
23:51:08.058 [main] TRACE - Resolving type for handle themefd26doctype
23:51:08.132 [main] TRACE - Resolving type for handle stylesheet5d8bdoctype
23:51:08.139 [main] TRACE - Resolving type for handle ctstylesheet4257type
23:51:08.142 [main] TRACE - Resolving type for handle ctfonts6623type
23:51:08.147 [main] TRACE - Resolving type for handle ctfont14d8type
23:51:08.152 [main] TRACE - Resolving type for handle ctfills2c6ftype
23:51:08.155 [main] TRACE - Resolving type for handle ctfill550ctype
23:51:08.157 [main] TRACE - Resolving type for handle ctborders0d66type
23:51:08.163 [main] TRACE - Resolving type for handle ctborderf935type
23:51:08.167 [main] TRACE - Resolving type for handle ctcellxfs1322type
23:51:08.170 [main] TRACE - Resolving type for handle ctxf97f7type
23:51:08.172 [main] TRACE - Resolving type for handle ctcellstylexfsa81ftype
23:51:08.176 [main] TRACE - Resolving type for handle ctdxfsb26atype
23:51:08.181 [main] TRACE - Resolving type for handle cttablestyles872ftype
23:51:08.186 [main] TRACE - Resolving type for handle sstf81fdoctype
23:51:08.190 [main] TRACE - Resolving type for handle ctsst44f3type
23:51:08.207 [main] TRACE - Resolving type for handle ctrsta472type
23:51:08.229 [main] TRACE - Resolving type for handle workbookec17doctype
23:51:08.236 [main] TRACE - Resolving type for handle ctworkbook83c3type
23:51:08.243 [main] TRACE - Resolving type for handle ctsheets49fdtype
23:51:08.249 [main] TRACE - Resolving type for handle ctsheet4dbetype
23:51:08.254 [main] TRACE - Resolving type for handle strelationshipid1e94type
23:51:08.257 [main] TRACE - Resolving type for handle worksheetf539doctype
23:51:08.266 [main] TRACE - Resolving type for handle ctworksheet530dtype
23:51:08.280 [main] TRACE - Resolving type for handle ctcols627ctype
23:51:08.288 [main] TRACE - Resolving type for handle ctcola95ftype
23:51:08.306 [main] TRACE - Resolving type for handle ctsheetdata8408type
23:51:08.311 [main] TRACE - Resolving type for handle ctrowdd39type
23:51:08.319 [main] TRACE - Resolving type for handle ctcell842btype
23:51:08.332 [main] TRACE - Resolving type for handle stcellrefe4e0type
23:51:08.348 [main] TRACE - Resolving type for handle stxstringf179type
23:51:08.354 [main] TRACE - Resolving type for handle stcelltypebf95type
23:51:10.620 [main] INFO  - Type Car Washing Services in search box.......
23:51:12.701 [main] INFO  - Suggested Car Washing Services is selected.......
23:51:14.768 [main] INFO  - Clicked on search button and result appears.......
23:51:17.126 [main] INFO  - Clicked on All Filters Sub-Menu.......
23:51:17.219 [main] INFO  - Click and Select rating 4.0+.......
23:51:17.320 [main] INFO  - Click on Apply Filter Button.......
23:51:19.475 [main] TRACE - Resolving type for handle ctworkbookpr03a5type
23:51:19.489 [main] TRACE - Resolving type for handle ctbookviewsb864type
23:51:19.492 [main] TRACE - Resolving type for handle ctbookviewf677type
23:51:19.495 [main] TRACE - Resolving type for handle propertiesee84doctype
23:51:19.497 [main] TRACE - Resolving type for handle ctproperties3f10type
23:51:19.500 [main] TRACE - Resolving type for handle properties288cdoctype
23:51:19.501 [main] TRACE - Resolving type for handle ctproperties2c18type
23:51:19.505 [main] TRACE - Resolving type for handle ctfontsizeb3b9type
23:51:19.507 [main] TRACE - Resolving type for handle ctcolord2c2type
23:51:19.510 [main] TRACE - Resolving type for handle ctfontname2dc3type
23:51:19.512 [main] TRACE - Resolving type for handle ctfontfamily685ctype
23:51:19.514 [main] TRACE - Resolving type for handle stfontfamily9c6ctype
23:51:19.518 [main] TRACE - Resolving type for handle ctfontschemebf5dtype
23:51:19.520 [main] TRACE - Resolving type for handle stfontschemef36dtype
23:51:19.522 [main] TRACE - Resolving type for handle ctpatternfill7452type
23:51:19.528 [main] TRACE - Resolving type for handle stpatterntype7939type
23:51:19.528 [main] TRACE - Resolving type for handle ctborderpre497type
23:51:19.532 [main] TRACE - Resolving type for handle stnumfmtid76fbtype
23:51:19.534 [main] TRACE - Resolving type for handle stfontid9d63type
23:51:19.536 [main] TRACE - Resolving type for handle stfillida097type
23:51:19.538 [main] TRACE - Resolving type for handle stborderid1a80type
23:51:19.540 [main] TRACE - Resolving type for handle stcellstylexfid70c7type
23:51:19.543 [main] TRACE - Resolving type for handle ctsheetformatprdef7type
23:51:19.546 [main] TRACE - Resolving type for handle ctsheetviewsb918type
23:51:19.549 [main] TRACE - Resolving type for handle ctsheetview0f43type
23:51:19.554 [main] TRACE - Resolving type for handle ctsheetdimensiond310type
23:51:19.556 [main] TRACE - Resolving type for handle stref90a2type
23:51:19.559 [main] TRACE - Resolving type for handle ctpagemargins5455type
23:51:19.774 [main] TRACE - Resolving type for handle ctnumfmtsb58btype
23:51:19.786 [main] DEBUG - Save core properties part
23:51:19.786 [main] DEBUG - Save content types part
23:51:19.825 [main] DEBUG - Save package relationships
23:51:19.828 [main] DEBUG - Save part 'docProps/app.xml'
23:51:19.828 [main] DEBUG - Save part 'docProps/core.xml'
23:51:19.830 [main] DEBUG - Save part 'xl/sharedStrings.xml'
23:51:19.830 [main] DEBUG - Save part 'xl/styles.xml'
23:51:19.830 [main] DEBUG - Save part 'xl/workbook.xml'
23:51:19.831 [main] DEBUG - Save part 'xl/worksheets/sheet1.xml'
23:51:19.832 [main] DEBUG - Save content types part
23:51:19.832 [main] DEBUG - Save package relationships
23:51:19.833 [main] DEBUG - Save part 'docProps/app.xml'
23:51:19.833 [main] DEBUG - Save part 'docProps/core.xml'
23:51:19.834 [main] DEBUG - Save part 'xl/sharedStrings.xml'
23:51:19.834 [main] DEBUG - Save part 'xl/styles.xml'
23:51:19.834 [main] DEBUG - Save part 'xl/workbook.xml'
23:51:19.835 [main] DEBUG - Save part 'xl/worksheets/sheet1.xml'
23:51:21.837 [main] INFO  - Printing Details of Car Washing Services.......
23:51:31.885 [main] DEBUG - Parsing relationship: /xl/_rels/workbook.xml.rels
23:51:31.886 [main] DEBUG - Parsing relationship: /_rels/.rels
23:51:32.125 [main] DEBUG - Save content types part
23:51:32.125 [main] DEBUG - Save package relationships
23:51:32.126 [main] DEBUG - Save part 'docProps/app.xml'
23:51:32.126 [main] DEBUG - Save part 'docProps/core.xml'
23:51:32.127 [main] DEBUG - Save part 'xl/sharedStrings.xml'
23:51:32.127 [main] DEBUG - Save part 'xl/styles.xml'
23:51:32.127 [main] DEBUG - Save part 'xl/workbook.xml'
23:51:32.128 [main] DEBUG - Save part 'xl/worksheets/sheet1.xml'
23:51:32.128 [main] DEBUG - Save part 'xl/worksheets/sheet2.xml'
23:51:33.243 [main] DEBUG - Parsing relationship: /xl/_rels/workbook.xml.rels
23:51:33.243 [main] DEBUG - Parsing relationship: /_rels/.rels
23:51:33.263 [main] DEBUG - Save content types part
23:51:33.264 [main] DEBUG - Save package relationships
23:51:33.265 [main] DEBUG - Save part 'docProps/app.xml'
23:51:33.265 [main] DEBUG - Save part 'docProps/core.xml'
23:51:33.265 [main] DEBUG - Save part 'xl/sharedStrings.xml'
23:51:33.266 [main] DEBUG - Save part 'xl/styles.xml'
23:51:33.266 [main] DEBUG - Save part 'xl/workbook.xml'
23:51:33.267 [main] DEBUG - Save part 'xl/worksheets/sheet1.xml'
23:51:33.267 [main] DEBUG - Save part 'xl/worksheets/sheet2.xml'
23:51:33.267 [main] DEBUG - Save part 'xl/worksheets/sheet3.xml'
23:52:30.896 [main] INFO  - First Pop Up Handled.......
23:52:33.069 [main] INFO  - Near By Location is entered.......
23:52:33.136 [main] INFO  - Suggested location is selected.......
23:52:33.502 [main] DEBUG - Parsing relationship: /xl/_rels/workbook.xml.rels
23:52:33.504 [main] DEBUG - Parsing relationship: /_rels/.rels
23:52:33.603 [main] TRACE - Loading type system org.apache.poi.schemas.ooxml.system.ooxml
23:52:33.605 [main] TRACE - Loading type system org.apache.xmlbeans.metadata.system.sXMLCONFIG
23:52:33.605 [main] TRACE - Loading type system org.apache.xmlbeans.metadata.system.sXMLLANG
23:52:33.606 [main] TRACE - Loading type system org.apache.xmlbeans.metadata.system.sXMLSCHEMA
23:52:33.606 [main] TRACE - Loading type system org.apache.xmlbeans.metadata.system.sXMLTOOLS
23:52:33.606 [main] TRACE - Reading unresolved handles for type system org.apache.xmlbeans.metadata.system.sXMLTOOLS
23:52:33.613 [main] TRACE - Finished loading type system org.apache.xmlbeans.metadata.system.sXMLTOOLS
23:52:33.614 [main] TRACE - Reading unresolved handles for type system org.apache.xmlbeans.metadata.system.sXMLSCHEMA
23:52:33.616 [main] TRACE - Finished loading type system org.apache.xmlbeans.metadata.system.sXMLSCHEMA
23:52:33.616 [main] TRACE - Reading unresolved handles for type system org.apache.xmlbeans.metadata.system.sXMLLANG
23:52:33.617 [main] TRACE - Finished loading type system org.apache.xmlbeans.metadata.system.sXMLLANG
23:52:33.617 [main] TRACE - Reading unresolved handles for type system org.apache.xmlbeans.metadata.system.sXMLCONFIG
23:52:33.618 [main] TRACE - Finished loading type system org.apache.xmlbeans.metadata.system.sXMLCONFIG
23:52:33.618 [main] TRACE - Reading unresolved handles for type system org.apache.poi.schemas.ooxml.system.ooxml
23:52:33.648 [main] TRACE - Finished loading type system org.apache.poi.schemas.ooxml.system.ooxml
23:52:33.649 [main] TRACE - Resolving type for handle themefd26doctype
23:52:33.684 [main] TRACE - Resolving type for handle stylesheet5d8bdoctype
23:52:33.689 [main] TRACE - Resolving type for handle ctstylesheet4257type
23:52:33.692 [main] TRACE - Resolving type for handle ctfonts6623type
23:52:33.693 [main] TRACE - Resolving type for handle ctfont14d8type
23:52:33.696 [main] TRACE - Resolving type for handle ctfills2c6ftype
23:52:33.699 [main] TRACE - Resolving type for handle ctfill550ctype
23:52:33.701 [main] TRACE - Resolving type for handle ctborders0d66type
23:52:33.703 [main] TRACE - Resolving type for handle ctborderf935type
23:52:33.705 [main] TRACE - Resolving type for handle ctcellxfs1322type
23:52:33.707 [main] TRACE - Resolving type for handle ctxf97f7type
23:52:33.708 [main] TRACE - Resolving type for handle ctcellstylexfsa81ftype
23:52:33.709 [main] TRACE - Resolving type for handle ctdxfsb26atype
23:52:33.710 [main] TRACE - Resolving type for handle cttablestyles872ftype
23:52:33.714 [main] TRACE - Resolving type for handle sstf81fdoctype
23:52:33.717 [main] TRACE - Resolving type for handle ctsst44f3type
23:52:33.726 [main] TRACE - Resolving type for handle ctrsta472type
23:52:33.739 [main] TRACE - Resolving type for handle workbookec17doctype
23:52:33.741 [main] TRACE - Resolving type for handle ctworkbook83c3type
23:52:33.746 [main] TRACE - Resolving type for handle ctsheets49fdtype
23:52:33.748 [main] TRACE - Resolving type for handle ctsheet4dbetype
23:52:33.749 [main] TRACE - Resolving type for handle strelationshipid1e94type
23:52:33.752 [main] TRACE - Resolving type for handle worksheetf539doctype
23:52:33.754 [main] TRACE - Resolving type for handle ctworksheet530dtype
23:52:33.763 [main] TRACE - Resolving type for handle ctcols627ctype
23:52:33.767 [main] TRACE - Resolving type for handle ctcola95ftype
23:52:33.777 [main] TRACE - Resolving type for handle ctsheetdata8408type
23:52:33.779 [main] TRACE - Resolving type for handle ctrowdd39type
23:52:33.785 [main] TRACE - Resolving type for handle ctcell842btype
23:52:33.792 [main] TRACE - Resolving type for handle stcellrefe4e0type
23:52:33.798 [main] TRACE - Resolving type for handle stxstringf179type
23:52:33.802 [main] TRACE - Resolving type for handle stcelltypebf95type
23:52:36.026 [main] INFO  - Type Car Washing Services in search box.......
23:52:38.109 [main] INFO  - Suggested Car Washing Services is selected.......
23:52:40.704 [main] INFO  - Clicked on search button and result appears.......
23:52:43.027 [main] INFO  - Clicked on All Filters Sub-Menu.......
23:52:43.107 [main] INFO  - Click and Select rating 4.0+.......
23:52:43.227 [main] INFO  - Click on Apply Filter Button.......
23:52:45.267 [main] TRACE - Resolving type for handle ctworkbookpr03a5type
23:52:45.272 [main] TRACE - Resolving type for handle ctbookviewsb864type
23:52:45.274 [main] TRACE - Resolving type for handle ctbookviewf677type
23:52:45.278 [main] TRACE - Resolving type for handle propertiesee84doctype
23:52:45.280 [main] TRACE - Resolving type for handle ctproperties3f10type
23:52:45.283 [main] TRACE - Resolving type for handle properties288cdoctype
23:52:45.284 [main] TRACE - Resolving type for handle ctproperties2c18type
23:52:45.287 [main] TRACE - Resolving type for handle ctfontsizeb3b9type
23:52:45.288 [main] TRACE - Resolving type for handle ctcolord2c2type
23:52:45.290 [main] TRACE - Resolving type for handle ctfontname2dc3type
23:52:45.291 [main] TRACE - Resolving type for handle ctfontfamily685ctype
23:52:45.292 [main] TRACE - Resolving type for handle stfontfamily9c6ctype
23:52:45.294 [main] TRACE - Resolving type for handle ctfontschemebf5dtype
23:52:45.295 [main] TRACE - Resolving type for handle stfontschemef36dtype
23:52:45.296 [main] TRACE - Resolving type for handle ctpatternfill7452type
23:52:45.299 [main] TRACE - Resolving type for handle stpatterntype7939type
23:52:45.300 [main] TRACE - Resolving type for handle ctborderpre497type
23:52:45.302 [main] TRACE - Resolving type for handle stnumfmtid76fbtype
23:52:45.303 [main] TRACE - Resolving type for handle stfontid9d63type
