13:22:32.789 [main] TRACE - Resolving type for handle workbookec17doctype
13:22:32.797 [main] TRACE - Resolving type for handle worksheetf539doctype
13:22:33.031 [main] DEBUG - Save content types part
13:22:33.032 [main] DEBUG - Save package relationships
13:22:33.032 [main] DEBUG - Save part 'docProps/app.xml'
13:22:33.032 [main] DEBUG - Save part 'docProps/core.xml'
13:22:33.033 [main] DEBUG - Save part 'xl/sharedStrings.xml'
13:22:33.033 [main] DEBUG - Save part 'xl/styles.xml'
13:22:33.034 [main] DEBUG - Save part 'xl/workbook.xml'
13:22:33.037 [main] DEBUG - Save part 'xl/worksheets/sheet1.xml'
13:22:33.038 [main] DEBUG - Save part 'xl/worksheets/sheet2.xml'
13:22:35.045 [main] INFO  - Sub-Menu of Gyms are Printed.......
13:22:36.154 [main] INFO  - Sub-Menu dropdown items list is printed.....
13:23:42.394 [main] INFO  - Chrome Browser is Opened.......................
13:23:52.339 [main] INFO  - First Pop Up Handled.......
13:23:54.503 [main] INFO  - Near By Location is entered.......
13:23:54.575 [main] INFO  - Suggested location is selected.......
13:23:56.995 [main] INFO  - Type Car Washing Services in search box.......
13:23:59.061 [main] INFO  - Suggested Car Washing Services is selected.......
13:24:01.143 [main] INFO  - Clicked on search button and result appears.......
13:24:03.449 [main] INFO  - Clicked on All Filters Sub-Menu.......
13:24:05.565 [main] INFO  - Click and Select rating 4.0+.......
13:24:08.687 [main] INFO  - Click on Apply Filter Button.......
13:24:19.444 [main] INFO  - Click on Show Number Flare Button to get contact of car washing services Dealer 
13:24:29.467 [main] INFO  - PopUp appeared and handled.......
13:24:30.177 [main] TRACE - Loading type system org.apache.poi.schemas.ooxml.system.ooxml
13:24:30.179 [main] TRACE - Loading type system org.apache.xmlbeans.metadata.system.sXMLCONFIG
13:24:30.179 [main] TRACE - Loading type system org.apache.xmlbeans.metadata.system.sXMLLANG
13:24:30.179 [main] TRACE - Loading type system org.apache.xmlbeans.metadata.system.sXMLSCHEMA
13:24:30.180 [main] TRACE - Loading type system org.apache.xmlbeans.metadata.system.sXMLTOOLS
13:24:30.181 [main] TRACE - Reading unresolved handles for type system org.apache.xmlbeans.metadata.system.sXMLTOOLS
13:24:30.187 [main] TRACE - Finished loading type system org.apache.xmlbeans.metadata.system.sXMLTOOLS
13:24:30.187 [main] TRACE - Reading unresolved handles for type system org.apache.xmlbeans.metadata.system.sXMLSCHEMA
13:24:30.190 [main] TRACE - Finished loading type system org.apache.xmlbeans.metadata.system.sXMLSCHEMA
13:24:30.192 [main] TRACE - Reading unresolved handles for type system org.apache.xmlbeans.metadata.system.sXMLLANG
13:24:30.193 [main] TRACE - Finished loading type system org.apache.xmlbeans.metadata.system.sXMLLANG
13:24:30.193 [main] TRACE - Reading unresolved handles for type system org.apache.xmlbeans.metadata.system.sXMLCONFIG
13:24:30.193 [main] TRACE - Finished loading type system org.apache.xmlbeans.metadata.system.sXMLCONFIG
13:24:30.194 [main] TRACE - Reading unresolved handles for type system org.apache.poi.schemas.ooxml.system.ooxml
13:24:30.224 [main] TRACE - Finished loading type system org.apache.poi.schemas.ooxml.system.ooxml
13:24:30.225 [main] TRACE - Resolving type for handle ctworkbook83c3type
13:24:30.250 [main] TRACE - Resolving type for handle ctworkbookpr03a5type
13:24:30.254 [main] TRACE - Resolving type for handle ctbookviewsb864type
13:24:30.255 [main] TRACE - Resolving type for handle ctbookviewf677type
13:24:30.258 [main] TRACE - Resolving type for handle ctsheets49fdtype
13:24:30.260 [main] TRACE - Resolving type for handle propertiesee84doctype
13:24:30.261 [main] TRACE - Resolving type for handle ctproperties3f10type
13:24:30.266 [main] TRACE - Resolving type for handle properties288cdoctype
13:24:30.267 [main] TRACE - Resolving type for handle ctproperties2c18type
13:24:30.271 [main] TRACE - Resolving type for handle sstf81fdoctype
13:24:30.272 [main] TRACE - Resolving type for handle ctsst44f3type
13:24:30.274 [main] TRACE - Resolving type for handle stylesheet5d8bdoctype
13:24:30.275 [main] TRACE - Resolving type for handle ctstylesheet4257type
13:24:30.277 [main] TRACE - Resolving type for handle ctfont14d8type
13:24:30.281 [main] TRACE - Resolving type for handle ctfontsizeb3b9type
13:24:30.285 [main] TRACE - Resolving type for handle ctcolord2c2type
13:24:30.286 [main] TRACE - Resolving type for handle ctfontname2dc3type
13:24:30.288 [main] TRACE - Resolving type for handle stxstringf179type
13:24:30.290 [main] TRACE - Resolving type for handle ctfontfamily685ctype
13:24:30.291 [main] TRACE - Resolving type for handle stfontfamily9c6ctype
13:24:30.293 [main] TRACE - Resolving type for handle ctfontschemebf5dtype
13:24:30.295 [main] TRACE - Resolving type for handle stfontschemef36dtype
13:24:30.297 [main] TRACE - Resolving type for handle ctfill550ctype
13:24:30.299 [main] TRACE - Resolving type for handle ctpatternfill7452type
13:24:30.302 [main] TRACE - Resolving type for handle stpatterntype7939type
13:24:30.304 [main] TRACE - Resolving type for handle ctborderf935type
13:24:30.306 [main] TRACE - Resolving type for handle ctborderpre497type
13:24:30.310 [main] TRACE - Resolving type for handle ctxf97f7type
13:24:30.312 [main] TRACE - Resolving type for handle stnumfmtid76fbtype
13:24:30.315 [main] TRACE - Resolving type for handle stfontid9d63type
13:24:30.317 [main] TRACE - Resolving type for handle stfillida097type
13:24:30.318 [main] TRACE - Resolving type for handle stborderid1a80type
13:24:30.320 [main] TRACE - Resolving type for handle stcellstylexfid70c7type
13:24:30.325 [main] TRACE - Resolving type for handle ctsheet4dbetype
13:24:30.331 [main] TRACE - Resolving type for handle ctworksheet530dtype
13:24:30.336 [main] TRACE - Resolving type for handle ctsheetformatprdef7type
13:24:30.339 [main] TRACE - Resolving type for handle ctsheetviewsb918type
13:24:30.340 [main] TRACE - Resolving type for handle ctsheetview0f43type
13:24:30.348 [main] TRACE - Resolving type for handle ctsheetdimensiond310type
13:24:30.350 [main] TRACE - Resolving type for handle stref90a2type
13:24:30.351 [main] TRACE - Resolving type for handle ctsheetdata8408type
13:24:30.352 [main] TRACE - Resolving type for handle ctpagemargins5455type
13:24:30.357 [main] TRACE - Resolving type for handle ctcols627ctype
13:24:30.359 [main] TRACE - Resolving type for handle strelationshipid1e94type
13:24:30.360 [main] TRACE - Resolving type for handle ctrowdd39type
13:24:30.369 [main] TRACE - Resolving type for handle ctcell842btype
13:24:30.382 [main] TRACE - Resolving type for handle stcellrefe4e0type
13:24:30.385 [main] TRACE - Resolving type for handle ctrsta472type
13:24:30.387 [main] TRACE - Resolving type for handle stcelltypebf95type
13:24:30.685 [main] TRACE - Resolving type for handle ctnumfmtsb58btype
13:24:30.686 [main] TRACE - Resolving type for handle ctfonts6623type
13:24:30.688 [main] TRACE - Resolving type for handle ctfills2c6ftype
13:24:30.692 [main] TRACE - Resolving type for handle ctborders0d66type
13:24:30.695 [main] TRACE - Resolving type for handle ctcellxfs1322type
13:24:30.699 [main] TRACE - Resolving type for handle ctcellstylexfsa81ftype
13:24:30.711 [main] DEBUG - Save core properties part
13:24:30.711 [main] DEBUG - Save content types part
13:24:30.765 [main] DEBUG - Save package relationships
13:24:30.769 [main] DEBUG - Save part 'docProps/app.xml'
13:24:30.772 [main] DEBUG - Save part 'docProps/core.xml'
13:24:30.776 [main] DEBUG - Save part 'xl/sharedStrings.xml'
13:24:30.776 [main] DEBUG - Save part 'xl/styles.xml'
13:24:30.776 [main] DEBUG - Save part 'xl/workbook.xml'
13:24:30.777 [main] DEBUG - Save part 'xl/worksheets/sheet1.xml'
13:24:30.781 [main] DEBUG - Save content types part
13:24:30.782 [main] DEBUG - Save package relationships
13:24:30.783 [main] DEBUG - Save part 'docProps/app.xml'
13:24:30.783 [main] DEBUG - Save part 'docProps/core.xml'
13:24:30.784 [main] DEBUG - Save part 'xl/sharedStrings.xml'
13:24:30.784 [main] DEBUG - Save part 'xl/styles.xml'
13:24:30.784 [main] DEBUG - Save part 'xl/workbook.xml'
13:24:30.785 [main] DEBUG - Save part 'xl/worksheets/sheet1.xml'
13:24:32.800 [main] INFO  - Printing Details of Car Washing Services.......
13:24:34.836 [main] INFO  - FreeListing is Launched.......
13:24:36.943 [main] INFO  - Wrong detail is given in input box.......
13:24:39.170 [main] INFO  - Start Now Button is clicked.......
13:24:41.363 [main] INFO  - Invalid Message is printed.......
13:24:42.548 [main] INFO  - Navigating Back to original Window.......
13:24:45.040 [main] INFO  - Type gyms in search box.......
13:24:47.361 [main] DEBUG - Parsing relationship: /xl/_rels/workbook.xml.rels
13:24:47.361 [main] DEBUG - Parsing relationship: /_rels/.rels
13:24:47.386 [main] TRACE - Resolving type for handle workbookec17doctype
13:24:47.388 [main] TRACE - Resolving type for handle worksheetf539doctype
13:24:47.627 [main] DEBUG - Save content types part
13:24:47.628 [main] DEBUG - Save package relationships
13:24:47.629 [main] DEBUG - Save part 'docProps/app.xml'
13:24:47.629 [main] DEBUG - Save part 'docProps/core.xml'
13:24:47.630 [main] DEBUG - Save part 'xl/sharedStrings.xml'
13:24:47.630 [main] DEBUG - Save part 'xl/styles.xml'
13:24:47.630 [main] DEBUG - Save part 'xl/workbook.xml'
13:24:47.631 [main] DEBUG - Save part 'xl/worksheets/sheet1.xml'
13:24:47.631 [main] DEBUG - Save part 'xl/worksheets/sheet2.xml'
13:24:49.645 [main] INFO  - Sub-Menu of Gyms are Printed.......
13:24:50.734 [main] INFO  - Sub-Menu dropdown items list is printed.....
13:25:21.827 [main] INFO  - Chrome Browser is Opened.......................
13:25:31.082 [main] INFO  - First Pop Up Handled.......
13:25:33.256 [main] INFO  - Near By Location is entered.......
13:25:33.320 [main] INFO  - Suggested location is selected.......
13:25:35.741 [main] INFO  - Type Car Washing Services in search box.......
13:25:37.815 [main] INFO  - Suggested Car Washing Services is selected.......
13:25:39.885 [main] INFO  - Clicked on search button and result appears.......
13:25:42.230 [main] INFO  - Clicked on All Filters Sub-Menu.......
13:25:44.300 [main] INFO  - Click and Select rating 4.0+.......
13:25:47.411 [main] INFO  - Click on Apply Filter Button.......
13:25:58.179 [main] INFO  - Click on Show Number Flare Button to get contact of car washing services Dealer 
13:26:08.193 [main] INFO  - PopUp appeared and handled.......
13:26:08.895 [main] TRACE - Loading type system org.apache.poi.schemas.ooxml.system.ooxml
13:26:08.897 [main] TRACE - Loading type system org.apache.xmlbeans.metadata.system.sXMLCONFIG
13:26:08.899 [main] TRACE - Loading type system org.apache.xmlbeans.metadata.system.sXMLLANG
13:26:08.899 [main] TRACE - Loading type system org.apache.xmlbeans.metadata.system.sXMLSCHEMA
13:26:08.899 [main] TRACE - Loading type system org.apache.xmlbeans.metadata.system.sXMLTOOLS
13:26:08.900 [main] TRACE - Reading unresolved handles for type system org.apache.xmlbeans.metadata.system.sXMLTOOLS
13:26:08.907 [main] TRACE - Finished loading type system org.apache.xmlbeans.metadata.system.sXMLTOOLS
13:26:08.908 [main] TRACE - Reading unresolved handles for type system org.apache.xmlbeans.metadata.system.sXMLSCHEMA
13:26:08.909 [main] TRACE - Finished loading type system org.apache.xmlbeans.metadata.system.sXMLSCHEMA
13:26:08.910 [main] TRACE - Reading unresolved handles for type system org.apache.xmlbeans.metadata.system.sXMLLANG
13:26:08.911 [main] TRACE - Finished loading type system org.apache.xmlbeans.metadata.system.sXMLLANG
13:26:08.911 [main] TRACE - Reading unresolved handles for type system org.apache.xmlbeans.metadata.system.sXMLCONFIG
13:26:08.912 [main] TRACE - Finished loading type system org.apache.xmlbeans.metadata.system.sXMLCONFIG
13:26:08.912 [main] TRACE - Reading unresolved handles for type system org.apache.poi.schemas.ooxml.system.ooxml
13:26:08.943 [main] TRACE - Finished loading type system org.apache.poi.schemas.ooxml.system.ooxml
13:26:08.944 [main] TRACE - Resolving type for handle ctworkbook83c3type
13:26:08.976 [main] TRACE - Resolving type for handle ctworkbookpr03a5type
13:26:08.980 [main] TRACE - Resolving type for handle ctbookviewsb864type
13:26:08.982 [main] TRACE - Resolving type for handle ctbookviewf677type
13:26:08.986 [main] TRACE - Resolving type for handle ctsheets49fdtype
13:26:08.988 [main] TRACE - Resolving type for handle propertiesee84doctype
13:26:08.989 [main] TRACE - Resolving type for handle ctproperties3f10type
13:26:08.993 [main] TRACE - Resolving type for handle properties288cdoctype
13:26:08.994 [main] TRACE - Resolving type for handle ctproperties2c18type
13:26:09.001 [main] TRACE - Resolving type for handle sstf81fdoctype
13:26:09.002 [main] TRACE - Resolving type for handle ctsst44f3type
13:26:09.005 [main] TRACE - Resolving type for handle stylesheet5d8bdoctype
13:26:09.006 [main] TRACE - Resolving type for handle ctstylesheet4257type
13:26:09.008 [main] TRACE - Resolving type for handle ctfont14d8type
13:26:09.011 [main] TRACE - Resolving type for handle ctfontsizeb3b9type
13:26:09.013 [main] TRACE - Resolving type for handle ctcolord2c2type
13:26:09.018 [main] TRACE - Resolving type for handle ctfontname2dc3type
13:26:09.019 [main] TRACE - Resolving type for handle stxstringf179type
13:26:09.021 [main] TRACE - Resolving type for handle ctfontfamily685ctype
13:26:09.022 [main] TRACE - Resolving type for handle stfontfamily9c6ctype
13:26:09.025 [main] TRACE - Resolving type for handle ctfontschemebf5dtype
13:26:09.026 [main] TRACE - Resolving type for handle stfontschemef36dtype
13:26:09.028 [main] TRACE - Resolving type for handle ctfill550ctype
13:26:09.031 [main] TRACE - Resolving type for handle ctpatternfill7452type
13:26:09.036 [main] TRACE - Resolving type for handle stpatterntype7939type
13:26:09.040 [main] TRACE - Resolving type for handle ctborderf935type
13:26:09.043 [main] TRACE - Resolving type for handle ctborderpre497type
13:26:09.047 [main] TRACE - Resolving type for handle ctxf97f7type
13:26:09.054 [main] TRACE - Resolving type for handle stnumfmtid76fbtype
13:26:09.055 [main] TRACE - Resolving type for handle stfontid9d63type
13:26:09.058 [main] TRACE - Resolving type for handle stfillida097type
13:26:09.059 [main] TRACE - Resolving type for handle stborderid1a80type
13:26:09.060 [main] TRACE - Resolving type for handle stcellstylexfid70c7type
13:26:09.063 [main] TRACE - Resolving type for handle ctsheet4dbetype
13:26:09.072 [main] TRACE - Resolving type for handle ctworksheet530dtype
13:26:09.076 [main] TRACE - Resolving type for handle ctsheetformatprdef7type
13:26:09.079 [main] TRACE - Resolving type for handle ctsheetviewsb918type
13:26:09.083 [main] TRACE - Resolving type for handle ctsheetview0f43type
13:26:09.089 [main] TRACE - Resolving type for handle ctsheetdimensiond310type
13:26:09.090 [main] TRACE - Resolving type for handle stref90a2type
13:26:09.091 [main] TRACE - Resolving type for handle ctsheetdata8408type
13:26:09.092 [main] TRACE - Resolving type for handle ctpagemargins5455type
13:26:09.095 [main] TRACE - Resolving type for handle ctcols627ctype
13:26:09.098 [main] TRACE - Resolving type for handle strelationshipid1e94type
13:26:09.100 [main] TRACE - Resolving type for handle ctrowdd39type
13:26:09.105 [main] TRACE - Resolving type for handle ctcell842btype
13:26:09.110 [main] TRACE - Resolving type for handle stcellrefe4e0type
13:26:09.112 [main] TRACE - Resolving type for handle ctrsta472type
13:26:09.115 [main] TRACE - Resolving type for handle stcelltypebf95type
13:26:09.362 [main] TRACE - Resolving type for handle ctnumfmtsb58btype
13:26:09.363 [main] TRACE - Resolving type for handle ctfonts6623type
13:26:09.366 [main] TRACE - Resolving type for handle ctfills2c6ftype
13:26:09.369 [main] TRACE - Resolving type for handle ctborders0d66type
13:26:09.370 [main] TRACE - Resolving type for handle ctcellxfs1322type
13:26:09.372 [main] TRACE - Resolving type for handle ctcellstylexfsa81ftype
13:26:09.383 [main] DEBUG - Save core properties part
13:26:09.383 [main] DEBUG - Save content types part
13:26:09.438 [main] DEBUG - Save package relationships
13:26:09.442 [main] DEBUG - Save part 'docProps/app.xml'
13:26:09.444 [main] DEBUG - Save part 'docProps/core.xml'
13:26:09.448 [main] DEBUG - Save part 'xl/sharedStrings.xml'
13:26:09.449 [main] DEBUG - Save part 'xl/styles.xml'
13:26:09.449 [main] DEBUG - Save part 'xl/workbook.xml'
13:26:09.450 [main] DEBUG - Save part 'xl/worksheets/sheet1.xml'
13:26:09.453 [main] DEBUG - Save content types part
13:26:09.454 [main] DEBUG - Save package relationships
13:26:09.455 [main] DEBUG - Save part 'docProps/app.xml'
13:26:09.455 [main] DEBUG - Save part 'docProps/core.xml'
13:26:09.455 [main] DEBUG - Save part 'xl/sharedStrings.xml'
13:26:09.456 [main] DEBUG - Save part 'xl/styles.xml'
13:26:09.456 [main] DEBUG - Save part 'xl/workbook.xml'
13:26:09.456 [main] DEBUG - Save part 'xl/worksheets/sheet1.xml'
13:26:11.471 [main] INFO  - Printing Details of Car Washing Services.......
13:26:13.450 [main] INFO  - FreeListing is Launched.......
13:26:15.602 [main] INFO  - Wrong detail is given in input box.......
13:26:17.835 [main] INFO  - Start Now Button is clicked.......
13:26:20.041 [main] INFO  - Invalid Message is printed.......
13:26:21.325 [main] INFO  - Navigating Back to original Window.......
13:26:22.088 [main] INFO  - Type gyms in search box.......
13:26:24.968 [main] DEBUG - Parsing relationship: /xl/_rels/workbook.xml.rels
13:26:24.969 [main] DEBUG - Parsing relationship: /_rels/.rels
13:26:24.997 [main] TRACE - Resolving type for handle workbookec17doctype
13:26:24.999 [main] TRACE - Resolving type for handle worksheetf539doctype
13:26:25.223 [main] DEBUG - Save content types part
13:26:25.224 [main] DEBUG - Save package relationships
13:26:25.225 [main] DEBUG - Save part 'docProps/app.xml'
13:26:25.225 [main] DEBUG - Save part 'docProps/core.xml'
13:26:25.226 [main] DEBUG - Save part 'xl/sharedStrings.xml'
13:26:25.226 [main] DEBUG - Save part 'xl/styles.xml'
13:26:25.226 [main] DEBUG - Save part 'xl/workbook.xml'
13:26:25.227 [main] DEBUG - Save part 'xl/worksheets/sheet1.xml'
13:26:25.227 [main] DEBUG - Save part 'xl/worksheets/sheet2.xml'
13:26:27.237 [main] INFO  - Sub-Menu of Gyms are Printed.......
13:26:28.372 [main] INFO  - Sub-Menu dropdown items list is printed.....
13:34:39.968 [main] INFO  - Chrome Browser is Opened.......................
13:34:49.722 [main] INFO  - First Pop Up Handled.......
13:34:51.891 [main] INFO  - Near By Location is entered.......
13:34:51.958 [main] INFO  - Suggested location is selected.......
13:34:52.338 [main] DEBUG - Parsing relationship: /xl/_rels/workbook.xml.rels
13:34:52.340 [main] DEBUG - Parsing relationship: /_rels/.rels
13:34:52.447 [main] TRACE - Loading type system org.apache.poi.schemas.ooxml.system.ooxml
13:34:52.449 [main] TRACE - Loading type system org.apache.xmlbeans.metadata.system.sXMLCONFIG
13:34:52.449 [main] TRACE - Loading type system org.apache.xmlbeans.metadata.system.sXMLLANG
13:34:52.449 [main] TRACE - Loading type system org.apache.xmlbeans.metadata.system.sXMLSCHEMA
13:34:52.449 [main] TRACE - Loading type system org.apache.xmlbeans.metadata.system.sXMLTOOLS
13:34:52.450 [main] TRACE - Reading unresolved handles for type system org.apache.xmlbeans.metadata.system.sXMLTOOLS
13:34:52.458 [main] TRACE - Finished loading type system org.apache.xmlbeans.metadata.system.sXMLTOOLS
13:34:52.458 [main] TRACE - Reading unresolved handles for type system org.apache.xmlbeans.metadata.system.sXMLSCHEMA
13:34:52.460 [main] TRACE - Finished loading type system org.apache.xmlbeans.metadata.system.sXMLSCHEMA
13:34:52.461 [main] TRACE - Reading unresolved handles for type system org.apache.xmlbeans.metadata.system.sXMLLANG
13:34:52.462 [main] TRACE - Finished loading type system org.apache.xmlbeans.metadata.system.sXMLLANG
13:34:52.462 [main] TRACE - Reading unresolved handles for type system org.apache.xmlbeans.metadata.system.sXMLCONFIG
13:34:52.462 [main] TRACE - Finished loading type system org.apache.xmlbeans.metadata.system.sXMLCONFIG
13:34:52.463 [main] TRACE - Reading unresolved handles for type system org.apache.poi.schemas.ooxml.system.ooxml
13:34:52.491 [main] TRACE - Finished loading type system org.apache.poi.schemas.ooxml.system.ooxml
13:34:52.491 [main] TRACE - Resolving type for handle themefd26doctype
13:34:52.533 [main] TRACE - Resolving type for handle stylesheet5d8bdoctype
13:34:52.536 [main] TRACE - Resolving type for handle ctstylesheet4257type
13:34:52.538 [main] TRACE - Resolving type for handle ctfonts6623type
13:34:52.540 [main] TRACE - Resolving type for handle ctfont14d8type
13:34:52.543 [main] TRACE - Resolving type for handle ctfills2c6ftype
13:34:52.544 [main] TRACE - Resolving type for handle ctfill550ctype
13:34:52.545 [main] TRACE - Resolving type for handle ctborders0d66type
13:34:52.546 [main] TRACE - Resolving type for handle ctborderf935type
13:34:52.549 [main] TRACE - Resolving type for handle ctcellxfs1322type
13:34:52.550 [main] TRACE - Resolving type for handle ctxf97f7type
13:34:52.552 [main] TRACE - Resolving type for handle ctcellstylexfsa81ftype
13:34:52.554 [main] TRACE - Resolving type for handle ctdxfsb26atype
13:34:52.557 [main] TRACE - Resolving type for handle cttablestyles872ftype
13:34:52.559 [main] TRACE - Resolving type for handle sstf81fdoctype
13:34:52.562 [main] TRACE - Resolving type for handle ctsst44f3type
13:34:52.569 [main] TRACE - Resolving type for handle ctrsta472type
13:34:52.581 [main] TRACE - Resolving type for handle workbookec17doctype
13:34:52.585 [main] TRACE - Resolving type for handle ctworkbook83c3type
13:34:52.589 [main] TRACE - Resolving type for handle ctsheets49fdtype
13:34:52.591 [main] TRACE - Resolving type for handle ctsheet4dbetype
13:34:52.593 [main] TRACE - Resolving type for handle strelationshipid1e94type
13:34:52.594 [main] TRACE - Resolving type for handle worksheetf539doctype
13:34:52.597 [main] TRACE - Resolving type for handle ctworksheet530dtype
13:34:52.604 [main] TRACE - Resolving type for handle ctcols627ctype
13:34:52.608 [main] TRACE - Resolving type for handle ctcola95ftype
13:34:52.616 [main] TRACE - Resolving type for handle ctsheetdata8408type
13:34:52.618 [main] TRACE - Resolving type for handle ctrowdd39type
13:34:52.622 [main] TRACE - Resolving type for handle ctcell842btype
13:34:52.626 [main] TRACE - Resolving type for handle stcellrefe4e0type
13:34:52.637 [main] TRACE - Resolving type for handle stxstringf179type
13:34:52.639 [main] TRACE - Resolving type for handle stcelltypebf95type
13:34:54.826 [main] INFO  - Type Car Washing Services in search box.......
13:34:56.911 [main] INFO  - Suggested Car Washing Services is selected.......
13:34:59.022 [main] INFO  - Clicked on search button and result appears.......
13:35:01.354 [main] INFO  - Clicked on All Filters Sub-Menu.......
13:35:03.436 [main] INFO  - Click and Select rating 4.0+.......
13:35:06.570 [main] INFO  - Click on Apply Filter Button.......
13:35:17.276 [main] INFO  - Click on Show Number Flare Button to get contact of car washing services Dealer 
13:35:27.284 [main] INFO  - PopUp appeared and handled.......
13:35:27.843 [main] TRACE - Resolving type for handle ctworkbookpr03a5type
13:35:27.846 [main] TRACE - Resolving type for handle ctbookviewsb864type
13:35:27.847 [main] TRACE - Resolving type for handle ctbookviewf677type
13:35:27.851 [main] TRACE - Resolving type for handle propertiesee84doctype
13:35:27.853 [main] TRACE - Resolving type for handle ctproperties3f10type
13:35:27.857 [main] TRACE - Resolving type for handle properties288cdoctype
13:35:27.857 [main] TRACE - Resolving type for handle ctproperties2c18type
13:35:27.860 [main] TRACE - Resolving type for handle ctfontsizeb3b9type
13:35:27.864 [main] TRACE - Resolving type for handle ctcolord2c2type
13:35:27.865 [main] TRACE - Resolving type for handle ctfontname2dc3type
13:35:27.868 [main] TRACE - Resolving type for handle ctfontfamily685ctype
13:35:27.870 [main] TRACE - Resolving type for handle stfontfamily9c6ctype
13:35:27.873 [main] TRACE - Resolving type for handle ctfontschemebf5dtype
13:35:27.874 [main] TRACE - Resolving type for handle stfontschemef36dtype
13:35:27.875 [main] TRACE - Resolving type for handle ctpatternfill7452type
13:35:27.877 [main] TRACE - Resolving type for handle stpatterntype7939type
13:35:27.878 [main] TRACE - Resolving type for handle ctborderpre497type
13:35:27.879 [main] TRACE - Resolving type for handle stnumfmtid76fbtype
13:35:27.880 [main] TRACE - Resolving type for handle stfontid9d63type
13:35:27.882 [main] TRACE - Resolving type for handle stfillida097type
13:35:27.884 [main] TRACE - Resolving type for handle stborderid1a80type
13:35:27.885 [main] TRACE - Resolving type for handle stcellstylexfid70c7type
13:35:27.888 [main] TRACE - Resolving type for handle ctsheetformatprdef7type
13:35:27.890 [main] TRACE - Resolving type for handle ctsheetviewsb918type
13:35:27.892 [main] TRACE - Resolving type for handle ctsheetview0f43type
13:35:27.896 [main] TRACE - Resolving type for handle ctsheetdimensiond310type
13:35:27.897 [main] TRACE - Resolving type for handle stref90a2type
13:35:27.898 [main] TRACE - Resolving type for handle ctpagemargins5455type
13:35:28.134 [main] TRACE - Resolving type for handle ctnumfmtsb58btype
13:35:28.145 [main] DEBUG - Save core properties part
13:35:28.145 [main] DEBUG - Save content types part
13:35:28.181 [main] DEBUG - Save package relationships
13:35:28.183 [main] DEBUG - Save part 'docProps/app.xml'
13:35:28.184 [main] DEBUG - Save part 'docProps/core.xml'
13:35:28.186 [main] DEBUG - Save part 'xl/sharedStrings.xml'
13:35:28.186 [main] DEBUG - Save part 'xl/styles.xml'
13:35:28.186 [main] DEBUG - Save part 'xl/workbook.xml'
13:35:28.187 [main] DEBUG - Save part 'xl/worksheets/sheet1.xml'
13:35:28.188 [main] DEBUG - Save content types part
13:35:28.188 [main] DEBUG - Save package relationships
13:35:28.189 [main] DEBUG - Save part 'docProps/app.xml'
13:35:28.189 [main] DEBUG - Save part 'docProps/core.xml'
13:35:28.190 [main] DEBUG - Save part 'xl/sharedStrings.xml'
13:35:28.190 [main] DEBUG - Save part 'xl/styles.xml'
13:35:28.190 [main] DEBUG - Save part 'xl/workbook.xml'
13:35:28.191 [main] DEBUG - Save part 'xl/worksheets/sheet1.xml'
13:35:30.203 [main] INFO  - Printing Details of Car Washing Services.......
13:35:32.738 [main] INFO  - FreeListing is Launched.......
13:35:34.885 [main] INFO  - Wrong detail is given in input box.......
13:35:37.119 [main] INFO  - Start Now Button is clicked.......
13:35:39.317 [main] INFO  - Invalid Message is printed.......
13:35:40.954 [main] INFO  - Navigating Back to original Window.......
13:35:41.426 [main] INFO  - Type gyms in search box.......
13:35:43.756 [main] DEBUG - Parsing relationship: /xl/_rels/workbook.xml.rels
13:35:43.757 [main] DEBUG - Parsing relationship: /_rels/.rels
13:35:44.079 [main] DEBUG - Save content types part
13:35:44.080 [main] DEBUG - Save package relationships
13:35:44.081 [main] DEBUG - Save part 'docProps/app.xml'
13:35:44.081 [main] DEBUG - Save part 'docProps/core.xml'
13:35:44.082 [main] DEBUG - Save part 'xl/sharedStrings.xml'
13:35:44.082 [main] DEBUG - Save part 'xl/styles.xml'
13:35:44.082 [main] DEBUG - Save part 'xl/workbook.xml'
13:35:44.083 [main] DEBUG - Save part 'xl/worksheets/sheet1.xml'
13:35:44.083 [main] DEBUG - Save part 'xl/worksheets/sheet2.xml'
13:35:44.084 [main] INFO  - Sub-Menu of Gyms are Printed.......
13:35:45.101 [main] INFO  - Sub-Menu dropdown items list is printed.....
13:04:43.990 [main] INFO  - Chrome Browser is Opened.......................
13:04:51.986 [main] INFO  - First Pop Up Handled.......
13:04:54.138 [main] INFO  - Near By Location is entered.......
13:04:54.197 [main] INFO  - Suggested location is selected.......
13:04:54.587 [main] DEBUG - Parsing relationship: /xl/_rels/workbook.xml.rels
13:04:54.589 [main] DEBUG - Parsing relationship: /_rels/.rels
13:04:54.713 [main] TRACE - Loading type system org.apache.poi.schemas.ooxml.system.ooxml
13:04:54.715 [main] TRACE - Loading type system org.apache.xmlbeans.metadata.system.sXMLCONFIG
13:04:54.716 [main] TRACE - Loading type system org.apache.xmlbeans.metadata.system.sXMLLANG
13:04:54.716 [main] TRACE - Loading type system org.apache.xmlbeans.metadata.system.sXMLSCHEMA
13:04:54.717 [main] TRACE - Loading type system org.apache.xmlbeans.metadata.system.sXMLTOOLS
13:04:54.717 [main] TRACE - Reading unresolved handles for type system org.apache.xmlbeans.metadata.system.sXMLTOOLS
13:04:54.725 [main] TRACE - Finished loading type system org.apache.xmlbeans.metadata.system.sXMLTOOLS
13:04:54.726 [main] TRACE - Reading unresolved handles for type system org.apache.xmlbeans.metadata.system.sXMLSCHEMA
13:04:54.728 [main] TRACE - Finished loading type system org.apache.xmlbeans.metadata.system.sXMLSCHEMA
13:04:54.729 [main] TRACE - Reading unresolved handles for type system org.apache.xmlbeans.metadata.system.sXMLLANG
13:04:54.729 [main] TRACE - Finished loading type system org.apache.xmlbeans.metadata.system.sXMLLANG
13:04:54.729 [main] TRACE - Reading unresolved handles for type system org.apache.xmlbeans.metadata.system.sXMLCONFIG
13:04:54.730 [main] TRACE - Finished loading type system org.apache.xmlbeans.metadata.system.sXMLCONFIG
13:04:54.730 [main] TRACE - Reading unresolved handles for type system org.apache.poi.schemas.ooxml.system.ooxml
13:04:54.758 [main] TRACE - Finished loading type system org.apache.poi.schemas.ooxml.system.ooxml
13:04:54.759 [main] TRACE - Resolving type for handle themefd26doctype
13:04:54.810 [main] TRACE - Resolving type for handle stylesheet5d8bdoctype
13:04:54.813 [main] TRACE - Resolving type for handle ctstylesheet4257type
13:04:54.816 [main] TRACE - Resolving type for handle ctfonts6623type
13:04:54.819 [main] TRACE - Resolving type for handle ctfont14d8type
13:04:54.822 [main] TRACE - Resolving type for handle ctfills2c6ftype
13:04:54.823 [main] TRACE - Resolving type for handle ctfill550ctype
13:04:54.824 [main] TRACE - Resolving type for handle ctborders0d66type
13:04:54.827 [main] TRACE - Resolving type for handle ctborderf935type
13:04:54.828 [main] TRACE - Resolving type for handle ctcellxfs1322type
13:04:54.831 [main] TRACE - Resolving type for handle ctxf97f7type
13:04:54.833 [main] TRACE - Resolving type for handle ctcellstylexfsa81ftype
13:04:54.835 [main] TRACE - Resolving type for handle ctdxfsb26atype
13:04:54.837 [main] TRACE - Resolving type for handle cttablestyles872ftype
13:04:54.841 [main] TRACE - Resolving type for handle sstf81fdoctype
13:04:54.844 [main] TRACE - Resolving type for handle ctsst44f3type
13:04:54.852 [main] TRACE - Resolving type for handle ctrsta472type
13:04:54.867 [main] TRACE - Resolving type for handle workbookec17doctype
13:04:54.870 [main] TRACE - Resolving type for handle ctworkbook83c3type
13:04:54.876 [main] TRACE - Resolving type for handle ctsheets49fdtype
13:04:54.878 [main] TRACE - Resolving type for handle ctsheet4dbetype
13:04:54.880 [main] TRACE - Resolving type for handle strelationshipid1e94type
13:04:54.883 [main] TRACE - Resolving type for handle worksheetf539doctype
13:04:54.887 [main] TRACE - Resolving type for handle ctworksheet530dtype
13:04:54.896 [main] TRACE - Resolving type for handle ctcols627ctype
13:04:54.900 [main] TRACE - Resolving type for handle ctcola95ftype
13:04:54.913 [main] TRACE - Resolving type for handle ctsheetdata8408type
13:04:54.917 [main] TRACE - Resolving type for handle ctrowdd39type
13:04:54.923 [main] TRACE - Resolving type for handle ctcell842btype
13:04:54.933 [main] TRACE - Resolving type for handle stcellrefe4e0type
13:04:54.949 [main] TRACE - Resolving type for handle stxstringf179type
13:04:54.955 [main] TRACE - Resolving type for handle stcelltypebf95type
13:04:57.154 [main] INFO  - Type Car Washing Services in search box.......
13:04:59.243 [main] INFO  - Suggested Car Washing Services is selected.......
13:05:01.847 [main] INFO  - Clicked on search button and result appears.......
13:05:04.210 [main] INFO  - Clicked on All Filters Sub-Menu.......
13:05:06.323 [main] INFO  - Click and Select rating 4.0+.......
13:05:09.460 [main] INFO  - Click on Apply Filter Button.......
13:05:20.125 [main] INFO  - Click on Show Number Flare Button to get contact of car washing services Dealer 
13:05:30.183 [main] INFO  - PopUp appeared and handled.......
13:05:30.713 [main] TRACE - Resolving type for handle ctworkbookpr03a5type
13:05:30.719 [main] TRACE - Resolving type for handle ctbookviewsb864type
13:05:30.721 [main] TRACE - Resolving type for handle ctbookviewf677type
13:05:30.725 [main] TRACE - Resolving type for handle propertiesee84doctype
13:05:30.728 [main] TRACE - Resolving type for handle ctproperties3f10type
13:05:30.733 [main] TRACE - Resolving type for handle properties288cdoctype
13:05:30.735 [main] TRACE - Resolving type for handle ctproperties2c18type
13:05:30.739 [main] TRACE - Resolving type for handle ctfontsizeb3b9type
13:05:30.740 [main] TRACE - Resolving type for handle ctcolord2c2type
13:05:30.741 [main] TRACE - Resolving type for handle ctfontname2dc3type
13:05:30.744 [main] TRACE - Resolving type for handle ctfontfamily685ctype
13:05:30.746 [main] TRACE - Resolving type for handle stfontfamily9c6ctype
13:05:30.748 [main] TRACE - Resolving type for handle ctfontschemebf5dtype
13:05:30.750 [main] TRACE - Resolving type for handle stfontschemef36dtype
13:05:30.751 [main] TRACE - Resolving type for handle ctpatternfill7452type
13:05:30.755 [main] TRACE - Resolving type for handle stpatterntype7939type
13:05:30.757 [main] TRACE - Resolving type for handle ctborderpre497type
13:05:30.761 [main] TRACE - Resolving type for handle stnumfmtid76fbtype
13:05:30.763 [main] TRACE - Resolving type for handle stfontid9d63type
13:05:30.764 [main] TRACE - Resolving type for handle stfillida097type
13:05:30.766 [main] TRACE - Resolving type for handle stborderid1a80type
13:05:30.768 [main] TRACE - Resolving type for handle stcellstylexfid70c7type
13:05:30.770 [main] TRACE - Resolving type for handle ctsheetformatprdef7type
13:05:30.772 [main] TRACE - Resolving type for handle ctsheetviewsb918type
13:05:30.775 [main] TRACE - Resolving type for handle ctsheetview0f43type
13:05:30.782 [main] TRACE - Resolving type for handle ctsheetdimensiond310type
13:05:30.784 [main] TRACE - Resolving type for handle stref90a2type
13:05:30.786 [main] TRACE - Resolving type for handle ctpagemargins5455type
13:05:31.057 [main] TRACE - Resolving type for handle ctnumfmtsb58btype
13:05:31.068 [main] DEBUG - Save core properties part
13:05:31.068 [main] DEBUG - Save content types part
13:05:31.104 [main] DEBUG - Save package relationships
13:05:31.106 [main] DEBUG - Save part 'docProps/app.xml'
13:05:31.106 [main] DEBUG - Save part 'docProps/core.xml'
13:05:31.108 [main] DEBUG - Save part 'xl/sharedStrings.xml'
13:05:31.108 [main] DEBUG - Save part 'xl/styles.xml'
13:05:31.108 [main] DEBUG - Save part 'xl/workbook.xml'
13:05:31.111 [main] DEBUG - Save part 'xl/worksheets/sheet1.xml'
13:05:31.112 [main] DEBUG - Save content types part
13:05:31.113 [main] DEBUG - Save package relationships
13:05:31.113 [main] DEBUG - Save part 'docProps/app.xml'
13:05:31.113 [main] DEBUG - Save part 'docProps/core.xml'
13:05:31.114 [main] DEBUG - Save part 'xl/sharedStrings.xml'
13:05:31.114 [main] DEBUG - Save part 'xl/styles.xml'
13:05:31.114 [main] DEBUG - Save part 'xl/workbook.xml'
13:05:31.115 [main] DEBUG - Save part 'xl/worksheets/sheet1.xml'
13:05:33.126 [main] INFO  - Printing Details of Car Washing Services.......
13:05:34.261 [main] INFO  - FreeListing is Launched.......
13:05:36.328 [main] DEBUG - Parsing relationship: /xl/_rels/workbook.xml.rels
13:05:36.329 [main] DEBUG - Parsing relationship: /_rels/.rels
13:05:36.385 [main] INFO  - Wrong detail is given in input box.......
13:05:38.596 [main] INFO  - Start Now Button is clicked.......
13:05:40.791 [main] INFO  - Invalid Message is printed.......
13:05:42.077 [main] INFO  - Navigating Back to original Window.......
13:05:42.560 [main] INFO  - Type gyms in search box.......
13:05:45.299 [main] DEBUG - Parsing relationship: /xl/_rels/workbook.xml.rels
13:05:45.299 [main] DEBUG - Parsing relationship: /_rels/.rels
13:05:45.527 [main] DEBUG - Save content types part
13:05:45.528 [main] DEBUG - Save package relationships
13:05:45.529 [main] DEBUG - Save part 'docProps/app.xml'
13:05:45.529 [main] DEBUG - Save part 'docProps/core.xml'
13:05:45.529 [main] DEBUG - Save part 'xl/sharedStrings.xml'
13:05:45.530 [main] DEBUG - Save part 'xl/styles.xml'
13:05:45.530 [main] DEBUG - Save part 'xl/workbook.xml'
13:05:45.531 [main] DEBUG - Save part 'xl/worksheets/sheet1.xml'
13:05:45.531 [main] DEBUG - Save part 'xl/worksheets/sheet2.xml'
13:05:45.531 [main] INFO  - Sub-Menu of Gyms are Printed.......
13:05:46.516 [main] INFO  - Sub-Menu dropdown items list is printed.....
20:23:10.491 [main] INFO  - Chrome Browser is Opened.......................
20:23:18.539 [main] INFO  - First Pop Up Handled.......
20:23:20.712 [main] INFO  - Near By Location is entered.......
20:23:20.778 [main] INFO  - Suggested location is selected.......
20:23:21.172 [main] DEBUG - Parsing relationship: /xl/_rels/workbook.xml.rels
20:23:21.174 [main] DEBUG - Parsing relationship: /_rels/.rels
20:23:21.281 [main] TRACE - Loading type system org.apache.poi.schemas.ooxml.system.ooxml
20:23:21.284 [main] TRACE - Loading type system org.apache.xmlbeans.metadata.system.sXMLCONFIG
20:23:21.284 [main] TRACE - Loading type system org.apache.xmlbeans.metadata.system.sXMLLANG
20:23:21.284 [main] TRACE - Loading type system org.apache.xmlbeans.metadata.system.sXMLSCHEMA
20:23:21.285 [main] TRACE - Loading type system org.apache.xmlbeans.metadata.system.sXMLTOOLS
20:23:21.286 [main] TRACE - Reading unresolved handles for type system org.apache.xmlbeans.metadata.system.sXMLTOOLS
20:23:21.294 [main] TRACE - Finished loading type system org.apache.xmlbeans.metadata.system.sXMLTOOLS
20:23:21.295 [main] TRACE - Reading unresolved handles for type system org.apache.xmlbeans.metadata.system.sXMLSCHEMA
20:23:21.297 [main] TRACE - Finished loading type system org.apache.xmlbeans.metadata.system.sXMLSCHEMA
20:23:21.298 [main] TRACE - Reading unresolved handles for type system org.apache.xmlbeans.metadata.system.sXMLLANG
20:23:21.298 [main] TRACE - Finished loading type system org.apache.xmlbeans.metadata.system.sXMLLANG
20:23:21.299 [main] TRACE - Reading unresolved handles for type system org.apache.xmlbeans.metadata.system.sXMLCONFIG
20:23:21.299 [main] TRACE - Finished loading type system org.apache.xmlbeans.metadata.system.sXMLCONFIG
20:23:21.300 [main] TRACE - Reading unresolved handles for type system org.apache.poi.schemas.ooxml.system.ooxml
20:23:21.331 [main] TRACE - Finished loading type system org.apache.poi.schemas.ooxml.system.ooxml
20:23:21.332 [main] TRACE - Resolving type for handle themefd26doctype
20:23:21.372 [main] TRACE - Resolving type for handle stylesheet5d8bdoctype
20:23:21.375 [main] TRACE - Resolving type for handle ctstylesheet4257type
20:23:21.377 [main] TRACE - Resolving type for handle ctfonts6623type
20:23:21.379 [main] TRACE - Resolving type for handle ctfont14d8type
20:23:21.382 [main] TRACE - Resolving type for handle ctfills2c6ftype
20:23:21.383 [main] TRACE - Resolving type for handle ctfill550ctype
20:23:21.384 [main] TRACE - Resolving type for handle ctborders0d66type
20:23:21.387 [main] TRACE - Resolving type for handle ctborderf935type
20:23:21.390 [main] TRACE - Resolving type for handle ctcellxfs1322type
20:23:21.393 [main] TRACE - Resolving type for handle ctxf97f7type
20:23:21.395 [main] TRACE - Resolving type for handle ctcellstylexfsa81ftype
20:23:21.396 [main] TRACE - Resolving type for handle ctdxfsb26atype
20:23:21.398 [main] TRACE - Resolving type for handle cttablestyles872ftype
20:23:21.401 [main] TRACE - Resolving type for handle sstf81fdoctype
20:23:21.405 [main] TRACE - Resolving type for handle ctsst44f3type
20:23:21.413 [main] TRACE - Resolving type for handle ctrsta472type
20:23:21.426 [main] TRACE - Resolving type for handle workbookec17doctype
20:23:21.428 [main] TRACE - Resolving type for handle ctworkbook83c3type
20:23:21.431 [main] TRACE - Resolving type for handle ctsheets49fdtype
20:23:21.433 [main] TRACE - Resolving type for handle ctsheet4dbetype
20:23:21.435 [main] TRACE - Resolving type for handle strelationshipid1e94type
20:23:21.437 [main] TRACE - Resolving type for handle worksheetf539doctype
20:23:21.442 [main] TRACE - Resolving type for handle ctworksheet530dtype
20:23:21.450 [main] TRACE - Resolving type for handle ctcols627ctype
20:23:21.454 [main] TRACE - Resolving type for handle ctcola95ftype
20:23:21.465 [main] TRACE - Resolving type for handle ctsheetdata8408type
20:23:21.469 [main] TRACE - Resolving type for handle ctrowdd39type
20:23:21.474 [main] TRACE - Resolving type for handle ctcell842btype
20:23:21.484 [main] TRACE - Resolving type for handle stcellrefe4e0type
20:23:21.495 [main] TRACE - Resolving type for handle stxstringf179type
20:23:21.499 [main] TRACE - Resolving type for handle stcelltypebf95type
20:23:23.718 [main] INFO  - Type Car Washing Services in search box.......
20:23:25.805 [main] INFO  - Suggested Car Washing Services is selected.......
20:23:28.413 [main] INFO  - Clicked on search button and result appears.......
20:23:30.763 [main] INFO  - Clicked on All Filters Sub-Menu.......
20:23:32.848 [main] INFO  - Click and Select rating 4.0+.......
20:23:35.975 [main] INFO  - Click on Apply Filter Button.......
20:23:46.669 [main] INFO  - Click on Show Number Flare Button to get contact of car washing services Dealer 
20:23:56.702 [main] INFO  - PopUp appeared and handled.......
20:23:57.308 [main] TRACE - Resolving type for handle ctworkbookpr03a5type
20:23:57.312 [main] TRACE - Resolving type for handle ctbookviewsb864type
20:23:57.313 [main] TRACE - Resolving type for handle ctbookviewf677type
20:23:57.317 [main] TRACE - Resolving type for handle propertiesee84doctype
20:23:57.318 [main] TRACE - Resolving type for handle ctproperties3f10type
20:23:57.321 [main] TRACE - Resolving type for handle properties288cdoctype
20:23:57.322 [main] TRACE - Resolving type for handle ctproperties2c18type
20:23:57.329 [main] TRACE - Resolving type for handle ctfontsizeb3b9type
20:23:57.331 [main] TRACE - Resolving type for handle ctcolord2c2type
20:23:57.333 [main] TRACE - Resolving type for handle ctfontname2dc3type
20:23:57.335 [main] TRACE - Resolving type for handle ctfontfamily685ctype
20:23:57.336 [main] TRACE - Resolving type for handle stfontfamily9c6ctype
20:23:57.340 [main] TRACE - Resolving type for handle ctfontschemebf5dtype
20:23:57.344 [main] TRACE - Resolving type for handle stfontschemef36dtype
20:23:57.345 [main] TRACE - Resolving type for handle ctpatternfill7452type
20:23:57.347 [main] TRACE - Resolving type for handle stpatterntype7939type
20:23:57.348 [main] TRACE - Resolving type for handle ctborderpre497type
20:23:57.350 [main] TRACE - Resolving type for handle stnumfmtid76fbtype
20:23:57.351 [main] TRACE - Resolving type for handle stfontid9d63type
20:23:57.352 [main] TRACE - Resolving type for handle stfillida097type
20:23:57.352 [main] TRACE - Resolving type for handle stborderid1a80type
20:23:57.353 [main] TRACE - Resolving type for handle stcellstylexfid70c7type
20:23:57.355 [main] TRACE - Resolving type for handle ctsheetformatprdef7type
20:23:57.358 [main] TRACE - Resolving type for handle ctsheetviewsb918type
20:23:57.361 [main] TRACE - Resolving type for handle ctsheetview0f43type
20:23:57.365 [main] TRACE - Resolving type for handle ctsheetdimensiond310type
20:23:57.367 [main] TRACE - Resolving type for handle stref90a2type
20:23:57.370 [main] TRACE - Resolving type for handle ctpagemargins5455type
20:23:57.644 [main] TRACE - Resolving type for handle ctnumfmtsb58btype
20:23:57.654 [main] DEBUG - Save core properties part
20:23:57.654 [main] DEBUG - Save content types part
20:23:57.694 [main] DEBUG - Save package relationships
20:23:57.696 [main] DEBUG - Save part 'docProps/app.xml'
20:23:57.696 [main] DEBUG - Save part 'docProps/core.xml'
20:23:57.698 [main] DEBUG - Save part 'xl/sharedStrings.xml'
20:23:57.698 [main] DEBUG - Save part 'xl/styles.xml'
20:23:57.698 [main] DEBUG - Save part 'xl/workbook.xml'
20:23:57.699 [main] DEBUG - Save part 'xl/worksheets/sheet1.xml'
20:23:57.700 [main] DEBUG - Save content types part
20:23:57.700 [main] DEBUG - Save package relationships
20:23:57.701 [main] DEBUG - Save part 'docProps/app.xml'
20:23:57.701 [main] DEBUG - Save part 'docProps/core.xml'
20:23:57.702 [main] DEBUG - Save part 'xl/sharedStrings.xml'
20:23:57.702 [main] DEBUG - Save part 'xl/styles.xml'
20:23:57.702 [main] DEBUG - Save part 'xl/workbook.xml'
20:23:57.703 [main] DEBUG - Save part 'xl/worksheets/sheet1.xml'
20:23:59.715 [main] INFO  - Printing Details of Car Washing Services.......
20:24:25.772 [main] INFO  - FreeListing is Launched.......
20:24:27.851 [main] DEBUG - Parsing relationship: /xl/_rels/workbook.xml.rels
20:24:27.852 [main] DEBUG - Parsing relationship: /_rels/.rels
20:24:27.914 [main] INFO  - Wrong detail is given in input box.......
20:24:30.151 [main] INFO  - Start Now Button is clicked.......
20:24:32.347 [main] INFO  - Invalid Message is printed.......
20:24:33.591 [main] INFO  - Navigating Back to original Window.......
20:24:34.053 [main] INFO  - Type gyms in search box.......
20:24:36.892 [main] DEBUG - Parsing relationship: /xl/_rels/workbook.xml.rels
20:24:36.894 [main] DEBUG - Parsing relationship: /_rels/.rels
20:24:37.213 [main] DEBUG - Save content types part
20:24:37.214 [main] DEBUG - Save package relationships
20:24:37.215 [main] DEBUG - Save part 'docProps/app.xml'
20:24:37.216 [main] DEBUG - Save part 'docProps/core.xml'
20:24:37.216 [main] DEBUG - Save part 'xl/sharedStrings.xml'
20:24:37.217 [main] DEBUG - Save part 'xl/styles.xml'
20:24:37.217 [main] DEBUG - Save part 'xl/workbook.xml'
20:24:37.218 [main] DEBUG - Save part 'xl/worksheets/sheet1.xml'
20:24:37.218 [main] DEBUG - Save part 'xl/worksheets/sheet2.xml'
20:24:37.219 [main] INFO  - Sub-Menu of Gyms are Printed.......
20:24:38.554 [main] DEBUG - Parsing relationship: /xl/_rels/workbook.xml.rels
20:24:38.555 [main] DEBUG - Parsing relationship: /_rels/.rels
20:24:38.585 [main] DEBUG - Save content types part
20:24:38.587 [main] DEBUG - Save package relationships
20:24:38.588 [main] DEBUG - Save part 'docProps/app.xml'
20:24:38.588 [main] DEBUG - Save part 'docProps/core.xml'
20:24:38.589 [main] DEBUG - Save part 'xl/sharedStrings.xml'
20:24:38.589 [main] DEBUG - Save part 'xl/styles.xml'
20:24:38.590 [main] DEBUG - Save part 'xl/workbook.xml'
20:24:38.592 [main] DEBUG - Save part 'xl/worksheets/sheet1.xml'
20:24:38.593 [main] DEBUG - Save part 'xl/worksheets/sheet2.xml'
20:24:38.593 [main] DEBUG - Save part 'xl/worksheets/sheet3.xml'
20:24:38.594 [main] INFO  - Sub-Menu dropdown items list is printed.....
20:45:15.247 [main] INFO  - Chrome Browser is Opened.......................
20:45:24.211 [main] INFO  - First Pop Up Handled.......
20:45:26.374 [main] INFO  - Near By Location is entered.......
20:45:26.442 [main] INFO  - Suggested location is selected.......
20:45:26.855 [main] DEBUG - Parsing relationship: /xl/_rels/workbook.xml.rels
20:45:26.858 [main] DEBUG - Parsing relationship: /_rels/.rels
20:45:26.974 [main] TRACE - Loading type system org.apache.poi.schemas.ooxml.system.ooxml
20:45:26.976 [main] TRACE - Loading type system org.apache.xmlbeans.metadata.system.sXMLCONFIG
20:45:26.976 [main] TRACE - Loading type system org.apache.xmlbeans.metadata.system.sXMLLANG
20:45:26.976 [main] TRACE - Loading type system org.apache.xmlbeans.metadata.system.sXMLSCHEMA
20:45:26.977 [main] TRACE - Loading type system org.apache.xmlbeans.metadata.system.sXMLTOOLS
20:45:26.977 [main] TRACE - Reading unresolved handles for type system org.apache.xmlbeans.metadata.system.sXMLTOOLS
20:45:26.991 [main] TRACE - Finished loading type system org.apache.xmlbeans.metadata.system.sXMLTOOLS
20:45:26.992 [main] TRACE - Reading unresolved handles for type system org.apache.xmlbeans.metadata.system.sXMLSCHEMA
20:45:26.996 [main] TRACE - Finished loading type system org.apache.xmlbeans.metadata.system.sXMLSCHEMA
20:45:26.996 [main] TRACE - Reading unresolved handles for type system org.apache.xmlbeans.metadata.system.sXMLLANG
20:45:26.997 [main] TRACE - Finished loading type system org.apache.xmlbeans.metadata.system.sXMLLANG
20:45:26.998 [main] TRACE - Reading unresolved handles for type system org.apache.xmlbeans.metadata.system.sXMLCONFIG
20:45:26.998 [main] TRACE - Finished loading type system org.apache.xmlbeans.metadata.system.sXMLCONFIG
20:45:26.999 [main] TRACE - Reading unresolved handles for type system org.apache.poi.schemas.ooxml.system.ooxml
20:45:27.039 [main] TRACE - Finished loading type system org.apache.poi.schemas.ooxml.system.ooxml
20:45:27.040 [main] TRACE - Resolving type for handle themefd26doctype
20:45:27.100 [main] TRACE - Resolving type for handle stylesheet5d8bdoctype
20:45:27.105 [main] TRACE - Resolving type for handle ctstylesheet4257type
