00:18:42.437 [main] DEBUG - Save part 'xl/styles.xml'
00:18:42.448 [main] DEBUG - Save part 'xl/workbook.xml'
00:18:42.449 [main] DEBUG - Save part 'xl/worksheets/sheet1.xml'
00:18:42.450 [main] DEBUG - Save part 'xl/worksheets/sheet2.xml'
00:18:44.456 [main] INFO  - Sub-Menu of Gyms are Printed.......
00:19:27.451 [main] INFO  - Sub-Menu dropdown items list is printed.....
00:24:13.760 [main] INFO  - Chrome Browser is Opened.......................
00:24:22.452 [main] INFO  - Type gyms in search box.......
00:24:29.392 [main] DEBUG - Parsing relationship: /xl/_rels/workbook.xml.rels
00:24:29.395 [main] DEBUG - Parsing relationship: /_rels/.rels
00:24:29.505 [main] TRACE - Loading type system org.apache.poi.schemas.ooxml.system.ooxml
00:24:29.506 [main] TRACE - Loading type system org.apache.xmlbeans.metadata.system.sXMLCONFIG
00:24:29.507 [main] TRACE - Loading type system org.apache.xmlbeans.metadata.system.sXMLLANG
00:24:29.507 [main] TRACE - Loading type system org.apache.xmlbeans.metadata.system.sXMLSCHEMA
00:24:29.507 [main] TRACE - Loading type system org.apache.xmlbeans.metadata.system.sXMLTOOLS
00:24:29.508 [main] TRACE - Reading unresolved handles for type system org.apache.xmlbeans.metadata.system.sXMLTOOLS
00:24:29.514 [main] TRACE - Finished loading type system org.apache.xmlbeans.metadata.system.sXMLTOOLS
00:24:29.515 [main] TRACE - Reading unresolved handles for type system org.apache.xmlbeans.metadata.system.sXMLSCHEMA
00:24:29.518 [main] TRACE - Finished loading type system org.apache.xmlbeans.metadata.system.sXMLSCHEMA
00:24:29.519 [main] TRACE - Reading unresolved handles for type system org.apache.xmlbeans.metadata.system.sXMLLANG
00:24:29.519 [main] TRACE - Finished loading type system org.apache.xmlbeans.metadata.system.sXMLLANG
00:24:29.520 [main] TRACE - Reading unresolved handles for type system org.apache.xmlbeans.metadata.system.sXMLCONFIG
00:24:29.520 [main] TRACE - Finished loading type system org.apache.xmlbeans.metadata.system.sXMLCONFIG
00:24:29.521 [main] TRACE - Reading unresolved handles for type system org.apache.poi.schemas.ooxml.system.ooxml
00:24:29.552 [main] TRACE - Finished loading type system org.apache.poi.schemas.ooxml.system.ooxml
00:24:29.553 [main] TRACE - Resolving type for handle sstf81fdoctype
00:24:29.595 [main] TRACE - Resolving type for handle ctsst44f3type
00:24:29.601 [main] TRACE - Resolving type for handle ctrsta472type
00:24:29.617 [main] TRACE - Resolving type for handle stylesheet5d8bdoctype
00:24:29.620 [main] TRACE - Resolving type for handle ctstylesheet4257type
00:24:29.622 [main] TRACE - Resolving type for handle ctnumfmtsb58btype
00:24:29.623 [main] TRACE - Resolving type for handle ctfonts6623type
00:24:29.624 [main] TRACE - Resolving type for handle ctfont14d8type
00:24:29.628 [main] TRACE - Resolving type for handle ctfills2c6ftype
00:24:29.629 [main] TRACE - Resolving type for handle ctfill550ctype
00:24:29.630 [main] TRACE - Resolving type for handle ctborders0d66type
00:24:29.631 [main] TRACE - Resolving type for handle ctborderf935type
00:24:29.637 [main] TRACE - Resolving type for handle ctcellxfs1322type
00:24:29.637 [main] TRACE - Resolving type for handle ctxf97f7type
00:24:29.640 [main] TRACE - Resolving type for handle ctcellstylexfsa81ftype
00:24:29.642 [main] TRACE - Resolving type for handle workbookec17doctype
00:24:29.645 [main] TRACE - Resolving type for handle ctworkbook83c3type
00:24:29.651 [main] TRACE - Resolving type for handle ctsheets49fdtype
00:24:29.653 [main] TRACE - Resolving type for handle ctsheet4dbetype
00:24:29.654 [main] TRACE - Resolving type for handle strelationshipid1e94type
00:24:29.656 [main] TRACE - Resolving type for handle worksheetf539doctype
00:24:29.660 [main] TRACE - Resolving type for handle ctworksheet530dtype
00:24:29.679 [main] TRACE - Resolving type for handle ctcols627ctype
00:24:29.687 [main] TRACE - Resolving type for handle ctsheetdata8408type
00:24:29.690 [main] TRACE - Resolving type for handle ctrowdd39type
00:24:29.694 [main] TRACE - Resolving type for handle ctcell842btype
00:24:29.702 [main] TRACE - Resolving type for handle stcellrefe4e0type
00:24:29.711 [main] TRACE - Resolving type for handle stxstringf179type
00:24:29.713 [main] TRACE - Resolving type for handle stcelltypebf95type
00:24:29.982 [main] TRACE - Resolving type for handle stcellstylexfid70c7type
00:24:29.985 [main] TRACE - Resolving type for handle ctsheetdimensiond310type
00:24:29.986 [main] TRACE - Resolving type for handle stref90a2type
00:24:29.993 [main] TRACE - Resolving type for handle propertiesee84doctype
00:24:29.994 [main] TRACE - Resolving type for handle ctproperties3f10type
00:24:30.000 [main] TRACE - Resolving type for handle properties288cdoctype
00:24:30.002 [main] TRACE - Resolving type for handle ctproperties2c18type
00:24:30.011 [main] DEBUG - Save content types part
00:24:30.057 [main] DEBUG - Save package relationships
00:24:30.061 [main] DEBUG - Save part 'docProps/app.xml'
00:24:30.062 [main] DEBUG - Save part 'docProps/core.xml'
00:24:30.064 [main] DEBUG - Save part 'xl/sharedStrings.xml'
00:24:30.064 [main] DEBUG - Save part 'xl/styles.xml'
00:24:30.064 [main] DEBUG - Save part 'xl/workbook.xml'
00:24:30.067 [main] DEBUG - Save part 'xl/worksheets/sheet1.xml'
00:24:30.068 [main] DEBUG - Save part 'xl/worksheets/sheet2.xml'
00:24:32.080 [main] INFO  - Sub-Menu of Gyms are Printed.......
00:26:17.187 [main] INFO  - Chrome Browser is Opened.......................
00:26:26.770 [main] INFO  - Type gyms in search box.......
00:26:33.645 [main] DEBUG - Parsing relationship: /xl/_rels/workbook.xml.rels
00:26:33.651 [main] DEBUG - Parsing relationship: /_rels/.rels
00:26:33.799 [main] TRACE - Loading type system org.apache.poi.schemas.ooxml.system.ooxml
00:26:33.802 [main] TRACE - Loading type system org.apache.xmlbeans.metadata.system.sXMLCONFIG
00:26:33.802 [main] TRACE - Loading type system org.apache.xmlbeans.metadata.system.sXMLLANG
00:26:33.803 [main] TRACE - Loading type system org.apache.xmlbeans.metadata.system.sXMLSCHEMA
00:26:33.803 [main] TRACE - Loading type system org.apache.xmlbeans.metadata.system.sXMLTOOLS
00:26:33.803 [main] TRACE - Reading unresolved handles for type system org.apache.xmlbeans.metadata.system.sXMLTOOLS
00:26:33.815 [main] TRACE - Finished loading type system org.apache.xmlbeans.metadata.system.sXMLTOOLS
00:26:33.816 [main] TRACE - Reading unresolved handles for type system org.apache.xmlbeans.metadata.system.sXMLSCHEMA
00:26:33.819 [main] TRACE - Finished loading type system org.apache.xmlbeans.metadata.system.sXMLSCHEMA
00:26:33.820 [main] TRACE - Reading unresolved handles for type system org.apache.xmlbeans.metadata.system.sXMLLANG
00:26:33.821 [main] TRACE - Finished loading type system org.apache.xmlbeans.metadata.system.sXMLLANG
00:26:33.821 [main] TRACE - Reading unresolved handles for type system org.apache.xmlbeans.metadata.system.sXMLCONFIG
00:26:33.822 [main] TRACE - Finished loading type system org.apache.xmlbeans.metadata.system.sXMLCONFIG
00:26:33.822 [main] TRACE - Reading unresolved handles for type system org.apache.poi.schemas.ooxml.system.ooxml
00:26:33.864 [main] TRACE - Finished loading type system org.apache.poi.schemas.ooxml.system.ooxml
00:26:33.865 [main] TRACE - Resolving type for handle sstf81fdoctype
00:26:33.913 [main] TRACE - Resolving type for handle ctsst44f3type
00:26:33.928 [main] TRACE - Resolving type for handle ctrsta472type
00:26:33.946 [main] TRACE - Resolving type for handle stylesheet5d8bdoctype
00:26:33.948 [main] TRACE - Resolving type for handle ctstylesheet4257type
00:26:33.953 [main] TRACE - Resolving type for handle ctnumfmtsb58btype
00:26:33.954 [main] TRACE - Resolving type for handle ctfonts6623type
00:26:33.956 [main] TRACE - Resolving type for handle ctfont14d8type
00:26:33.961 [main] TRACE - Resolving type for handle ctfills2c6ftype
00:26:33.963 [main] TRACE - Resolving type for handle ctfill550ctype
00:26:33.965 [main] TRACE - Resolving type for handle ctborders0d66type
00:26:33.967 [main] TRACE - Resolving type for handle ctborderf935type
00:26:33.972 [main] TRACE - Resolving type for handle ctcellxfs1322type
00:26:33.975 [main] TRACE - Resolving type for handle ctxf97f7type
00:26:33.980 [main] TRACE - Resolving type for handle ctcellstylexfsa81ftype
00:26:33.983 [main] TRACE - Resolving type for handle workbookec17doctype
00:26:33.986 [main] TRACE - Resolving type for handle ctworkbook83c3type
00:26:33.991 [main] TRACE - Resolving type for handle ctsheets49fdtype
00:26:33.994 [main] TRACE - Resolving type for handle ctsheet4dbetype
00:26:33.996 [main] TRACE - Resolving type for handle strelationshipid1e94type
00:26:33.999 [main] TRACE - Resolving type for handle worksheetf539doctype
00:26:34.003 [main] TRACE - Resolving type for handle ctworksheet530dtype
00:26:34.020 [main] TRACE - Resolving type for handle ctcols627ctype
00:26:34.029 [main] TRACE - Resolving type for handle ctsheetdata8408type
00:26:34.033 [main] TRACE - Resolving type for handle ctrowdd39type
00:26:34.036 [main] TRACE - Resolving type for handle ctcell842btype
00:26:34.042 [main] TRACE - Resolving type for handle stcellrefe4e0type
00:26:34.050 [main] TRACE - Resolving type for handle stxstringf179type
00:26:34.052 [main] TRACE - Resolving type for handle stcelltypebf95type
00:26:34.295 [main] TRACE - Resolving type for handle stcellstylexfid70c7type
00:26:34.299 [main] TRACE - Resolving type for handle ctsheetdimensiond310type
00:26:34.300 [main] TRACE - Resolving type for handle stref90a2type
00:26:34.304 [main] TRACE - Resolving type for handle propertiesee84doctype
00:26:34.305 [main] TRACE - Resolving type for handle ctproperties3f10type
00:26:34.317 [main] TRACE - Resolving type for handle properties288cdoctype
00:26:34.318 [main] TRACE - Resolving type for handle ctproperties2c18type
00:26:34.328 [main] DEBUG - Save content types part
00:26:34.387 [main] DEBUG - Save package relationships
00:26:34.393 [main] DEBUG - Save part 'docProps/app.xml'
00:26:34.393 [main] DEBUG - Save part 'docProps/core.xml'
00:26:34.396 [main] DEBUG - Save part 'xl/sharedStrings.xml'
00:26:34.396 [main] DEBUG - Save part 'xl/styles.xml'
00:26:34.396 [main] DEBUG - Save part 'xl/workbook.xml'
00:26:34.397 [main] DEBUG - Save part 'xl/worksheets/sheet1.xml'
00:26:34.397 [main] DEBUG - Save part 'xl/worksheets/sheet2.xml'
00:26:36.408 [main] INFO  - Sub-Menu of Gyms are Printed.......
00:27:29.006 [main] INFO  - Chrome Browser is Opened.......................
00:27:40.077 [main] INFO  - Type gyms in search box.......
00:27:47.139 [main] DEBUG - Parsing relationship: /xl/_rels/workbook.xml.rels
00:27:47.142 [main] DEBUG - Parsing relationship: /_rels/.rels
00:27:47.255 [main] TRACE - Loading type system org.apache.poi.schemas.ooxml.system.ooxml
00:27:47.257 [main] TRACE - Loading type system org.apache.xmlbeans.metadata.system.sXMLCONFIG
00:27:47.258 [main] TRACE - Loading type system org.apache.xmlbeans.metadata.system.sXMLLANG
00:27:47.258 [main] TRACE - Loading type system org.apache.xmlbeans.metadata.system.sXMLSCHEMA
00:27:47.258 [main] TRACE - Loading type system org.apache.xmlbeans.metadata.system.sXMLTOOLS
00:27:47.259 [main] TRACE - Reading unresolved handles for type system org.apache.xmlbeans.metadata.system.sXMLTOOLS
00:27:47.266 [main] TRACE - Finished loading type system org.apache.xmlbeans.metadata.system.sXMLTOOLS
00:27:47.267 [main] TRACE - Reading unresolved handles for type system org.apache.xmlbeans.metadata.system.sXMLSCHEMA
00:27:47.271 [main] TRACE - Finished loading type system org.apache.xmlbeans.metadata.system.sXMLSCHEMA
00:27:47.272 [main] TRACE - Reading unresolved handles for type system org.apache.xmlbeans.metadata.system.sXMLLANG
00:27:47.272 [main] TRACE - Finished loading type system org.apache.xmlbeans.metadata.system.sXMLLANG
00:27:47.273 [main] TRACE - Reading unresolved handles for type system org.apache.xmlbeans.metadata.system.sXMLCONFIG
00:27:47.273 [main] TRACE - Finished loading type system org.apache.xmlbeans.metadata.system.sXMLCONFIG
00:27:47.273 [main] TRACE - Reading unresolved handles for type system org.apache.poi.schemas.ooxml.system.ooxml
00:27:47.306 [main] TRACE - Finished loading type system org.apache.poi.schemas.ooxml.system.ooxml
00:27:47.306 [main] TRACE - Resolving type for handle sstf81fdoctype
00:27:47.355 [main] TRACE - Resolving type for handle ctsst44f3type
00:27:47.361 [main] TRACE - Resolving type for handle ctrsta472type
00:27:47.377 [main] TRACE - Resolving type for handle stylesheet5d8bdoctype
00:27:47.380 [main] TRACE - Resolving type for handle ctstylesheet4257type
00:27:47.382 [main] TRACE - Resolving type for handle ctnumfmtsb58btype
00:27:47.383 [main] TRACE - Resolving type for handle ctfonts6623type
00:27:47.387 [main] TRACE - Resolving type for handle ctfont14d8type
00:27:47.391 [main] TRACE - Resolving type for handle ctfills2c6ftype
00:27:47.392 [main] TRACE - Resolving type for handle ctfill550ctype
00:27:47.393 [main] TRACE - Resolving type for handle ctborders0d66type
00:27:47.394 [main] TRACE - Resolving type for handle ctborderf935type
00:27:47.396 [main] TRACE - Resolving type for handle ctcellxfs1322type
00:27:47.397 [main] TRACE - Resolving type for handle ctxf97f7type
00:27:47.399 [main] TRACE - Resolving type for handle ctcellstylexfsa81ftype
00:27:47.404 [main] TRACE - Resolving type for handle workbookec17doctype
00:27:47.407 [main] TRACE - Resolving type for handle ctworkbook83c3type
00:27:47.410 [main] TRACE - Resolving type for handle ctsheets49fdtype
00:27:47.411 [main] TRACE - Resolving type for handle ctsheet4dbetype
00:27:47.413 [main] TRACE - Resolving type for handle strelationshipid1e94type
00:27:47.414 [main] TRACE - Resolving type for handle worksheetf539doctype
00:27:47.421 [main] TRACE - Resolving type for handle ctworksheet530dtype
00:27:47.439 [main] TRACE - Resolving type for handle ctcols627ctype
00:27:47.443 [main] TRACE - Resolving type for handle ctsheetdata8408type
00:27:47.446 [main] TRACE - Resolving type for handle ctrowdd39type
00:27:47.450 [main] TRACE - Resolving type for handle ctcell842btype
00:27:47.458 [main] TRACE - Resolving type for handle stcellrefe4e0type
00:27:47.467 [main] TRACE - Resolving type for handle stxstringf179type
00:27:47.472 [main] TRACE - Resolving type for handle stcelltypebf95type
00:27:47.740 [main] TRACE - Resolving type for handle stcellstylexfid70c7type
00:27:47.743 [main] TRACE - Resolving type for handle ctsheetdimensiond310type
00:27:47.743 [main] TRACE - Resolving type for handle stref90a2type
00:27:47.747 [main] TRACE - Resolving type for handle propertiesee84doctype
00:27:47.748 [main] TRACE - Resolving type for handle ctproperties3f10type
00:27:47.759 [main] TRACE - Resolving type for handle properties288cdoctype
00:27:47.760 [main] TRACE - Resolving type for handle ctproperties2c18type
00:27:47.775 [main] DEBUG - Save content types part
00:27:47.839 [main] DEBUG - Save package relationships
00:27:47.842 [main] DEBUG - Save part 'docProps/app.xml'
00:27:47.842 [main] DEBUG - Save part 'docProps/core.xml'
00:27:47.844 [main] DEBUG - Save part 'xl/sharedStrings.xml'
00:27:47.844 [main] DEBUG - Save part 'xl/styles.xml'
00:27:47.844 [main] DEBUG - Save part 'xl/workbook.xml'
00:27:47.845 [main] DEBUG - Save part 'xl/worksheets/sheet1.xml'
00:27:47.845 [main] DEBUG - Save part 'xl/worksheets/sheet2.xml'
00:27:49.858 [main] INFO  - Sub-Menu of Gyms are Printed.......
00:28:32.195 [main] INFO  - Sub-Menu dropdown items list is printed.....
00:30:22.228 [main] INFO  - Chrome Browser is Opened.......................
00:30:31.966 [main] INFO  - Type gyms in search box.......
00:30:34.640 [main] DEBUG - Parsing relationship: /xl/_rels/workbook.xml.rels
00:30:34.642 [main] DEBUG - Parsing relationship: /_rels/.rels
00:30:34.792 [main] TRACE - Loading type system org.apache.poi.schemas.ooxml.system.ooxml
00:30:34.794 [main] TRACE - Loading type system org.apache.xmlbeans.metadata.system.sXMLCONFIG
00:30:34.794 [main] TRACE - Loading type system org.apache.xmlbeans.metadata.system.sXMLLANG
00:30:34.795 [main] TRACE - Loading type system org.apache.xmlbeans.metadata.system.sXMLSCHEMA
00:30:34.795 [main] TRACE - Loading type system org.apache.xmlbeans.metadata.system.sXMLTOOLS
00:30:34.796 [main] TRACE - Reading unresolved handles for type system org.apache.xmlbeans.metadata.system.sXMLTOOLS
00:30:34.808 [main] TRACE - Finished loading type system org.apache.xmlbeans.metadata.system.sXMLTOOLS
00:30:34.808 [main] TRACE - Reading unresolved handles for type system org.apache.xmlbeans.metadata.system.sXMLSCHEMA
00:30:34.810 [main] TRACE - Finished loading type system org.apache.xmlbeans.metadata.system.sXMLSCHEMA
00:30:34.811 [main] TRACE - Reading unresolved handles for type system org.apache.xmlbeans.metadata.system.sXMLLANG
00:30:34.812 [main] TRACE - Finished loading type system org.apache.xmlbeans.metadata.system.sXMLLANG
00:30:34.812 [main] TRACE - Reading unresolved handles for type system org.apache.xmlbeans.metadata.system.sXMLCONFIG
00:30:34.815 [main] TRACE - Finished loading type system org.apache.xmlbeans.metadata.system.sXMLCONFIG
00:30:34.816 [main] TRACE - Reading unresolved handles for type system org.apache.poi.schemas.ooxml.system.ooxml
00:30:34.858 [main] TRACE - Finished loading type system org.apache.poi.schemas.ooxml.system.ooxml
00:30:34.859 [main] TRACE - Resolving type for handle sstf81fdoctype
00:30:34.921 [main] TRACE - Resolving type for handle ctsst44f3type
00:30:34.927 [main] TRACE - Resolving type for handle ctrsta472type
00:30:34.943 [main] TRACE - Resolving type for handle stylesheet5d8bdoctype
00:30:34.946 [main] TRACE - Resolving type for handle ctstylesheet4257type
00:30:34.950 [main] TRACE - Resolving type for handle ctnumfmtsb58btype
00:30:34.951 [main] TRACE - Resolving type for handle ctfonts6623type
00:30:34.952 [main] TRACE - Resolving type for handle ctfont14d8type
00:30:34.955 [main] TRACE - Resolving type for handle ctfills2c6ftype
00:30:34.957 [main] TRACE - Resolving type for handle ctfill550ctype
00:30:34.958 [main] TRACE - Resolving type for handle ctborders0d66type
00:30:34.960 [main] TRACE - Resolving type for handle ctborderf935type
00:30:34.962 [main] TRACE - Resolving type for handle ctcellxfs1322type
00:30:34.968 [main] TRACE - Resolving type for handle ctxf97f7type
00:30:34.969 [main] TRACE - Resolving type for handle ctcellstylexfsa81ftype
00:30:34.971 [main] TRACE - Resolving type for handle workbookec17doctype
00:30:34.974 [main] TRACE - Resolving type for handle ctworkbook83c3type
00:30:34.977 [main] TRACE - Resolving type for handle ctsheets49fdtype
00:30:34.978 [main] TRACE - Resolving type for handle ctsheet4dbetype
00:30:34.979 [main] TRACE - Resolving type for handle strelationshipid1e94type
00:30:34.985 [main] TRACE - Resolving type for handle worksheetf539doctype
00:30:34.988 [main] TRACE - Resolving type for handle ctworksheet530dtype
00:30:34.995 [main] TRACE - Resolving type for handle ctcols627ctype
00:30:35.003 [main] TRACE - Resolving type for handle ctsheetdata8408type
00:30:35.005 [main] TRACE - Resolving type for handle ctrowdd39type
00:30:35.008 [main] TRACE - Resolving type for handle ctcell842btype
00:30:35.011 [main] TRACE - Resolving type for handle stcellrefe4e0type
00:30:35.022 [main] TRACE - Resolving type for handle stxstringf179type
00:30:35.024 [main] TRACE - Resolving type for handle stcelltypebf95type
00:30:35.357 [main] TRACE - Resolving type for handle stcellstylexfid70c7type
00:30:35.361 [main] TRACE - Resolving type for handle ctsheetdimensiond310type
00:30:35.367 [main] TRACE - Resolving type for handle stref90a2type
00:30:35.376 [main] TRACE - Resolving type for handle propertiesee84doctype
00:30:35.378 [main] TRACE - Resolving type for handle ctproperties3f10type
00:30:35.388 [main] TRACE - Resolving type for handle properties288cdoctype
00:30:35.389 [main] TRACE - Resolving type for handle ctproperties2c18type
00:30:35.397 [main] DEBUG - Save content types part
00:30:35.487 [main] DEBUG - Save package relationships
00:30:35.492 [main] DEBUG - Save part 'docProps/app.xml'
00:30:35.492 [main] DEBUG - Save part 'docProps/core.xml'
00:30:35.494 [main] DEBUG - Save part 'xl/sharedStrings.xml'
00:30:35.495 [main] DEBUG - Save part 'xl/styles.xml'
00:30:35.495 [main] DEBUG - Save part 'xl/workbook.xml'
00:30:35.496 [main] DEBUG - Save part 'xl/worksheets/sheet1.xml'
00:30:35.499 [main] DEBUG - Save part 'xl/worksheets/sheet2.xml'
00:30:37.507 [main] INFO  - Sub-Menu of Gyms are Printed.......
00:30:39.980 [main] INFO  - Sub-Menu dropdown items list is printed.....
00:31:15.244 [main] INFO  - Chrome Browser is Opened.......................
00:31:24.478 [main] INFO  - First Pop Up Handled.......
00:31:26.716 [main] INFO  - Near By Location is entered.......
00:31:26.831 [main] INFO  - Suggested location is selected.......
00:31:29.452 [main] INFO  - Type Car Washing Services in search box.......
00:31:31.578 [main] INFO  - Suggested Car Washing Services is selected.......
00:31:34.333 [main] INFO  - Clicked on search button and result appears.......
00:31:36.843 [main] INFO  - Clicked on All Filters Sub-Menu.......
00:31:39.068 [main] INFO  - Click and Select rating 4.0+.......
00:31:42.344 [main] INFO  - Click on Apply Filter Button.......
00:31:54.145 [main] INFO  - Click on Show Number Flare Button to get contact of car washing services Dealer 
00:32:04.166 [main] INFO  - PopUp appeared and handled.......
00:32:05.327 [main] TRACE - Loading type system org.apache.poi.schemas.ooxml.system.ooxml
00:32:05.329 [main] TRACE - Loading type system org.apache.xmlbeans.metadata.system.sXMLCONFIG
00:32:05.329 [main] TRACE - Loading type system org.apache.xmlbeans.metadata.system.sXMLLANG
00:32:05.330 [main] TRACE - Loading type system org.apache.xmlbeans.metadata.system.sXMLSCHEMA
00:32:05.330 [main] TRACE - Loading type system org.apache.xmlbeans.metadata.system.sXMLTOOLS
00:32:05.331 [main] TRACE - Reading unresolved handles for type system org.apache.xmlbeans.metadata.system.sXMLTOOLS
00:32:05.348 [main] TRACE - Finished loading type system org.apache.xmlbeans.metadata.system.sXMLTOOLS
00:32:05.348 [main] TRACE - Reading unresolved handles for type system org.apache.xmlbeans.metadata.system.sXMLSCHEMA
00:32:05.350 [main] TRACE - Finished loading type system org.apache.xmlbeans.metadata.system.sXMLSCHEMA
00:32:05.356 [main] TRACE - Reading unresolved handles for type system org.apache.xmlbeans.metadata.system.sXMLLANG
00:32:05.358 [main] TRACE - Finished loading type system org.apache.xmlbeans.metadata.system.sXMLLANG
00:32:05.359 [main] TRACE - Reading unresolved handles for type system org.apache.xmlbeans.metadata.system.sXMLCONFIG
00:32:05.360 [main] TRACE - Finished loading type system org.apache.xmlbeans.metadata.system.sXMLCONFIG
00:32:05.361 [main] TRACE - Reading unresolved handles for type system org.apache.poi.schemas.ooxml.system.ooxml
00:32:05.433 [main] TRACE - Finished loading type system org.apache.poi.schemas.ooxml.system.ooxml
00:32:05.437 [main] TRACE - Resolving type for handle ctworkbook83c3type
00:32:05.487 [main] TRACE - Resolving type for handle ctworkbookpr03a5type
00:32:05.497 [main] TRACE - Resolving type for handle ctbookviewsb864type
00:32:05.499 [main] TRACE - Resolving type for handle ctbookviewf677type
00:32:05.507 [main] TRACE - Resolving type for handle ctsheets49fdtype
00:32:05.508 [main] TRACE - Resolving type for handle propertiesee84doctype
00:32:05.510 [main] TRACE - Resolving type for handle ctproperties3f10type
00:32:05.514 [main] TRACE - Resolving type for handle properties288cdoctype
00:32:05.516 [main] TRACE - Resolving type for handle ctproperties2c18type
00:32:05.529 [main] TRACE - Resolving type for handle sstf81fdoctype
00:32:05.530 [main] TRACE - Resolving type for handle ctsst44f3type
00:32:05.535 [main] TRACE - Resolving type for handle stylesheet5d8bdoctype
00:32:05.539 [main] TRACE - Resolving type for handle ctstylesheet4257type
00:32:05.542 [main] TRACE - Resolving type for handle ctfont14d8type
00:32:05.547 [main] TRACE - Resolving type for handle ctfontsizeb3b9type
00:32:05.555 [main] TRACE - Resolving type for handle ctcolord2c2type
00:32:05.558 [main] TRACE - Resolving type for handle ctfontname2dc3type
00:32:05.560 [main] TRACE - Resolving type for handle stxstringf179type
00:32:05.563 [main] TRACE - Resolving type for handle ctfontfamily685ctype
00:32:05.565 [main] TRACE - Resolving type for handle stfontfamily9c6ctype
00:32:05.570 [main] TRACE - Resolving type for handle ctfontschemebf5dtype
00:32:05.574 [main] TRACE - Resolving type for handle stfontschemef36dtype
00:32:05.577 [main] TRACE - Resolving type for handle ctfill550ctype
00:32:05.579 [main] TRACE - Resolving type for handle ctpatternfill7452type
00:32:05.582 [main] TRACE - Resolving type for handle stpatterntype7939type
00:32:05.588 [main] TRACE - Resolving type for handle ctborderf935type
00:32:05.592 [main] TRACE - Resolving type for handle ctborderpre497type
00:32:05.597 [main] TRACE - Resolving type for handle ctxf97f7type
00:32:05.599 [main] TRACE - Resolving type for handle stnumfmtid76fbtype
00:32:05.606 [main] TRACE - Resolving type for handle stfontid9d63type
00:32:05.608 [main] TRACE - Resolving type for handle stfillida097type
00:32:05.610 [main] TRACE - Resolving type for handle stborderid1a80type
00:32:05.611 [main] TRACE - Resolving type for handle stcellstylexfid70c7type
00:32:05.614 [main] TRACE - Resolving type for handle ctsheet4dbetype
00:32:05.622 [main] TRACE - Resolving type for handle ctworksheet530dtype
00:32:05.627 [main] TRACE - Resolving type for handle ctsheetformatprdef7type
00:32:05.631 [main] TRACE - Resolving type for handle ctsheetviewsb918type
00:32:05.634 [main] TRACE - Resolving type for handle ctsheetview0f43type
00:32:05.644 [main] TRACE - Resolving type for handle ctsheetdimensiond310type
00:32:05.645 [main] TRACE - Resolving type for handle stref90a2type
00:32:05.646 [main] TRACE - Resolving type for handle ctsheetdata8408type
00:32:05.647 [main] TRACE - Resolving type for handle ctpagemargins5455type
00:32:05.659 [main] TRACE - Resolving type for handle ctcols627ctype
00:32:05.662 [main] TRACE - Resolving type for handle strelationshipid1e94type
00:32:05.664 [main] TRACE - Resolving type for handle ctrowdd39type
00:32:05.677 [main] TRACE - Resolving type for handle ctcell842btype
00:32:05.692 [main] TRACE - Resolving type for handle stcellrefe4e0type
00:32:05.696 [main] TRACE - Resolving type for handle ctrsta472type
00:32:05.706 [main] TRACE - Resolving type for handle stcelltypebf95type
00:32:06.117 [main] TRACE - Resolving type for handle ctnumfmtsb58btype
00:32:06.122 [main] TRACE - Resolving type for handle ctfonts6623type
00:32:06.125 [main] TRACE - Resolving type for handle ctfills2c6ftype
00:32:06.126 [main] TRACE - Resolving type for handle ctborders0d66type
00:32:06.130 [main] TRACE - Resolving type for handle ctcellxfs1322type
00:32:06.132 [main] TRACE - Resolving type for handle ctcellstylexfsa81ftype
00:32:06.147 [main] DEBUG - Save core properties part
00:32:06.147 [main] DEBUG - Save content types part
00:32:06.253 [main] DEBUG - Save package relationships
00:32:06.262 [main] DEBUG - Save part 'docProps/app.xml'
00:32:06.265 [main] DEBUG - Save part 'docProps/core.xml'
00:32:06.275 [main] DEBUG - Save part 'xl/sharedStrings.xml'
00:32:06.275 [main] DEBUG - Save part 'xl/styles.xml'
00:32:06.275 [main] DEBUG - Save part 'xl/workbook.xml'
00:32:06.277 [main] DEBUG - Save part 'xl/worksheets/sheet1.xml'
00:32:06.286 [main] DEBUG - Save content types part
00:32:06.289 [main] DEBUG - Save package relationships
00:32:06.290 [main] DEBUG - Save part 'docProps/app.xml'
00:32:06.290 [main] DEBUG - Save part 'docProps/core.xml'
00:32:06.292 [main] DEBUG - Save part 'xl/sharedStrings.xml'
00:32:06.292 [main] DEBUG - Save part 'xl/styles.xml'
00:32:06.292 [main] DEBUG - Save part 'xl/workbook.xml'
00:32:06.293 [main] DEBUG - Save part 'xl/worksheets/sheet1.xml'
00:32:08.308 [main] INFO  - Printing Details of Car Washing Services.......
00:32:09.998 [main] INFO  - FreeListing is Launched.......
00:32:12.308 [main] INFO  - Wrong detail is given in input box.......
00:32:14.563 [main] INFO  - Start Now Button is clicked.......
00:32:16.812 [main] INFO  - Invalid Message is printed.......
00:32:18.677 [main] INFO  - Navigating Back to original Window.......
00:32:22.570 [main] INFO  - Type gyms in search box.......
00:32:24.972 [main] DEBUG - Parsing relationship: /xl/_rels/workbook.xml.rels
00:32:24.973 [main] DEBUG - Parsing relationship: /_rels/.rels
00:32:25.019 [main] TRACE - Resolving type for handle workbookec17doctype
00:32:25.023 [main] TRACE - Resolving type for handle worksheetf539doctype
00:32:25.541 [main] DEBUG - Save content types part
00:32:25.542 [main] DEBUG - Save package relationships
00:32:25.545 [main] DEBUG - Save part 'docProps/app.xml'
00:32:25.547 [main] DEBUG - Save part 'docProps/core.xml'
00:32:25.551 [main] DEBUG - Save part 'xl/sharedStrings.xml'
00:32:25.551 [main] DEBUG - Save part 'xl/styles.xml'
00:32:25.552 [main] DEBUG - Save part 'xl/workbook.xml'
00:32:25.554 [main] DEBUG - Save part 'xl/worksheets/sheet1.xml'
00:32:25.554 [main] DEBUG - Save part 'xl/worksheets/sheet2.xml'
00:32:27.559 [main] INFO  - Sub-Menu of Gyms are Printed.......
00:32:29.091 [main] INFO  - Sub-Menu dropdown items list is printed.....
16:23:07.775 [main] INFO  - Chrome Browser is Opened.......................
16:23:17.718 [main] INFO  - First Pop Up Handled.......
16:23:19.914 [main] INFO  - Near By Location is entered.......
16:23:19.983 [main] INFO  - Suggested location is selected.......
16:23:22.453 [main] INFO  - Type Car Washing Services in search box.......
16:23:24.542 [main] INFO  - Suggested Car Washing Services is selected.......
16:23:26.662 [main] INFO  - Clicked on search button and result appears.......
16:23:29.328 [main] INFO  - Clicked on All Filters Sub-Menu.......
16:23:31.470 [main] INFO  - Click and Select rating 4.0+.......
16:23:34.593 [main] INFO  - Click on Apply Filter Button.......
16:23:45.567 [main] INFO  - Click on Show Number Flare Button to get contact of car washing services Dealer 
16:23:55.631 [main] INFO  - PopUp appeared and handled.......
16:23:56.854 [main] TRACE - Loading type system org.apache.poi.schemas.ooxml.system.ooxml
16:23:56.859 [main] TRACE - Loading type system org.apache.xmlbeans.metadata.system.sXMLCONFIG
16:23:56.860 [main] TRACE - Loading type system org.apache.xmlbeans.metadata.system.sXMLLANG
16:23:56.861 [main] TRACE - Loading type system org.apache.xmlbeans.metadata.system.sXMLSCHEMA
16:23:56.861 [main] TRACE - Loading type system org.apache.xmlbeans.metadata.system.sXMLTOOLS
16:23:56.863 [main] TRACE - Reading unresolved handles for type system org.apache.xmlbeans.metadata.system.sXMLTOOLS
16:23:56.886 [main] TRACE - Finished loading type system org.apache.xmlbeans.metadata.system.sXMLTOOLS
16:23:56.887 [main] TRACE - Reading unresolved handles for type system org.apache.xmlbeans.metadata.system.sXMLSCHEMA
16:23:56.895 [main] TRACE - Finished loading type system org.apache.xmlbeans.metadata.system.sXMLSCHEMA
16:23:56.897 [main] TRACE - Reading unresolved handles for type system org.apache.xmlbeans.metadata.system.sXMLLANG
16:23:56.898 [main] TRACE - Finished loading type system org.apache.xmlbeans.metadata.system.sXMLLANG
16:23:56.899 [main] TRACE - Reading unresolved handles for type system org.apache.xmlbeans.metadata.system.sXMLCONFIG
16:23:56.900 [main] TRACE - Finished loading type system org.apache.xmlbeans.metadata.system.sXMLCONFIG
16:23:56.901 [main] TRACE - Reading unresolved handles for type system org.apache.poi.schemas.ooxml.system.ooxml
16:23:56.985 [main] TRACE - Finished loading type system org.apache.poi.schemas.ooxml.system.ooxml
16:23:56.986 [main] TRACE - Resolving type for handle ctworkbook83c3type
16:23:57.062 [main] TRACE - Resolving type for handle ctworkbookpr03a5type
16:23:57.077 [main] TRACE - Resolving type for handle ctbookviewsb864type
16:23:57.081 [main] TRACE - Resolving type for handle ctbookviewf677type
16:23:57.096 [main] TRACE - Resolving type for handle ctsheets49fdtype
16:23:57.104 [main] TRACE - Resolving type for handle propertiesee84doctype
16:23:57.110 [main] TRACE - Resolving type for handle ctproperties3f10type
16:23:57.119 [main] TRACE - Resolving type for handle properties288cdoctype
16:23:57.121 [main] TRACE - Resolving type for handle ctproperties2c18type
16:23:57.131 [main] TRACE - Resolving type for handle sstf81fdoctype
16:23:57.134 [main] TRACE - Resolving type for handle ctsst44f3type
16:23:57.142 [main] TRACE - Resolving type for handle stylesheet5d8bdoctype
16:23:57.144 [main] TRACE - Resolving type for handle ctstylesheet4257type
16:23:57.149 [main] TRACE - Resolving type for handle ctfont14d8type
16:23:57.156 [main] TRACE - Resolving type for handle ctfontsizeb3b9type
16:23:57.162 [main] TRACE - Resolving type for handle ctcolord2c2type
16:23:57.167 [main] TRACE - Resolving type for handle ctfontname2dc3type
16:23:57.170 [main] TRACE - Resolving type for handle stxstringf179type
16:23:57.175 [main] TRACE - Resolving type for handle ctfontfamily685ctype
16:23:57.178 [main] TRACE - Resolving type for handle stfontfamily9c6ctype
16:23:57.184 [main] TRACE - Resolving type for handle ctfontschemebf5dtype
16:23:57.188 [main] TRACE - Resolving type for handle stfontschemef36dtype
16:23:57.196 [main] TRACE - Resolving type for handle ctfill550ctype
16:23:57.198 [main] TRACE - Resolving type for handle ctpatternfill7452type
16:23:57.205 [main] TRACE - Resolving type for handle stpatterntype7939type
16:23:57.210 [main] TRACE - Resolving type for handle ctborderf935type
16:23:57.213 [main] TRACE - Resolving type for handle ctborderpre497type
16:23:57.219 [main] TRACE - Resolving type for handle ctxf97f7type
16:23:57.222 [main] TRACE - Resolving type for handle stnumfmtid76fbtype
16:23:57.225 [main] TRACE - Resolving type for handle stfontid9d63type
16:23:57.227 [main] TRACE - Resolving type for handle stfillida097type
16:23:57.230 [main] TRACE - Resolving type for handle stborderid1a80type
16:23:57.232 [main] TRACE - Resolving type for handle stcellstylexfid70c7type
16:23:57.242 [main] TRACE - Resolving type for handle ctsheet4dbetype
16:23:57.250 [main] TRACE - Resolving type for handle ctworksheet530dtype
16:23:57.254 [main] TRACE - Resolving type for handle ctsheetformatprdef7type
16:23:57.263 [main] TRACE - Resolving type for handle ctsheetviewsb918type
16:23:57.267 [main] TRACE - Resolving type for handle ctsheetview0f43type
16:23:57.275 [main] TRACE - Resolving type for handle ctsheetdimensiond310type
16:23:57.278 [main] TRACE - Resolving type for handle stref90a2type
16:23:57.283 [main] TRACE - Resolving type for handle ctsheetdata8408type
16:23:57.285 [main] TRACE - Resolving type for handle ctpagemargins5455type
16:23:57.299 [main] TRACE - Resolving type for handle ctcols627ctype
16:23:57.303 [main] TRACE - Resolving type for handle strelationshipid1e94type
16:23:57.309 [main] TRACE - Resolving type for handle ctrowdd39type
16:23:57.321 [main] TRACE - Resolving type for handle ctcell842btype
16:23:57.337 [main] TRACE - Resolving type for handle stcellrefe4e0type
16:23:57.343 [main] TRACE - Resolving type for handle ctrsta472type
16:23:57.348 [main] TRACE - Resolving type for handle stcelltypebf95type
16:23:57.783 [main] TRACE - Resolving type for handle ctnumfmtsb58btype
16:23:57.789 [main] TRACE - Resolving type for handle ctfonts6623type
16:23:57.796 [main] TRACE - Resolving type for handle ctfills2c6ftype
16:23:57.799 [main] TRACE - Resolving type for handle ctborders0d66type
16:23:57.804 [main] TRACE - Resolving type for handle ctcellxfs1322type
16:23:57.811 [main] TRACE - Resolving type for handle ctcellstylexfsa81ftype
16:23:57.859 [main] DEBUG - Save core properties part
16:23:57.860 [main] DEBUG - Save content types part
16:23:58.016 [main] DEBUG - Save package relationships
16:23:58.030 [main] DEBUG - Save part 'docProps/app.xml'
16:23:58.038 [main] DEBUG - Save part 'docProps/core.xml'
16:23:58.047 [main] DEBUG - Save part 'xl/sharedStrings.xml'
16:23:58.048 [main] DEBUG - Save part 'xl/styles.xml'
16:23:58.048 [main] DEBUG - Save part 'xl/workbook.xml'
16:23:58.050 [main] DEBUG - Save part 'xl/worksheets/sheet1.xml'
16:23:58.054 [main] DEBUG - Save content types part
16:23:58.056 [main] DEBUG - Save package relationships
16:23:58.058 [main] DEBUG - Save part 'docProps/app.xml'
16:23:58.059 [main] DEBUG - Save part 'docProps/core.xml'
16:23:58.061 [main] DEBUG - Save part 'xl/sharedStrings.xml'
16:23:58.061 [main] DEBUG - Save part 'xl/styles.xml'
16:23:58.062 [main] DEBUG - Save part 'xl/workbook.xml'
16:23:58.063 [main] DEBUG - Save part 'xl/worksheets/sheet1.xml'
16:24:00.073 [main] INFO  - Printing Details of Car Washing Services.......
16:24:06.118 [main] INFO  - FreeListing is Launched.......
16:24:08.257 [main] INFO  - Wrong detail is given in input box.......
16:24:10.510 [main] INFO  - Start Now Button is clicked.......
16:24:12.732 [main] INFO  - Invalid Message is printed.......
16:24:23.587 [main] INFO  - Navigating Back to original Window.......
16:24:26.933 [main] INFO  - Type gyms in search box.......
16:24:29.414 [main] DEBUG - Parsing relationship: /xl/_rels/workbook.xml.rels
16:24:29.416 [main] DEBUG - Parsing relationship: /_rels/.rels
16:24:29.477 [main] TRACE - Resolving type for handle workbookec17doctype
16:24:29.488 [main] TRACE - Resolving type for handle worksheetf539doctype
16:24:29.847 [main] DEBUG - Save content types part
16:24:29.851 [main] DEBUG - Save package relationships
16:24:29.852 [main] DEBUG - Save part 'docProps/app.xml'
16:24:29.852 [main] DEBUG - Save part 'docProps/core.xml'
16:24:29.854 [main] DEBUG - Save part 'xl/sharedStrings.xml'
16:24:29.854 [main] DEBUG - Save part 'xl/styles.xml'
16:24:29.855 [main] DEBUG - Save part 'xl/workbook.xml'
16:24:29.857 [main] DEBUG - Save part 'xl/worksheets/sheet1.xml'
16:24:29.857 [main] DEBUG - Save part 'xl/worksheets/sheet2.xml'
16:24:31.871 [main] INFO  - Sub-Menu of Gyms are Printed.......
16:24:33.487 [main] INFO  - Sub-Menu dropdown items list is printed.....
16:25:21.824 [main] INFO  - Chrome Browser is Opened.......................
16:25:32.402 [main] INFO  - First Pop Up Handled.......
16:25:34.567 [main] INFO  - Near By Location is entered.......
16:25:34.642 [main] INFO  - Suggested location is selected.......
16:25:37.083 [main] INFO  - Type Car Washing Services in search box.......
16:25:39.164 [main] INFO  - Suggested Car Washing Services is selected.......
16:25:41.353 [main] INFO  - Clicked on search button and result appears.......
16:25:43.602 [main] INFO  - Clicked on All Filters Sub-Menu.......
16:25:45.720 [main] INFO  - Click and Select rating 4.0+.......
16:25:48.827 [main] INFO  - Click on Apply Filter Button.......
16:25:59.673 [main] INFO  - Click on Show Number Flare Button to get contact of car washing services Dealer 
16:26:09.724 [main] INFO  - PopUp appeared and handled.......
16:26:10.685 [main] TRACE - Loading type system org.apache.poi.schemas.ooxml.system.ooxml
16:26:10.689 [main] TRACE - Loading type system org.apache.xmlbeans.metadata.system.sXMLCONFIG
16:26:10.689 [main] TRACE - Loading type system org.apache.xmlbeans.metadata.system.sXMLLANG
16:26:10.690 [main] TRACE - Loading type system org.apache.xmlbeans.metadata.system.sXMLSCHEMA
16:26:10.691 [main] TRACE - Loading type system org.apache.xmlbeans.metadata.system.sXMLTOOLS
16:26:10.693 [main] TRACE - Reading unresolved handles for type system org.apache.xmlbeans.metadata.system.sXMLTOOLS
16:26:10.709 [main] TRACE - Finished loading type system org.apache.xmlbeans.metadata.system.sXMLTOOLS
16:26:10.711 [main] TRACE - Reading unresolved handles for type system org.apache.xmlbeans.metadata.system.sXMLSCHEMA
16:26:10.717 [main] TRACE - Finished loading type system org.apache.xmlbeans.metadata.system.sXMLSCHEMA
16:26:10.719 [main] TRACE - Reading unresolved handles for type system org.apache.xmlbeans.metadata.system.sXMLLANG
16:26:10.720 [main] TRACE - Finished loading type system org.apache.xmlbeans.metadata.system.sXMLLANG
16:26:10.721 [main] TRACE - Reading unresolved handles for type system org.apache.xmlbeans.metadata.system.sXMLCONFIG
16:26:10.723 [main] TRACE - Finished loading type system org.apache.xmlbeans.metadata.system.sXMLCONFIG
16:26:10.724 [main] TRACE - Reading unresolved handles for type system org.apache.poi.schemas.ooxml.system.ooxml
16:26:10.781 [main] TRACE - Finished loading type system org.apache.poi.schemas.ooxml.system.ooxml
16:26:10.783 [main] TRACE - Resolving type for handle ctworkbook83c3type
16:26:10.832 [main] TRACE - Resolving type for handle ctworkbookpr03a5type
16:26:10.850 [main] TRACE - Resolving type for handle ctbookviewsb864type
16:26:10.851 [main] TRACE - Resolving type for handle ctbookviewf677type
16:26:10.862 [main] TRACE - Resolving type for handle ctsheets49fdtype
16:26:10.866 [main] TRACE - Resolving type for handle propertiesee84doctype
16:26:10.868 [main] TRACE - Resolving type for handle ctproperties3f10type
16:26:10.876 [main] TRACE - Resolving type for handle properties288cdoctype
16:26:10.878 [main] TRACE - Resolving type for handle ctproperties2c18type
16:26:10.886 [main] TRACE - Resolving type for handle sstf81fdoctype
16:26:10.888 [main] TRACE - Resolving type for handle ctsst44f3type
16:26:10.896 [main] TRACE - Resolving type for handle stylesheet5d8bdoctype
16:26:10.898 [main] TRACE - Resolving type for handle ctstylesheet4257type
16:26:10.905 [main] TRACE - Resolving type for handle ctfont14d8type
16:26:10.913 [main] TRACE - Resolving type for handle ctfontsizeb3b9type
16:26:10.918 [main] TRACE - Resolving type for handle ctcolord2c2type
16:26:10.921 [main] TRACE - Resolving type for handle ctfontname2dc3type
16:26:10.924 [main] TRACE - Resolving type for handle stxstringf179type
16:26:10.928 [main] TRACE - Resolving type for handle ctfontfamily685ctype
16:26:10.930 [main] TRACE - Resolving type for handle stfontfamily9c6ctype
16:26:10.938 [main] TRACE - Resolving type for handle ctfontschemebf5dtype
16:26:10.943 [main] TRACE - Resolving type for handle stfontschemef36dtype
16:26:10.948 [main] TRACE - Resolving type for handle ctfill550ctype
16:26:10.950 [main] TRACE - Resolving type for handle ctpatternfill7452type
16:26:10.955 [main] TRACE - Resolving type for handle stpatterntype7939type
16:26:10.959 [main] TRACE - Resolving type for handle ctborderf935type
16:26:10.963 [main] TRACE - Resolving type for handle ctborderpre497type
16:26:10.970 [main] TRACE - Resolving type for handle ctxf97f7type
16:26:10.975 [main] TRACE - Resolving type for handle stnumfmtid76fbtype
16:26:10.978 [main] TRACE - Resolving type for handle stfontid9d63type
16:26:10.981 [main] TRACE - Resolving type for handle stfillida097type
16:26:10.983 [main] TRACE - Resolving type for handle stborderid1a80type
16:26:10.985 [main] TRACE - Resolving type for handle stcellstylexfid70c7type
16:26:10.990 [main] TRACE - Resolving type for handle ctsheet4dbetype
16:26:10.995 [main] TRACE - Resolving type for handle ctworksheet530dtype
16:26:11.001 [main] TRACE - Resolving type for handle ctsheetformatprdef7type
16:26:11.006 [main] TRACE - Resolving type for handle ctsheetviewsb918type
16:26:11.009 [main] TRACE - Resolving type for handle ctsheetview0f43type
16:26:11.014 [main] TRACE - Resolving type for handle ctsheetdimensiond310type
16:26:11.016 [main] TRACE - Resolving type for handle stref90a2type
16:26:11.019 [main] TRACE - Resolving type for handle ctsheetdata8408type
16:26:11.021 [main] TRACE - Resolving type for handle ctpagemargins5455type
16:26:11.028 [main] TRACE - Resolving type for handle ctcols627ctype
16:26:11.033 [main] TRACE - Resolving type for handle strelationshipid1e94type
16:26:11.035 [main] TRACE - Resolving type for handle ctrowdd39type
16:26:11.044 [main] TRACE - Resolving type for handle ctcell842btype
16:26:11.060 [main] TRACE - Resolving type for handle stcellrefe4e0type
16:26:11.065 [main] TRACE - Resolving type for handle ctrsta472type
16:26:11.070 [main] TRACE - Resolving type for handle stcelltypebf95type
16:26:11.468 [main] TRACE - Resolving type for handle ctnumfmtsb58btype
16:26:11.471 [main] TRACE - Resolving type for handle ctfonts6623type
16:26:11.475 [main] TRACE - Resolving type for handle ctfills2c6ftype
16:26:11.480 [main] TRACE - Resolving type for handle ctborders0d66type
16:26:11.484 [main] TRACE - Resolving type for handle ctcellxfs1322type
16:26:11.488 [main] TRACE - Resolving type for handle ctcellstylexfsa81ftype
16:26:11.519 [main] DEBUG - Save core properties part
16:26:11.519 [main] DEBUG - Save content types part
16:26:11.627 [main] DEBUG - Save package relationships
16:26:11.635 [main] DEBUG - Save part 'docProps/app.xml'
16:26:11.639 [main] DEBUG - Save part 'docProps/core.xml'
16:26:11.648 [main] DEBUG - Save part 'xl/sharedStrings.xml'
16:26:11.649 [main] DEBUG - Save part 'xl/styles.xml'
16:26:11.649 [main] DEBUG - Save part 'xl/workbook.xml'
16:26:11.651 [main] DEBUG - Save part 'xl/worksheets/sheet1.xml'
16:26:11.655 [main] DEBUG - Save content types part
16:26:11.657 [main] DEBUG - Save package relationships
16:26:11.658 [main] DEBUG - Save part 'docProps/app.xml'
16:26:11.659 [main] DEBUG - Save part 'docProps/core.xml'
16:26:11.661 [main] DEBUG - Save part 'xl/sharedStrings.xml'
16:26:11.661 [main] DEBUG - Save part 'xl/styles.xml'
16:26:11.661 [main] DEBUG - Save part 'xl/workbook.xml'
16:26:11.663 [main] DEBUG - Save part 'xl/worksheets/sheet1.xml'
16:26:13.671 [main] INFO  - Printing Details of Car Washing Services.......
16:26:15.603 [main] INFO  - FreeListing is Launched.......
16:26:17.724 [main] INFO  - Wrong detail is given in input box.......
16:26:19.900 [main] INFO  - Start Now Button is clicked.......
16:26:22.027 [main] INFO  - Invalid Message is printed.......
16:26:23.564 [main] INFO  - Navigating Back to original Window.......
16:26:26.863 [main] INFO  - Type gyms in search box.......
16:26:29.156 [main] DEBUG - Parsing relationship: /xl/_rels/workbook.xml.rels
16:26:29.159 [main] DEBUG - Parsing relationship: /_rels/.rels
16:26:29.212 [main] TRACE - Resolving type for handle workbookec17doctype
16:26:29.220 [main] TRACE - Resolving type for handle worksheetf539doctype
16:26:29.551 [main] DEBUG - Save content types part
16:26:29.553 [main] DEBUG - Save package relationships
16:26:29.555 [main] DEBUG - Save part 'docProps/app.xml'
16:26:29.555 [main] DEBUG - Save part 'docProps/core.xml'
16:26:29.558 [main] DEBUG - Save part 'xl/sharedStrings.xml'
16:26:29.558 [main] DEBUG - Save part 'xl/styles.xml'
16:26:29.558 [main] DEBUG - Save part 'xl/workbook.xml'
16:26:29.560 [main] DEBUG - Save part 'xl/worksheets/sheet1.xml'
16:26:29.561 [main] DEBUG - Save part 'xl/worksheets/sheet2.xml'
16:26:31.565 [main] INFO  - Sub-Menu of Gyms are Printed.......
16:32:11.118 [main] INFO  - Chrome Browser is Opened.......................
16:32:19.185 [main] INFO  - First Pop Up Handled.......
16:32:21.344 [main] INFO  - Near By Location is entered.......
16:32:21.429 [main] INFO  - Suggested location is selected.......
16:32:23.829 [main] INFO  - Type Car Washing Services in search box.......
16:32:25.920 [main] INFO  - Suggested Car Washing Services is selected.......
16:32:28.016 [main] INFO  - Clicked on search button and result appears.......
16:32:31.331 [main] INFO  - Clicked on All Filters Sub-Menu.......
16:32:33.413 [main] INFO  - Click and Select rating 4.0+.......
16:32:36.499 [main] INFO  - Click on Apply Filter Button.......
16:32:47.288 [main] INFO  - Click on Show Number Flare Button to get contact of car washing services Dealer 
16:32:57.374 [main] INFO  - PopUp appeared and handled.......
16:32:58.419 [main] TRACE - Loading type system org.apache.poi.schemas.ooxml.system.ooxml
16:32:58.422 [main] TRACE - Loading type system org.apache.xmlbeans.metadata.system.sXMLCONFIG
16:32:58.423 [main] TRACE - Loading type system org.apache.xmlbeans.metadata.system.sXMLLANG
16:32:58.423 [main] TRACE - Loading type system org.apache.xmlbeans.metadata.system.sXMLSCHEMA
16:32:58.424 [main] TRACE - Loading type system org.apache.xmlbeans.metadata.system.sXMLTOOLS
16:32:58.426 [main] TRACE - Reading unresolved handles for type system org.apache.xmlbeans.metadata.system.sXMLTOOLS
16:32:58.443 [main] TRACE - Finished loading type system org.apache.xmlbeans.metadata.system.sXMLTOOLS
16:32:58.445 [main] TRACE - Reading unresolved handles for type system org.apache.xmlbeans.metadata.system.sXMLSCHEMA
16:32:58.451 [main] TRACE - Finished loading type system org.apache.xmlbeans.metadata.system.sXMLSCHEMA
16:32:58.453 [main] TRACE - Reading unresolved handles for type system org.apache.xmlbeans.metadata.system.sXMLLANG
16:32:58.455 [main] TRACE - Finished loading type system org.apache.xmlbeans.metadata.system.sXMLLANG
16:32:58.456 [main] TRACE - Reading unresolved handles for type system org.apache.xmlbeans.metadata.system.sXMLCONFIG
16:32:58.457 [main] TRACE - Finished loading type system org.apache.xmlbeans.metadata.system.sXMLCONFIG
16:32:58.458 [main] TRACE - Reading unresolved handles for type system org.apache.poi.schemas.ooxml.system.ooxml
16:32:58.516 [main] TRACE - Finished loading type system org.apache.poi.schemas.ooxml.system.ooxml
