22:24:17.414 [main] INFO  - Chrome Browser is Opened.......................
22:24:26.283 [main] INFO  - First Pop Up Handled.......
22:24:28.653 [main] INFO  - Near By Location is entered.......
22:24:28.835 [main] INFO  - Suggested location is selected.......
22:24:31.271 [main] INFO  - Type Car Washing Services in search box.......
22:24:36.453 [main] INFO  - Suggested Car Washing Services is selected.......
22:24:41.684 [main] INFO  - Clicked on search button and result appears.......
22:24:44.318 [main] INFO  - Clicked on All Filters Sub-Menu.......
22:24:46.507 [main] INFO  - Click and Select rating 4.0+.......
22:24:49.797 [main] INFO  - Click on Apply Filter Button.......
22:24:59.842 [main] INFO  - PopUp appeared and handled.......
22:25:04.643 [main] INFO  - FreeListing is Launched.......
22:25:07.180 [main] INFO  - Wrong detail is given in input box.......
22:25:09.334 [main] INFO  - Start Now Button is clicked.......
22:25:11.395 [main] INFO  - Invalid Message is printed.......
22:25:13.276 [main] INFO  - Navigating Back to original Window.......
22:25:17.448 [main] INFO  - Type gyms in search box.......
22:25:21.558 [main] INFO  - Sub-Menu of Gyms are Printed.......
22:34:30.330 [main] INFO  - Chrome Browser is Opened.......................
22:34:39.203 [main] INFO  - First Pop Up Handled.......
22:34:41.564 [main] INFO  - Near By Location is entered.......
22:34:41.746 [main] INFO  - Suggested location is selected.......
22:34:44.305 [main] INFO  - Type Car Washing Services in search box.......
22:34:49.483 [main] INFO  - Suggested Car Washing Services is selected.......
22:34:54.711 [main] INFO  - Clicked on search button and result appears.......
22:34:57.260 [main] INFO  - Clicked on All Filters Sub-Menu.......
22:34:59.420 [main] INFO  - Click and Select rating 4.0+.......
22:35:02.713 [main] INFO  - Click on Apply Filter Button.......
22:35:12.743 [main] INFO  - PopUp appeared and handled.......
22:35:14.999 [main] INFO  - Click on Show Number Flare Button to get contact of car washing services Dealer 
22:35:16.001 [main] TRACE - Loading type system org.apache.poi.schemas.ooxml.system.ooxml
22:35:16.004 [main] TRACE - Loading type system org.apache.xmlbeans.metadata.system.sXMLCONFIG
22:35:16.004 [main] TRACE - Loading type system org.apache.xmlbeans.metadata.system.sXMLLANG
22:35:16.004 [main] TRACE - Loading type system org.apache.xmlbeans.metadata.system.sXMLSCHEMA
22:35:16.005 [main] TRACE - Loading type system org.apache.xmlbeans.metadata.system.sXMLTOOLS
22:35:16.006 [main] TRACE - Reading unresolved handles for type system org.apache.xmlbeans.metadata.system.sXMLTOOLS
22:35:16.018 [main] TRACE - Finished loading type system org.apache.xmlbeans.metadata.system.sXMLTOOLS
22:35:16.019 [main] TRACE - Reading unresolved handles for type system org.apache.xmlbeans.metadata.system.sXMLSCHEMA
22:35:16.023 [main] TRACE - Finished loading type system org.apache.xmlbeans.metadata.system.sXMLSCHEMA
22:35:16.025 [main] TRACE - Reading unresolved handles for type system org.apache.xmlbeans.metadata.system.sXMLLANG
22:35:16.026 [main] TRACE - Finished loading type system org.apache.xmlbeans.metadata.system.sXMLLANG
22:35:16.027 [main] TRACE - Reading unresolved handles for type system org.apache.xmlbeans.metadata.system.sXMLCONFIG
22:35:16.028 [main] TRACE - Finished loading type system org.apache.xmlbeans.metadata.system.sXMLCONFIG
22:35:16.029 [main] TRACE - Reading unresolved handles for type system org.apache.poi.schemas.ooxml.system.ooxml
22:35:16.077 [main] TRACE - Finished loading type system org.apache.poi.schemas.ooxml.system.ooxml
22:35:16.078 [main] TRACE - Resolving type for handle ctworkbook83c3type
22:35:16.129 [main] TRACE - Resolving type for handle ctworkbookpr03a5type
22:35:16.146 [main] TRACE - Resolving type for handle ctbookviewsb864type
22:35:16.149 [main] TRACE - Resolving type for handle ctbookviewf677type
22:35:16.169 [main] TRACE - Resolving type for handle ctsheets49fdtype
22:35:16.175 [main] TRACE - Resolving type for handle propertiesee84doctype
22:35:16.177 [main] TRACE - Resolving type for handle ctproperties3f10type
22:35:16.183 [main] TRACE - Resolving type for handle properties288cdoctype
22:35:16.184 [main] TRACE - Resolving type for handle ctproperties2c18type
22:35:16.192 [main] TRACE - Resolving type for handle sstf81fdoctype
22:35:16.194 [main] TRACE - Resolving type for handle ctsst44f3type
22:35:16.198 [main] TRACE - Resolving type for handle stylesheet5d8bdoctype
22:35:16.199 [main] TRACE - Resolving type for handle ctstylesheet4257type
22:35:16.203 [main] TRACE - Resolving type for handle ctfont14d8type
22:35:16.212 [main] TRACE - Resolving type for handle ctfontsizeb3b9type
22:35:16.216 [main] TRACE - Resolving type for handle ctcolord2c2type
22:35:16.218 [main] TRACE - Resolving type for handle ctfontname2dc3type
22:35:16.220 [main] TRACE - Resolving type for handle stxstringf179type
22:35:16.224 [main] TRACE - Resolving type for handle ctfontfamily685ctype
22:35:16.227 [main] TRACE - Resolving type for handle stfontfamily9c6ctype
22:35:16.231 [main] TRACE - Resolving type for handle ctfontschemebf5dtype
22:35:16.233 [main] TRACE - Resolving type for handle stfontschemef36dtype
22:35:16.238 [main] TRACE - Resolving type for handle ctfill550ctype
22:35:16.240 [main] TRACE - Resolving type for handle ctpatternfill7452type
22:35:16.244 [main] TRACE - Resolving type for handle stpatterntype7939type
22:35:16.251 [main] TRACE - Resolving type for handle ctborderf935type
22:35:16.261 [main] TRACE - Resolving type for handle ctborderpre497type
22:35:16.272 [main] TRACE - Resolving type for handle ctxf97f7type
22:35:16.278 [main] TRACE - Resolving type for handle stnumfmtid76fbtype
22:35:16.281 [main] TRACE - Resolving type for handle stfontid9d63type
22:35:16.283 [main] TRACE - Resolving type for handle stfillida097type
22:35:16.284 [main] TRACE - Resolving type for handle stborderid1a80type
22:35:16.287 [main] TRACE - Resolving type for handle stcellstylexfid70c7type
22:35:16.296 [main] TRACE - Resolving type for handle ctsheet4dbetype
22:35:16.304 [main] TRACE - Resolving type for handle ctworksheet530dtype
22:35:16.317 [main] TRACE - Resolving type for handle ctsheetformatprdef7type
22:35:16.323 [main] TRACE - Resolving type for handle ctsheetviewsb918type
22:35:16.329 [main] TRACE - Resolving type for handle ctsheetview0f43type
22:35:16.339 [main] TRACE - Resolving type for handle ctsheetdimensiond310type
22:35:16.343 [main] TRACE - Resolving type for handle stref90a2type
22:35:16.345 [main] TRACE - Resolving type for handle ctsheetdata8408type
22:35:16.347 [main] TRACE - Resolving type for handle ctpagemargins5455type
22:35:16.355 [main] TRACE - Resolving type for handle ctcols627ctype
22:35:16.359 [main] TRACE - Resolving type for handle strelationshipid1e94type
22:35:16.361 [main] TRACE - Resolving type for handle ctrowdd39type
22:35:16.371 [main] TRACE - Resolving type for handle ctcell842btype
22:35:16.379 [main] TRACE - Resolving type for handle stcellrefe4e0type
22:35:16.382 [main] TRACE - Resolving type for handle ctrsta472type
22:35:16.385 [main] TRACE - Resolving type for handle stcelltypebf95type
22:35:16.839 [main] TRACE - Resolving type for handle ctnumfmtsb58btype
22:35:16.844 [main] TRACE - Resolving type for handle ctfonts6623type
22:35:16.846 [main] TRACE - Resolving type for handle ctfills2c6ftype
22:35:16.848 [main] TRACE - Resolving type for handle ctborders0d66type
22:35:16.851 [main] TRACE - Resolving type for handle ctcellxfs1322type
22:35:16.853 [main] TRACE - Resolving type for handle ctcellstylexfsa81ftype
22:35:16.886 [main] DEBUG - Save core properties part
22:35:16.886 [main] DEBUG - Save content types part
22:35:16.981 [main] DEBUG - Save package relationships
22:35:16.987 [main] DEBUG - Save part 'docProps/app.xml'
22:35:16.991 [main] DEBUG - Save part 'docProps/core.xml'
22:35:17.003 [main] DEBUG - Save part 'xl/sharedStrings.xml'
22:35:17.004 [main] DEBUG - Save part 'xl/styles.xml'
22:35:17.004 [main] DEBUG - Save part 'xl/workbook.xml'
22:35:17.008 [main] DEBUG - Save part 'xl/worksheets/sheet1.xml'
22:35:17.013 [main] DEBUG - Save content types part
22:35:17.015 [main] DEBUG - Save package relationships
22:35:17.016 [main] DEBUG - Save part 'docProps/app.xml'
22:35:17.017 [main] DEBUG - Save part 'docProps/core.xml'
22:35:17.019 [main] DEBUG - Save part 'xl/sharedStrings.xml'
22:35:17.019 [main] DEBUG - Save part 'xl/styles.xml'
22:35:17.020 [main] DEBUG - Save part 'xl/workbook.xml'
22:35:17.022 [main] DEBUG - Save part 'xl/worksheets/sheet1.xml'
22:35:17.024 [main] INFO  - Printing Details of Car Washing Services.......
22:35:19.272 [main] INFO  - FreeListing is Launched.......
22:35:21.753 [main] INFO  - Wrong detail is given in input box.......
22:35:23.879 [main] INFO  - Start Now Button is clicked.......
22:41:19.419 [main] INFO  - Chrome Browser is Opened.......................
22:41:28.189 [main] INFO  - First Pop Up Handled.......
22:41:30.663 [main] INFO  - Near By Location is entered.......
22:41:30.812 [main] INFO  - Suggested location is selected.......
22:41:33.257 [main] INFO  - Type Car Washing Services in search box.......
22:41:38.440 [main] INFO  - Suggested Car Washing Services is selected.......
22:41:43.649 [main] INFO  - Clicked on search button and result appears.......
22:41:46.196 [main] INFO  - Clicked on All Filters Sub-Menu.......
22:41:48.373 [main] INFO  - Click and Select rating 4.0+.......
22:41:51.670 [main] INFO  - Click on Apply Filter Button.......
22:42:01.766 [main] INFO  - PopUp appeared and handled.......
22:42:04.200 [main] INFO  - Click on Show Number Flare Button to get contact of car washing services Dealer 
22:42:05.104 [main] TRACE - Loading type system org.apache.poi.schemas.ooxml.system.ooxml
22:42:05.107 [main] TRACE - Loading type system org.apache.xmlbeans.metadata.system.sXMLCONFIG
22:42:05.108 [main] TRACE - Loading type system org.apache.xmlbeans.metadata.system.sXMLLANG
22:42:05.108 [main] TRACE - Loading type system org.apache.xmlbeans.metadata.system.sXMLSCHEMA
22:42:05.109 [main] TRACE - Loading type system org.apache.xmlbeans.metadata.system.sXMLTOOLS
22:42:05.110 [main] TRACE - Reading unresolved handles for type system org.apache.xmlbeans.metadata.system.sXMLTOOLS
22:42:05.119 [main] TRACE - Finished loading type system org.apache.xmlbeans.metadata.system.sXMLTOOLS
22:42:05.120 [main] TRACE - Reading unresolved handles for type system org.apache.xmlbeans.metadata.system.sXMLSCHEMA
22:42:05.123 [main] TRACE - Finished loading type system org.apache.xmlbeans.metadata.system.sXMLSCHEMA
22:42:05.125 [main] TRACE - Reading unresolved handles for type system org.apache.xmlbeans.metadata.system.sXMLLANG
22:42:05.126 [main] TRACE - Finished loading type system org.apache.xmlbeans.metadata.system.sXMLLANG
22:42:05.127 [main] TRACE - Reading unresolved handles for type system org.apache.xmlbeans.metadata.system.sXMLCONFIG
22:42:05.128 [main] TRACE - Finished loading type system org.apache.xmlbeans.metadata.system.sXMLCONFIG
22:42:05.130 [main] TRACE - Reading unresolved handles for type system org.apache.poi.schemas.ooxml.system.ooxml
22:42:05.196 [main] TRACE - Finished loading type system org.apache.poi.schemas.ooxml.system.ooxml
22:42:05.197 [main] TRACE - Resolving type for handle ctworkbook83c3type
22:42:05.254 [main] TRACE - Resolving type for handle ctworkbookpr03a5type
22:42:05.265 [main] TRACE - Resolving type for handle ctbookviewsb864type
22:42:05.267 [main] TRACE - Resolving type for handle ctbookviewf677type
22:42:05.279 [main] TRACE - Resolving type for handle ctsheets49fdtype
22:42:05.287 [main] TRACE - Resolving type for handle propertiesee84doctype
22:42:05.293 [main] TRACE - Resolving type for handle ctproperties3f10type
22:42:05.311 [main] TRACE - Resolving type for handle properties288cdoctype
22:42:05.313 [main] TRACE - Resolving type for handle ctproperties2c18type
22:42:05.317 [main] TRACE - Resolving type for handle sstf81fdoctype
22:42:05.319 [main] TRACE - Resolving type for handle ctsst44f3type
22:42:05.322 [main] TRACE - Resolving type for handle stylesheet5d8bdoctype
22:42:05.324 [main] TRACE - Resolving type for handle ctstylesheet4257type
22:42:05.329 [main] TRACE - Resolving type for handle ctfont14d8type
22:42:05.342 [main] TRACE - Resolving type for handle ctfontsizeb3b9type
22:42:05.346 [main] TRACE - Resolving type for handle ctcolord2c2type
22:42:05.350 [main] TRACE - Resolving type for handle ctfontname2dc3type
22:42:05.351 [main] TRACE - Resolving type for handle stxstringf179type
22:42:05.355 [main] TRACE - Resolving type for handle ctfontfamily685ctype
22:42:05.357 [main] TRACE - Resolving type for handle stfontfamily9c6ctype
22:42:05.361 [main] TRACE - Resolving type for handle ctfontschemebf5dtype
22:42:05.366 [main] TRACE - Resolving type for handle stfontschemef36dtype
22:42:05.381 [main] TRACE - Resolving type for handle ctfill550ctype
22:42:05.387 [main] TRACE - Resolving type for handle ctpatternfill7452type
22:42:05.396 [main] TRACE - Resolving type for handle stpatterntype7939type
22:42:05.400 [main] TRACE - Resolving type for handle ctborderf935type
22:42:05.403 [main] TRACE - Resolving type for handle ctborderpre497type
22:42:05.410 [main] TRACE - Resolving type for handle ctxf97f7type
22:42:05.413 [main] TRACE - Resolving type for handle stnumfmtid76fbtype
22:42:05.414 [main] TRACE - Resolving type for handle stfontid9d63type
22:42:05.416 [main] TRACE - Resolving type for handle stfillida097type
22:42:05.417 [main] TRACE - Resolving type for handle stborderid1a80type
22:42:05.420 [main] TRACE - Resolving type for handle stcellstylexfid70c7type
22:42:05.436 [main] TRACE - Resolving type for handle ctsheet4dbetype
22:42:05.447 [main] TRACE - Resolving type for handle ctworksheet530dtype
22:42:05.468 [main] TRACE - Resolving type for handle ctsheetformatprdef7type
22:42:05.475 [main] TRACE - Resolving type for handle ctsheetviewsb918type
22:42:05.487 [main] TRACE - Resolving type for handle ctsheetview0f43type
22:42:05.524 [main] TRACE - Resolving type for handle ctsheetdimensiond310type
22:42:05.530 [main] TRACE - Resolving type for handle stref90a2type
22:42:05.531 [main] TRACE - Resolving type for handle ctsheetdata8408type
22:42:05.535 [main] TRACE - Resolving type for handle ctpagemargins5455type
22:42:05.549 [main] TRACE - Resolving type for handle ctcols627ctype
22:42:05.555 [main] TRACE - Resolving type for handle strelationshipid1e94type
22:42:05.561 [main] TRACE - Resolving type for handle ctrowdd39type
22:42:05.594 [main] TRACE - Resolving type for handle ctcell842btype
22:42:05.608 [main] TRACE - Resolving type for handle stcellrefe4e0type
22:42:05.612 [main] TRACE - Resolving type for handle ctrsta472type
22:42:05.617 [main] TRACE - Resolving type for handle stcelltypebf95type
22:42:06.034 [main] TRACE - Resolving type for handle ctnumfmtsb58btype
22:42:06.037 [main] TRACE - Resolving type for handle ctfonts6623type
22:42:06.041 [main] TRACE - Resolving type for handle ctfills2c6ftype
22:42:06.047 [main] TRACE - Resolving type for handle ctborders0d66type
22:42:06.050 [main] TRACE - Resolving type for handle ctcellxfs1322type
22:42:06.052 [main] TRACE - Resolving type for handle ctcellstylexfsa81ftype
22:42:06.072 [main] DEBUG - Save core properties part
22:42:06.072 [main] DEBUG - Save content types part
22:42:06.179 [main] DEBUG - Save package relationships
22:42:06.184 [main] DEBUG - Save part 'docProps/app.xml'
22:42:06.187 [main] DEBUG - Save part 'docProps/core.xml'
22:42:06.197 [main] DEBUG - Save part 'xl/sharedStrings.xml'
22:42:06.197 [main] DEBUG - Save part 'xl/styles.xml'
22:42:06.198 [main] DEBUG - Save part 'xl/workbook.xml'
22:42:06.199 [main] DEBUG - Save part 'xl/worksheets/sheet1.xml'
22:42:06.213 [main] DEBUG - Save content types part
22:42:06.215 [main] DEBUG - Save package relationships
22:42:06.216 [main] DEBUG - Save part 'docProps/app.xml'
22:42:06.216 [main] DEBUG - Save part 'docProps/core.xml'
22:42:06.218 [main] DEBUG - Save part 'xl/sharedStrings.xml'
22:42:06.218 [main] DEBUG - Save part 'xl/styles.xml'
22:42:06.218 [main] DEBUG - Save part 'xl/workbook.xml'
22:42:06.219 [main] DEBUG - Save part 'xl/worksheets/sheet1.xml'
22:42:06.220 [main] INFO  - Printing Details of Car Washing Services.......
22:43:19.639 [main] INFO  - Chrome Browser is Opened.......................
22:43:28.347 [main] INFO  - First Pop Up Handled.......
22:43:30.724 [main] INFO  - Near By Location is entered.......
22:43:30.906 [main] INFO  - Suggested location is selected.......
22:43:33.352 [main] INFO  - Type Car Washing Services in search box.......
22:43:38.539 [main] INFO  - Suggested Car Washing Services is selected.......
22:43:43.748 [main] INFO  - Clicked on search button and result appears.......
22:43:46.353 [main] INFO  - Clicked on All Filters Sub-Menu.......
22:43:48.529 [main] INFO  - Click and Select rating 4.0+.......
22:43:51.738 [main] INFO  - Click on Apply Filter Button.......
22:44:01.827 [main] INFO  - PopUp appeared and handled.......
22:44:04.378 [main] INFO  - Click on Show Number Flare Button to get contact of car washing services Dealer 
22:44:05.380 [main] TRACE - Loading type system org.apache.poi.schemas.ooxml.system.ooxml
22:44:05.382 [main] TRACE - Loading type system org.apache.xmlbeans.metadata.system.sXMLCONFIG
22:44:05.382 [main] TRACE - Loading type system org.apache.xmlbeans.metadata.system.sXMLLANG
22:44:05.383 [main] TRACE - Loading type system org.apache.xmlbeans.metadata.system.sXMLSCHEMA
22:44:05.384 [main] TRACE - Loading type system org.apache.xmlbeans.metadata.system.sXMLTOOLS
22:44:05.385 [main] TRACE - Reading unresolved handles for type system org.apache.xmlbeans.metadata.system.sXMLTOOLS
22:44:05.395 [main] TRACE - Finished loading type system org.apache.xmlbeans.metadata.system.sXMLTOOLS
22:44:05.396 [main] TRACE - Reading unresolved handles for type system org.apache.xmlbeans.metadata.system.sXMLSCHEMA
22:44:05.400 [main] TRACE - Finished loading type system org.apache.xmlbeans.metadata.system.sXMLSCHEMA
22:44:05.404 [main] TRACE - Reading unresolved handles for type system org.apache.xmlbeans.metadata.system.sXMLLANG
22:44:05.405 [main] TRACE - Finished loading type system org.apache.xmlbeans.metadata.system.sXMLLANG
22:44:05.406 [main] TRACE - Reading unresolved handles for type system org.apache.xmlbeans.metadata.system.sXMLCONFIG
22:44:05.408 [main] TRACE - Finished loading type system org.apache.xmlbeans.metadata.system.sXMLCONFIG
22:44:05.409 [main] TRACE - Reading unresolved handles for type system org.apache.poi.schemas.ooxml.system.ooxml
22:44:05.481 [main] TRACE - Finished loading type system org.apache.poi.schemas.ooxml.system.ooxml
22:44:05.482 [main] TRACE - Resolving type for handle ctworkbook83c3type
22:44:05.527 [main] TRACE - Resolving type for handle ctworkbookpr03a5type
22:44:05.537 [main] TRACE - Resolving type for handle ctbookviewsb864type
22:44:05.539 [main] TRACE - Resolving type for handle ctbookviewf677type
22:44:05.575 [main] TRACE - Resolving type for handle ctsheets49fdtype
22:44:05.578 [main] TRACE - Resolving type for handle propertiesee84doctype
22:44:05.581 [main] TRACE - Resolving type for handle ctproperties3f10type
22:44:05.587 [main] TRACE - Resolving type for handle properties288cdoctype
22:44:05.589 [main] TRACE - Resolving type for handle ctproperties2c18type
22:44:05.598 [main] TRACE - Resolving type for handle sstf81fdoctype
22:44:05.600 [main] TRACE - Resolving type for handle ctsst44f3type
22:44:05.607 [main] TRACE - Resolving type for handle stylesheet5d8bdoctype
22:44:05.609 [main] TRACE - Resolving type for handle ctstylesheet4257type
22:44:05.613 [main] TRACE - Resolving type for handle ctfont14d8type
22:44:05.626 [main] TRACE - Resolving type for handle ctfontsizeb3b9type
22:44:05.632 [main] TRACE - Resolving type for handle ctcolord2c2type
22:44:05.638 [main] TRACE - Resolving type for handle ctfontname2dc3type
22:44:05.640 [main] TRACE - Resolving type for handle stxstringf179type
22:44:05.643 [main] TRACE - Resolving type for handle ctfontfamily685ctype
22:44:05.646 [main] TRACE - Resolving type for handle stfontfamily9c6ctype
22:44:05.651 [main] TRACE - Resolving type for handle ctfontschemebf5dtype
22:44:05.656 [main] TRACE - Resolving type for handle stfontschemef36dtype
22:44:05.661 [main] TRACE - Resolving type for handle ctfill550ctype
22:44:05.663 [main] TRACE - Resolving type for handle ctpatternfill7452type
22:44:05.667 [main] TRACE - Resolving type for handle stpatterntype7939type
22:44:05.672 [main] TRACE - Resolving type for handle ctborderf935type
22:44:05.676 [main] TRACE - Resolving type for handle ctborderpre497type
22:44:05.685 [main] TRACE - Resolving type for handle ctxf97f7type
22:44:05.689 [main] TRACE - Resolving type for handle stnumfmtid76fbtype
22:44:05.692 [main] TRACE - Resolving type for handle stfontid9d63type
22:44:05.694 [main] TRACE - Resolving type for handle stfillida097type
22:44:05.698 [main] TRACE - Resolving type for handle stborderid1a80type
22:44:05.701 [main] TRACE - Resolving type for handle stcellstylexfid70c7type
22:44:05.713 [main] TRACE - Resolving type for handle ctsheet4dbetype
22:44:05.731 [main] TRACE - Resolving type for handle ctworksheet530dtype
22:44:05.747 [main] TRACE - Resolving type for handle ctsheetformatprdef7type
22:44:05.753 [main] TRACE - Resolving type for handle ctsheetviewsb918type
22:44:05.763 [main] TRACE - Resolving type for handle ctsheetview0f43type
22:44:05.782 [main] TRACE - Resolving type for handle ctsheetdimensiond310type
22:44:05.786 [main] TRACE - Resolving type for handle stref90a2type
22:44:05.790 [main] TRACE - Resolving type for handle ctsheetdata8408type
22:44:05.802 [main] TRACE - Resolving type for handle ctpagemargins5455type
22:44:05.825 [main] TRACE - Resolving type for handle ctcols627ctype
22:44:05.830 [main] TRACE - Resolving type for handle strelationshipid1e94type
22:44:05.832 [main] TRACE - Resolving type for handle ctrowdd39type
22:44:05.862 [main] TRACE - Resolving type for handle ctcell842btype
22:44:05.891 [main] TRACE - Resolving type for handle stcellrefe4e0type
22:44:05.908 [main] TRACE - Resolving type for handle ctrsta472type
22:44:05.925 [main] TRACE - Resolving type for handle stcelltypebf95type
22:44:06.483 [main] TRACE - Resolving type for handle ctnumfmtsb58btype
22:44:06.491 [main] TRACE - Resolving type for handle ctfonts6623type
22:44:06.506 [main] TRACE - Resolving type for handle ctfills2c6ftype
22:44:06.508 [main] TRACE - Resolving type for handle ctborders0d66type
22:44:06.510 [main] TRACE - Resolving type for handle ctcellxfs1322type
22:44:06.512 [main] TRACE - Resolving type for handle ctcellstylexfsa81ftype
22:44:06.583 [main] DEBUG - Save core properties part
22:44:06.583 [main] DEBUG - Save content types part
22:44:06.760 [main] DEBUG - Save package relationships
22:44:06.779 [main] DEBUG - Save part 'docProps/app.xml'
22:44:06.796 [main] DEBUG - Save part 'docProps/core.xml'
22:44:06.812 [main] DEBUG - Save part 'xl/sharedStrings.xml'
22:44:06.813 [main] DEBUG - Save part 'xl/styles.xml'
22:44:06.813 [main] DEBUG - Save part 'xl/workbook.xml'
22:44:06.815 [main] DEBUG - Save part 'xl/worksheets/sheet1.xml'
22:44:06.827 [main] DEBUG - Save content types part
22:44:06.829 [main] DEBUG - Save package relationships
22:44:06.830 [main] DEBUG - Save part 'docProps/app.xml'
22:44:06.830 [main] DEBUG - Save part 'docProps/core.xml'
22:44:06.832 [main] DEBUG - Save part 'xl/sharedStrings.xml'
22:44:06.832 [main] DEBUG - Save part 'xl/styles.xml'
22:44:06.832 [main] DEBUG - Save part 'xl/workbook.xml'
22:44:06.833 [main] DEBUG - Save part 'xl/worksheets/sheet1.xml'
22:44:06.835 [main] INFO  - Printing Details of Car Washing Services.......
22:45:36.518 [main] INFO  - Chrome Browser is Opened.......................
22:45:45.346 [main] INFO  - First Pop Up Handled.......
22:45:47.695 [main] INFO  - Near By Location is entered.......
22:45:47.854 [main] INFO  - Suggested location is selected.......
22:45:50.312 [main] INFO  - Type Car Washing Services in search box.......
22:45:55.510 [main] INFO  - Suggested Car Washing Services is selected.......
22:46:00.688 [main] INFO  - Clicked on search button and result appears.......
22:46:03.392 [main] INFO  - Clicked on All Filters Sub-Menu.......
22:46:05.582 [main] INFO  - Click and Select rating 4.0+.......
22:46:08.806 [main] INFO  - Click on Apply Filter Button.......
22:46:18.857 [main] INFO  - PopUp appeared and handled.......
22:48:39.534 [main] INFO  - Chrome Browser is Opened.......................
22:48:48.291 [main] INFO  - First Pop Up Handled.......
22:48:50.602 [main] INFO  - Near By Location is entered.......
22:48:50.787 [main] INFO  - Suggested location is selected.......
22:48:53.319 [main] INFO  - Type Car Washing Services in search box.......
22:48:58.507 [main] INFO  - Suggested Car Washing Services is selected.......
22:49:03.727 [main] INFO  - Clicked on search button and result appears.......
22:49:06.270 [main] INFO  - Clicked on All Filters Sub-Menu.......
22:49:08.457 [main] INFO  - Click and Select rating 4.0+.......
22:49:11.665 [main] INFO  - Click on Apply Filter Button.......
22:49:21.741 [main] INFO  - PopUp appeared and handled.......
22:51:04.996 [main] INFO  - Chrome Browser is Opened.......................
22:51:13.563 [main] INFO  - First Pop Up Handled.......
22:51:15.960 [main] INFO  - Near By Location is entered.......
22:51:16.126 [main] INFO  - Suggested location is selected.......
22:51:18.615 [main] INFO  - Type Car Washing Services in search box.......
22:51:23.802 [main] INFO  - Suggested Car Washing Services is selected.......
22:51:29.025 [main] INFO  - Clicked on search button and result appears.......
22:51:31.573 [main] INFO  - Clicked on All Filters Sub-Menu.......
22:51:33.754 [main] INFO  - Click and Select rating 4.0+.......
22:51:36.995 [main] INFO  - Click on Apply Filter Button.......
22:51:47.069 [main] INFO  - PopUp appeared and handled.......
22:54:08.085 [main] INFO  - Chrome Browser is Opened.......................
22:54:16.933 [main] INFO  - First Pop Up Handled.......
22:54:19.294 [main] INFO  - Near By Location is entered.......
22:54:19.482 [main] INFO  - Suggested location is selected.......
22:54:21.955 [main] INFO  - Type Car Washing Services in search box.......
22:54:27.111 [main] INFO  - Suggested Car Washing Services is selected.......
22:54:32.300 [main] INFO  - Clicked on search button and result appears.......
22:54:34.852 [main] INFO  - Clicked on All Filters Sub-Menu.......
22:54:37.017 [main] INFO  - Click and Select rating 4.0+.......
22:54:40.283 [main] INFO  - Click on Apply Filter Button.......
22:54:50.385 [main] INFO  - PopUp appeared and handled.......
22:56:36.501 [main] INFO  - Chrome Browser is Opened.......................
22:56:45.435 [main] INFO  - First Pop Up Handled.......
22:56:47.795 [main] INFO  - Near By Location is entered.......
22:56:47.964 [main] INFO  - Suggested location is selected.......
22:56:50.448 [main] INFO  - Type Car Washing Services in search box.......
22:56:55.632 [main] INFO  - Suggested Car Washing Services is selected.......
22:57:00.888 [main] INFO  - Clicked on search button and result appears.......
22:57:03.409 [main] INFO  - Clicked on All Filters Sub-Menu.......
22:57:05.590 [main] INFO  - Click and Select rating 4.0+.......
22:57:08.805 [main] INFO  - Click on Apply Filter Button.......
22:57:18.872 [main] INFO  - PopUp appeared and handled.......
22:59:07.197 [main] INFO  - Chrome Browser is Opened.......................
22:59:15.881 [main] INFO  - First Pop Up Handled.......
22:59:18.194 [main] INFO  - Near By Location is entered.......
22:59:18.367 [main] INFO  - Suggested location is selected.......
22:59:20.854 [main] INFO  - Type Car Washing Services in search box.......
22:59:26.100 [main] INFO  - Suggested Car Washing Services is selected.......
22:59:31.304 [main] INFO  - Clicked on search button and result appears.......
22:59:33.850 [main] INFO  - Clicked on All Filters Sub-Menu.......
22:59:36.003 [main] INFO  - Click and Select rating 4.0+.......
22:59:39.250 [main] INFO  - Click on Apply Filter Button.......
22:59:49.287 [main] INFO  - PopUp appeared and handled.......
23:00:02.406 [main] INFO  - Click on Show Number Flare Button to get contact of car washing services Dealer 
23:00:03.785 [main] TRACE - Loading type system org.apache.poi.schemas.ooxml.system.ooxml
23:00:03.789 [main] TRACE - Loading type system org.apache.xmlbeans.metadata.system.sXMLCONFIG
23:00:03.790 [main] TRACE - Loading type system org.apache.xmlbeans.metadata.system.sXMLLANG
23:00:03.791 [main] TRACE - Loading type system org.apache.xmlbeans.metadata.system.sXMLSCHEMA
23:00:03.791 [main] TRACE - Loading type system org.apache.xmlbeans.metadata.system.sXMLTOOLS
23:00:03.793 [main] TRACE - Reading unresolved handles for type system org.apache.xmlbeans.metadata.system.sXMLTOOLS
23:00:03.811 [main] TRACE - Finished loading type system org.apache.xmlbeans.metadata.system.sXMLTOOLS
23:00:03.812 [main] TRACE - Reading unresolved handles for type system org.apache.xmlbeans.metadata.system.sXMLSCHEMA
23:00:03.816 [main] TRACE - Finished loading type system org.apache.xmlbeans.metadata.system.sXMLSCHEMA
23:00:03.817 [main] TRACE - Reading unresolved handles for type system org.apache.xmlbeans.metadata.system.sXMLLANG
23:00:03.818 [main] TRACE - Finished loading type system org.apache.xmlbeans.metadata.system.sXMLLANG
23:00:03.819 [main] TRACE - Reading unresolved handles for type system org.apache.xmlbeans.metadata.system.sXMLCONFIG
23:00:03.820 [main] TRACE - Finished loading type system org.apache.xmlbeans.metadata.system.sXMLCONFIG
23:00:03.821 [main] TRACE - Reading unresolved handles for type system org.apache.poi.schemas.ooxml.system.ooxml
23:00:03.887 [main] TRACE - Finished loading type system org.apache.poi.schemas.ooxml.system.ooxml
23:00:03.888 [main] TRACE - Resolving type for handle ctworkbook83c3type
23:00:03.985 [main] TRACE - Resolving type for handle ctworkbookpr03a5type
23:00:04.003 [main] TRACE - Resolving type for handle ctbookviewsb864type
23:00:04.010 [main] TRACE - Resolving type for handle ctbookviewf677type
23:00:04.036 [main] TRACE - Resolving type for handle ctsheets49fdtype
23:00:04.052 [main] TRACE - Resolving type for handle propertiesee84doctype
23:00:04.060 [main] TRACE - Resolving type for handle ctproperties3f10type
23:00:04.088 [main] TRACE - Resolving type for handle properties288cdoctype
23:00:04.092 [main] TRACE - Resolving type for handle ctproperties2c18type
23:00:04.117 [main] TRACE - Resolving type for handle sstf81fdoctype
23:00:04.119 [main] TRACE - Resolving type for handle ctsst44f3type
23:00:04.128 [main] TRACE - Resolving type for handle stylesheet5d8bdoctype
23:00:04.131 [main] TRACE - Resolving type for handle ctstylesheet4257type
23:00:04.141 [main] TRACE - Resolving type for handle ctfont14d8type
23:00:04.154 [main] TRACE - Resolving type for handle ctfontsizeb3b9type
23:00:04.170 [main] TRACE - Resolving type for handle ctcolord2c2type
23:00:04.176 [main] TRACE - Resolving type for handle ctfontname2dc3type
23:00:04.180 [main] TRACE - Resolving type for handle stxstringf179type
23:00:04.185 [main] TRACE - Resolving type for handle ctfontfamily685ctype
23:00:04.187 [main] TRACE - Resolving type for handle stfontfamily9c6ctype
23:00:04.196 [main] TRACE - Resolving type for handle ctfontschemebf5dtype
23:00:04.200 [main] TRACE - Resolving type for handle stfontschemef36dtype
23:00:04.208 [main] TRACE - Resolving type for handle ctfill550ctype
23:00:04.210 [main] TRACE - Resolving type for handle ctpatternfill7452type
23:00:04.215 [main] TRACE - Resolving type for handle stpatterntype7939type
23:00:04.218 [main] TRACE - Resolving type for handle ctborderf935type
23:00:04.222 [main] TRACE - Resolving type for handle ctborderpre497type
23:00:04.233 [main] TRACE - Resolving type for handle ctxf97f7type
23:00:04.236 [main] TRACE - Resolving type for handle stnumfmtid76fbtype
23:00:04.238 [main] TRACE - Resolving type for handle stfontid9d63type
23:00:04.242 [main] TRACE - Resolving type for handle stfillida097type
23:00:04.244 [main] TRACE - Resolving type for handle stborderid1a80type
23:00:04.247 [main] TRACE - Resolving type for handle stcellstylexfid70c7type
23:00:04.266 [main] TRACE - Resolving type for handle ctsheet4dbetype
23:00:04.272 [main] TRACE - Resolving type for handle ctworksheet530dtype
23:00:04.281 [main] TRACE - Resolving type for handle ctsheetformatprdef7type
23:00:04.287 [main] TRACE - Resolving type for handle ctsheetviewsb918type
23:00:04.291 [main] TRACE - Resolving type for handle ctsheetview0f43type
23:00:04.311 [main] TRACE - Resolving type for handle ctsheetdimensiond310type
23:00:04.314 [main] TRACE - Resolving type for handle stref90a2type
23:00:04.316 [main] TRACE - Resolving type for handle ctsheetdata8408type
23:00:04.318 [main] TRACE - Resolving type for handle ctpagemargins5455type
23:00:04.331 [main] TRACE - Resolving type for handle ctcols627ctype
23:00:04.336 [main] TRACE - Resolving type for handle strelationshipid1e94type
23:00:04.339 [main] TRACE - Resolving type for handle ctrowdd39type
23:00:04.381 [main] TRACE - Resolving type for handle ctcell842btype
23:00:04.401 [main] TRACE - Resolving type for handle stcellrefe4e0type
23:00:04.410 [main] TRACE - Resolving type for handle ctrsta472type
23:00:04.417 [main] TRACE - Resolving type for handle stcelltypebf95type
23:00:04.988 [main] TRACE - Resolving type for handle ctnumfmtsb58btype
23:00:04.993 [main] TRACE - Resolving type for handle ctfonts6623type
23:00:05.002 [main] TRACE - Resolving type for handle ctfills2c6ftype
23:00:05.006 [main] TRACE - Resolving type for handle ctborders0d66type
23:00:05.012 [main] TRACE - Resolving type for handle ctcellxfs1322type
23:00:05.016 [main] TRACE - Resolving type for handle ctcellstylexfsa81ftype
23:00:05.050 [main] DEBUG - Save core properties part
23:00:05.051 [main] DEBUG - Save content types part
23:00:05.358 [main] DEBUG - Save package relationships
23:00:05.378 [main] DEBUG - Save part 'docProps/app.xml'
23:00:05.386 [main] DEBUG - Save part 'docProps/core.xml'
23:00:05.401 [main] DEBUG - Save part 'xl/sharedStrings.xml'
23:00:05.401 [main] DEBUG - Save part 'xl/styles.xml'
23:00:05.402 [main] DEBUG - Save part 'xl/workbook.xml'
23:00:05.403 [main] DEBUG - Save part 'xl/worksheets/sheet1.xml'
23:00:05.416 [main] DEBUG - Save content types part
23:00:05.419 [main] DEBUG - Save package relationships
23:00:05.420 [main] DEBUG - Save part 'docProps/app.xml'
23:00:05.420 [main] DEBUG - Save part 'docProps/core.xml'
23:00:05.422 [main] DEBUG - Save part 'xl/sharedStrings.xml'
23:00:05.422 [main] DEBUG - Save part 'xl/styles.xml'
23:00:05.423 [main] DEBUG - Save part 'xl/workbook.xml'
23:00:05.425 [main] DEBUG - Save part 'xl/worksheets/sheet1.xml'
23:00:05.426 [main] INFO  - Printing Details of Car Washing Services.......
23:04:18.891 [main] INFO  - Chrome Browser is Opened.......................
23:04:27.677 [main] INFO  - First Pop Up Handled.......
23:04:30.062 [main] INFO  - Near By Location is entered.......
23:04:30.250 [main] INFO  - Suggested location is selected.......
23:04:32.744 [main] INFO  - Type Car Washing Services in search box.......
23:04:37.945 [main] INFO  - Suggested Car Washing Services is selected.......
23:04:43.144 [main] INFO  - Clicked on search button and result appears.......
23:04:45.702 [main] INFO  - Clicked on All Filters Sub-Menu.......
23:04:47.900 [main] INFO  - Click and Select rating 4.0+.......
23:04:51.122 [main] INFO  - Click on Apply Filter Button.......
23:05:01.189 [main] INFO  - PopUp appeared and handled.......
23:07:38.415 [main] INFO  - Chrome Browser is Opened.......................
23:07:47.076 [main] INFO  - First Pop Up Handled.......
23:07:49.485 [main] INFO  - Near By Location is entered.......
23:07:49.666 [main] INFO  - Suggested location is selected.......
23:07:52.118 [main] INFO  - Type Car Washing Services in search box.......
23:07:57.299 [main] INFO  - Suggested Car Washing Services is selected.......
23:08:02.529 [main] INFO  - Clicked on search button and result appears.......
23:08:05.089 [main] INFO  - Clicked on All Filters Sub-Menu.......
23:08:07.256 [main] INFO  - Click and Select rating 4.0+.......
23:08:10.474 [main] INFO  - Click on Apply Filter Button.......
23:08:20.557 [main] INFO  - PopUp appeared and handled.......
23:09:39.219 [main] INFO  - Chrome Browser is Opened.......................
23:09:47.924 [main] INFO  - First Pop Up Handled.......
23:09:50.298 [main] INFO  - Near By Location is entered.......
23:09:50.465 [main] INFO  - Suggested location is selected.......
23:09:52.899 [main] INFO  - Type Car Washing Services in search box.......
23:09:58.083 [main] INFO  - Suggested Car Washing Services is selected.......
23:10:03.343 [main] INFO  - Clicked on search button and result appears.......
23:10:05.872 [main] INFO  - Clicked on All Filters Sub-Menu.......
23:10:08.090 [main] INFO  - Click and Select rating 4.0+.......
23:10:11.332 [main] INFO  - Click on Apply Filter Button.......
23:10:21.393 [main] INFO  - PopUp appeared and handled.......
23:11:24.654 [main] INFO  - Chrome Browser is Opened.......................
23:11:33.563 [main] INFO  - First Pop Up Handled.......
23:11:36.125 [main] INFO  - Near By Location is entered.......
23:11:36.328 [main] INFO  - Suggested location is selected.......
23:11:38.982 [main] INFO  - Type Car Washing Services in search box.......
23:11:44.170 [main] INFO  - Suggested Car Washing Services is selected.......
23:11:49.362 [main] INFO  - Clicked on search button and result appears.......
23:11:51.955 [main] INFO  - Clicked on All Filters Sub-Menu.......
23:11:54.216 [main] INFO  - Click and Select rating 4.0+.......
23:11:57.764 [main] INFO  - Click on Apply Filter Button.......
23:12:07.825 [main] INFO  - PopUp appeared and handled.......
23:13:21.939 [main] INFO  - Chrome Browser is Opened.......................
23:13:30.473 [main] INFO  - First Pop Up Handled.......
23:13:32.832 [main] INFO  - Near By Location is entered.......
23:13:33.037 [main] INFO  - Suggested location is selected.......
23:13:35.552 [main] INFO  - Type Car Washing Services in search box.......
23:13:40.760 [main] INFO  - Suggested Car Washing Services is selected.......
23:13:45.943 [main] INFO  - Clicked on search button and result appears.......
23:13:48.601 [main] INFO  - Clicked on All Filters Sub-Menu.......
23:13:50.791 [main] INFO  - Click and Select rating 4.0+.......
23:13:54.031 [main] INFO  - Click on Apply Filter Button.......
23:14:04.082 [main] INFO  - PopUp appeared and handled.......
23:16:04.988 [main] INFO  - Chrome Browser is Opened.......................
23:16:13.585 [main] INFO  - First Pop Up Handled.......
23:16:15.957 [main] INFO  - Near By Location is entered.......
23:16:16.137 [main] INFO  - Suggested location is selected.......
23:16:18.594 [main] INFO  - Type Car Washing Services in search box.......
23:16:23.789 [main] INFO  - Suggested Car Washing Services is selected.......
23:16:29.045 [main] INFO  - Clicked on search button and result appears.......
23:16:31.651 [main] INFO  - Clicked on All Filters Sub-Menu.......
23:16:33.851 [main] INFO  - Click and Select rating 4.0+.......
23:16:37.076 [main] INFO  - Click on Apply Filter Button.......
23:16:47.146 [main] INFO  - PopUp appeared and handled.......
23:22:28.214 [main] INFO  - Chrome Browser is Opened.......................
23:22:37.131 [main] INFO  - First Pop Up Handled.......
23:22:39.482 [main] INFO  - Near By Location is entered.......
23:22:39.657 [main] INFO  - Suggested location is selected.......
23:22:42.085 [main] INFO  - Type Car Washing Services in search box.......
23:22:47.264 [main] INFO  - Suggested Car Washing Services is selected.......
23:22:52.449 [main] INFO  - Clicked on search button and result appears.......
23:22:55.006 [main] INFO  - Clicked on All Filters Sub-Menu.......
23:22:57.158 [main] INFO  - Click and Select rating 4.0+.......
23:23:00.388 [main] INFO  - Click on Apply Filter Button.......
23:23:10.435 [main] INFO  - PopUp appeared and handled.......
23:23:26.723 [main] INFO  - Click on Show Number Flare Button to get contact of car washing services Dealer 
23:23:28.058 [main] TRACE - Loading type system org.apache.poi.schemas.ooxml.system.ooxml
23:23:28.063 [main] TRACE - Loading type system org.apache.xmlbeans.metadata.system.sXMLCONFIG
23:23:28.064 [main] TRACE - Loading type system org.apache.xmlbeans.metadata.system.sXMLLANG
23:23:28.064 [main] TRACE - Loading type system org.apache.xmlbeans.metadata.system.sXMLSCHEMA
23:23:28.065 [main] TRACE - Loading type system org.apache.xmlbeans.metadata.system.sXMLTOOLS
23:23:28.067 [main] TRACE - Reading unresolved handles for type system org.apache.xmlbeans.metadata.system.sXMLTOOLS
23:23:28.087 [main] TRACE - Finished loading type system org.apache.xmlbeans.metadata.system.sXMLTOOLS
23:23:28.088 [main] TRACE - Reading unresolved handles for type system org.apache.xmlbeans.metadata.system.sXMLSCHEMA
23:23:28.094 [main] TRACE - Finished loading type system org.apache.xmlbeans.metadata.system.sXMLSCHEMA
23:23:28.095 [main] TRACE - Reading unresolved handles for type system org.apache.xmlbeans.metadata.system.sXMLLANG
23:23:28.097 [main] TRACE - Finished loading type system org.apache.xmlbeans.metadata.system.sXMLLANG
23:23:28.099 [main] TRACE - Reading unresolved handles for type system org.apache.xmlbeans.metadata.system.sXMLCONFIG
23:23:28.102 [main] TRACE - Finished loading type system org.apache.xmlbeans.metadata.system.sXMLCONFIG
23:23:28.105 [main] TRACE - Reading unresolved handles for type system org.apache.poi.schemas.ooxml.system.ooxml
23:23:28.225 [main] TRACE - Finished loading type system org.apache.poi.schemas.ooxml.system.ooxml
23:23:28.229 [main] TRACE - Resolving type for handle ctworkbook83c3type
23:23:28.316 [main] TRACE - Resolving type for handle ctworkbookpr03a5type
23:23:28.335 [main] TRACE - Resolving type for handle ctbookviewsb864type
23:23:28.341 [main] TRACE - Resolving type for handle ctbookviewf677type
23:23:28.359 [main] TRACE - Resolving type for handle ctsheets49fdtype
23:23:28.365 [main] TRACE - Resolving type for handle propertiesee84doctype
23:23:28.371 [main] TRACE - Resolving type for handle ctproperties3f10type
23:23:28.379 [main] TRACE - Resolving type for handle properties288cdoctype
23:23:28.382 [main] TRACE - Resolving type for handle ctproperties2c18type
23:23:28.396 [main] TRACE - Resolving type for handle sstf81fdoctype
23:23:28.399 [main] TRACE - Resolving type for handle ctsst44f3type
23:23:28.408 [main] TRACE - Resolving type for handle stylesheet5d8bdoctype
23:23:28.411 [main] TRACE - Resolving type for handle ctstylesheet4257type
23:23:28.417 [main] TRACE - Resolving type for handle ctfont14d8type
23:23:28.428 [main] TRACE - Resolving type for handle ctfontsizeb3b9type
23:23:28.436 [main] TRACE - Resolving type for handle ctcolord2c2type
23:23:28.442 [main] TRACE - Resolving type for handle ctfontname2dc3type
23:23:28.444 [main] TRACE - Resolving type for handle stxstringf179type
23:23:28.451 [main] TRACE - Resolving type for handle ctfontfamily685ctype
23:23:28.455 [main] TRACE - Resolving type for handle stfontfamily9c6ctype
23:23:28.461 [main] TRACE - Resolving type for handle ctfontschemebf5dtype
23:23:28.464 [main] TRACE - Resolving type for handle stfontschemef36dtype
23:23:28.473 [main] TRACE - Resolving type for handle ctfill550ctype
23:23:28.477 [main] TRACE - Resolving type for handle ctpatternfill7452type
23:23:28.482 [main] TRACE - Resolving type for handle stpatterntype7939type
23:23:28.490 [main] TRACE - Resolving type for handle ctborderf935type
23:23:28.493 [main] TRACE - Resolving type for handle ctborderpre497type
23:23:28.503 [main] TRACE - Resolving type for handle ctxf97f7type
23:23:28.508 [main] TRACE - Resolving type for handle stnumfmtid76fbtype
23:23:28.510 [main] TRACE - Resolving type for handle stfontid9d63type
23:23:28.511 [main] TRACE - Resolving type for handle stfillida097type
23:23:28.513 [main] TRACE - Resolving type for handle stborderid1a80type
23:23:28.515 [main] TRACE - Resolving type for handle stcellstylexfid70c7type
23:23:28.530 [main] TRACE - Resolving type for handle ctsheet4dbetype
23:23:28.538 [main] TRACE - Resolving type for handle ctworksheet530dtype
23:23:28.545 [main] TRACE - Resolving type for handle ctsheetformatprdef7type
23:23:28.553 [main] TRACE - Resolving type for handle ctsheetviewsb918type
23:23:28.559 [main] TRACE - Resolving type for handle ctsheetview0f43type
23:23:28.571 [main] TRACE - Resolving type for handle ctsheetdimensiond310type
23:23:28.574 [main] TRACE - Resolving type for handle stref90a2type
23:23:28.576 [main] TRACE - Resolving type for handle ctsheetdata8408type
23:23:28.578 [main] TRACE - Resolving type for handle ctpagemargins5455type
23:23:28.586 [main] TRACE - Resolving type for handle ctcols627ctype
23:23:28.589 [main] TRACE - Resolving type for handle strelationshipid1e94type
23:23:28.593 [main] TRACE - Resolving type for handle ctrowdd39type
23:23:28.601 [main] TRACE - Resolving type for handle ctcell842btype
23:23:28.618 [main] TRACE - Resolving type for handle stcellrefe4e0type
23:23:28.626 [main] TRACE - Resolving type for handle ctrsta472type
23:23:28.629 [main] TRACE - Resolving type for handle stcelltypebf95type
23:23:29.398 [main] TRACE - Resolving type for handle ctnumfmtsb58btype
23:23:29.405 [main] TRACE - Resolving type for handle ctfonts6623type
23:23:29.411 [main] TRACE - Resolving type for handle ctfills2c6ftype
23:23:29.414 [main] TRACE - Resolving type for handle ctborders0d66type
23:23:29.420 [main] TRACE - Resolving type for handle ctcellxfs1322type
23:23:29.426 [main] TRACE - Resolving type for handle ctcellstylexfsa81ftype
23:23:29.464 [main] DEBUG - Save core properties part
23:23:29.464 [main] DEBUG - Save content types part
23:23:29.608 [main] DEBUG - Save package relationships
23:23:29.619 [main] DEBUG - Save part 'docProps/app.xml'
23:23:29.625 [main] DEBUG - Save part 'docProps/core.xml'
23:23:29.631 [main] DEBUG - Save part 'xl/sharedStrings.xml'
23:23:29.632 [main] DEBUG - Save part 'xl/styles.xml'
23:23:29.632 [main] DEBUG - Save part 'xl/workbook.xml'
23:23:29.635 [main] DEBUG - Save part 'xl/worksheets/sheet1.xml'
23:23:29.639 [main] DEBUG - Save content types part
23:23:29.641 [main] DEBUG - Save package relationships
23:23:29.642 [main] DEBUG - Save part 'docProps/app.xml'
23:23:29.643 [main] DEBUG - Save part 'docProps/core.xml'
23:23:29.645 [main] DEBUG - Save part 'xl/sharedStrings.xml'
23:23:29.646 [main] DEBUG - Save part 'xl/styles.xml'
23:23:29.646 [main] DEBUG - Save part 'xl/workbook.xml'
23:23:29.648 [main] DEBUG - Save part 'xl/worksheets/sheet1.xml'
23:23:29.650 [main] INFO  - Printing Details of Car Washing Services.......
23:25:24.701 [main] INFO  - Chrome Browser is Opened.......................
23:25:33.711 [main] INFO  - First Pop Up Handled.......
23:25:36.091 [main] INFO  - Near By Location is entered.......
23:25:36.304 [main] INFO  - Suggested location is selected.......
23:25:38.906 [main] INFO  - Type Car Washing Services in search box.......
23:25:44.106 [main] INFO  - Suggested Car Washing Services is selected.......
23:25:49.295 [main] INFO  - Clicked on search button and result appears.......
23:25:52.031 [main] INFO  - Clicked on All Filters Sub-Menu.......
23:25:54.222 [main] INFO  - Click and Select rating 4.0+.......
23:25:57.479 [main] INFO  - Click on Apply Filter Button.......
23:26:07.541 [main] INFO  - PopUp appeared and handled.......
23:26:23.810 [main] INFO  - Click on Show Number Flare Button to get contact of car washing services Dealer 
23:26:25.120 [main] TRACE - Loading type system org.apache.poi.schemas.ooxml.system.ooxml
23:26:25.122 [main] TRACE - Loading type system org.apache.xmlbeans.metadata.system.sXMLCONFIG
23:26:25.123 [main] TRACE - Loading type system org.apache.xmlbeans.metadata.system.sXMLLANG
23:26:25.124 [main] TRACE - Loading type system org.apache.xmlbeans.metadata.system.sXMLSCHEMA
23:26:25.125 [main] TRACE - Loading type system org.apache.xmlbeans.metadata.system.sXMLTOOLS
23:26:25.126 [main] TRACE - Reading unresolved handles for type system org.apache.xmlbeans.metadata.system.sXMLTOOLS
23:26:25.136 [main] TRACE - Finished loading type system org.apache.xmlbeans.metadata.system.sXMLTOOLS
23:26:25.137 [main] TRACE - Reading unresolved handles for type system org.apache.xmlbeans.metadata.system.sXMLSCHEMA
23:26:25.142 [main] TRACE - Finished loading type system org.apache.xmlbeans.metadata.system.sXMLSCHEMA
23:26:25.145 [main] TRACE - Reading unresolved handles for type system org.apache.xmlbeans.metadata.system.sXMLLANG
23:26:25.147 [main] TRACE - Finished loading type system org.apache.xmlbeans.metadata.system.sXMLLANG
23:26:25.148 [main] TRACE - Reading unresolved handles for type system org.apache.xmlbeans.metadata.system.sXMLCONFIG
23:26:25.149 [main] TRACE - Finished loading type system org.apache.xmlbeans.metadata.system.sXMLCONFIG
23:26:25.150 [main] TRACE - Reading unresolved handles for type system org.apache.poi.schemas.ooxml.system.ooxml
