19:20:05.860 [main] DEBUG - Save package relationships
19:20:05.871 [main] DEBUG - Save part 'docProps/app.xml'
19:20:05.873 [main] DEBUG - Save part 'docProps/core.xml'
19:20:05.880 [main] DEBUG - Save part 'xl/sharedStrings.xml'
19:20:05.881 [main] DEBUG - Save part 'xl/styles.xml'
19:20:05.881 [main] DEBUG - Save part 'xl/workbook.xml'
19:20:05.882 [main] DEBUG - Save part 'xl/worksheets/sheet1.xml'
19:20:05.893 [main] DEBUG - Save content types part
19:20:05.894 [main] DEBUG - Save package relationships
19:20:05.895 [main] DEBUG - Save part 'docProps/app.xml'
19:20:05.895 [main] DEBUG - Save part 'docProps/core.xml'
19:20:05.906 [main] DEBUG - Save part 'xl/sharedStrings.xml'
19:20:05.908 [main] DEBUG - Save part 'xl/styles.xml'
19:20:05.908 [main] DEBUG - Save part 'xl/workbook.xml'
19:20:05.909 [main] DEBUG - Save part 'xl/worksheets/sheet1.xml'
19:20:07.923 [main] INFO  - Printing Details of Car Washing Services.......
19:20:09.282 [main] INFO  - FreeListing is Launched.......
19:20:11.504 [main] INFO  - Wrong detail is given in input box.......
19:20:13.611 [main] INFO  - Start Now Button is clicked.......
19:20:15.647 [main] INFO  - Invalid Message is printed.......
19:20:16.988 [main] INFO  - Navigating Back to original Window.......
19:20:20.566 [main] INFO  - Type gyms in search box.......
19:20:22.734 [main] DEBUG - Parsing relationship: /xl/_rels/workbook.xml.rels
19:20:22.735 [main] DEBUG - Parsing relationship: /_rels/.rels
19:20:22.760 [main] TRACE - Resolving type for handle workbookec17doctype
19:20:22.763 [main] TRACE - Resolving type for handle worksheetf539doctype
19:20:23.131 [main] DEBUG - Save content types part
19:20:23.133 [main] DEBUG - Save package relationships
19:20:23.134 [main] DEBUG - Save part 'docProps/app.xml'
19:20:23.135 [main] DEBUG - Save part 'docProps/core.xml'
19:20:23.136 [main] DEBUG - Save part 'xl/sharedStrings.xml'
19:20:23.136 [main] DEBUG - Save part 'xl/styles.xml'
19:20:23.136 [main] DEBUG - Save part 'xl/workbook.xml'
19:20:23.138 [main] DEBUG - Save part 'xl/worksheets/sheet1.xml'
19:20:23.138 [main] DEBUG - Save part 'xl/worksheets/sheet2.xml'
19:20:25.147 [main] INFO  - Sub-Menu of Gyms are Printed.......
19:30:44.203 [main] INFO  - Chrome Browser is Opened.......................
19:30:52.406 [main] INFO  - First Pop Up Handled.......
19:30:54.597 [main] INFO  - Near By Location is entered.......
19:30:54.701 [main] INFO  - Suggested location is selected.......
19:30:56.979 [main] INFO  - Type Car Washing Services in search box.......
19:31:02.102 [main] INFO  - Suggested Car Washing Services is selected.......
19:31:07.254 [main] INFO  - Clicked on search button and result appears.......
19:31:09.697 [main] INFO  - Clicked on All Filters Sub-Menu.......
19:31:11.827 [main] INFO  - Click and Select rating 4.0+.......
19:31:14.995 [main] INFO  - Click on Apply Filter Button.......
19:31:25.065 [main] INFO  - PopUp appeared and handled.......
19:31:35.850 [main] INFO  - Click on Show Number Flare Button to get contact of car washing services Dealer 
19:31:38.345 [main] INFO  - Printing Details of Car Washing Services.......
19:31:39.621 [main] INFO  - FreeListing is Launched.......
19:31:41.882 [main] INFO  - Wrong detail is given in input box.......
19:31:43.955 [main] INFO  - Start Now Button is clicked.......
19:31:45.988 [main] INFO  - Invalid Message is printed.......
19:31:47.229 [main] INFO  - Navigating Back to original Window.......
19:31:50.677 [main] INFO  - Type gyms in search box.......
19:31:52.974 [main] DEBUG - Parsing relationship: /xl/_rels/workbook.xml.rels
19:31:52.977 [main] DEBUG - Parsing relationship: /_rels/.rels
19:31:53.096 [main] TRACE - Loading type system org.apache.poi.schemas.ooxml.system.ooxml
19:31:53.098 [main] TRACE - Loading type system org.apache.xmlbeans.metadata.system.sXMLCONFIG
19:31:53.098 [main] TRACE - Loading type system org.apache.xmlbeans.metadata.system.sXMLLANG
19:31:53.098 [main] TRACE - Loading type system org.apache.xmlbeans.metadata.system.sXMLSCHEMA
19:31:53.098 [main] TRACE - Loading type system org.apache.xmlbeans.metadata.system.sXMLTOOLS
19:31:53.099 [main] TRACE - Reading unresolved handles for type system org.apache.xmlbeans.metadata.system.sXMLTOOLS
19:31:53.108 [main] TRACE - Finished loading type system org.apache.xmlbeans.metadata.system.sXMLTOOLS
19:31:53.108 [main] TRACE - Reading unresolved handles for type system org.apache.xmlbeans.metadata.system.sXMLSCHEMA
19:31:53.111 [main] TRACE - Finished loading type system org.apache.xmlbeans.metadata.system.sXMLSCHEMA
19:31:53.112 [main] TRACE - Reading unresolved handles for type system org.apache.xmlbeans.metadata.system.sXMLLANG
19:31:53.113 [main] TRACE - Finished loading type system org.apache.xmlbeans.metadata.system.sXMLLANG
19:31:53.113 [main] TRACE - Reading unresolved handles for type system org.apache.xmlbeans.metadata.system.sXMLCONFIG
19:31:53.113 [main] TRACE - Finished loading type system org.apache.xmlbeans.metadata.system.sXMLCONFIG
19:31:53.114 [main] TRACE - Reading unresolved handles for type system org.apache.poi.schemas.ooxml.system.ooxml
19:31:53.152 [main] TRACE - Finished loading type system org.apache.poi.schemas.ooxml.system.ooxml
19:31:53.152 [main] TRACE - Resolving type for handle sstf81fdoctype
19:31:53.224 [main] TRACE - Resolving type for handle ctsst44f3type
19:31:53.230 [main] TRACE - Resolving type for handle ctrsta472type
19:31:53.251 [main] TRACE - Resolving type for handle stylesheet5d8bdoctype
19:31:53.258 [main] TRACE - Resolving type for handle ctstylesheet4257type
19:31:53.260 [main] TRACE - Resolving type for handle ctnumfmtsb58btype
19:31:53.262 [main] TRACE - Resolving type for handle ctfonts6623type
19:31:53.266 [main] TRACE - Resolving type for handle ctfont14d8type
19:31:53.276 [main] TRACE - Resolving type for handle ctfills2c6ftype
19:31:53.277 [main] TRACE - Resolving type for handle ctfill550ctype
19:31:53.280 [main] TRACE - Resolving type for handle ctborders0d66type
19:31:53.281 [main] TRACE - Resolving type for handle ctborderf935type
19:31:53.287 [main] TRACE - Resolving type for handle ctcellxfs1322type
19:31:53.293 [main] TRACE - Resolving type for handle ctxf97f7type
19:31:53.298 [main] TRACE - Resolving type for handle ctcellstylexfsa81ftype
19:31:53.301 [main] TRACE - Resolving type for handle workbookec17doctype
19:31:53.306 [main] TRACE - Resolving type for handle ctworkbook83c3type
19:31:53.310 [main] TRACE - Resolving type for handle ctsheets49fdtype
19:31:53.313 [main] TRACE - Resolving type for handle ctsheet4dbetype
19:31:53.317 [main] TRACE - Resolving type for handle strelationshipid1e94type
19:31:53.320 [main] TRACE - Resolving type for handle worksheetf539doctype
19:31:53.330 [main] TRACE - Resolving type for handle ctworksheet530dtype
19:31:53.378 [main] TRACE - Resolving type for handle ctcols627ctype
19:31:53.389 [main] TRACE - Resolving type for handle ctsheetdata8408type
19:31:53.397 [main] TRACE - Resolving type for handle ctrowdd39type
19:31:53.419 [main] TRACE - Resolving type for handle ctcell842btype
19:31:53.430 [main] TRACE - Resolving type for handle stcellrefe4e0type
19:31:53.445 [main] TRACE - Resolving type for handle stxstringf179type
19:37:42.119 [main] INFO  - Chrome Browser is Opened.......................
19:37:50.256 [main] INFO  - First Pop Up Handled.......
19:37:52.509 [main] INFO  - Near By Location is entered.......
19:37:52.633 [main] INFO  - Suggested location is selected.......
19:37:54.910 [main] INFO  - Type Car Washing Services in search box.......
19:38:00.036 [main] INFO  - Suggested Car Washing Services is selected.......
19:38:05.165 [main] INFO  - Clicked on search button and result appears.......
19:38:07.594 [main] INFO  - Clicked on All Filters Sub-Menu.......
19:38:09.761 [main] INFO  - Click and Select rating 4.0+.......
19:38:12.940 [main] INFO  - Click on Apply Filter Button.......
19:38:22.970 [main] INFO  - PopUp appeared and handled.......
19:38:33.598 [main] INFO  - Click on Show Number Flare Button to get contact of car washing services Dealer 
19:38:36.092 [main] INFO  - Printing Details of Car Washing Services.......
19:43:09.846 [main] INFO  - Chrome Browser is Opened.......................
19:43:18.006 [main] INFO  - First Pop Up Handled.......
19:43:20.230 [main] INFO  - Near By Location is entered.......
19:43:20.354 [main] INFO  - Suggested location is selected.......
19:43:22.644 [main] INFO  - Type Car Washing Services in search box.......
19:43:27.839 [main] INFO  - Suggested Car Washing Services is selected.......
19:43:32.935 [main] INFO  - Clicked on search button and result appears.......
19:43:35.367 [main] INFO  - Clicked on All Filters Sub-Menu.......
19:43:37.482 [main] INFO  - Click and Select rating 4.0+.......
19:43:40.708 [main] INFO  - Click on Apply Filter Button.......
19:43:50.722 [main] INFO  - PopUp appeared and handled.......
19:44:01.574 [main] INFO  - Click on Show Number Flare Button to get contact of car washing services Dealer 
19:44:02.219 [main] TRACE - Loading type system org.apache.poi.schemas.ooxml.system.ooxml
19:44:02.222 [main] TRACE - Loading type system org.apache.xmlbeans.metadata.system.sXMLCONFIG
19:44:02.222 [main] TRACE - Loading type system org.apache.xmlbeans.metadata.system.sXMLLANG
19:44:02.222 [main] TRACE - Loading type system org.apache.xmlbeans.metadata.system.sXMLSCHEMA
19:44:02.223 [main] TRACE - Loading type system org.apache.xmlbeans.metadata.system.sXMLTOOLS
19:44:02.223 [main] TRACE - Reading unresolved handles for type system org.apache.xmlbeans.metadata.system.sXMLTOOLS
19:44:02.231 [main] TRACE - Finished loading type system org.apache.xmlbeans.metadata.system.sXMLTOOLS
19:44:02.232 [main] TRACE - Reading unresolved handles for type system org.apache.xmlbeans.metadata.system.sXMLSCHEMA
19:44:02.235 [main] TRACE - Finished loading type system org.apache.xmlbeans.metadata.system.sXMLSCHEMA
19:44:02.236 [main] TRACE - Reading unresolved handles for type system org.apache.xmlbeans.metadata.system.sXMLLANG
19:44:02.236 [main] TRACE - Finished loading type system org.apache.xmlbeans.metadata.system.sXMLLANG
19:44:02.237 [main] TRACE - Reading unresolved handles for type system org.apache.xmlbeans.metadata.system.sXMLCONFIG
19:44:02.237 [main] TRACE - Finished loading type system org.apache.xmlbeans.metadata.system.sXMLCONFIG
19:44:02.238 [main] TRACE - Reading unresolved handles for type system org.apache.poi.schemas.ooxml.system.ooxml
19:44:02.273 [main] TRACE - Finished loading type system org.apache.poi.schemas.ooxml.system.ooxml
19:44:02.274 [main] TRACE - Resolving type for handle ctworkbook83c3type
19:44:02.304 [main] TRACE - Resolving type for handle ctworkbookpr03a5type
19:44:02.309 [main] TRACE - Resolving type for handle ctbookviewsb864type
19:44:02.311 [main] TRACE - Resolving type for handle ctbookviewf677type
19:44:02.324 [main] TRACE - Resolving type for handle ctsheets49fdtype
19:44:02.327 [main] TRACE - Resolving type for handle propertiesee84doctype
19:44:02.328 [main] TRACE - Resolving type for handle ctproperties3f10type
19:44:02.337 [main] TRACE - Resolving type for handle properties288cdoctype
19:44:02.340 [main] TRACE - Resolving type for handle ctproperties2c18type
19:44:02.348 [main] TRACE - Resolving type for handle sstf81fdoctype
19:44:02.353 [main] TRACE - Resolving type for handle ctsst44f3type
19:44:02.356 [main] TRACE - Resolving type for handle stylesheet5d8bdoctype
19:44:02.357 [main] TRACE - Resolving type for handle ctstylesheet4257type
19:44:02.359 [main] TRACE - Resolving type for handle ctfont14d8type
19:44:02.363 [main] TRACE - Resolving type for handle ctfontsizeb3b9type
19:44:02.364 [main] TRACE - Resolving type for handle ctcolord2c2type
19:44:02.370 [main] TRACE - Resolving type for handle ctfontname2dc3type
19:44:02.371 [main] TRACE - Resolving type for handle stxstringf179type
19:44:02.374 [main] TRACE - Resolving type for handle ctfontfamily685ctype
19:44:02.374 [main] TRACE - Resolving type for handle stfontfamily9c6ctype
19:44:02.376 [main] TRACE - Resolving type for handle ctfontschemebf5dtype
19:44:02.379 [main] TRACE - Resolving type for handle stfontschemef36dtype
19:44:02.381 [main] TRACE - Resolving type for handle ctfill550ctype
19:44:02.382 [main] TRACE - Resolving type for handle ctpatternfill7452type
19:44:02.386 [main] TRACE - Resolving type for handle stpatterntype7939type
19:44:02.389 [main] TRACE - Resolving type for handle ctborderf935type
19:44:02.391 [main] TRACE - Resolving type for handle ctborderpre497type
19:44:02.393 [main] TRACE - Resolving type for handle ctxf97f7type
19:44:02.395 [main] TRACE - Resolving type for handle stnumfmtid76fbtype
19:44:02.396 [main] TRACE - Resolving type for handle stfontid9d63type
19:44:02.396 [main] TRACE - Resolving type for handle stfillida097type
19:44:02.397 [main] TRACE - Resolving type for handle stborderid1a80type
19:44:02.398 [main] TRACE - Resolving type for handle stcellstylexfid70c7type
19:44:02.406 [main] TRACE - Resolving type for handle ctsheet4dbetype
19:44:02.409 [main] TRACE - Resolving type for handle ctworksheet530dtype
19:44:02.416 [main] TRACE - Resolving type for handle ctsheetformatprdef7type
19:44:02.422 [main] TRACE - Resolving type for handle ctsheetviewsb918type
19:44:02.426 [main] TRACE - Resolving type for handle ctsheetview0f43type
19:44:02.433 [main] TRACE - Resolving type for handle ctsheetdimensiond310type
19:44:02.436 [main] TRACE - Resolving type for handle stref90a2type
19:44:02.437 [main] TRACE - Resolving type for handle ctsheetdata8408type
19:44:02.439 [main] TRACE - Resolving type for handle ctpagemargins5455type
19:44:02.449 [main] TRACE - Resolving type for handle ctcols627ctype
19:44:02.452 [main] TRACE - Resolving type for handle strelationshipid1e94type
19:44:02.453 [main] TRACE - Resolving type for handle ctrowdd39type
19:44:02.458 [main] TRACE - Resolving type for handle ctcell842btype
19:44:02.469 [main] TRACE - Resolving type for handle stcellrefe4e0type
19:44:02.471 [main] TRACE - Resolving type for handle ctrsta472type
19:44:02.473 [main] TRACE - Resolving type for handle stcelltypebf95type
19:44:02.729 [main] TRACE - Resolving type for handle ctnumfmtsb58btype
19:44:02.732 [main] TRACE - Resolving type for handle ctfonts6623type
19:44:02.734 [main] TRACE - Resolving type for handle ctfills2c6ftype
19:44:02.736 [main] TRACE - Resolving type for handle ctborders0d66type
19:44:02.739 [main] TRACE - Resolving type for handle ctcellxfs1322type
19:44:02.740 [main] TRACE - Resolving type for handle ctcellstylexfsa81ftype
19:44:02.763 [main] DEBUG - Save core properties part
19:44:02.763 [main] DEBUG - Save content types part
19:44:02.825 [main] DEBUG - Save package relationships
19:44:02.829 [main] DEBUG - Save part 'docProps/app.xml'
19:44:02.830 [main] DEBUG - Save part 'docProps/core.xml'
19:44:02.837 [main] DEBUG - Save part 'xl/sharedStrings.xml'
19:44:02.838 [main] DEBUG - Save part 'xl/styles.xml'
19:44:02.838 [main] DEBUG - Save part 'xl/workbook.xml'
19:44:02.839 [main] DEBUG - Save part 'xl/worksheets/sheet1.xml'
19:44:02.841 [main] DEBUG - Save content types part
19:44:02.842 [main] DEBUG - Save package relationships
19:44:02.843 [main] DEBUG - Save part 'docProps/app.xml'
19:44:02.843 [main] DEBUG - Save part 'docProps/core.xml'
19:44:02.844 [main] DEBUG - Save part 'xl/sharedStrings.xml'
19:44:02.844 [main] DEBUG - Save part 'xl/styles.xml'
19:44:02.844 [main] DEBUG - Save part 'xl/workbook.xml'
19:44:02.845 [main] DEBUG - Save part 'xl/worksheets/sheet1.xml'
19:44:04.852 [main] INFO  - Printing Details of Car Washing Services.......
19:46:05.177 [main] INFO  - Chrome Browser is Opened.......................
19:46:13.231 [main] INFO  - First Pop Up Handled.......
19:46:15.446 [main] INFO  - Near By Location is entered.......
19:46:15.551 [main] INFO  - Suggested location is selected.......
19:46:17.841 [main] INFO  - Type Car Washing Services in search box.......
19:46:22.989 [main] INFO  - Suggested Car Washing Services is selected.......
19:46:28.110 [main] INFO  - Clicked on search button and result appears.......
19:46:30.604 [main] INFO  - Clicked on All Filters Sub-Menu.......
19:46:32.756 [main] INFO  - Click and Select rating 4.0+.......
19:46:35.956 [main] INFO  - Click on Apply Filter Button.......
19:46:46.040 [main] INFO  - PopUp appeared and handled.......
19:46:56.806 [main] INFO  - Click on Show Number Flare Button to get contact of car washing services Dealer 
19:46:56.806 [main] INFO  - Printing Details of Car Washing Services.......
19:58:38.425 [main] INFO  - Chrome Browser is Opened.......................
19:58:46.480 [main] INFO  - First Pop Up Handled.......
19:58:48.696 [main] INFO  - Near By Location is entered.......
19:58:48.818 [main] INFO  - Suggested location is selected.......
19:58:51.127 [main] INFO  - Type Car Washing Services in search box.......
19:58:56.278 [main] INFO  - Suggested Car Washing Services is selected.......
19:59:01.426 [main] INFO  - Clicked on search button and result appears.......
19:59:03.850 [main] INFO  - Clicked on All Filters Sub-Menu.......
19:59:06.001 [main] INFO  - Click and Select rating 4.0+.......
19:59:09.181 [main] INFO  - Click on Apply Filter Button.......
19:59:19.210 [main] INFO  - PopUp appeared and handled.......
20:00:56.098 [main] INFO  - Chrome Browser is Opened.......................
20:01:04.247 [main] INFO  - First Pop Up Handled.......
20:01:06.473 [main] INFO  - Near By Location is entered.......
20:01:06.571 [main] INFO  - Suggested location is selected.......
20:01:08.823 [main] INFO  - Type Car Washing Services in search box.......
20:01:13.970 [main] INFO  - Suggested Car Washing Services is selected.......
20:01:19.089 [main] INFO  - Clicked on search button and result appears.......
20:01:21.537 [main] INFO  - Clicked on All Filters Sub-Menu.......
20:01:23.663 [main] INFO  - Click and Select rating 4.0+.......
20:01:26.813 [main] INFO  - Click on Apply Filter Button.......
20:01:36.844 [main] INFO  - PopUp appeared and handled.......
20:01:47.566 [main] INFO  - Click on Show Number Flare Button to get contact of car washing services Dealer 
20:01:47.567 [main] INFO  - Printing Details of Car Washing Services.......
20:02:20.516 [main] INFO  - Chrome Browser is Opened.......................
20:02:28.491 [main] INFO  - First Pop Up Handled.......
20:02:30.710 [main] INFO  - Near By Location is entered.......
20:02:30.835 [main] INFO  - Suggested location is selected.......
20:02:33.107 [main] INFO  - Type Car Washing Services in search box.......
20:02:38.275 [main] INFO  - Suggested Car Washing Services is selected.......
20:02:43.417 [main] INFO  - Clicked on search button and result appears.......
20:02:45.946 [main] INFO  - Clicked on All Filters Sub-Menu.......
20:02:48.100 [main] INFO  - Click and Select rating 4.0+.......
20:02:51.286 [main] INFO  - Click on Apply Filter Button.......
20:03:01.341 [main] INFO  - PopUp appeared and handled.......
20:03:12.089 [main] INFO  - Click on Show Number Flare Button to get contact of car washing services Dealer 
20:03:12.952 [main] TRACE - Loading type system org.apache.poi.schemas.ooxml.system.ooxml
20:03:12.955 [main] TRACE - Loading type system org.apache.xmlbeans.metadata.system.sXMLCONFIG
20:03:12.956 [main] TRACE - Loading type system org.apache.xmlbeans.metadata.system.sXMLLANG
20:03:12.956 [main] TRACE - Loading type system org.apache.xmlbeans.metadata.system.sXMLSCHEMA
20:03:12.957 [main] TRACE - Loading type system org.apache.xmlbeans.metadata.system.sXMLTOOLS
20:03:12.958 [main] TRACE - Reading unresolved handles for type system org.apache.xmlbeans.metadata.system.sXMLTOOLS
20:03:12.977 [main] TRACE - Finished loading type system org.apache.xmlbeans.metadata.system.sXMLTOOLS
20:03:12.978 [main] TRACE - Reading unresolved handles for type system org.apache.xmlbeans.metadata.system.sXMLSCHEMA
20:03:12.981 [main] TRACE - Finished loading type system org.apache.xmlbeans.metadata.system.sXMLSCHEMA
20:03:12.982 [main] TRACE - Reading unresolved handles for type system org.apache.xmlbeans.metadata.system.sXMLLANG
20:03:12.983 [main] TRACE - Finished loading type system org.apache.xmlbeans.metadata.system.sXMLLANG
20:03:12.983 [main] TRACE - Reading unresolved handles for type system org.apache.xmlbeans.metadata.system.sXMLCONFIG
20:03:12.984 [main] TRACE - Finished loading type system org.apache.xmlbeans.metadata.system.sXMLCONFIG
20:03:12.985 [main] TRACE - Reading unresolved handles for type system org.apache.poi.schemas.ooxml.system.ooxml
20:03:13.025 [main] TRACE - Finished loading type system org.apache.poi.schemas.ooxml.system.ooxml
20:03:13.026 [main] TRACE - Resolving type for handle ctworkbook83c3type
20:03:13.069 [main] TRACE - Resolving type for handle ctworkbookpr03a5type
20:03:13.076 [main] TRACE - Resolving type for handle ctbookviewsb864type
20:03:13.077 [main] TRACE - Resolving type for handle ctbookviewf677type
20:03:13.082 [main] TRACE - Resolving type for handle ctsheets49fdtype
20:03:13.085 [main] TRACE - Resolving type for handle propertiesee84doctype
20:03:13.090 [main] TRACE - Resolving type for handle ctproperties3f10type
20:03:13.104 [main] TRACE - Resolving type for handle properties288cdoctype
20:03:13.107 [main] TRACE - Resolving type for handle ctproperties2c18type
20:03:13.113 [main] TRACE - Resolving type for handle sstf81fdoctype
20:03:13.114 [main] TRACE - Resolving type for handle ctsst44f3type
20:03:13.117 [main] TRACE - Resolving type for handle stylesheet5d8bdoctype
20:03:13.119 [main] TRACE - Resolving type for handle ctstylesheet4257type
20:03:13.124 [main] TRACE - Resolving type for handle ctfont14d8type
20:03:13.131 [main] TRACE - Resolving type for handle ctfontsizeb3b9type
20:03:13.133 [main] TRACE - Resolving type for handle ctcolord2c2type
20:03:13.136 [main] TRACE - Resolving type for handle ctfontname2dc3type
20:03:13.139 [main] TRACE - Resolving type for handle stxstringf179type
20:03:13.143 [main] TRACE - Resolving type for handle ctfontfamily685ctype
20:03:13.145 [main] TRACE - Resolving type for handle stfontfamily9c6ctype
20:03:13.148 [main] TRACE - Resolving type for handle ctfontschemebf5dtype
20:03:13.151 [main] TRACE - Resolving type for handle stfontschemef36dtype
20:03:13.158 [main] TRACE - Resolving type for handle ctfill550ctype
20:03:13.161 [main] TRACE - Resolving type for handle ctpatternfill7452type
20:03:13.164 [main] TRACE - Resolving type for handle stpatterntype7939type
20:03:13.167 [main] TRACE - Resolving type for handle ctborderf935type
20:03:13.168 [main] TRACE - Resolving type for handle ctborderpre497type
20:03:13.175 [main] TRACE - Resolving type for handle ctxf97f7type
20:03:13.179 [main] TRACE - Resolving type for handle stnumfmtid76fbtype
20:03:13.181 [main] TRACE - Resolving type for handle stfontid9d63type
20:03:13.182 [main] TRACE - Resolving type for handle stfillida097type
20:03:13.184 [main] TRACE - Resolving type for handle stborderid1a80type
20:03:13.186 [main] TRACE - Resolving type for handle stcellstylexfid70c7type
20:03:13.192 [main] TRACE - Resolving type for handle ctsheet4dbetype
20:03:13.195 [main] TRACE - Resolving type for handle ctworksheet530dtype
20:03:13.202 [main] TRACE - Resolving type for handle ctsheetformatprdef7type
20:03:13.207 [main] TRACE - Resolving type for handle ctsheetviewsb918type
20:03:13.212 [main] TRACE - Resolving type for handle ctsheetview0f43type
20:03:13.224 [main] TRACE - Resolving type for handle ctsheetdimensiond310type
20:03:13.226 [main] TRACE - Resolving type for handle stref90a2type
20:03:13.229 [main] TRACE - Resolving type for handle ctsheetdata8408type
20:03:13.230 [main] TRACE - Resolving type for handle ctpagemargins5455type
20:03:13.234 [main] TRACE - Resolving type for handle ctcols627ctype
20:03:13.236 [main] TRACE - Resolving type for handle strelationshipid1e94type
20:03:13.237 [main] TRACE - Resolving type for handle ctrowdd39type
20:03:13.244 [main] TRACE - Resolving type for handle ctcell842btype
20:03:13.249 [main] TRACE - Resolving type for handle stcellrefe4e0type
20:03:13.251 [main] TRACE - Resolving type for handle ctrsta472type
20:03:13.253 [main] TRACE - Resolving type for handle stcelltypebf95type
20:03:13.632 [main] TRACE - Resolving type for handle ctnumfmtsb58btype
20:03:13.636 [main] TRACE - Resolving type for handle ctfonts6623type
20:03:13.640 [main] TRACE - Resolving type for handle ctfills2c6ftype
20:03:13.644 [main] TRACE - Resolving type for handle ctborders0d66type
20:03:13.648 [main] TRACE - Resolving type for handle ctcellxfs1322type
20:03:13.649 [main] TRACE - Resolving type for handle ctcellstylexfsa81ftype
20:03:13.667 [main] DEBUG - Save core properties part
20:03:13.667 [main] DEBUG - Save content types part
20:03:13.733 [main] DEBUG - Save package relationships
20:03:13.739 [main] DEBUG - Save part 'docProps/app.xml'
20:03:13.742 [main] DEBUG - Save part 'docProps/core.xml'
20:03:13.746 [main] DEBUG - Save part 'xl/sharedStrings.xml'
20:03:13.747 [main] DEBUG - Save part 'xl/styles.xml'
20:03:13.748 [main] DEBUG - Save part 'xl/workbook.xml'
20:03:13.748 [main] DEBUG - Save part 'xl/worksheets/sheet1.xml'
20:03:13.754 [main] DEBUG - Save content types part
20:03:13.756 [main] DEBUG - Save package relationships
20:03:13.758 [main] DEBUG - Save part 'docProps/app.xml'
20:03:13.758 [main] DEBUG - Save part 'docProps/core.xml'
20:03:13.760 [main] DEBUG - Save part 'xl/sharedStrings.xml'
20:03:13.760 [main] DEBUG - Save part 'xl/styles.xml'
20:03:13.761 [main] DEBUG - Save part 'xl/workbook.xml'
20:03:13.762 [main] DEBUG - Save part 'xl/worksheets/sheet1.xml'
20:03:15.766 [main] INFO  - Printing Details of Car Washing Services.......
20:05:50.652 [main] INFO  - Chrome Browser is Opened.......................
20:05:58.882 [main] INFO  - First Pop Up Handled.......
20:06:01.117 [main] INFO  - Near By Location is entered.......
20:06:01.224 [main] INFO  - Suggested location is selected.......
20:06:03.486 [main] INFO  - Type Car Washing Services in search box.......
20:06:08.603 [main] INFO  - Suggested Car Washing Services is selected.......
20:06:13.741 [main] INFO  - Clicked on search button and result appears.......
20:06:16.308 [main] INFO  - Clicked on All Filters Sub-Menu.......
20:06:18.447 [main] INFO  - Click and Select rating 4.0+.......
20:06:21.611 [main] INFO  - Click on Apply Filter Button.......
20:06:31.646 [main] INFO  - PopUp appeared and handled.......
20:06:42.493 [main] INFO  - Click on Show Number Flare Button to get contact of car washing services Dealer 
20:06:43.516 [main] TRACE - Loading type system org.apache.poi.schemas.ooxml.system.ooxml
20:06:43.518 [main] TRACE - Loading type system org.apache.xmlbeans.metadata.system.sXMLCONFIG
20:06:43.518 [main] TRACE - Loading type system org.apache.xmlbeans.metadata.system.sXMLLANG
20:06:43.521 [main] TRACE - Loading type system org.apache.xmlbeans.metadata.system.sXMLSCHEMA
20:06:43.523 [main] TRACE - Loading type system org.apache.xmlbeans.metadata.system.sXMLTOOLS
20:06:43.525 [main] TRACE - Reading unresolved handles for type system org.apache.xmlbeans.metadata.system.sXMLTOOLS
20:06:43.533 [main] TRACE - Finished loading type system org.apache.xmlbeans.metadata.system.sXMLTOOLS
20:06:43.533 [main] TRACE - Reading unresolved handles for type system org.apache.xmlbeans.metadata.system.sXMLSCHEMA
20:06:43.538 [main] TRACE - Finished loading type system org.apache.xmlbeans.metadata.system.sXMLSCHEMA
20:06:43.540 [main] TRACE - Reading unresolved handles for type system org.apache.xmlbeans.metadata.system.sXMLLANG
20:06:43.541 [main] TRACE - Finished loading type system org.apache.xmlbeans.metadata.system.sXMLLANG
20:06:43.542 [main] TRACE - Reading unresolved handles for type system org.apache.xmlbeans.metadata.system.sXMLCONFIG
20:06:43.542 [main] TRACE - Finished loading type system org.apache.xmlbeans.metadata.system.sXMLCONFIG
20:06:43.543 [main] TRACE - Reading unresolved handles for type system org.apache.poi.schemas.ooxml.system.ooxml
20:06:43.601 [main] TRACE - Finished loading type system org.apache.poi.schemas.ooxml.system.ooxml
20:06:43.602 [main] TRACE - Resolving type for handle ctworkbook83c3type
20:06:43.646 [main] TRACE - Resolving type for handle ctworkbookpr03a5type
20:06:43.651 [main] TRACE - Resolving type for handle ctbookviewsb864type
20:06:43.657 [main] TRACE - Resolving type for handle ctbookviewf677type
20:06:43.662 [main] TRACE - Resolving type for handle ctsheets49fdtype
20:06:43.664 [main] TRACE - Resolving type for handle propertiesee84doctype
20:06:43.665 [main] TRACE - Resolving type for handle ctproperties3f10type
20:06:43.672 [main] TRACE - Resolving type for handle properties288cdoctype
20:06:43.675 [main] TRACE - Resolving type for handle ctproperties2c18type
20:06:43.679 [main] TRACE - Resolving type for handle sstf81fdoctype
20:06:43.680 [main] TRACE - Resolving type for handle ctsst44f3type
20:06:43.683 [main] TRACE - Resolving type for handle stylesheet5d8bdoctype
20:06:43.684 [main] TRACE - Resolving type for handle ctstylesheet4257type
20:06:43.690 [main] TRACE - Resolving type for handle ctfont14d8type
20:06:43.695 [main] TRACE - Resolving type for handle ctfontsizeb3b9type
20:06:43.697 [main] TRACE - Resolving type for handle ctcolord2c2type
20:06:43.699 [main] TRACE - Resolving type for handle ctfontname2dc3type
20:06:43.700 [main] TRACE - Resolving type for handle stxstringf179type
20:06:43.705 [main] TRACE - Resolving type for handle ctfontfamily685ctype
20:06:43.709 [main] TRACE - Resolving type for handle stfontfamily9c6ctype
20:06:43.712 [main] TRACE - Resolving type for handle ctfontschemebf5dtype
20:06:43.712 [main] TRACE - Resolving type for handle stfontschemef36dtype
20:06:43.714 [main] TRACE - Resolving type for handle ctfill550ctype
20:06:43.716 [main] TRACE - Resolving type for handle ctpatternfill7452type
20:06:43.721 [main] TRACE - Resolving type for handle stpatterntype7939type
20:06:43.725 [main] TRACE - Resolving type for handle ctborderf935type
20:06:43.726 [main] TRACE - Resolving type for handle ctborderpre497type
20:06:43.730 [main] TRACE - Resolving type for handle ctxf97f7type
20:06:43.732 [main] TRACE - Resolving type for handle stnumfmtid76fbtype
20:06:43.733 [main] TRACE - Resolving type for handle stfontid9d63type
20:06:43.733 [main] TRACE - Resolving type for handle stfillida097type
20:06:43.735 [main] TRACE - Resolving type for handle stborderid1a80type
20:06:43.739 [main] TRACE - Resolving type for handle stcellstylexfid70c7type
20:06:43.744 [main] TRACE - Resolving type for handle ctsheet4dbetype
20:06:43.748 [main] TRACE - Resolving type for handle ctworksheet530dtype
20:06:43.751 [main] TRACE - Resolving type for handle ctsheetformatprdef7type
20:06:43.758 [main] TRACE - Resolving type for handle ctsheetviewsb918type
20:06:43.761 [main] TRACE - Resolving type for handle ctsheetview0f43type
20:06:43.766 [main] TRACE - Resolving type for handle ctsheetdimensiond310type
20:06:43.770 [main] TRACE - Resolving type for handle stref90a2type
20:06:43.773 [main] TRACE - Resolving type for handle ctsheetdata8408type
20:06:43.775 [main] TRACE - Resolving type for handle ctpagemargins5455type
20:06:43.779 [main] TRACE - Resolving type for handle ctcols627ctype
20:06:43.781 [main] TRACE - Resolving type for handle strelationshipid1e94type
20:06:43.783 [main] TRACE - Resolving type for handle ctrowdd39type
20:06:43.790 [main] TRACE - Resolving type for handle ctcell842btype
20:06:43.795 [main] TRACE - Resolving type for handle stcellrefe4e0type
20:06:43.797 [main] TRACE - Resolving type for handle ctrsta472type
20:06:43.799 [main] TRACE - Resolving type for handle stcelltypebf95type
20:06:44.169 [main] TRACE - Resolving type for handle ctnumfmtsb58btype
20:06:44.173 [main] TRACE - Resolving type for handle ctfonts6623type
20:06:44.174 [main] TRACE - Resolving type for handle ctfills2c6ftype
20:06:44.176 [main] TRACE - Resolving type for handle ctborders0d66type
20:06:44.178 [main] TRACE - Resolving type for handle ctcellxfs1322type
20:06:44.179 [main] TRACE - Resolving type for handle ctcellstylexfsa81ftype
20:06:44.192 [main] DEBUG - Save core properties part
20:06:44.193 [main] DEBUG - Save content types part
20:06:44.269 [main] DEBUG - Save package relationships
20:06:44.274 [main] DEBUG - Save part 'docProps/app.xml'
20:06:44.276 [main] DEBUG - Save part 'docProps/core.xml'
20:06:44.281 [main] DEBUG - Save part 'xl/sharedStrings.xml'
20:06:44.282 [main] DEBUG - Save part 'xl/styles.xml'
20:06:44.282 [main] DEBUG - Save part 'xl/workbook.xml'
20:06:44.283 [main] DEBUG - Save part 'xl/worksheets/sheet1.xml'
20:06:44.287 [main] DEBUG - Save content types part
20:06:44.288 [main] DEBUG - Save package relationships
20:06:44.290 [main] DEBUG - Save part 'docProps/app.xml'
20:06:44.290 [main] DEBUG - Save part 'docProps/core.xml'
20:06:44.291 [main] DEBUG - Save part 'xl/sharedStrings.xml'
20:06:44.291 [main] DEBUG - Save part 'xl/styles.xml'
20:06:44.291 [main] DEBUG - Save part 'xl/workbook.xml'
20:06:44.292 [main] DEBUG - Save part 'xl/worksheets/sheet1.xml'
20:06:46.307 [main] INFO  - Printing Details of Car Washing Services.......
20:06:47.516 [main] INFO  - FreeListing is Launched.......
20:06:49.828 [main] INFO  - Wrong detail is given in input box.......
20:06:51.916 [main] INFO  - Start Now Button is clicked.......
20:06:53.961 [main] INFO  - Invalid Message is printed.......
20:06:55.431 [main] INFO  - Navigating Back to original Window.......
20:06:59.109 [main] INFO  - Type gyms in search box.......
20:07:01.367 [main] DEBUG - Parsing relationship: /xl/_rels/workbook.xml.rels
20:07:01.368 [main] DEBUG - Parsing relationship: /_rels/.rels
20:07:01.421 [main] TRACE - Resolving type for handle workbookec17doctype
20:07:01.428 [main] TRACE - Resolving type for handle worksheetf539doctype
20:07:01.850 [main] DEBUG - Save content types part
20:07:01.853 [main] DEBUG - Save package relationships
20:07:01.854 [main] DEBUG - Save part 'docProps/app.xml'
20:07:01.854 [main] DEBUG - Save part 'docProps/core.xml'
20:07:01.855 [main] DEBUG - Save part 'xl/sharedStrings.xml'
20:07:01.856 [main] DEBUG - Save part 'xl/styles.xml'
20:07:01.856 [main] DEBUG - Save part 'xl/workbook.xml'
20:07:01.857 [main] DEBUG - Save part 'xl/worksheets/sheet1.xml'
20:07:01.857 [main] DEBUG - Save part 'xl/worksheets/sheet2.xml'
20:07:03.865 [main] INFO  - Sub-Menu of Gyms are Printed.......
20:10:51.072 [main] INFO  - Chrome Browser is Opened.......................
20:10:59.246 [main] INFO  - First Pop Up Handled.......
20:11:01.529 [main] INFO  - Near By Location is entered.......
20:11:01.683 [main] INFO  - Suggested location is selected.......
20:11:03.999 [main] INFO  - Type Car Washing Services in search box.......
20:11:09.129 [main] INFO  - Suggested Car Washing Services is selected.......
20:11:14.259 [main] INFO  - Clicked on search button and result appears.......
20:11:16.694 [main] INFO  - Clicked on All Filters Sub-Menu.......
20:11:18.892 [main] INFO  - Click and Select rating 4.0+.......
20:11:22.158 [main] INFO  - Click on Apply Filter Button.......
20:11:32.184 [main] INFO  - PopUp appeared and handled.......
20:11:42.840 [main] INFO  - Click on Show Number Flare Button to get contact of car washing services Dealer 
20:11:43.661 [main] TRACE - Loading type system org.apache.poi.schemas.ooxml.system.ooxml
20:11:43.664 [main] TRACE - Loading type system org.apache.xmlbeans.metadata.system.sXMLCONFIG
20:11:43.665 [main] TRACE - Loading type system org.apache.xmlbeans.metadata.system.sXMLLANG
20:11:43.666 [main] TRACE - Loading type system org.apache.xmlbeans.metadata.system.sXMLSCHEMA
20:11:43.666 [main] TRACE - Loading type system org.apache.xmlbeans.metadata.system.sXMLTOOLS
20:11:43.666 [main] TRACE - Reading unresolved handles for type system org.apache.xmlbeans.metadata.system.sXMLTOOLS
20:11:43.684 [main] TRACE - Finished loading type system org.apache.xmlbeans.metadata.system.sXMLTOOLS
20:11:43.685 [main] TRACE - Reading unresolved handles for type system org.apache.xmlbeans.metadata.system.sXMLSCHEMA
20:11:43.693 [main] TRACE - Finished loading type system org.apache.xmlbeans.metadata.system.sXMLSCHEMA
20:11:43.693 [main] TRACE - Reading unresolved handles for type system org.apache.xmlbeans.metadata.system.sXMLLANG
20:11:43.696 [main] TRACE - Finished loading type system org.apache.xmlbeans.metadata.system.sXMLLANG
20:11:43.697 [main] TRACE - Reading unresolved handles for type system org.apache.xmlbeans.metadata.system.sXMLCONFIG
20:11:43.698 [main] TRACE - Finished loading type system org.apache.xmlbeans.metadata.system.sXMLCONFIG
20:11:43.700 [main] TRACE - Reading unresolved handles for type system org.apache.poi.schemas.ooxml.system.ooxml
20:11:43.744 [main] TRACE - Finished loading type system org.apache.poi.schemas.ooxml.system.ooxml
20:11:43.745 [main] TRACE - Resolving type for handle ctworkbook83c3type
20:11:43.781 [main] TRACE - Resolving type for handle ctworkbookpr03a5type
20:11:43.790 [main] TRACE - Resolving type for handle ctbookviewsb864type
20:11:43.793 [main] TRACE - Resolving type for handle ctbookviewf677type
20:11:43.798 [main] TRACE - Resolving type for handle ctsheets49fdtype
20:11:43.800 [main] TRACE - Resolving type for handle propertiesee84doctype
20:11:43.801 [main] TRACE - Resolving type for handle ctproperties3f10type
20:11:43.809 [main] TRACE - Resolving type for handle properties288cdoctype
20:11:43.810 [main] TRACE - Resolving type for handle ctproperties2c18type
20:11:43.815 [main] TRACE - Resolving type for handle sstf81fdoctype
20:11:43.816 [main] TRACE - Resolving type for handle ctsst44f3type
20:11:43.823 [main] TRACE - Resolving type for handle stylesheet5d8bdoctype
20:11:43.826 [main] TRACE - Resolving type for handle ctstylesheet4257type
20:11:43.831 [main] TRACE - Resolving type for handle ctfont14d8type
20:11:43.842 [main] TRACE - Resolving type for handle ctfontsizeb3b9type
20:11:43.845 [main] TRACE - Resolving type for handle ctcolord2c2type
20:11:43.848 [main] TRACE - Resolving type for handle ctfontname2dc3type
20:11:43.850 [main] TRACE - Resolving type for handle stxstringf179type
20:11:43.852 [main] TRACE - Resolving type for handle ctfontfamily685ctype
20:11:43.855 [main] TRACE - Resolving type for handle stfontfamily9c6ctype
20:11:43.861 [main] TRACE - Resolving type for handle ctfontschemebf5dtype
20:11:43.863 [main] TRACE - Resolving type for handle stfontschemef36dtype
20:11:43.866 [main] TRACE - Resolving type for handle ctfill550ctype
20:11:43.867 [main] TRACE - Resolving type for handle ctpatternfill7452type
20:11:43.869 [main] TRACE - Resolving type for handle stpatterntype7939type
20:11:43.874 [main] TRACE - Resolving type for handle ctborderf935type
20:11:43.877 [main] TRACE - Resolving type for handle ctborderpre497type
20:11:43.879 [main] TRACE - Resolving type for handle ctxf97f7type
20:11:43.881 [main] TRACE - Resolving type for handle stnumfmtid76fbtype
20:11:43.882 [main] TRACE - Resolving type for handle stfontid9d63type
20:11:43.883 [main] TRACE - Resolving type for handle stfillida097type
20:11:43.884 [main] TRACE - Resolving type for handle stborderid1a80type
20:11:43.884 [main] TRACE - Resolving type for handle stcellstylexfid70c7type
20:11:43.892 [main] TRACE - Resolving type for handle ctsheet4dbetype
20:11:43.896 [main] TRACE - Resolving type for handle ctworksheet530dtype
20:11:43.899 [main] TRACE - Resolving type for handle ctsheetformatprdef7type
20:11:43.902 [main] TRACE - Resolving type for handle ctsheetviewsb918type
20:11:43.906 [main] TRACE - Resolving type for handle ctsheetview0f43type
20:11:43.911 [main] TRACE - Resolving type for handle ctsheetdimensiond310type
20:11:43.912 [main] TRACE - Resolving type for handle stref90a2type
20:11:43.914 [main] TRACE - Resolving type for handle ctsheetdata8408type
20:11:43.915 [main] TRACE - Resolving type for handle ctpagemargins5455type
20:11:43.924 [main] TRACE - Resolving type for handle ctcols627ctype
20:11:43.928 [main] TRACE - Resolving type for handle strelationshipid1e94type
20:11:43.930 [main] TRACE - Resolving type for handle ctrowdd39type
20:11:43.942 [main] TRACE - Resolving type for handle ctcell842btype
20:11:43.949 [main] TRACE - Resolving type for handle stcellrefe4e0type
20:11:43.951 [main] TRACE - Resolving type for handle ctrsta472type
20:11:43.953 [main] TRACE - Resolving type for handle stcelltypebf95type
20:11:45.477 [main] INFO  - FreeListing is Launched.......
20:11:47.700 [main] INFO  - Wrong detail is given in input box.......
20:11:49.784 [main] INFO  - Start Now Button is clicked.......
20:11:51.833 [main] INFO  - Invalid Message is printed.......
20:11:53.426 [main] INFO  - Navigating Back to original Window.......
20:11:57.287 [main] INFO  - Type gyms in search box.......
20:11:59.540 [main] DEBUG - Parsing relationship: /xl/_rels/workbook.xml.rels
20:11:59.544 [main] DEBUG - Parsing relationship: /_rels/.rels
20:11:59.605 [main] TRACE - Resolving type for handle ctnumfmtsb58btype
20:11:59.609 [main] TRACE - Resolving type for handle ctfonts6623type
20:11:59.611 [main] TRACE - Resolving type for handle ctfills2c6ftype
20:11:59.612 [main] TRACE - Resolving type for handle ctborders0d66type
20:11:59.618 [main] TRACE - Resolving type for handle ctcellxfs1322type
20:11:59.619 [main] TRACE - Resolving type for handle ctcellstylexfsa81ftype
20:11:59.621 [main] TRACE - Resolving type for handle workbookec17doctype
20:11:59.624 [main] TRACE - Resolving type for handle worksheetf539doctype
20:12:33.290 [main] INFO  - Chrome Browser is Opened.......................
20:12:41.390 [main] INFO  - First Pop Up Handled.......
20:12:43.616 [main] INFO  - Near By Location is entered.......
20:12:43.763 [main] INFO  - Suggested location is selected.......
20:12:46.065 [main] INFO  - Type Car Washing Services in search box.......
20:12:51.184 [main] INFO  - Suggested Car Washing Services is selected.......
20:12:56.283 [main] INFO  - Clicked on search button and result appears.......
20:12:58.659 [main] INFO  - Clicked on All Filters Sub-Menu.......
20:13:00.771 [main] INFO  - Click and Select rating 4.0+.......
20:13:04.490 [main] INFO  - Click on Apply Filter Button.......
20:13:14.569 [main] INFO  - PopUp appeared and handled.......
20:13:25.623 [main] INFO  - Click on Show Number Flare Button to get contact of car washing services Dealer 
20:13:26.708 [main] TRACE - Loading type system org.apache.poi.schemas.ooxml.system.ooxml
20:13:26.711 [main] TRACE - Loading type system org.apache.xmlbeans.metadata.system.sXMLCONFIG
20:13:26.712 [main] TRACE - Loading type system org.apache.xmlbeans.metadata.system.sXMLLANG
20:13:26.712 [main] TRACE - Loading type system org.apache.xmlbeans.metadata.system.sXMLSCHEMA
20:13:26.712 [main] TRACE - Loading type system org.apache.xmlbeans.metadata.system.sXMLTOOLS
20:13:26.713 [main] TRACE - Reading unresolved handles for type system org.apache.xmlbeans.metadata.system.sXMLTOOLS
20:13:26.728 [main] TRACE - Finished loading type system org.apache.xmlbeans.metadata.system.sXMLTOOLS
20:13:26.729 [main] TRACE - Reading unresolved handles for type system org.apache.xmlbeans.metadata.system.sXMLSCHEMA
20:13:26.733 [main] TRACE - Finished loading type system org.apache.xmlbeans.metadata.system.sXMLSCHEMA
20:13:26.734 [main] TRACE - Reading unresolved handles for type system org.apache.xmlbeans.metadata.system.sXMLLANG
20:13:26.735 [main] TRACE - Finished loading type system org.apache.xmlbeans.metadata.system.sXMLLANG
20:13:26.736 [main] TRACE - Reading unresolved handles for type system org.apache.xmlbeans.metadata.system.sXMLCONFIG
20:13:26.737 [main] TRACE - Finished loading type system org.apache.xmlbeans.metadata.system.sXMLCONFIG
20:13:26.737 [main] TRACE - Reading unresolved handles for type system org.apache.poi.schemas.ooxml.system.ooxml
20:13:26.786 [main] TRACE - Finished loading type system org.apache.poi.schemas.ooxml.system.ooxml
20:13:26.787 [main] TRACE - Resolving type for handle ctworkbook83c3type
20:13:26.837 [main] TRACE - Resolving type for handle ctworkbookpr03a5type
20:13:26.844 [main] TRACE - Resolving type for handle ctbookviewsb864type
20:13:26.845 [main] TRACE - Resolving type for handle ctbookviewf677type
20:13:26.854 [main] TRACE - Resolving type for handle ctsheets49fdtype
20:13:26.861 [main] TRACE - Resolving type for handle propertiesee84doctype
20:13:26.863 [main] TRACE - Resolving type for handle ctproperties3f10type
20:13:26.867 [main] TRACE - Resolving type for handle properties288cdoctype
20:13:26.868 [main] TRACE - Resolving type for handle ctproperties2c18type
20:13:26.873 [main] TRACE - Resolving type for handle sstf81fdoctype
20:13:26.874 [main] TRACE - Resolving type for handle ctsst44f3type
20:13:26.879 [main] TRACE - Resolving type for handle stylesheet5d8bdoctype
20:13:26.880 [main] TRACE - Resolving type for handle ctstylesheet4257type
20:13:26.887 [main] TRACE - Resolving type for handle ctfont14d8type
20:13:26.899 [main] TRACE - Resolving type for handle ctfontsizeb3b9type
20:13:26.903 [main] TRACE - Resolving type for handle ctcolord2c2type
20:13:26.905 [main] TRACE - Resolving type for handle ctfontname2dc3type
20:13:26.906 [main] TRACE - Resolving type for handle stxstringf179type
20:13:26.908 [main] TRACE - Resolving type for handle ctfontfamily685ctype
20:13:26.910 [main] TRACE - Resolving type for handle stfontfamily9c6ctype
20:13:26.913 [main] TRACE - Resolving type for handle ctfontschemebf5dtype
20:13:26.918 [main] TRACE - Resolving type for handle stfontschemef36dtype
20:13:26.928 [main] TRACE - Resolving type for handle ctfill550ctype
20:13:26.931 [main] TRACE - Resolving type for handle ctpatternfill7452type
20:13:26.937 [main] TRACE - Resolving type for handle stpatterntype7939type
20:13:26.940 [main] TRACE - Resolving type for handle ctborderf935type
20:13:26.943 [main] TRACE - Resolving type for handle ctborderpre497type
20:13:26.949 [main] TRACE - Resolving type for handle ctxf97f7type
20:13:26.952 [main] TRACE - Resolving type for handle stnumfmtid76fbtype
20:13:26.953 [main] TRACE - Resolving type for handle stfontid9d63type
20:13:26.959 [main] TRACE - Resolving type for handle stfillida097type
20:13:26.961 [main] TRACE - Resolving type for handle stborderid1a80type
20:13:26.963 [main] TRACE - Resolving type for handle stcellstylexfid70c7type
20:13:26.968 [main] TRACE - Resolving type for handle ctsheet4dbetype
20:13:26.972 [main] TRACE - Resolving type for handle ctworksheet530dtype
20:13:26.977 [main] TRACE - Resolving type for handle ctsheetformatprdef7type
20:13:26.982 [main] TRACE - Resolving type for handle ctsheetviewsb918type
20:13:26.989 [main] TRACE - Resolving type for handle ctsheetview0f43type
20:13:26.998 [main] TRACE - Resolving type for handle ctsheetdimensiond310type
20:13:27.000 [main] TRACE - Resolving type for handle stref90a2type
20:13:27.001 [main] TRACE - Resolving type for handle ctsheetdata8408type
20:13:27.003 [main] TRACE - Resolving type for handle ctpagemargins5455type
20:13:27.008 [main] TRACE - Resolving type for handle ctcols627ctype
20:13:27.010 [main] TRACE - Resolving type for handle strelationshipid1e94type
20:13:27.012 [main] TRACE - Resolving type for handle ctrowdd39type
20:13:27.016 [main] TRACE - Resolving type for handle ctcell842btype
20:13:27.028 [main] TRACE - Resolving type for handle stcellrefe4e0type
20:13:27.032 [main] TRACE - Resolving type for handle ctrsta472type
20:13:27.034 [main] TRACE - Resolving type for handle stcelltypebf95type
20:13:27.487 [main] TRACE - Resolving type for handle ctnumfmtsb58btype
20:13:27.492 [main] TRACE - Resolving type for handle ctfonts6623type
20:13:27.496 [main] TRACE - Resolving type for handle ctfills2c6ftype
20:13:27.498 [main] TRACE - Resolving type for handle ctborders0d66type
20:13:27.500 [main] TRACE - Resolving type for handle ctcellxfs1322type
20:13:27.502 [main] TRACE - Resolving type for handle ctcellstylexfsa81ftype
20:13:27.519 [main] DEBUG - Save core properties part
20:13:27.520 [main] DEBUG - Save content types part
20:13:27.612 [main] DEBUG - Save package relationships
20:13:27.618 [main] DEBUG - Save part 'docProps/app.xml'
20:13:27.622 [main] DEBUG - Save part 'docProps/core.xml'
20:13:27.631 [main] DEBUG - Save part 'xl/sharedStrings.xml'
20:13:27.631 [main] DEBUG - Save part 'xl/styles.xml'
20:13:27.631 [main] DEBUG - Save part 'xl/workbook.xml'
20:13:27.634 [main] DEBUG - Save part 'xl/worksheets/sheet1.xml'
20:13:27.637 [main] DEBUG - Save content types part
20:13:27.639 [main] DEBUG - Save package relationships
20:13:27.640 [main] DEBUG - Save part 'docProps/app.xml'
20:13:27.641 [main] DEBUG - Save part 'docProps/core.xml'
20:13:27.642 [main] DEBUG - Save part 'xl/sharedStrings.xml'
20:13:27.642 [main] DEBUG - Save part 'xl/styles.xml'
20:13:27.642 [main] DEBUG - Save part 'xl/workbook.xml'
20:13:27.644 [main] DEBUG - Save part 'xl/worksheets/sheet1.xml'
20:13:29.646 [main] INFO  - Printing Details of Car Washing Services.......
20:13:31.096 [main] INFO  - FreeListing is Launched.......
20:13:33.377 [main] INFO  - Wrong detail is given in input box.......
20:13:35.515 [main] INFO  - Start Now Button is clicked.......
20:13:37.577 [main] INFO  - Invalid Message is printed.......
20:13:39.777 [main] INFO  - Navigating Back to original Window.......
