23:52:45.304 [main] TRACE - Resolving type for handle stfillida097type
23:52:45.321 [main] TRACE - Resolving type for handle stborderid1a80type
23:52:45.322 [main] TRACE - Resolving type for handle stcellstylexfid70c7type
23:52:45.325 [main] TRACE - Resolving type for handle ctsheetformatprdef7type
23:52:45.326 [main] TRACE - Resolving type for handle ctsheetviewsb918type
23:52:45.328 [main] TRACE - Resolving type for handle ctsheetview0f43type
23:52:45.331 [main] TRACE - Resolving type for handle ctsheetdimensiond310type
23:52:45.332 [main] TRACE - Resolving type for handle stref90a2type
23:52:45.334 [main] TRACE - Resolving type for handle ctpagemargins5455type
23:52:45.542 [main] TRACE - Resolving type for handle ctnumfmtsb58btype
23:52:45.552 [main] DEBUG - Save core properties part
23:52:45.552 [main] DEBUG - Save content types part
23:52:45.585 [main] DEBUG - Save package relationships
23:52:45.588 [main] DEBUG - Save part 'docProps/app.xml'
23:52:45.588 [main] DEBUG - Save part 'docProps/core.xml'
23:52:45.589 [main] DEBUG - Save part 'xl/sharedStrings.xml'
23:52:45.590 [main] DEBUG - Save part 'xl/styles.xml'
23:52:45.590 [main] DEBUG - Save part 'xl/workbook.xml'
23:52:45.591 [main] DEBUG - Save part 'xl/worksheets/sheet1.xml'
23:52:45.591 [main] DEBUG - Save content types part
23:52:45.592 [main] DEBUG - Save package relationships
23:52:45.592 [main] DEBUG - Save part 'docProps/app.xml'
23:52:45.592 [main] DEBUG - Save part 'docProps/core.xml'
23:52:45.593 [main] DEBUG - Save part 'xl/sharedStrings.xml'
23:52:45.593 [main] DEBUG - Save part 'xl/styles.xml'
23:52:45.593 [main] DEBUG - Save part 'xl/workbook.xml'
23:52:45.594 [main] DEBUG - Save part 'xl/worksheets/sheet1.xml'
23:52:47.611 [main] INFO  - Printing Details of Car Washing Services.......
23:52:57.521 [main] DEBUG - Parsing relationship: /xl/_rels/workbook.xml.rels
23:52:57.521 [main] DEBUG - Parsing relationship: /_rels/.rels
23:52:57.754 [main] DEBUG - Save content types part
23:52:57.755 [main] DEBUG - Save package relationships
23:52:57.755 [main] DEBUG - Save part 'docProps/app.xml'
23:52:57.755 [main] DEBUG - Save part 'docProps/core.xml'
23:52:57.756 [main] DEBUG - Save part 'xl/sharedStrings.xml'
23:52:57.756 [main] DEBUG - Save part 'xl/styles.xml'
23:52:57.756 [main] DEBUG - Save part 'xl/workbook.xml'
23:52:57.757 [main] DEBUG - Save part 'xl/worksheets/sheet1.xml'
23:52:57.757 [main] DEBUG - Save part 'xl/worksheets/sheet2.xml'
23:52:58.837 [main] DEBUG - Parsing relationship: /xl/_rels/workbook.xml.rels
23:52:58.837 [main] DEBUG - Parsing relationship: /_rels/.rels
23:52:58.860 [main] DEBUG - Save content types part
23:52:58.861 [main] DEBUG - Save package relationships
23:52:58.862 [main] DEBUG - Save part 'docProps/app.xml'
23:52:58.862 [main] DEBUG - Save part 'docProps/core.xml'
23:52:58.863 [main] DEBUG - Save part 'xl/sharedStrings.xml'
23:52:58.863 [main] DEBUG - Save part 'xl/styles.xml'
23:52:58.863 [main] DEBUG - Save part 'xl/workbook.xml'
23:52:58.864 [main] DEBUG - Save part 'xl/worksheets/sheet1.xml'
23:52:58.864 [main] DEBUG - Save part 'xl/worksheets/sheet2.xml'
23:52:58.864 [main] DEBUG - Save part 'xl/worksheets/sheet3.xml'
23:55:10.732 [main] INFO  - First Pop Up Handled.......
23:55:12.885 [main] INFO  - Near By Location is entered.......
23:55:12.948 [main] INFO  - Suggested location is selected.......
23:55:13.322 [main] DEBUG - Parsing relationship: /xl/_rels/workbook.xml.rels
23:55:13.324 [main] DEBUG - Parsing relationship: /_rels/.rels
23:55:13.419 [main] TRACE - Loading type system org.apache.poi.schemas.ooxml.system.ooxml
23:55:13.421 [main] TRACE - Loading type system org.apache.xmlbeans.metadata.system.sXMLCONFIG
23:55:13.422 [main] TRACE - Loading type system org.apache.xmlbeans.metadata.system.sXMLLANG
23:55:13.422 [main] TRACE - Loading type system org.apache.xmlbeans.metadata.system.sXMLSCHEMA
23:55:13.422 [main] TRACE - Loading type system org.apache.xmlbeans.metadata.system.sXMLTOOLS
23:55:13.423 [main] TRACE - Reading unresolved handles for type system org.apache.xmlbeans.metadata.system.sXMLTOOLS
23:55:13.430 [main] TRACE - Finished loading type system org.apache.xmlbeans.metadata.system.sXMLTOOLS
23:55:13.431 [main] TRACE - Reading unresolved handles for type system org.apache.xmlbeans.metadata.system.sXMLSCHEMA
23:55:13.433 [main] TRACE - Finished loading type system org.apache.xmlbeans.metadata.system.sXMLSCHEMA
23:55:13.433 [main] TRACE - Reading unresolved handles for type system org.apache.xmlbeans.metadata.system.sXMLLANG
23:55:13.434 [main] TRACE - Finished loading type system org.apache.xmlbeans.metadata.system.sXMLLANG
23:55:13.434 [main] TRACE - Reading unresolved handles for type system org.apache.xmlbeans.metadata.system.sXMLCONFIG
23:55:13.435 [main] TRACE - Finished loading type system org.apache.xmlbeans.metadata.system.sXMLCONFIG
23:55:13.435 [main] TRACE - Reading unresolved handles for type system org.apache.poi.schemas.ooxml.system.ooxml
23:55:13.469 [main] TRACE - Finished loading type system org.apache.poi.schemas.ooxml.system.ooxml
23:55:13.469 [main] TRACE - Resolving type for handle themefd26doctype
23:55:13.509 [main] TRACE - Resolving type for handle stylesheet5d8bdoctype
23:55:13.512 [main] TRACE - Resolving type for handle ctstylesheet4257type
23:55:13.515 [main] TRACE - Resolving type for handle ctfonts6623type
23:55:13.517 [main] TRACE - Resolving type for handle ctfont14d8type
23:55:13.520 [main] TRACE - Resolving type for handle ctfills2c6ftype
23:55:13.522 [main] TRACE - Resolving type for handle ctfill550ctype
23:55:13.523 [main] TRACE - Resolving type for handle ctborders0d66type
23:55:13.525 [main] TRACE - Resolving type for handle ctborderf935type
23:55:13.526 [main] TRACE - Resolving type for handle ctcellxfs1322type
23:55:13.529 [main] TRACE - Resolving type for handle ctxf97f7type
23:55:13.531 [main] TRACE - Resolving type for handle ctcellstylexfsa81ftype
23:55:13.532 [main] TRACE - Resolving type for handle ctdxfsb26atype
23:55:13.534 [main] TRACE - Resolving type for handle cttablestyles872ftype
23:55:13.538 [main] TRACE - Resolving type for handle sstf81fdoctype
23:55:13.540 [main] TRACE - Resolving type for handle ctsst44f3type
23:55:13.550 [main] TRACE - Resolving type for handle ctrsta472type
23:55:13.563 [main] TRACE - Resolving type for handle workbookec17doctype
23:55:13.567 [main] TRACE - Resolving type for handle ctworkbook83c3type
23:55:13.572 [main] TRACE - Resolving type for handle ctsheets49fdtype
23:55:13.574 [main] TRACE - Resolving type for handle ctsheet4dbetype
23:55:13.576 [main] TRACE - Resolving type for handle strelationshipid1e94type
23:55:13.579 [main] TRACE - Resolving type for handle worksheetf539doctype
23:55:13.582 [main] TRACE - Resolving type for handle ctworksheet530dtype
23:55:13.593 [main] TRACE - Resolving type for handle ctcols627ctype
23:55:13.599 [main] TRACE - Resolving type for handle ctcola95ftype
23:55:13.610 [main] TRACE - Resolving type for handle ctsheetdata8408type
23:55:13.612 [main] TRACE - Resolving type for handle ctrowdd39type
23:55:13.617 [main] TRACE - Resolving type for handle ctcell842btype
23:55:13.623 [main] TRACE - Resolving type for handle stcellrefe4e0type
23:55:13.635 [main] TRACE - Resolving type for handle stxstringf179type
23:55:13.639 [main] TRACE - Resolving type for handle stcelltypebf95type
23:55:15.880 [main] INFO  - Type Car Washing Services in search box.......
23:55:17.957 [main] INFO  - Suggested Car Washing Services is selected.......
23:55:20.557 [main] INFO  - Clicked on search button and result appears.......
23:55:22.907 [main] INFO  - Clicked on All Filters Sub-Menu.......
23:55:23.039 [main] INFO  - Click and Select rating 4.0+.......
23:55:23.193 [main] INFO  - Click on Apply Filter Button.......
23:55:36.132 [main] INFO  - Click on Show Number Flare Button to get contact of car washing services Dealer 
23:55:46.179 [main] INFO  - PopUp appeared and handled.......
23:55:46.745 [main] TRACE - Resolving type for handle ctworkbookpr03a5type
23:55:46.749 [main] TRACE - Resolving type for handle ctbookviewsb864type
23:55:46.751 [main] TRACE - Resolving type for handle ctbookviewf677type
23:55:46.757 [main] TRACE - Resolving type for handle propertiesee84doctype
23:55:46.758 [main] TRACE - Resolving type for handle ctproperties3f10type
23:55:46.762 [main] TRACE - Resolving type for handle properties288cdoctype
23:55:46.763 [main] TRACE - Resolving type for handle ctproperties2c18type
23:55:46.765 [main] TRACE - Resolving type for handle ctfontsizeb3b9type
23:55:46.766 [main] TRACE - Resolving type for handle ctcolord2c2type
23:55:46.768 [main] TRACE - Resolving type for handle ctfontname2dc3type
23:55:46.771 [main] TRACE - Resolving type for handle ctfontfamily685ctype
23:55:46.773 [main] TRACE - Resolving type for handle stfontfamily9c6ctype
23:55:46.775 [main] TRACE - Resolving type for handle ctfontschemebf5dtype
23:55:46.777 [main] TRACE - Resolving type for handle stfontschemef36dtype
23:55:46.779 [main] TRACE - Resolving type for handle ctpatternfill7452type
23:55:46.782 [main] TRACE - Resolving type for handle stpatterntype7939type
23:55:46.784 [main] TRACE - Resolving type for handle ctborderpre497type
23:55:46.786 [main] TRACE - Resolving type for handle stnumfmtid76fbtype
23:55:46.787 [main] TRACE - Resolving type for handle stfontid9d63type
23:55:46.788 [main] TRACE - Resolving type for handle stfillida097type
23:55:46.789 [main] TRACE - Resolving type for handle stborderid1a80type
23:55:46.790 [main] TRACE - Resolving type for handle stcellstylexfid70c7type
23:55:46.793 [main] TRACE - Resolving type for handle ctsheetformatprdef7type
23:55:46.795 [main] TRACE - Resolving type for handle ctsheetviewsb918type
23:55:46.797 [main] TRACE - Resolving type for handle ctsheetview0f43type
23:55:46.800 [main] TRACE - Resolving type for handle ctsheetdimensiond310type
23:55:46.801 [main] TRACE - Resolving type for handle stref90a2type
23:55:46.803 [main] TRACE - Resolving type for handle ctpagemargins5455type
23:55:47.046 [main] TRACE - Resolving type for handle ctnumfmtsb58btype
23:55:47.055 [main] DEBUG - Save core properties part
23:55:47.055 [main] DEBUG - Save content types part
23:55:47.091 [main] DEBUG - Save package relationships
23:55:47.094 [main] DEBUG - Save part 'docProps/app.xml'
23:55:47.094 [main] DEBUG - Save part 'docProps/core.xml'
23:55:47.096 [main] DEBUG - Save part 'xl/sharedStrings.xml'
23:55:47.096 [main] DEBUG - Save part 'xl/styles.xml'
23:55:47.096 [main] DEBUG - Save part 'xl/workbook.xml'
23:55:47.097 [main] DEBUG - Save part 'xl/worksheets/sheet1.xml'
23:55:47.098 [main] DEBUG - Save content types part
23:55:47.098 [main] DEBUG - Save package relationships
23:55:47.099 [main] DEBUG - Save part 'docProps/app.xml'
23:55:47.099 [main] DEBUG - Save part 'docProps/core.xml'
23:55:47.100 [main] DEBUG - Save part 'xl/sharedStrings.xml'
23:55:47.100 [main] DEBUG - Save part 'xl/styles.xml'
23:55:47.100 [main] DEBUG - Save part 'xl/workbook.xml'
23:55:47.100 [main] DEBUG - Save part 'xl/worksheets/sheet1.xml'
23:55:49.117 [main] INFO  - Printing Details of Car Washing Services.......
23:55:59.231 [main] DEBUG - Parsing relationship: /xl/_rels/workbook.xml.rels
23:55:59.231 [main] DEBUG - Parsing relationship: /_rels/.rels
23:55:59.476 [main] DEBUG - Save content types part
23:55:59.477 [main] DEBUG - Save package relationships
23:55:59.478 [main] DEBUG - Save part 'docProps/app.xml'
23:55:59.478 [main] DEBUG - Save part 'docProps/core.xml'
23:55:59.479 [main] DEBUG - Save part 'xl/sharedStrings.xml'
23:55:59.479 [main] DEBUG - Save part 'xl/styles.xml'
23:55:59.479 [main] DEBUG - Save part 'xl/workbook.xml'
23:55:59.480 [main] DEBUG - Save part 'xl/worksheets/sheet1.xml'
23:55:59.480 [main] DEBUG - Save part 'xl/worksheets/sheet2.xml'
23:56:00.565 [main] DEBUG - Parsing relationship: /xl/_rels/workbook.xml.rels
23:56:00.567 [main] DEBUG - Parsing relationship: /_rels/.rels
23:56:00.585 [main] DEBUG - Save content types part
23:56:00.587 [main] DEBUG - Save package relationships
23:56:00.587 [main] DEBUG - Save part 'docProps/app.xml'
23:56:00.587 [main] DEBUG - Save part 'docProps/core.xml'
23:56:00.588 [main] DEBUG - Save part 'xl/sharedStrings.xml'
23:56:00.588 [main] DEBUG - Save part 'xl/styles.xml'
23:56:00.588 [main] DEBUG - Save part 'xl/workbook.xml'
23:56:00.590 [main] DEBUG - Save part 'xl/worksheets/sheet1.xml'
23:56:00.590 [main] DEBUG - Save part 'xl/worksheets/sheet2.xml'
23:56:00.590 [main] DEBUG - Save part 'xl/worksheets/sheet3.xml'
00:01:44.674 [main] INFO  - First Pop Up Handled.......
00:01:46.846 [main] INFO  - Near By Location is entered.......
00:01:46.916 [main] INFO  - Suggested location is selected.......
00:01:47.288 [main] DEBUG - Parsing relationship: /xl/_rels/workbook.xml.rels
00:01:47.290 [main] DEBUG - Parsing relationship: /_rels/.rels
00:01:47.424 [main] TRACE - Loading type system org.apache.poi.schemas.ooxml.system.ooxml
00:01:47.426 [main] TRACE - Loading type system org.apache.xmlbeans.metadata.system.sXMLCONFIG
00:01:47.426 [main] TRACE - Loading type system org.apache.xmlbeans.metadata.system.sXMLLANG
00:01:47.426 [main] TRACE - Loading type system org.apache.xmlbeans.metadata.system.sXMLSCHEMA
00:01:47.427 [main] TRACE - Loading type system org.apache.xmlbeans.metadata.system.sXMLTOOLS
00:01:47.427 [main] TRACE - Reading unresolved handles for type system org.apache.xmlbeans.metadata.system.sXMLTOOLS
00:01:47.436 [main] TRACE - Finished loading type system org.apache.xmlbeans.metadata.system.sXMLTOOLS
00:01:47.437 [main] TRACE - Reading unresolved handles for type system org.apache.xmlbeans.metadata.system.sXMLSCHEMA
00:01:47.439 [main] TRACE - Finished loading type system org.apache.xmlbeans.metadata.system.sXMLSCHEMA
00:01:47.439 [main] TRACE - Reading unresolved handles for type system org.apache.xmlbeans.metadata.system.sXMLLANG
00:01:47.440 [main] TRACE - Finished loading type system org.apache.xmlbeans.metadata.system.sXMLLANG
00:01:47.440 [main] TRACE - Reading unresolved handles for type system org.apache.xmlbeans.metadata.system.sXMLCONFIG
00:01:47.440 [main] TRACE - Finished loading type system org.apache.xmlbeans.metadata.system.sXMLCONFIG
00:01:47.441 [main] TRACE - Reading unresolved handles for type system org.apache.poi.schemas.ooxml.system.ooxml
00:01:47.477 [main] TRACE - Finished loading type system org.apache.poi.schemas.ooxml.system.ooxml
00:01:47.478 [main] TRACE - Resolving type for handle themefd26doctype
00:01:47.523 [main] TRACE - Resolving type for handle stylesheet5d8bdoctype
00:01:47.527 [main] TRACE - Resolving type for handle ctstylesheet4257type
00:01:47.531 [main] TRACE - Resolving type for handle ctfonts6623type
00:01:47.534 [main] TRACE - Resolving type for handle ctfont14d8type
00:01:47.539 [main] TRACE - Resolving type for handle ctfills2c6ftype
00:01:47.541 [main] TRACE - Resolving type for handle ctfill550ctype
00:01:47.542 [main] TRACE - Resolving type for handle ctborders0d66type
00:01:47.544 [main] TRACE - Resolving type for handle ctborderf935type
00:01:47.547 [main] TRACE - Resolving type for handle ctcellxfs1322type
00:01:47.549 [main] TRACE - Resolving type for handle ctxf97f7type
00:01:47.553 [main] TRACE - Resolving type for handle ctcellstylexfsa81ftype
00:01:47.556 [main] TRACE - Resolving type for handle ctdxfsb26atype
00:01:47.558 [main] TRACE - Resolving type for handle cttablestyles872ftype
00:01:47.561 [main] TRACE - Resolving type for handle sstf81fdoctype
00:01:47.564 [main] TRACE - Resolving type for handle ctsst44f3type
00:01:47.570 [main] TRACE - Resolving type for handle ctrsta472type
00:01:47.580 [main] TRACE - Resolving type for handle workbookec17doctype
00:01:47.582 [main] TRACE - Resolving type for handle ctworkbook83c3type
00:01:47.586 [main] TRACE - Resolving type for handle ctsheets49fdtype
00:01:47.587 [main] TRACE - Resolving type for handle ctsheet4dbetype
00:01:47.589 [main] TRACE - Resolving type for handle strelationshipid1e94type
00:01:47.591 [main] TRACE - Resolving type for handle worksheetf539doctype
00:01:47.594 [main] TRACE - Resolving type for handle ctworksheet530dtype
00:01:47.600 [main] TRACE - Resolving type for handle ctcols627ctype
00:01:47.604 [main] TRACE - Resolving type for handle ctcola95ftype
00:01:47.615 [main] TRACE - Resolving type for handle ctsheetdata8408type
00:01:47.617 [main] TRACE - Resolving type for handle ctrowdd39type
00:01:47.623 [main] TRACE - Resolving type for handle ctcell842btype
00:01:47.627 [main] TRACE - Resolving type for handle stcellrefe4e0type
00:01:47.631 [main] TRACE - Resolving type for handle stxstringf179type
00:01:47.633 [main] TRACE - Resolving type for handle stcelltypebf95type
00:01:49.779 [main] INFO  - Type Car Washing Services in search box.......
00:01:51.852 [main] INFO  - Suggested Car Washing Services is selected.......
00:01:54.448 [main] INFO  - Clicked on search button and result appears.......
00:01:56.809 [main] INFO  - Clicked on All Filters Sub-Menu.......
00:01:56.893 [main] INFO  - Click and Select rating 4.0+.......
00:01:57.024 [main] INFO  - Click on Apply Filter Button.......
00:02:10.921 [main] INFO  - Click on Show Number Flare Button to get contact of car washing services Dealer 
00:02:20.998 [main] INFO  - PopUp appeared and handled.......
00:02:21.568 [main] TRACE - Resolving type for handle ctworkbookpr03a5type
00:02:21.571 [main] TRACE - Resolving type for handle ctbookviewsb864type
00:02:21.572 [main] TRACE - Resolving type for handle ctbookviewf677type
00:02:21.575 [main] TRACE - Resolving type for handle propertiesee84doctype
00:02:21.576 [main] TRACE - Resolving type for handle ctproperties3f10type
00:02:21.579 [main] TRACE - Resolving type for handle properties288cdoctype
00:02:21.580 [main] TRACE - Resolving type for handle ctproperties2c18type
00:02:21.582 [main] TRACE - Resolving type for handle ctfontsizeb3b9type
00:02:21.584 [main] TRACE - Resolving type for handle ctcolord2c2type
00:02:21.584 [main] TRACE - Resolving type for handle ctfontname2dc3type
00:02:21.585 [main] TRACE - Resolving type for handle ctfontfamily685ctype
00:02:21.586 [main] TRACE - Resolving type for handle stfontfamily9c6ctype
00:02:21.588 [main] TRACE - Resolving type for handle ctfontschemebf5dtype
00:02:21.589 [main] TRACE - Resolving type for handle stfontschemef36dtype
00:02:21.590 [main] TRACE - Resolving type for handle ctpatternfill7452type
00:02:21.592 [main] TRACE - Resolving type for handle stpatterntype7939type
00:02:21.593 [main] TRACE - Resolving type for handle ctborderpre497type
00:02:21.594 [main] TRACE - Resolving type for handle stnumfmtid76fbtype
00:02:21.595 [main] TRACE - Resolving type for handle stfontid9d63type
00:02:21.596 [main] TRACE - Resolving type for handle stfillida097type
00:02:21.596 [main] TRACE - Resolving type for handle stborderid1a80type
00:02:21.597 [main] TRACE - Resolving type for handle stcellstylexfid70c7type
00:02:21.598 [main] TRACE - Resolving type for handle ctsheetformatprdef7type
00:02:21.600 [main] TRACE - Resolving type for handle ctsheetviewsb918type
00:02:21.601 [main] TRACE - Resolving type for handle ctsheetview0f43type
00:02:21.603 [main] TRACE - Resolving type for handle ctsheetdimensiond310type
00:02:21.604 [main] TRACE - Resolving type for handle stref90a2type
00:02:21.605 [main] TRACE - Resolving type for handle ctpagemargins5455type
00:02:21.835 [main] TRACE - Resolving type for handle ctnumfmtsb58btype
00:02:21.845 [main] DEBUG - Save core properties part
00:02:21.845 [main] DEBUG - Save content types part
00:02:21.887 [main] DEBUG - Save package relationships
00:02:21.891 [main] DEBUG - Save part 'docProps/app.xml'
00:02:21.892 [main] DEBUG - Save part 'docProps/core.xml'
00:02:21.895 [main] DEBUG - Save part 'xl/sharedStrings.xml'
00:02:21.896 [main] DEBUG - Save part 'xl/styles.xml'
00:02:21.896 [main] DEBUG - Save part 'xl/workbook.xml'
00:02:21.897 [main] DEBUG - Save part 'xl/worksheets/sheet1.xml'
00:02:21.898 [main] DEBUG - Save content types part
00:02:21.899 [main] DEBUG - Save package relationships
00:02:21.900 [main] DEBUG - Save part 'docProps/app.xml'
00:02:21.900 [main] DEBUG - Save part 'docProps/core.xml'
00:02:21.900 [main] DEBUG - Save part 'xl/sharedStrings.xml'
00:02:21.901 [main] DEBUG - Save part 'xl/styles.xml'
00:02:21.901 [main] DEBUG - Save part 'xl/workbook.xml'
00:02:21.901 [main] DEBUG - Save part 'xl/worksheets/sheet1.xml'
00:02:23.913 [main] INFO  - Printing Details of Car Washing Services.......
00:02:33.866 [main] DEBUG - Parsing relationship: /xl/_rels/workbook.xml.rels
00:02:33.867 [main] DEBUG - Parsing relationship: /_rels/.rels
00:02:34.106 [main] DEBUG - Save content types part
00:02:34.107 [main] DEBUG - Save package relationships
00:02:34.108 [main] DEBUG - Save part 'docProps/app.xml'
00:02:34.108 [main] DEBUG - Save part 'docProps/core.xml'
00:02:34.109 [main] DEBUG - Save part 'xl/sharedStrings.xml'
00:02:34.109 [main] DEBUG - Save part 'xl/styles.xml'
00:02:34.109 [main] DEBUG - Save part 'xl/workbook.xml'
00:02:34.110 [main] DEBUG - Save part 'xl/worksheets/sheet1.xml'
00:02:34.110 [main] DEBUG - Save part 'xl/worksheets/sheet2.xml'
00:02:35.228 [main] DEBUG - Parsing relationship: /xl/_rels/workbook.xml.rels
00:02:35.228 [main] DEBUG - Parsing relationship: /_rels/.rels
00:02:35.245 [main] DEBUG - Save content types part
00:02:35.245 [main] DEBUG - Save package relationships
00:02:35.246 [main] DEBUG - Save part 'docProps/app.xml'
00:02:35.246 [main] DEBUG - Save part 'docProps/core.xml'
00:02:35.247 [main] DEBUG - Save part 'xl/sharedStrings.xml'
00:02:35.247 [main] DEBUG - Save part 'xl/styles.xml'
00:02:35.247 [main] DEBUG - Save part 'xl/workbook.xml'
00:02:35.248 [main] DEBUG - Save part 'xl/worksheets/sheet1.xml'
00:02:35.248 [main] DEBUG - Save part 'xl/worksheets/sheet2.xml'
00:02:35.248 [main] DEBUG - Save part 'xl/worksheets/sheet3.xml'
00:06:02.133 [main] INFO  - First Pop Up Handled.......
00:06:04.319 [main] INFO  - Near By Location is entered.......
00:06:04.381 [main] INFO  - Suggested location is selected.......
00:06:04.777 [main] DEBUG - Parsing relationship: /xl/_rels/workbook.xml.rels
00:06:04.779 [main] DEBUG - Parsing relationship: /_rels/.rels
00:06:04.891 [main] TRACE - Loading type system org.apache.poi.schemas.ooxml.system.ooxml
00:06:04.892 [main] TRACE - Loading type system org.apache.xmlbeans.metadata.system.sXMLCONFIG
00:06:04.893 [main] TRACE - Loading type system org.apache.xmlbeans.metadata.system.sXMLLANG
00:06:04.893 [main] TRACE - Loading type system org.apache.xmlbeans.metadata.system.sXMLSCHEMA
00:06:04.893 [main] TRACE - Loading type system org.apache.xmlbeans.metadata.system.sXMLTOOLS
00:06:04.894 [main] TRACE - Reading unresolved handles for type system org.apache.xmlbeans.metadata.system.sXMLTOOLS
00:06:04.902 [main] TRACE - Finished loading type system org.apache.xmlbeans.metadata.system.sXMLTOOLS
00:06:04.903 [main] TRACE - Reading unresolved handles for type system org.apache.xmlbeans.metadata.system.sXMLSCHEMA
00:06:04.906 [main] TRACE - Finished loading type system org.apache.xmlbeans.metadata.system.sXMLSCHEMA
00:06:04.907 [main] TRACE - Reading unresolved handles for type system org.apache.xmlbeans.metadata.system.sXMLLANG
00:06:04.908 [main] TRACE - Finished loading type system org.apache.xmlbeans.metadata.system.sXMLLANG
00:06:04.908 [main] TRACE - Reading unresolved handles for type system org.apache.xmlbeans.metadata.system.sXMLCONFIG
00:06:04.909 [main] TRACE - Finished loading type system org.apache.xmlbeans.metadata.system.sXMLCONFIG
00:06:04.909 [main] TRACE - Reading unresolved handles for type system org.apache.poi.schemas.ooxml.system.ooxml
00:06:04.948 [main] TRACE - Finished loading type system org.apache.poi.schemas.ooxml.system.ooxml
00:06:04.948 [main] TRACE - Resolving type for handle themefd26doctype
00:06:04.984 [main] TRACE - Resolving type for handle stylesheet5d8bdoctype
00:06:04.989 [main] TRACE - Resolving type for handle ctstylesheet4257type
00:06:04.992 [main] TRACE - Resolving type for handle ctfonts6623type
00:06:04.994 [main] TRACE - Resolving type for handle ctfont14d8type
00:06:04.997 [main] TRACE - Resolving type for handle ctfills2c6ftype
00:06:04.999 [main] TRACE - Resolving type for handle ctfill550ctype
00:06:05.001 [main] TRACE - Resolving type for handle ctborders0d66type
00:06:05.002 [main] TRACE - Resolving type for handle ctborderf935type
00:06:05.005 [main] TRACE - Resolving type for handle ctcellxfs1322type
00:06:05.008 [main] TRACE - Resolving type for handle ctxf97f7type
00:06:05.013 [main] TRACE - Resolving type for handle ctcellstylexfsa81ftype
00:06:05.016 [main] TRACE - Resolving type for handle ctdxfsb26atype
00:06:05.018 [main] TRACE - Resolving type for handle cttablestyles872ftype
00:06:05.023 [main] TRACE - Resolving type for handle sstf81fdoctype
00:06:05.026 [main] TRACE - Resolving type for handle ctsst44f3type
00:06:05.036 [main] TRACE - Resolving type for handle ctrsta472type
00:06:05.053 [main] TRACE - Resolving type for handle workbookec17doctype
00:06:05.057 [main] TRACE - Resolving type for handle ctworkbook83c3type
00:06:05.061 [main] TRACE - Resolving type for handle ctsheets49fdtype
00:06:05.063 [main] TRACE - Resolving type for handle ctsheet4dbetype
00:06:05.066 [main] TRACE - Resolving type for handle strelationshipid1e94type
00:06:05.071 [main] TRACE - Resolving type for handle worksheetf539doctype
00:06:05.077 [main] TRACE - Resolving type for handle ctworksheet530dtype
00:06:05.086 [main] TRACE - Resolving type for handle ctcols627ctype
00:06:05.092 [main] TRACE - Resolving type for handle ctcola95ftype
00:06:05.104 [main] TRACE - Resolving type for handle ctsheetdata8408type
00:06:05.108 [main] TRACE - Resolving type for handle ctrowdd39type
00:06:05.114 [main] TRACE - Resolving type for handle ctcell842btype
00:06:05.122 [main] TRACE - Resolving type for handle stcellrefe4e0type
00:06:05.129 [main] TRACE - Resolving type for handle stxstringf179type
00:06:05.130 [main] TRACE - Resolving type for handle stcelltypebf95type
00:06:07.331 [main] INFO  - Type Car Washing Services in search box.......
00:06:09.409 [main] INFO  - Suggested Car Washing Services is selected.......
00:06:12.005 [main] INFO  - Clicked on search button and result appears.......
00:06:14.347 [main] INFO  - Clicked on All Filters Sub-Menu.......
00:06:14.429 [main] INFO  - Click and Select rating 4.0+.......
00:06:14.549 [main] INFO  - Click on Apply Filter Button.......
00:06:28.325 [main] INFO  - Click on Show Number Flare Button to get contact of car washing services Dealer 
00:06:38.357 [main] INFO  - PopUp appeared and handled.......
00:06:38.988 [main] TRACE - Resolving type for handle ctworkbookpr03a5type
00:06:38.992 [main] TRACE - Resolving type for handle ctbookviewsb864type
00:06:38.994 [main] TRACE - Resolving type for handle ctbookviewf677type
00:06:38.997 [main] TRACE - Resolving type for handle propertiesee84doctype
00:06:38.998 [main] TRACE - Resolving type for handle ctproperties3f10type
00:06:39.001 [main] TRACE - Resolving type for handle properties288cdoctype
00:06:39.002 [main] TRACE - Resolving type for handle ctproperties2c18type
00:06:39.005 [main] TRACE - Resolving type for handle ctfontsizeb3b9type
00:06:39.006 [main] TRACE - Resolving type for handle ctcolord2c2type
00:06:39.008 [main] TRACE - Resolving type for handle ctfontname2dc3type
00:06:39.010 [main] TRACE - Resolving type for handle ctfontfamily685ctype
00:06:39.011 [main] TRACE - Resolving type for handle stfontfamily9c6ctype
00:06:39.013 [main] TRACE - Resolving type for handle ctfontschemebf5dtype
00:06:39.014 [main] TRACE - Resolving type for handle stfontschemef36dtype
00:06:39.015 [main] TRACE - Resolving type for handle ctpatternfill7452type
00:06:39.017 [main] TRACE - Resolving type for handle stpatterntype7939type
00:06:39.018 [main] TRACE - Resolving type for handle ctborderpre497type
00:06:39.021 [main] TRACE - Resolving type for handle stnumfmtid76fbtype
00:06:39.021 [main] TRACE - Resolving type for handle stfontid9d63type
00:06:39.022 [main] TRACE - Resolving type for handle stfillida097type
00:06:39.025 [main] TRACE - Resolving type for handle stborderid1a80type
00:06:39.028 [main] TRACE - Resolving type for handle stcellstylexfid70c7type
00:06:39.030 [main] TRACE - Resolving type for handle ctsheetformatprdef7type
00:06:39.031 [main] TRACE - Resolving type for handle ctsheetviewsb918type
00:06:39.033 [main] TRACE - Resolving type for handle ctsheetview0f43type
00:06:39.036 [main] TRACE - Resolving type for handle ctsheetdimensiond310type
00:06:39.038 [main] TRACE - Resolving type for handle stref90a2type
00:06:39.042 [main] TRACE - Resolving type for handle ctpagemargins5455type
00:06:39.291 [main] TRACE - Resolving type for handle ctnumfmtsb58btype
00:06:39.302 [main] DEBUG - Save core properties part
00:06:39.302 [main] DEBUG - Save content types part
00:06:39.345 [main] DEBUG - Save package relationships
00:06:39.348 [main] DEBUG - Save part 'docProps/app.xml'
00:06:39.348 [main] DEBUG - Save part 'docProps/core.xml'
00:06:39.350 [main] DEBUG - Save part 'xl/sharedStrings.xml'
00:06:39.350 [main] DEBUG - Save part 'xl/styles.xml'
00:06:39.350 [main] DEBUG - Save part 'xl/workbook.xml'
00:06:39.351 [main] DEBUG - Save part 'xl/worksheets/sheet1.xml'
00:06:39.352 [main] DEBUG - Save content types part
00:06:39.353 [main] DEBUG - Save package relationships
00:06:39.353 [main] DEBUG - Save part 'docProps/app.xml'
00:06:39.353 [main] DEBUG - Save part 'docProps/core.xml'
00:06:39.354 [main] DEBUG - Save part 'xl/sharedStrings.xml'
00:06:39.354 [main] DEBUG - Save part 'xl/styles.xml'
00:06:39.355 [main] DEBUG - Save part 'xl/workbook.xml'
00:06:39.355 [main] DEBUG - Save part 'xl/worksheets/sheet1.xml'
00:06:41.367 [main] INFO  - Printing Details of Car Washing Services.......
00:06:51.178 [main] DEBUG - Parsing relationship: /xl/_rels/workbook.xml.rels
00:06:51.179 [main] DEBUG - Parsing relationship: /_rels/.rels
00:06:51.429 [main] DEBUG - Save content types part
00:06:51.430 [main] DEBUG - Save package relationships
00:06:51.431 [main] DEBUG - Save part 'docProps/app.xml'
00:06:51.431 [main] DEBUG - Save part 'docProps/core.xml'
00:06:51.431 [main] DEBUG - Save part 'xl/sharedStrings.xml'
00:06:51.432 [main] DEBUG - Save part 'xl/styles.xml'
00:06:51.432 [main] DEBUG - Save part 'xl/workbook.xml'
00:06:51.432 [main] DEBUG - Save part 'xl/worksheets/sheet1.xml'
00:06:51.433 [main] DEBUG - Save part 'xl/worksheets/sheet2.xml'
00:06:52.718 [main] DEBUG - Parsing relationship: /xl/_rels/workbook.xml.rels
00:06:52.719 [main] DEBUG - Parsing relationship: /_rels/.rels
00:06:52.744 [main] DEBUG - Save content types part
00:06:52.745 [main] DEBUG - Save package relationships
00:06:52.745 [main] DEBUG - Save part 'docProps/app.xml'
00:06:52.746 [main] DEBUG - Save part 'docProps/core.xml'
00:06:52.746 [main] DEBUG - Save part 'xl/sharedStrings.xml'
00:06:52.747 [main] DEBUG - Save part 'xl/styles.xml'
00:06:52.747 [main] DEBUG - Save part 'xl/workbook.xml'
00:06:52.748 [main] DEBUG - Save part 'xl/worksheets/sheet1.xml'
00:06:52.748 [main] DEBUG - Save part 'xl/worksheets/sheet2.xml'
00:06:52.748 [main] DEBUG - Save part 'xl/worksheets/sheet3.xml'
00:12:50.739 [main] INFO  - First Pop Up Handled.......
00:12:52.871 [main] INFO  - Near By Location is entered.......
00:12:52.936 [main] INFO  - Suggested location is selected.......
00:12:53.350 [main] DEBUG - Parsing relationship: /xl/_rels/workbook.xml.rels
00:12:53.352 [main] DEBUG - Parsing relationship: /_rels/.rels
00:12:53.464 [main] TRACE - Loading type system org.apache.poi.schemas.ooxml.system.ooxml
00:12:53.466 [main] TRACE - Loading type system org.apache.xmlbeans.metadata.system.sXMLCONFIG
00:12:53.466 [main] TRACE - Loading type system org.apache.xmlbeans.metadata.system.sXMLLANG
00:12:53.467 [main] TRACE - Loading type system org.apache.xmlbeans.metadata.system.sXMLSCHEMA
00:12:53.467 [main] TRACE - Loading type system org.apache.xmlbeans.metadata.system.sXMLTOOLS
00:12:53.468 [main] TRACE - Reading unresolved handles for type system org.apache.xmlbeans.metadata.system.sXMLTOOLS
00:12:53.480 [main] TRACE - Finished loading type system org.apache.xmlbeans.metadata.system.sXMLTOOLS
00:12:53.481 [main] TRACE - Reading unresolved handles for type system org.apache.xmlbeans.metadata.system.sXMLSCHEMA
00:12:53.483 [main] TRACE - Finished loading type system org.apache.xmlbeans.metadata.system.sXMLSCHEMA
00:12:53.484 [main] TRACE - Reading unresolved handles for type system org.apache.xmlbeans.metadata.system.sXMLLANG
00:12:53.485 [main] TRACE - Finished loading type system org.apache.xmlbeans.metadata.system.sXMLLANG
00:12:53.485 [main] TRACE - Reading unresolved handles for type system org.apache.xmlbeans.metadata.system.sXMLCONFIG
00:12:53.486 [main] TRACE - Finished loading type system org.apache.xmlbeans.metadata.system.sXMLCONFIG
00:12:53.486 [main] TRACE - Reading unresolved handles for type system org.apache.poi.schemas.ooxml.system.ooxml
00:12:53.524 [main] TRACE - Finished loading type system org.apache.poi.schemas.ooxml.system.ooxml
00:12:53.525 [main] TRACE - Resolving type for handle themefd26doctype
00:12:53.570 [main] TRACE - Resolving type for handle stylesheet5d8bdoctype
00:12:53.576 [main] TRACE - Resolving type for handle ctstylesheet4257type
00:12:53.580 [main] TRACE - Resolving type for handle ctfonts6623type
00:12:53.582 [main] TRACE - Resolving type for handle ctfont14d8type
00:12:53.587 [main] TRACE - Resolving type for handle ctfills2c6ftype
00:12:53.588 [main] TRACE - Resolving type for handle ctfill550ctype
00:12:53.590 [main] TRACE - Resolving type for handle ctborders0d66type
00:12:53.593 [main] TRACE - Resolving type for handle ctborderf935type
00:12:53.597 [main] TRACE - Resolving type for handle ctcellxfs1322type
00:12:53.600 [main] TRACE - Resolving type for handle ctxf97f7type
00:12:53.602 [main] TRACE - Resolving type for handle ctcellstylexfsa81ftype
00:12:53.604 [main] TRACE - Resolving type for handle ctdxfsb26atype
00:12:53.606 [main] TRACE - Resolving type for handle cttablestyles872ftype
00:12:53.609 [main] TRACE - Resolving type for handle sstf81fdoctype
00:12:53.611 [main] TRACE - Resolving type for handle ctsst44f3type
00:12:53.617 [main] TRACE - Resolving type for handle ctrsta472type
00:12:53.629 [main] TRACE - Resolving type for handle workbookec17doctype
00:12:53.633 [main] TRACE - Resolving type for handle ctworkbook83c3type
00:12:53.636 [main] TRACE - Resolving type for handle ctsheets49fdtype
00:12:53.637 [main] TRACE - Resolving type for handle ctsheet4dbetype
00:12:53.639 [main] TRACE - Resolving type for handle strelationshipid1e94type
00:12:53.641 [main] TRACE - Resolving type for handle worksheetf539doctype
00:12:53.644 [main] TRACE - Resolving type for handle ctworksheet530dtype
00:12:53.650 [main] TRACE - Resolving type for handle ctcols627ctype
00:12:53.654 [main] TRACE - Resolving type for handle ctcola95ftype
00:12:53.667 [main] TRACE - Resolving type for handle ctsheetdata8408type
00:12:53.669 [main] TRACE - Resolving type for handle ctrowdd39type
00:12:53.673 [main] TRACE - Resolving type for handle ctcell842btype
00:12:53.679 [main] TRACE - Resolving type for handle stcellrefe4e0type
00:12:53.688 [main] TRACE - Resolving type for handle stxstringf179type
00:12:53.691 [main] TRACE - Resolving type for handle stcelltypebf95type
00:12:55.916 [main] INFO  - Type Car Washing Services in search box.......
00:12:57.993 [main] INFO  - Suggested Car Washing Services is selected.......
00:13:00.601 [main] INFO  - Clicked on search button and result appears.......
00:13:02.943 [main] INFO  - Clicked on All Filters Sub-Menu.......
00:13:03.018 [main] INFO  - Click and Select rating 4.0+.......
00:13:03.129 [main] INFO  - Click on Apply Filter Button.......
00:13:16.278 [main] INFO  - Click on Show Number Flare Button to get contact of car washing services Dealer 
00:13:26.318 [main] INFO  - PopUp appeared and handled.......
00:13:26.887 [main] TRACE - Resolving type for handle ctworkbookpr03a5type
00:13:26.890 [main] TRACE - Resolving type for handle ctbookviewsb864type
00:13:26.892 [main] TRACE - Resolving type for handle ctbookviewf677type
00:13:26.896 [main] TRACE - Resolving type for handle propertiesee84doctype
00:13:26.897 [main] TRACE - Resolving type for handle ctproperties3f10type
00:13:26.900 [main] TRACE - Resolving type for handle properties288cdoctype
00:13:26.900 [main] TRACE - Resolving type for handle ctproperties2c18type
00:13:26.903 [main] TRACE - Resolving type for handle ctfontsizeb3b9type
00:13:26.904 [main] TRACE - Resolving type for handle ctcolord2c2type
00:13:26.905 [main] TRACE - Resolving type for handle ctfontname2dc3type
00:13:26.906 [main] TRACE - Resolving type for handle ctfontfamily685ctype
00:13:26.907 [main] TRACE - Resolving type for handle stfontfamily9c6ctype
00:13:26.910 [main] TRACE - Resolving type for handle ctfontschemebf5dtype
00:13:26.911 [main] TRACE - Resolving type for handle stfontschemef36dtype
00:13:26.912 [main] TRACE - Resolving type for handle ctpatternfill7452type
00:13:26.914 [main] TRACE - Resolving type for handle stpatterntype7939type
00:13:26.914 [main] TRACE - Resolving type for handle ctborderpre497type
00:13:26.916 [main] TRACE - Resolving type for handle stnumfmtid76fbtype
00:13:26.917 [main] TRACE - Resolving type for handle stfontid9d63type
00:13:26.917 [main] TRACE - Resolving type for handle stfillida097type
00:13:26.918 [main] TRACE - Resolving type for handle stborderid1a80type
00:13:26.919 [main] TRACE - Resolving type for handle stcellstylexfid70c7type
00:13:26.920 [main] TRACE - Resolving type for handle ctsheetformatprdef7type
00:13:26.921 [main] TRACE - Resolving type for handle ctsheetviewsb918type
00:13:26.922 [main] TRACE - Resolving type for handle ctsheetview0f43type
00:13:26.925 [main] TRACE - Resolving type for handle ctsheetdimensiond310type
00:13:26.926 [main] TRACE - Resolving type for handle stref90a2type
00:13:26.927 [main] TRACE - Resolving type for handle ctpagemargins5455type
00:13:27.138 [main] TRACE - Resolving type for handle ctnumfmtsb58btype
00:13:27.149 [main] DEBUG - Save core properties part
00:13:27.149 [main] DEBUG - Save content types part
00:13:27.192 [main] DEBUG - Save package relationships
00:13:27.196 [main] DEBUG - Save part 'docProps/app.xml'
00:13:27.196 [main] DEBUG - Save part 'docProps/core.xml'
00:13:27.199 [main] DEBUG - Save part 'xl/sharedStrings.xml'
00:13:27.199 [main] DEBUG - Save part 'xl/styles.xml'
00:13:27.199 [main] DEBUG - Save part 'xl/workbook.xml'
00:13:27.200 [main] DEBUG - Save part 'xl/worksheets/sheet1.xml'
00:13:27.201 [main] DEBUG - Save content types part
00:13:27.201 [main] DEBUG - Save package relationships
00:13:27.202 [main] DEBUG - Save part 'docProps/app.xml'
00:13:27.202 [main] DEBUG - Save part 'docProps/core.xml'
00:13:27.203 [main] DEBUG - Save part 'xl/sharedStrings.xml'
00:13:27.203 [main] DEBUG - Save part 'xl/styles.xml'
00:13:27.203 [main] DEBUG - Save part 'xl/workbook.xml'
00:13:27.204 [main] DEBUG - Save part 'xl/worksheets/sheet1.xml'
00:13:29.212 [main] INFO  - Printing Details of Car Washing Services.......
00:13:39.798 [main] DEBUG - Parsing relationship: /xl/_rels/workbook.xml.rels
00:13:39.799 [main] DEBUG - Parsing relationship: /_rels/.rels
00:13:40.046 [main] DEBUG - Save content types part
00:13:40.046 [main] DEBUG - Save package relationships
00:13:40.047 [main] DEBUG - Save part 'docProps/app.xml'
00:13:40.047 [main] DEBUG - Save part 'docProps/core.xml'
00:13:40.048 [main] DEBUG - Save part 'xl/sharedStrings.xml'
00:13:40.048 [main] DEBUG - Save part 'xl/styles.xml'
00:13:40.048 [main] DEBUG - Save part 'xl/workbook.xml'
00:13:40.049 [main] DEBUG - Save part 'xl/worksheets/sheet1.xml'
00:13:40.049 [main] DEBUG - Save part 'xl/worksheets/sheet2.xml'
00:13:41.064 [main] DEBUG - Parsing relationship: /xl/_rels/workbook.xml.rels
00:13:41.064 [main] DEBUG - Parsing relationship: /_rels/.rels
00:13:41.084 [main] DEBUG - Save content types part
00:13:41.085 [main] DEBUG - Save package relationships
00:13:41.086 [main] DEBUG - Save part 'docProps/app.xml'
00:13:41.086 [main] DEBUG - Save part 'docProps/core.xml'
00:13:41.087 [main] DEBUG - Save part 'xl/sharedStrings.xml'
00:13:41.088 [main] DEBUG - Save part 'xl/styles.xml'
00:13:41.088 [main] DEBUG - Save part 'xl/workbook.xml'
00:13:41.089 [main] DEBUG - Save part 'xl/worksheets/sheet1.xml'
00:13:41.089 [main] DEBUG - Save part 'xl/worksheets/sheet2.xml'
00:13:41.089 [main] DEBUG - Save part 'xl/worksheets/sheet3.xml'
00:16:11.611 [main] INFO  - First Pop Up Handled.......
00:16:13.755 [main] INFO  - Near By Location is entered.......
00:16:13.816 [main] INFO  - Suggested location is selected.......
00:16:14.189 [main] DEBUG - Parsing relationship: /xl/_rels/workbook.xml.rels
00:16:14.190 [main] DEBUG - Parsing relationship: /_rels/.rels
00:16:14.304 [main] TRACE - Loading type system org.apache.poi.schemas.ooxml.system.ooxml
00:16:14.306 [main] TRACE - Loading type system org.apache.xmlbeans.metadata.system.sXMLCONFIG
00:16:14.306 [main] TRACE - Loading type system org.apache.xmlbeans.metadata.system.sXMLLANG
00:16:14.306 [main] TRACE - Loading type system org.apache.xmlbeans.metadata.system.sXMLSCHEMA
00:16:14.307 [main] TRACE - Loading type system org.apache.xmlbeans.metadata.system.sXMLTOOLS
00:16:14.307 [main] TRACE - Reading unresolved handles for type system org.apache.xmlbeans.metadata.system.sXMLTOOLS
00:16:14.315 [main] TRACE - Finished loading type system org.apache.xmlbeans.metadata.system.sXMLTOOLS
00:16:14.316 [main] TRACE - Reading unresolved handles for type system org.apache.xmlbeans.metadata.system.sXMLSCHEMA
00:16:14.319 [main] TRACE - Finished loading type system org.apache.xmlbeans.metadata.system.sXMLSCHEMA
00:16:14.320 [main] TRACE - Reading unresolved handles for type system org.apache.xmlbeans.metadata.system.sXMLLANG
00:16:14.321 [main] TRACE - Finished loading type system org.apache.xmlbeans.metadata.system.sXMLLANG
00:16:14.322 [main] TRACE - Reading unresolved handles for type system org.apache.xmlbeans.metadata.system.sXMLCONFIG
00:16:14.323 [main] TRACE - Finished loading type system org.apache.xmlbeans.metadata.system.sXMLCONFIG
00:16:14.323 [main] TRACE - Reading unresolved handles for type system org.apache.poi.schemas.ooxml.system.ooxml
00:16:14.358 [main] TRACE - Finished loading type system org.apache.poi.schemas.ooxml.system.ooxml
00:16:14.358 [main] TRACE - Resolving type for handle themefd26doctype
00:16:14.412 [main] TRACE - Resolving type for handle stylesheet5d8bdoctype
00:16:14.416 [main] TRACE - Resolving type for handle ctstylesheet4257type
00:16:14.418 [main] TRACE - Resolving type for handle ctfonts6623type
00:16:14.421 [main] TRACE - Resolving type for handle ctfont14d8type
00:16:14.427 [main] TRACE - Resolving type for handle ctfills2c6ftype
00:16:14.430 [main] TRACE - Resolving type for handle ctfill550ctype
00:16:14.431 [main] TRACE - Resolving type for handle ctborders0d66type
00:16:14.433 [main] TRACE - Resolving type for handle ctborderf935type
00:16:14.434 [main] TRACE - Resolving type for handle ctcellxfs1322type
00:16:14.436 [main] TRACE - Resolving type for handle ctxf97f7type
00:16:14.439 [main] TRACE - Resolving type for handle ctcellstylexfsa81ftype
00:16:14.440 [main] TRACE - Resolving type for handle ctdxfsb26atype
00:16:14.443 [main] TRACE - Resolving type for handle cttablestyles872ftype
00:16:14.446 [main] TRACE - Resolving type for handle sstf81fdoctype
00:16:14.448 [main] TRACE - Resolving type for handle ctsst44f3type
00:16:14.453 [main] TRACE - Resolving type for handle ctrsta472type
00:16:14.467 [main] TRACE - Resolving type for handle workbookec17doctype
00:16:14.470 [main] TRACE - Resolving type for handle ctworkbook83c3type
00:16:14.473 [main] TRACE - Resolving type for handle ctsheets49fdtype
00:16:14.475 [main] TRACE - Resolving type for handle ctsheet4dbetype
00:16:14.476 [main] TRACE - Resolving type for handle strelationshipid1e94type
00:16:14.477 [main] TRACE - Resolving type for handle worksheetf539doctype
00:16:14.480 [main] TRACE - Resolving type for handle ctworksheet530dtype
00:16:14.486 [main] TRACE - Resolving type for handle ctcols627ctype
00:16:14.490 [main] TRACE - Resolving type for handle ctcola95ftype
00:16:14.501 [main] TRACE - Resolving type for handle ctsheetdata8408type
00:16:14.503 [main] TRACE - Resolving type for handle ctrowdd39type
00:16:14.506 [main] TRACE - Resolving type for handle ctcell842btype
00:16:14.513 [main] TRACE - Resolving type for handle stcellrefe4e0type
00:16:14.517 [main] TRACE - Resolving type for handle stxstringf179type
00:16:14.519 [main] TRACE - Resolving type for handle stcelltypebf95type
00:16:16.751 [main] INFO  - Type Car Washing Services in search box.......
00:16:18.832 [main] INFO  - Suggested Car Washing Services is selected.......
00:16:21.434 [main] INFO  - Clicked on search button and result appears.......
00:16:23.810 [main] INFO  - Clicked on All Filters Sub-Menu.......
00:16:23.914 [main] INFO  - Click and Select rating 4.0+.......
00:16:24.063 [main] INFO  - Click on Apply Filter Button.......
00:16:37.859 [main] INFO  - Click on Show Number Flare Button to get contact of car washing services Dealer 
00:16:47.911 [main] INFO  - PopUp appeared and handled.......
00:16:48.484 [main] TRACE - Resolving type for handle ctworkbookpr03a5type
00:16:48.488 [main] TRACE - Resolving type for handle ctbookviewsb864type
00:16:48.488 [main] TRACE - Resolving type for handle ctbookviewf677type
00:16:48.491 [main] TRACE - Resolving type for handle propertiesee84doctype
00:16:48.494 [main] TRACE - Resolving type for handle ctproperties3f10type
00:16:48.498 [main] TRACE - Resolving type for handle properties288cdoctype
00:16:48.499 [main] TRACE - Resolving type for handle ctproperties2c18type
00:16:48.502 [main] TRACE - Resolving type for handle ctfontsizeb3b9type
00:16:48.503 [main] TRACE - Resolving type for handle ctcolord2c2type
00:16:48.504 [main] TRACE - Resolving type for handle ctfontname2dc3type
00:16:48.506 [main] TRACE - Resolving type for handle ctfontfamily685ctype
00:16:48.506 [main] TRACE - Resolving type for handle stfontfamily9c6ctype
00:16:48.508 [main] TRACE - Resolving type for handle ctfontschemebf5dtype
00:16:48.509 [main] TRACE - Resolving type for handle stfontschemef36dtype
00:16:48.511 [main] TRACE - Resolving type for handle ctpatternfill7452type
00:16:48.513 [main] TRACE - Resolving type for handle stpatterntype7939type
00:16:48.514 [main] TRACE - Resolving type for handle ctborderpre497type
00:16:48.515 [main] TRACE - Resolving type for handle stnumfmtid76fbtype
00:16:48.516 [main] TRACE - Resolving type for handle stfontid9d63type
00:16:48.518 [main] TRACE - Resolving type for handle stfillida097type
00:16:48.519 [main] TRACE - Resolving type for handle stborderid1a80type
00:16:48.520 [main] TRACE - Resolving type for handle stcellstylexfid70c7type
00:16:48.521 [main] TRACE - Resolving type for handle ctsheetformatprdef7type
00:16:48.522 [main] TRACE - Resolving type for handle ctsheetviewsb918type
00:16:48.524 [main] TRACE - Resolving type for handle ctsheetview0f43type
00:16:48.527 [main] TRACE - Resolving type for handle ctsheetdimensiond310type
00:16:48.529 [main] TRACE - Resolving type for handle stref90a2type
00:16:48.530 [main] TRACE - Resolving type for handle ctpagemargins5455type
00:16:48.740 [main] TRACE - Resolving type for handle ctnumfmtsb58btype
00:16:48.751 [main] DEBUG - Save core properties part
00:16:48.751 [main] DEBUG - Save content types part
00:16:48.794 [main] DEBUG - Save package relationships
00:16:48.798 [main] DEBUG - Save part 'docProps/app.xml'
00:16:48.798 [main] DEBUG - Save part 'docProps/core.xml'
00:16:48.801 [main] DEBUG - Save part 'xl/sharedStrings.xml'
00:16:48.801 [main] DEBUG - Save part 'xl/styles.xml'
00:16:48.801 [main] DEBUG - Save part 'xl/workbook.xml'
00:16:48.803 [main] DEBUG - Save part 'xl/worksheets/sheet1.xml'
00:16:48.803 [main] DEBUG - Save content types part
00:16:48.804 [main] DEBUG - Save package relationships
00:16:48.805 [main] DEBUG - Save part 'docProps/app.xml'
00:16:48.805 [main] DEBUG - Save part 'docProps/core.xml'
00:16:48.806 [main] DEBUG - Save part 'xl/sharedStrings.xml'
00:16:48.806 [main] DEBUG - Save part 'xl/styles.xml'
00:16:48.806 [main] DEBUG - Save part 'xl/workbook.xml'
00:16:48.807 [main] DEBUG - Save part 'xl/worksheets/sheet1.xml'
00:16:50.820 [main] INFO  - Printing Details of Car Washing Services.......
00:16:51.834 [main] INFO  - FreeListing is Launched.......
00:16:53.985 [main] DEBUG - Parsing relationship: /xl/_rels/workbook.xml.rels
00:16:53.985 [main] DEBUG - Parsing relationship: /_rels/.rels
00:16:54.048 [main] INFO  - Wrong detail is given in input box.......
00:16:56.266 [main] INFO  - Start Now Button is clicked.......
00:16:58.441 [main] INFO  - Invalid Message is printed.......
00:16:59.712 [main] INFO  - Navigating Back to original Window.......
00:17:00.162 [main] INFO  - Type gyms in search box.......
00:17:02.987 [main] DEBUG - Parsing relationship: /xl/_rels/workbook.xml.rels
00:17:02.988 [main] DEBUG - Parsing relationship: /_rels/.rels
00:17:03.229 [main] DEBUG - Save content types part
