00:33:41.843 [TestNG-tests-1] TRACE - Finished loading type system org.apache.xmlbeans.metadata.system.sXMLSCHEMA
00:33:41.865 [TestNG-tests-1] TRACE - Reading unresolved handles for type system org.apache.xmlbeans.metadata.system.sXMLLANG
00:33:41.867 [TestNG-tests-1] TRACE - Finished loading type system org.apache.xmlbeans.metadata.system.sXMLLANG
00:33:41.869 [TestNG-tests-1] TRACE - Reading unresolved handles for type system org.apache.xmlbeans.metadata.system.sXMLCONFIG
00:33:41.872 [TestNG-tests-1] TRACE - Finished loading type system org.apache.xmlbeans.metadata.system.sXMLCONFIG
00:33:41.874 [TestNG-tests-1] TRACE - Reading unresolved handles for type system org.apache.poi.schemas.ooxml.system.ooxml
00:33:41.965 [TestNG-tests-1] TRACE - Finished loading type system org.apache.poi.schemas.ooxml.system.ooxml
00:33:41.967 [TestNG-tests-1] TRACE - Resolving type for handle themefd26doctype
00:33:42.247 [TestNG-tests-2] TRACE - Resolving type for handle stylesheet5d8bdoctype
00:33:42.259 [TestNG-tests-2] TRACE - Resolving type for handle ctstylesheet4257type
00:33:42.280 [TestNG-tests-2] TRACE - Resolving type for handle ctfonts6623type
00:33:42.287 [TestNG-tests-2] TRACE - Resolving type for handle ctfont14d8type
00:33:42.302 [TestNG-tests-2] TRACE - Resolving type for handle ctfills2c6ftype
00:33:42.308 [TestNG-tests-2] TRACE - Resolving type for handle ctfill550ctype
00:33:42.313 [TestNG-tests-2] TRACE - Resolving type for handle ctborders0d66type
00:33:42.324 [TestNG-tests-2] TRACE - Resolving type for handle ctborderf935type
00:33:42.332 [TestNG-tests-1] TRACE - Resolving type for handle ctcellxfs1322type
00:33:42.340 [TestNG-tests-1] TRACE - Resolving type for handle ctxf97f7type
00:33:42.344 [TestNG-tests-2] TRACE - Resolving type for handle ctcellstylexfsa81ftype
00:33:42.353 [TestNG-tests-2] TRACE - Resolving type for handle ctdxfsb26atype
00:33:42.358 [TestNG-tests-2] TRACE - Resolving type for handle cttablestyles872ftype
00:33:42.363 [TestNG-tests-2] TRACE - Resolving type for handle sstf81fdoctype
00:33:42.374 [TestNG-tests-2] TRACE - Resolving type for handle ctsst44f3type
00:33:42.392 [TestNG-tests-2] TRACE - Resolving type for handle ctrsta472type
00:33:42.414 [TestNG-tests-1] TRACE - Resolving type for handle workbookec17doctype
00:33:42.428 [TestNG-tests-2] TRACE - Resolving type for handle ctworkbook83c3type
00:33:42.456 [TestNG-tests-2] TRACE - Resolving type for handle ctsheets49fdtype
00:33:42.460 [TestNG-tests-2] TRACE - Resolving type for handle ctsheet4dbetype
00:33:42.462 [TestNG-tests-2] TRACE - Resolving type for handle strelationshipid1e94type
00:33:42.468 [TestNG-tests-2] TRACE - Resolving type for handle worksheetf539doctype
00:33:42.477 [TestNG-tests-1] TRACE - Resolving type for handle ctworksheet530dtype
00:33:42.541 [TestNG-tests-2] TRACE - Resolving type for handle ctcols627ctype
00:33:42.558 [TestNG-tests-2] TRACE - Resolving type for handle ctcola95ftype
00:33:42.611 [TestNG-tests-2] TRACE - Resolving type for handle ctsheetdata8408type
00:33:42.624 [TestNG-tests-2] TRACE - Resolving type for handle ctrowdd39type
00:33:42.640 [TestNG-tests-1] TRACE - Resolving type for handle ctcell842btype
00:33:42.662 [TestNG-tests-1] TRACE - Resolving type for handle stcellrefe4e0type
00:33:42.689 [TestNG-tests-2] TRACE - Resolving type for handle stxstringf179type
00:33:42.692 [TestNG-tests-2] TRACE - Resolving type for handle stcelltypebf95type
00:34:10.934 [TestNG-tests-2] TRACE - Resolving type for handle ctworkbookpr03a5type
00:34:10.947 [TestNG-tests-2] TRACE - Resolving type for handle ctbookviewsb864type
00:34:10.952 [TestNG-tests-2] TRACE - Resolving type for handle ctbookviewf677type
00:34:10.966 [TestNG-tests-2] TRACE - Resolving type for handle propertiesee84doctype
00:34:10.970 [TestNG-tests-2] TRACE - Resolving type for handle ctproperties3f10type
00:34:10.984 [TestNG-tests-2] TRACE - Resolving type for handle properties288cdoctype
00:34:10.989 [TestNG-tests-2] TRACE - Resolving type for handle ctproperties2c18type
00:34:11.003 [TestNG-tests-2] TRACE - Resolving type for handle ctfontsizeb3b9type
00:34:11.013 [TestNG-tests-2] TRACE - Resolving type for handle ctcolord2c2type
00:34:11.019 [TestNG-tests-2] TRACE - Resolving type for handle ctfontname2dc3type
00:34:11.029 [TestNG-tests-2] TRACE - Resolving type for handle ctfontfamily685ctype
00:34:11.035 [TestNG-tests-2] TRACE - Resolving type for handle stfontfamily9c6ctype
00:34:11.046 [TestNG-tests-2] TRACE - Resolving type for handle ctfontschemebf5dtype
00:34:11.050 [TestNG-tests-2] TRACE - Resolving type for handle stfontschemef36dtype
00:34:11.052 [TestNG-tests-2] TRACE - Resolving type for handle ctpatternfill7452type
00:34:11.062 [TestNG-tests-2] TRACE - Resolving type for handle stpatterntype7939type
00:34:11.066 [TestNG-tests-2] TRACE - Resolving type for handle ctborderpre497type
00:34:11.075 [TestNG-tests-2] TRACE - Resolving type for handle stnumfmtid76fbtype
00:34:11.080 [TestNG-tests-2] TRACE - Resolving type for handle stfontid9d63type
00:34:11.085 [TestNG-tests-2] TRACE - Resolving type for handle stfillida097type
00:34:11.090 [TestNG-tests-2] TRACE - Resolving type for handle stborderid1a80type
00:34:11.096 [TestNG-tests-2] TRACE - Resolving type for handle stcellstylexfid70c7type
00:34:11.104 [TestNG-tests-2] TRACE - Resolving type for handle ctsheetformatprdef7type
00:34:11.117 [TestNG-tests-2] TRACE - Resolving type for handle ctsheetviewsb918type
00:34:11.122 [TestNG-tests-2] TRACE - Resolving type for handle ctsheetview0f43type
00:34:11.136 [TestNG-tests-2] TRACE - Resolving type for handle ctsheetdimensiond310type
00:34:11.141 [TestNG-tests-2] TRACE - Resolving type for handle stref90a2type
00:34:11.146 [TestNG-tests-2] TRACE - Resolving type for handle ctpagemargins5455type
00:34:12.100 [TestNG-tests-2] TRACE - Resolving type for handle ctnumfmtsb58btype
00:34:12.129 [TestNG-tests-2] DEBUG - Save core properties part
00:34:12.130 [TestNG-tests-2] DEBUG - Save content types part
00:34:12.228 [TestNG-tests-2] DEBUG - Save package relationships
00:34:12.236 [TestNG-tests-2] DEBUG - Save part 'docProps/app.xml'
00:34:12.237 [TestNG-tests-2] DEBUG - Save part 'docProps/core.xml'
00:34:12.244 [TestNG-tests-2] DEBUG - Save part 'xl/sharedStrings.xml'
00:34:12.245 [TestNG-tests-2] DEBUG - Save part 'xl/styles.xml'
00:34:12.246 [TestNG-tests-2] DEBUG - Save part 'xl/workbook.xml'
00:34:12.249 [TestNG-tests-2] DEBUG - Save part 'xl/worksheets/sheet1.xml'
00:34:12.251 [TestNG-tests-2] DEBUG - Save content types part
00:34:12.253 [TestNG-tests-2] DEBUG - Save package relationships
00:34:12.254 [TestNG-tests-2] DEBUG - Save part 'docProps/app.xml'
00:34:12.254 [TestNG-tests-2] DEBUG - Save part 'docProps/core.xml'
00:34:12.259 [TestNG-tests-2] DEBUG - Save part 'xl/sharedStrings.xml'
00:34:12.260 [TestNG-tests-2] DEBUG - Save part 'xl/styles.xml'
00:34:12.260 [TestNG-tests-2] DEBUG - Save part 'xl/workbook.xml'
00:34:12.264 [TestNG-tests-2] DEBUG - Save part 'xl/worksheets/sheet1.xml'
00:35:01.742 [main] INFO  - First Pop Up Handled.......
00:35:04.099 [main] INFO  - Near By Location is entered.......
00:35:04.279 [main] INFO  - Suggested location is selected.......
00:35:05.099 [main] DEBUG - Parsing relationship: /xl/_rels/workbook.xml.rels
00:35:05.105 [main] DEBUG - Parsing relationship: /_rels/.rels
00:35:05.462 [main] TRACE - Loading type system org.apache.poi.schemas.ooxml.system.ooxml
00:35:05.467 [main] TRACE - Loading type system org.apache.xmlbeans.metadata.system.sXMLCONFIG
00:35:05.469 [main] TRACE - Loading type system org.apache.xmlbeans.metadata.system.sXMLLANG
00:35:05.470 [main] TRACE - Loading type system org.apache.xmlbeans.metadata.system.sXMLSCHEMA
00:35:05.471 [main] TRACE - Loading type system org.apache.xmlbeans.metadata.system.sXMLTOOLS
00:35:05.473 [main] TRACE - Reading unresolved handles for type system org.apache.xmlbeans.metadata.system.sXMLTOOLS
00:35:05.497 [main] TRACE - Finished loading type system org.apache.xmlbeans.metadata.system.sXMLTOOLS
00:35:05.498 [main] TRACE - Reading unresolved handles for type system org.apache.xmlbeans.metadata.system.sXMLSCHEMA
00:35:05.506 [main] TRACE - Finished loading type system org.apache.xmlbeans.metadata.system.sXMLSCHEMA
00:35:05.507 [main] TRACE - Reading unresolved handles for type system org.apache.xmlbeans.metadata.system.sXMLLANG
00:35:05.509 [main] TRACE - Finished loading type system org.apache.xmlbeans.metadata.system.sXMLLANG
00:35:05.510 [main] TRACE - Reading unresolved handles for type system org.apache.xmlbeans.metadata.system.sXMLCONFIG
00:35:05.512 [main] TRACE - Finished loading type system org.apache.xmlbeans.metadata.system.sXMLCONFIG
00:35:05.514 [main] TRACE - Reading unresolved handles for type system org.apache.poi.schemas.ooxml.system.ooxml
00:35:05.597 [main] TRACE - Finished loading type system org.apache.poi.schemas.ooxml.system.ooxml
00:35:05.597 [main] TRACE - Resolving type for handle themefd26doctype
00:35:05.666 [main] TRACE - Resolving type for handle stylesheet5d8bdoctype
00:35:05.673 [main] TRACE - Resolving type for handle ctstylesheet4257type
00:35:05.683 [main] TRACE - Resolving type for handle ctfonts6623type
00:35:05.686 [main] TRACE - Resolving type for handle ctfont14d8type
00:35:05.693 [main] TRACE - Resolving type for handle ctfills2c6ftype
00:35:05.702 [main] TRACE - Resolving type for handle ctfill550ctype
00:35:05.710 [main] TRACE - Resolving type for handle ctborders0d66type
00:35:05.712 [main] TRACE - Resolving type for handle ctborderf935type
00:35:05.715 [main] TRACE - Resolving type for handle ctcellxfs1322type
00:35:05.718 [main] TRACE - Resolving type for handle ctxf97f7type
00:35:05.720 [main] TRACE - Resolving type for handle ctcellstylexfsa81ftype
00:35:05.724 [main] TRACE - Resolving type for handle ctdxfsb26atype
00:35:05.729 [main] TRACE - Resolving type for handle cttablestyles872ftype
00:35:05.733 [main] TRACE - Resolving type for handle sstf81fdoctype
00:35:05.738 [main] TRACE - Resolving type for handle ctsst44f3type
00:35:05.753 [main] TRACE - Resolving type for handle ctrsta472type
00:35:05.807 [main] TRACE - Resolving type for handle workbookec17doctype
00:35:05.816 [main] TRACE - Resolving type for handle ctworkbook83c3type
00:35:05.824 [main] TRACE - Resolving type for handle ctsheets49fdtype
00:35:05.826 [main] TRACE - Resolving type for handle ctsheet4dbetype
00:35:05.829 [main] TRACE - Resolving type for handle strelationshipid1e94type
00:35:05.831 [main] TRACE - Resolving type for handle worksheetf539doctype
00:35:05.836 [main] TRACE - Resolving type for handle ctworksheet530dtype
00:35:05.867 [main] TRACE - Resolving type for handle ctcols627ctype
00:35:05.875 [main] TRACE - Resolving type for handle ctcola95ftype
00:35:05.902 [main] TRACE - Resolving type for handle ctsheetdata8408type
00:35:05.909 [main] TRACE - Resolving type for handle ctrowdd39type
00:35:05.916 [main] TRACE - Resolving type for handle ctcell842btype
00:35:05.931 [main] TRACE - Resolving type for handle stcellrefe4e0type
00:35:05.937 [main] TRACE - Resolving type for handle stxstringf179type
00:35:05.940 [main] TRACE - Resolving type for handle stcelltypebf95type
00:35:08.366 [main] INFO  - Type Car Washing Services in search box.......
00:35:10.572 [main] INFO  - Suggested Car Washing Services is selected.......
00:35:13.221 [main] INFO  - Clicked on search button and result appears.......
00:35:15.782 [main] INFO  - Clicked on All Filters Sub-Menu.......
00:35:15.974 [main] INFO  - Click and Select rating 4.0+.......
00:35:16.234 [main] INFO  - Click on Apply Filter Button.......
00:35:31.068 [main] INFO  - Click on Show Number Flare Button to get contact of car washing services Dealer 
00:35:31.084 [main] INFO  - PopUp appeared and handled.......
00:35:32.175 [main] TRACE - Resolving type for handle ctworkbookpr03a5type
00:35:32.181 [main] TRACE - Resolving type for handle ctbookviewsb864type
00:35:32.184 [main] TRACE - Resolving type for handle ctbookviewf677type
00:35:32.189 [main] TRACE - Resolving type for handle propertiesee84doctype
00:35:32.190 [main] TRACE - Resolving type for handle ctproperties3f10type
00:35:32.195 [main] TRACE - Resolving type for handle properties288cdoctype
00:35:32.196 [main] TRACE - Resolving type for handle ctproperties2c18type
00:35:32.202 [main] TRACE - Resolving type for handle ctfontsizeb3b9type
00:35:32.204 [main] TRACE - Resolving type for handle ctcolord2c2type
00:35:32.206 [main] TRACE - Resolving type for handle ctfontname2dc3type
00:35:32.209 [main] TRACE - Resolving type for handle ctfontfamily685ctype
00:35:32.211 [main] TRACE - Resolving type for handle stfontfamily9c6ctype
00:35:32.214 [main] TRACE - Resolving type for handle ctfontschemebf5dtype
00:35:32.218 [main] TRACE - Resolving type for handle stfontschemef36dtype
00:35:32.219 [main] TRACE - Resolving type for handle ctpatternfill7452type
00:35:32.222 [main] TRACE - Resolving type for handle stpatterntype7939type
00:35:32.223 [main] TRACE - Resolving type for handle ctborderpre497type
00:35:32.226 [main] TRACE - Resolving type for handle stnumfmtid76fbtype
00:35:32.227 [main] TRACE - Resolving type for handle stfontid9d63type
00:35:32.228 [main] TRACE - Resolving type for handle stfillida097type
00:35:32.229 [main] TRACE - Resolving type for handle stborderid1a80type
00:35:32.233 [main] TRACE - Resolving type for handle stcellstylexfid70c7type
00:35:32.236 [main] TRACE - Resolving type for handle ctsheetformatprdef7type
00:35:32.239 [main] TRACE - Resolving type for handle ctsheetviewsb918type
00:35:32.241 [main] TRACE - Resolving type for handle ctsheetview0f43type
00:35:32.245 [main] TRACE - Resolving type for handle ctsheetdimensiond310type
00:35:32.247 [main] TRACE - Resolving type for handle stref90a2type
00:35:32.250 [main] TRACE - Resolving type for handle ctpagemargins5455type
00:35:32.791 [main] TRACE - Resolving type for handle ctnumfmtsb58btype
00:35:32.812 [main] DEBUG - Save core properties part
00:35:32.813 [main] DEBUG - Save content types part
00:35:32.915 [main] DEBUG - Save package relationships
00:35:32.926 [main] DEBUG - Save part 'docProps/app.xml'
00:35:32.926 [main] DEBUG - Save part 'docProps/core.xml'
00:35:32.936 [main] DEBUG - Save part 'xl/sharedStrings.xml'
00:35:32.936 [main] DEBUG - Save part 'xl/styles.xml'
00:35:32.937 [main] DEBUG - Save part 'xl/workbook.xml'
00:35:32.938 [main] DEBUG - Save part 'xl/worksheets/sheet1.xml'
00:35:32.940 [main] DEBUG - Save content types part
00:35:32.941 [main] DEBUG - Save package relationships
00:35:32.942 [main] DEBUG - Save part 'docProps/app.xml'
00:35:32.942 [main] DEBUG - Save part 'docProps/core.xml'
00:35:32.943 [main] DEBUG - Save part 'xl/sharedStrings.xml'
00:35:32.944 [main] DEBUG - Save part 'xl/styles.xml'
00:35:32.945 [main] DEBUG - Save part 'xl/workbook.xml'
00:35:32.946 [main] DEBUG - Save part 'xl/worksheets/sheet1.xml'
00:35:34.953 [main] INFO  - Printing Details of Car Washing Services.......
00:35:36.458 [main] INFO  - FreeListing is Launched.......
00:35:38.741 [main] DEBUG - Parsing relationship: /xl/_rels/workbook.xml.rels
00:35:38.742 [main] DEBUG - Parsing relationship: /_rels/.rels
00:35:38.892 [main] INFO  - Wrong detail is given in input box.......
00:35:41.310 [main] INFO  - Start Now Button is clicked.......
00:35:43.638 [main] INFO  - Invalid Message is printed.......
00:35:45.540 [main] INFO  - Navigating Back to original Window.......
00:35:46.822 [main] INFO  - Type gyms in search box.......
00:35:50.402 [main] DEBUG - Parsing relationship: /xl/_rels/workbook.xml.rels
00:35:50.403 [main] DEBUG - Parsing relationship: /_rels/.rels
00:35:50.967 [main] DEBUG - Save content types part
00:35:50.969 [main] DEBUG - Save package relationships
00:35:50.970 [main] DEBUG - Save part 'docProps/app.xml'
00:35:50.970 [main] DEBUG - Save part 'docProps/core.xml'
00:35:50.971 [main] DEBUG - Save part 'xl/sharedStrings.xml'
00:35:50.972 [main] DEBUG - Save part 'xl/styles.xml'
00:35:50.972 [main] DEBUG - Save part 'xl/workbook.xml'
00:35:50.973 [main] DEBUG - Save part 'xl/worksheets/sheet1.xml'
00:35:50.973 [main] DEBUG - Save part 'xl/worksheets/sheet2.xml'
00:35:50.975 [main] INFO  - Sub-Menu of Gyms are Printed.......
00:35:53.221 [main] DEBUG - Parsing relationship: /xl/_rels/workbook.xml.rels
00:35:53.222 [main] DEBUG - Parsing relationship: /_rels/.rels
00:35:53.269 [main] DEBUG - Save content types part
00:35:53.271 [main] DEBUG - Save package relationships
00:35:53.273 [main] DEBUG - Save part 'docProps/app.xml'
00:35:53.273 [main] DEBUG - Save part 'docProps/core.xml'
00:35:53.276 [main] DEBUG - Save part 'xl/sharedStrings.xml'
00:35:53.277 [main] DEBUG - Save part 'xl/styles.xml'
00:35:53.277 [main] DEBUG - Save part 'xl/workbook.xml'
00:35:53.280 [main] DEBUG - Save part 'xl/worksheets/sheet1.xml'
00:35:53.281 [main] DEBUG - Save part 'xl/worksheets/sheet2.xml'
00:35:53.281 [main] DEBUG - Save part 'xl/worksheets/sheet3.xml'
00:35:53.282 [main] INFO  - Sub-Menu dropdown items list is printed.....
21:00:25.324 [main] INFO  - First Pop Up Handled.......
21:00:27.489 [main] INFO  - Near By Location is entered.......
21:00:27.557 [main] INFO  - Suggested location is selected.......
21:00:27.949 [main] DEBUG - Parsing relationship: /xl/_rels/workbook.xml.rels
21:00:27.953 [main] DEBUG - Parsing relationship: /_rels/.rels
21:00:28.090 [main] TRACE - Loading type system org.apache.poi.schemas.ooxml.system.ooxml
21:00:28.091 [main] TRACE - Loading type system org.apache.xmlbeans.metadata.system.sXMLCONFIG
21:00:28.092 [main] TRACE - Loading type system org.apache.xmlbeans.metadata.system.sXMLLANG
21:00:28.092 [main] TRACE - Loading type system org.apache.xmlbeans.metadata.system.sXMLSCHEMA
21:00:28.092 [main] TRACE - Loading type system org.apache.xmlbeans.metadata.system.sXMLTOOLS
21:00:28.093 [main] TRACE - Reading unresolved handles for type system org.apache.xmlbeans.metadata.system.sXMLTOOLS
21:00:28.099 [main] TRACE - Finished loading type system org.apache.xmlbeans.metadata.system.sXMLTOOLS
21:00:28.100 [main] TRACE - Reading unresolved handles for type system org.apache.xmlbeans.metadata.system.sXMLSCHEMA
21:00:28.102 [main] TRACE - Finished loading type system org.apache.xmlbeans.metadata.system.sXMLSCHEMA
21:00:28.103 [main] TRACE - Reading unresolved handles for type system org.apache.xmlbeans.metadata.system.sXMLLANG
21:00:28.104 [main] TRACE - Finished loading type system org.apache.xmlbeans.metadata.system.sXMLLANG
21:00:28.105 [main] TRACE - Reading unresolved handles for type system org.apache.xmlbeans.metadata.system.sXMLCONFIG
21:00:28.105 [main] TRACE - Finished loading type system org.apache.xmlbeans.metadata.system.sXMLCONFIG
21:00:28.106 [main] TRACE - Reading unresolved handles for type system org.apache.poi.schemas.ooxml.system.ooxml
21:00:28.135 [main] TRACE - Finished loading type system org.apache.poi.schemas.ooxml.system.ooxml
21:00:28.135 [main] TRACE - Resolving type for handle themefd26doctype
21:00:28.172 [main] TRACE - Resolving type for handle stylesheet5d8bdoctype
21:00:28.175 [main] TRACE - Resolving type for handle ctstylesheet4257type
21:00:28.177 [main] TRACE - Resolving type for handle ctfonts6623type
21:00:28.179 [main] TRACE - Resolving type for handle ctfont14d8type
21:00:28.182 [main] TRACE - Resolving type for handle ctfills2c6ftype
21:00:28.183 [main] TRACE - Resolving type for handle ctfill550ctype
21:00:28.185 [main] TRACE - Resolving type for handle ctborders0d66type
21:00:28.186 [main] TRACE - Resolving type for handle ctborderf935type
21:00:28.189 [main] TRACE - Resolving type for handle ctcellxfs1322type
21:00:28.191 [main] TRACE - Resolving type for handle ctxf97f7type
21:00:28.192 [main] TRACE - Resolving type for handle ctcellstylexfsa81ftype
21:00:28.193 [main] TRACE - Resolving type for handle ctdxfsb26atype
21:00:28.194 [main] TRACE - Resolving type for handle cttablestyles872ftype
21:00:28.196 [main] TRACE - Resolving type for handle sstf81fdoctype
21:00:28.197 [main] TRACE - Resolving type for handle ctsst44f3type
21:00:28.201 [main] TRACE - Resolving type for handle ctrsta472type
21:00:28.210 [main] TRACE - Resolving type for handle workbookec17doctype
21:00:28.212 [main] TRACE - Resolving type for handle ctworkbook83c3type
21:00:28.215 [main] TRACE - Resolving type for handle ctsheets49fdtype
21:00:28.218 [main] TRACE - Resolving type for handle ctsheet4dbetype
21:00:28.220 [main] TRACE - Resolving type for handle strelationshipid1e94type
21:00:28.221 [main] TRACE - Resolving type for handle worksheetf539doctype
21:00:28.224 [main] TRACE - Resolving type for handle ctworksheet530dtype
21:00:28.235 [main] TRACE - Resolving type for handle ctcols627ctype
21:00:28.238 [main] TRACE - Resolving type for handle ctcola95ftype
21:00:28.245 [main] TRACE - Resolving type for handle ctsheetdata8408type
21:00:28.247 [main] TRACE - Resolving type for handle ctrowdd39type
21:00:28.250 [main] TRACE - Resolving type for handle ctcell842btype
21:00:28.257 [main] TRACE - Resolving type for handle stcellrefe4e0type
21:00:28.262 [main] TRACE - Resolving type for handle stxstringf179type
21:00:28.264 [main] TRACE - Resolving type for handle stcelltypebf95type
21:00:30.421 [main] INFO  - Type Car Washing Services in search box.......
21:00:32.493 [main] INFO  - Suggested Car Washing Services is selected.......
21:00:35.094 [main] INFO  - Clicked on search button and result appears.......
21:00:37.495 [main] INFO  - Clicked on All Filters Sub-Menu.......
21:00:37.843 [main] INFO  - Click and Select rating 4.0+.......
21:00:38.191 [main] INFO  - Click on Apply Filter Button.......
21:00:51.941 [main] INFO  - Click on Show Number Flare Button to get contact of car washing services Dealer 
21:00:51.956 [main] INFO  - PopUp appeared and handled.......
21:00:52.576 [main] TRACE - Resolving type for handle ctworkbookpr03a5type
21:00:52.584 [main] TRACE - Resolving type for handle ctbookviewsb864type
21:00:52.586 [main] TRACE - Resolving type for handle ctbookviewf677type
21:00:52.590 [main] TRACE - Resolving type for handle propertiesee84doctype
21:00:52.592 [main] TRACE - Resolving type for handle ctproperties3f10type
21:00:52.596 [main] TRACE - Resolving type for handle properties288cdoctype
21:00:52.598 [main] TRACE - Resolving type for handle ctproperties2c18type
21:00:52.603 [main] TRACE - Resolving type for handle ctfontsizeb3b9type
21:00:52.604 [main] TRACE - Resolving type for handle ctcolord2c2type
21:00:52.606 [main] TRACE - Resolving type for handle ctfontname2dc3type
21:00:52.607 [main] TRACE - Resolving type for handle ctfontfamily685ctype
21:00:52.610 [main] TRACE - Resolving type for handle stfontfamily9c6ctype
21:00:52.614 [main] TRACE - Resolving type for handle ctfontschemebf5dtype
21:00:52.617 [main] TRACE - Resolving type for handle stfontschemef36dtype
21:00:52.619 [main] TRACE - Resolving type for handle ctpatternfill7452type
21:00:52.621 [main] TRACE - Resolving type for handle stpatterntype7939type
21:00:52.622 [main] TRACE - Resolving type for handle ctborderpre497type
21:00:52.624 [main] TRACE - Resolving type for handle stnumfmtid76fbtype
21:00:52.626 [main] TRACE - Resolving type for handle stfontid9d63type
21:00:52.628 [main] TRACE - Resolving type for handle stfillida097type
21:00:52.629 [main] TRACE - Resolving type for handle stborderid1a80type
21:00:52.632 [main] TRACE - Resolving type for handle stcellstylexfid70c7type
21:00:52.637 [main] TRACE - Resolving type for handle ctsheetformatprdef7type
21:00:52.640 [main] TRACE - Resolving type for handle ctsheetviewsb918type
21:00:52.642 [main] TRACE - Resolving type for handle ctsheetview0f43type
21:00:52.648 [main] TRACE - Resolving type for handle ctsheetdimensiond310type
21:00:52.653 [main] TRACE - Resolving type for handle stref90a2type
21:00:52.655 [main] TRACE - Resolving type for handle ctpagemargins5455type
21:00:52.916 [main] TRACE - Resolving type for handle ctnumfmtsb58btype
21:00:52.925 [main] DEBUG - Save core properties part
21:00:52.925 [main] DEBUG - Save content types part
21:00:52.990 [main] DEBUG - Save package relationships
21:00:52.993 [main] DEBUG - Save part 'docProps/app.xml'
21:00:52.994 [main] DEBUG - Save part 'docProps/core.xml'
21:00:52.997 [main] DEBUG - Save part 'xl/sharedStrings.xml'
21:00:52.998 [main] DEBUG - Save part 'xl/styles.xml'
21:00:52.998 [main] DEBUG - Save part 'xl/workbook.xml'
21:00:53.001 [main] DEBUG - Save part 'xl/worksheets/sheet1.xml'
21:00:53.002 [main] DEBUG - Save content types part
21:00:53.003 [main] DEBUG - Save package relationships
21:00:53.004 [main] DEBUG - Save part 'docProps/app.xml'
21:00:53.004 [main] DEBUG - Save part 'docProps/core.xml'
21:00:53.006 [main] DEBUG - Save part 'xl/sharedStrings.xml'
21:00:53.006 [main] DEBUG - Save part 'xl/styles.xml'
21:00:53.006 [main] DEBUG - Save part 'xl/workbook.xml'
21:00:53.007 [main] DEBUG - Save part 'xl/worksheets/sheet1.xml'
21:00:55.014 [main] INFO  - Printing Details of Car Washing Services.......
21:00:56.366 [main] INFO  - FreeListing is Launched.......
21:00:58.501 [main] DEBUG - Parsing relationship: /xl/_rels/workbook.xml.rels
21:00:58.501 [main] DEBUG - Parsing relationship: /_rels/.rels
21:00:58.554 [main] INFO  - Wrong detail is given in input box.......
21:01:00.764 [main] INFO  - Start Now Button is clicked.......
21:01:02.953 [main] INFO  - Invalid Message is printed.......
21:01:04.197 [main] INFO  - Navigating Back to original Window.......
21:01:04.607 [main] INFO  - Type gyms in search box.......
21:01:07.463 [main] DEBUG - Parsing relationship: /xl/_rels/workbook.xml.rels
21:01:07.463 [main] DEBUG - Parsing relationship: /_rels/.rels
21:01:07.726 [main] DEBUG - Save content types part
21:01:07.727 [main] DEBUG - Save package relationships
21:01:07.728 [main] DEBUG - Save part 'docProps/app.xml'
21:01:07.728 [main] DEBUG - Save part 'docProps/core.xml'
21:01:07.729 [main] DEBUG - Save part 'xl/sharedStrings.xml'
21:01:07.729 [main] DEBUG - Save part 'xl/styles.xml'
21:01:07.729 [main] DEBUG - Save part 'xl/workbook.xml'
21:01:07.730 [main] DEBUG - Save part 'xl/worksheets/sheet1.xml'
21:01:07.730 [main] DEBUG - Save part 'xl/worksheets/sheet2.xml'
21:01:07.731 [main] INFO  - Sub-Menu of Gyms are Printed.......
21:01:08.727 [main] DEBUG - Parsing relationship: /xl/_rels/workbook.xml.rels
21:01:08.727 [main] DEBUG - Parsing relationship: /_rels/.rels
21:01:08.745 [main] DEBUG - Save content types part
21:01:08.746 [main] DEBUG - Save package relationships
21:01:08.747 [main] DEBUG - Save part 'docProps/app.xml'
21:01:08.747 [main] DEBUG - Save part 'docProps/core.xml'
21:01:08.747 [main] DEBUG - Save part 'xl/sharedStrings.xml'
21:01:08.748 [main] DEBUG - Save part 'xl/styles.xml'
21:01:08.748 [main] DEBUG - Save part 'xl/workbook.xml'
21:01:08.749 [main] DEBUG - Save part 'xl/worksheets/sheet1.xml'
21:01:08.749 [main] DEBUG - Save part 'xl/worksheets/sheet2.xml'
21:01:08.749 [main] DEBUG - Save part 'xl/worksheets/sheet3.xml'
21:01:08.750 [main] INFO  - Sub-Menu dropdown items list is printed.....
21:02:16.909 [main] INFO  - First Pop Up Handled.......
21:02:19.129 [main] INFO  - Near By Location is entered.......
21:02:29.615 [main] DEBUG - Parsing relationship: /xl/_rels/workbook.xml.rels
21:02:29.619 [main] DEBUG - Parsing relationship: /_rels/.rels
21:02:29.813 [main] TRACE - Loading type system org.apache.poi.schemas.ooxml.system.ooxml
21:02:29.817 [main] TRACE - Loading type system org.apache.xmlbeans.metadata.system.sXMLCONFIG
21:02:29.817 [main] TRACE - Loading type system org.apache.xmlbeans.metadata.system.sXMLLANG
21:02:29.818 [main] TRACE - Loading type system org.apache.xmlbeans.metadata.system.sXMLSCHEMA
21:02:29.818 [main] TRACE - Loading type system org.apache.xmlbeans.metadata.system.sXMLTOOLS
21:02:29.819 [main] TRACE - Reading unresolved handles for type system org.apache.xmlbeans.metadata.system.sXMLTOOLS
21:02:29.827 [main] TRACE - Finished loading type system org.apache.xmlbeans.metadata.system.sXMLTOOLS
21:02:29.827 [main] TRACE - Reading unresolved handles for type system org.apache.xmlbeans.metadata.system.sXMLSCHEMA
21:02:29.830 [main] TRACE - Finished loading type system org.apache.xmlbeans.metadata.system.sXMLSCHEMA
21:02:29.831 [main] TRACE - Reading unresolved handles for type system org.apache.xmlbeans.metadata.system.sXMLLANG
21:02:29.832 [main] TRACE - Finished loading type system org.apache.xmlbeans.metadata.system.sXMLLANG
21:02:29.833 [main] TRACE - Reading unresolved handles for type system org.apache.xmlbeans.metadata.system.sXMLCONFIG
21:02:29.834 [main] TRACE - Finished loading type system org.apache.xmlbeans.metadata.system.sXMLCONFIG
21:02:29.834 [main] TRACE - Reading unresolved handles for type system org.apache.poi.schemas.ooxml.system.ooxml
21:02:29.874 [main] TRACE - Finished loading type system org.apache.poi.schemas.ooxml.system.ooxml
21:02:29.875 [main] TRACE - Resolving type for handle themefd26doctype
21:02:29.921 [main] TRACE - Resolving type for handle stylesheet5d8bdoctype
21:02:29.924 [main] TRACE - Resolving type for handle ctstylesheet4257type
21:02:29.927 [main] TRACE - Resolving type for handle ctfonts6623type
21:02:29.929 [main] TRACE - Resolving type for handle ctfont14d8type
21:02:29.932 [main] TRACE - Resolving type for handle ctfills2c6ftype
21:02:29.934 [main] TRACE - Resolving type for handle ctfill550ctype
21:02:29.935 [main] TRACE - Resolving type for handle ctborders0d66type
21:02:29.937 [main] TRACE - Resolving type for handle ctborderf935type
21:02:29.940 [main] TRACE - Resolving type for handle ctcellxfs1322type
21:02:29.941 [main] TRACE - Resolving type for handle ctxf97f7type
21:02:29.943 [main] TRACE - Resolving type for handle ctcellstylexfsa81ftype
21:02:29.944 [main] TRACE - Resolving type for handle ctdxfsb26atype
21:02:29.945 [main] TRACE - Resolving type for handle cttablestyles872ftype
21:02:29.948 [main] TRACE - Resolving type for handle sstf81fdoctype
21:02:29.950 [main] TRACE - Resolving type for handle ctsst44f3type
21:02:29.956 [main] TRACE - Resolving type for handle ctrsta472type
21:02:29.977 [main] TRACE - Resolving type for handle workbookec17doctype
21:02:29.982 [main] TRACE - Resolving type for handle ctworkbook83c3type
21:02:29.987 [main] TRACE - Resolving type for handle ctsheets49fdtype
21:02:29.989 [main] TRACE - Resolving type for handle ctsheet4dbetype
21:02:29.991 [main] TRACE - Resolving type for handle strelationshipid1e94type
21:02:29.993 [main] TRACE - Resolving type for handle worksheetf539doctype
21:02:29.998 [main] TRACE - Resolving type for handle ctworksheet530dtype
21:02:30.008 [main] TRACE - Resolving type for handle ctcols627ctype
21:02:30.011 [main] TRACE - Resolving type for handle ctcola95ftype
21:02:30.021 [main] TRACE - Resolving type for handle ctsheetdata8408type
21:02:30.023 [main] TRACE - Resolving type for handle ctrowdd39type
21:02:30.029 [main] TRACE - Resolving type for handle ctcell842btype
21:02:30.043 [main] TRACE - Resolving type for handle stcellrefe4e0type
21:02:30.055 [main] TRACE - Resolving type for handle stxstringf179type
21:02:30.057 [main] TRACE - Resolving type for handle stcelltypebf95type
21:02:32.390 [main] INFO  - Type Car Washing Services in search box.......
21:02:34.547 [main] INFO  - Suggested Car Washing Services is selected.......
21:02:37.004 [main] INFO  - Clicked on search button and result appears.......
21:02:39.372 [main] INFO  - Clicked on All Filters Sub-Menu.......
21:02:39.440 [main] INFO  - Click and Select rating 4.0+.......
21:02:39.558 [main] INFO  - Click on Apply Filter Button.......
21:02:54.015 [main] INFO  - Click on Show Number Flare Button to get contact of car washing services Dealer 
21:02:54.020 [main] INFO  - PopUp appeared and handled.......
21:02:54.619 [main] TRACE - Resolving type for handle ctworkbookpr03a5type
21:02:54.622 [main] TRACE - Resolving type for handle ctbookviewsb864type
21:02:54.624 [main] TRACE - Resolving type for handle ctbookviewf677type
21:02:54.629 [main] TRACE - Resolving type for handle propertiesee84doctype
21:02:54.630 [main] TRACE - Resolving type for handle ctproperties3f10type
21:02:54.632 [main] TRACE - Resolving type for handle properties288cdoctype
21:02:54.633 [main] TRACE - Resolving type for handle ctproperties2c18type
21:02:54.637 [main] TRACE - Resolving type for handle ctfontsizeb3b9type
21:02:54.638 [main] TRACE - Resolving type for handle ctcolord2c2type
21:02:54.641 [main] TRACE - Resolving type for handle ctfontname2dc3type
21:02:54.643 [main] TRACE - Resolving type for handle ctfontfamily685ctype
21:02:54.645 [main] TRACE - Resolving type for handle stfontfamily9c6ctype
21:02:54.647 [main] TRACE - Resolving type for handle ctfontschemebf5dtype
21:02:54.648 [main] TRACE - Resolving type for handle stfontschemef36dtype
21:02:54.649 [main] TRACE - Resolving type for handle ctpatternfill7452type
21:02:54.650 [main] TRACE - Resolving type for handle stpatterntype7939type
21:02:54.651 [main] TRACE - Resolving type for handle ctborderpre497type
21:02:54.652 [main] TRACE - Resolving type for handle stnumfmtid76fbtype
21:02:54.653 [main] TRACE - Resolving type for handle stfontid9d63type
21:02:54.654 [main] TRACE - Resolving type for handle stfillida097type
21:02:54.656 [main] TRACE - Resolving type for handle stborderid1a80type
21:02:54.658 [main] TRACE - Resolving type for handle stcellstylexfid70c7type
21:02:54.660 [main] TRACE - Resolving type for handle ctsheetformatprdef7type
21:02:54.662 [main] TRACE - Resolving type for handle ctsheetviewsb918type
21:02:54.664 [main] TRACE - Resolving type for handle ctsheetview0f43type
21:02:54.666 [main] TRACE - Resolving type for handle ctsheetdimensiond310type
21:02:54.667 [main] TRACE - Resolving type for handle stref90a2type
21:02:54.667 [main] TRACE - Resolving type for handle ctpagemargins5455type
21:02:54.927 [main] TRACE - Resolving type for handle ctnumfmtsb58btype
21:02:54.935 [main] DEBUG - Save core properties part
21:02:54.935 [main] DEBUG - Save content types part
21:02:54.977 [main] DEBUG - Save package relationships
21:02:54.980 [main] DEBUG - Save part 'docProps/app.xml'
21:02:54.980 [main] DEBUG - Save part 'docProps/core.xml'
21:02:54.984 [main] DEBUG - Save part 'xl/sharedStrings.xml'
21:02:54.984 [main] DEBUG - Save part 'xl/styles.xml'
21:02:54.984 [main] DEBUG - Save part 'xl/workbook.xml'
21:02:54.986 [main] DEBUG - Save part 'xl/worksheets/sheet1.xml'
21:02:54.986 [main] DEBUG - Save content types part
21:02:54.986 [main] DEBUG - Save package relationships
21:02:54.987 [main] DEBUG - Save part 'docProps/app.xml'
21:02:54.987 [main] DEBUG - Save part 'docProps/core.xml'
21:02:54.989 [main] DEBUG - Save part 'xl/sharedStrings.xml'
21:02:54.989 [main] DEBUG - Save part 'xl/styles.xml'
21:02:54.989 [main] DEBUG - Save part 'xl/workbook.xml'
21:02:54.992 [main] DEBUG - Save part 'xl/worksheets/sheet1.xml'
21:02:57.000 [main] INFO  - Printing Details of Car Washing Services.......
21:02:58.258 [main] INFO  - FreeListing is Launched.......
21:03:00.365 [main] DEBUG - Parsing relationship: /xl/_rels/workbook.xml.rels
21:03:00.365 [main] DEBUG - Parsing relationship: /_rels/.rels
21:03:00.424 [main] INFO  - Wrong detail is given in input box.......
21:03:02.635 [main] INFO  - Start Now Button is clicked.......
21:03:04.831 [main] INFO  - Invalid Message is printed.......
21:03:06.057 [main] INFO  - Navigating Back to original Window.......
21:03:06.561 [main] INFO  - Type gyms in search box.......
21:03:09.641 [main] DEBUG - Parsing relationship: /xl/_rels/workbook.xml.rels
21:03:09.642 [main] DEBUG - Parsing relationship: /_rels/.rels
21:03:09.992 [main] DEBUG - Save content types part
21:03:09.993 [main] DEBUG - Save package relationships
21:03:09.994 [main] DEBUG - Save part 'docProps/app.xml'
21:03:09.994 [main] DEBUG - Save part 'docProps/core.xml'
21:03:09.995 [main] DEBUG - Save part 'xl/sharedStrings.xml'
21:03:09.995 [main] DEBUG - Save part 'xl/styles.xml'
21:03:09.995 [main] DEBUG - Save part 'xl/workbook.xml'
21:03:09.995 [main] DEBUG - Save part 'xl/worksheets/sheet1.xml'
21:03:09.996 [main] DEBUG - Save part 'xl/worksheets/sheet2.xml'
21:03:09.996 [main] INFO  - Sub-Menu of Gyms are Printed.......
21:03:11.048 [main] DEBUG - Parsing relationship: /xl/_rels/workbook.xml.rels
21:03:11.049 [main] DEBUG - Parsing relationship: /_rels/.rels
21:03:11.066 [main] DEBUG - Save content types part
21:03:11.067 [main] DEBUG - Save package relationships
21:03:11.068 [main] DEBUG - Save part 'docProps/app.xml'
21:03:11.068 [main] DEBUG - Save part 'docProps/core.xml'
21:03:11.069 [main] DEBUG - Save part 'xl/sharedStrings.xml'
21:03:11.069 [main] DEBUG - Save part 'xl/styles.xml'
21:03:11.069 [main] DEBUG - Save part 'xl/workbook.xml'
21:03:11.071 [main] DEBUG - Save part 'xl/worksheets/sheet1.xml'
21:03:11.071 [main] DEBUG - Save part 'xl/worksheets/sheet2.xml'
21:03:11.071 [main] DEBUG - Save part 'xl/worksheets/sheet3.xml'
21:03:11.071 [main] INFO  - Sub-Menu dropdown items list is printed.....
21:04:52.771 [main] INFO  - First Pop Up Handled.......
21:04:55.033 [main] INFO  - Near By Location is entered.......
21:04:55.103 [main] INFO  - Suggested location is selected.......
21:04:55.473 [main] DEBUG - Parsing relationship: /xl/_rels/workbook.xml.rels
21:04:55.475 [main] DEBUG - Parsing relationship: /_rels/.rels
21:04:55.609 [main] TRACE - Loading type system org.apache.poi.schemas.ooxml.system.ooxml
21:04:55.611 [main] TRACE - Loading type system org.apache.xmlbeans.metadata.system.sXMLCONFIG
21:04:55.611 [main] TRACE - Loading type system org.apache.xmlbeans.metadata.system.sXMLLANG
21:04:55.612 [main] TRACE - Loading type system org.apache.xmlbeans.metadata.system.sXMLSCHEMA
21:04:55.612 [main] TRACE - Loading type system org.apache.xmlbeans.metadata.system.sXMLTOOLS
21:04:55.612 [main] TRACE - Reading unresolved handles for type system org.apache.xmlbeans.metadata.system.sXMLTOOLS
21:04:55.620 [main] TRACE - Finished loading type system org.apache.xmlbeans.metadata.system.sXMLTOOLS
21:04:55.620 [main] TRACE - Reading unresolved handles for type system org.apache.xmlbeans.metadata.system.sXMLSCHEMA
21:04:55.623 [main] TRACE - Finished loading type system org.apache.xmlbeans.metadata.system.sXMLSCHEMA
21:04:55.624 [main] TRACE - Reading unresolved handles for type system org.apache.xmlbeans.metadata.system.sXMLLANG
21:04:55.625 [main] TRACE - Finished loading type system org.apache.xmlbeans.metadata.system.sXMLLANG
21:04:55.626 [main] TRACE - Reading unresolved handles for type system org.apache.xmlbeans.metadata.system.sXMLCONFIG
21:04:55.626 [main] TRACE - Finished loading type system org.apache.xmlbeans.metadata.system.sXMLCONFIG
21:04:55.626 [main] TRACE - Reading unresolved handles for type system org.apache.poi.schemas.ooxml.system.ooxml
21:04:55.656 [main] TRACE - Finished loading type system org.apache.poi.schemas.ooxml.system.ooxml
21:04:55.657 [main] TRACE - Resolving type for handle themefd26doctype
21:04:55.693 [main] TRACE - Resolving type for handle stylesheet5d8bdoctype
21:04:55.696 [main] TRACE - Resolving type for handle ctstylesheet4257type
21:04:55.700 [main] TRACE - Resolving type for handle ctfonts6623type
21:04:55.703 [main] TRACE - Resolving type for handle ctfont14d8type
21:04:55.706 [main] TRACE - Resolving type for handle ctfills2c6ftype
21:04:55.708 [main] TRACE - Resolving type for handle ctfill550ctype
21:04:55.710 [main] TRACE - Resolving type for handle ctborders0d66type
21:04:55.712 [main] TRACE - Resolving type for handle ctborderf935type
21:04:55.714 [main] TRACE - Resolving type for handle ctcellxfs1322type
21:04:55.715 [main] TRACE - Resolving type for handle ctxf97f7type
21:04:55.717 [main] TRACE - Resolving type for handle ctcellstylexfsa81ftype
21:04:55.718 [main] TRACE - Resolving type for handle ctdxfsb26atype
21:04:55.719 [main] TRACE - Resolving type for handle cttablestyles872ftype
21:04:55.721 [main] TRACE - Resolving type for handle sstf81fdoctype
21:04:55.723 [main] TRACE - Resolving type for handle ctsst44f3type
21:04:55.729 [main] TRACE - Resolving type for handle ctrsta472type
21:04:55.739 [main] TRACE - Resolving type for handle workbookec17doctype
21:04:55.742 [main] TRACE - Resolving type for handle ctworkbook83c3type
21:04:55.744 [main] TRACE - Resolving type for handle ctsheets49fdtype
21:04:55.745 [main] TRACE - Resolving type for handle ctsheet4dbetype
21:04:55.746 [main] TRACE - Resolving type for handle strelationshipid1e94type
21:04:55.747 [main] TRACE - Resolving type for handle worksheetf539doctype
21:04:55.750 [main] TRACE - Resolving type for handle ctworksheet530dtype
21:04:55.757 [main] TRACE - Resolving type for handle ctcols627ctype
21:04:55.761 [main] TRACE - Resolving type for handle ctcola95ftype
21:04:55.770 [main] TRACE - Resolving type for handle ctsheetdata8408type
21:04:55.774 [main] TRACE - Resolving type for handle ctrowdd39type
21:04:55.779 [main] TRACE - Resolving type for handle ctcell842btype
21:04:55.787 [main] TRACE - Resolving type for handle stcellrefe4e0type
21:04:55.792 [main] TRACE - Resolving type for handle stxstringf179type
21:04:55.794 [main] TRACE - Resolving type for handle stcelltypebf95type
21:04:57.985 [main] INFO  - Type Car Washing Services in search box.......
21:05:00.063 [main] INFO  - Suggested Car Washing Services is selected.......
21:05:02.664 [main] INFO  - Clicked on search button and result appears.......
21:05:04.995 [main] INFO  - Clicked on All Filters Sub-Menu.......
21:05:05.075 [main] INFO  - Click and Select rating 4.0+.......
21:05:05.210 [main] INFO  - Click on Apply Filter Button.......
21:05:19.703 [main] INFO  - Click on Show Number Flare Button to get contact of car washing services Dealer 
21:05:19.714 [main] INFO  - PopUp appeared and handled.......
21:05:20.332 [main] TRACE - Resolving type for handle ctworkbookpr03a5type
21:05:20.335 [main] TRACE - Resolving type for handle ctbookviewsb864type
21:05:20.336 [main] TRACE - Resolving type for handle ctbookviewf677type
21:05:20.339 [main] TRACE - Resolving type for handle propertiesee84doctype
21:05:20.340 [main] TRACE - Resolving type for handle ctproperties3f10type
21:05:20.343 [main] TRACE - Resolving type for handle properties288cdoctype
21:05:20.344 [main] TRACE - Resolving type for handle ctproperties2c18type
21:05:20.348 [main] TRACE - Resolving type for handle ctfontsizeb3b9type
21:05:20.350 [main] TRACE - Resolving type for handle ctcolord2c2type
21:05:20.351 [main] TRACE - Resolving type for handle ctfontname2dc3type
21:05:20.353 [main] TRACE - Resolving type for handle ctfontfamily685ctype
21:05:20.354 [main] TRACE - Resolving type for handle stfontfamily9c6ctype
21:05:20.356 [main] TRACE - Resolving type for handle ctfontschemebf5dtype
21:05:20.357 [main] TRACE - Resolving type for handle stfontschemef36dtype
21:05:20.360 [main] TRACE - Resolving type for handle ctpatternfill7452type
21:05:20.362 [main] TRACE - Resolving type for handle stpatterntype7939type
21:05:20.363 [main] TRACE - Resolving type for handle ctborderpre497type
21:05:20.365 [main] TRACE - Resolving type for handle stnumfmtid76fbtype
21:05:20.366 [main] TRACE - Resolving type for handle stfontid9d63type
21:05:20.368 [main] TRACE - Resolving type for handle stfillida097type
21:05:20.369 [main] TRACE - Resolving type for handle stborderid1a80type
21:05:20.370 [main] TRACE - Resolving type for handle stcellstylexfid70c7type
21:05:20.372 [main] TRACE - Resolving type for handle ctsheetformatprdef7type
21:05:20.373 [main] TRACE - Resolving type for handle ctsheetviewsb918type
21:05:20.376 [main] TRACE - Resolving type for handle ctsheetview0f43type
21:05:20.380 [main] TRACE - Resolving type for handle ctsheetdimensiond310type
21:05:20.382 [main] TRACE - Resolving type for handle stref90a2type
21:05:20.383 [main] TRACE - Resolving type for handle ctpagemargins5455type
21:05:20.613 [main] TRACE - Resolving type for handle ctnumfmtsb58btype
21:05:20.622 [main] DEBUG - Save core properties part
21:05:20.622 [main] DEBUG - Save content types part
21:05:20.664 [main] DEBUG - Save package relationships
21:05:20.667 [main] DEBUG - Save part 'docProps/app.xml'
21:05:20.667 [main] DEBUG - Save part 'docProps/core.xml'
21:05:20.670 [main] DEBUG - Save part 'xl/sharedStrings.xml'
21:05:20.670 [main] DEBUG - Save part 'xl/styles.xml'
21:05:20.670 [main] DEBUG - Save part 'xl/workbook.xml'
21:05:20.671 [main] DEBUG - Save part 'xl/worksheets/sheet1.xml'
21:05:20.672 [main] DEBUG - Save content types part
21:05:20.672 [main] DEBUG - Save package relationships
21:05:20.673 [main] DEBUG - Save part 'docProps/app.xml'
21:05:20.673 [main] DEBUG - Save part 'docProps/core.xml'
21:05:20.674 [main] DEBUG - Save part 'xl/sharedStrings.xml'
21:05:20.675 [main] DEBUG - Save part 'xl/styles.xml'
21:05:20.675 [main] DEBUG - Save part 'xl/workbook.xml'
21:05:20.676 [main] DEBUG - Save part 'xl/worksheets/sheet1.xml'
21:05:22.693 [main] INFO  - Printing Details of Car Washing Services.......
21:05:23.889 [main] INFO  - FreeListing is Launched.......
21:05:26.012 [main] DEBUG - Parsing relationship: /xl/_rels/workbook.xml.rels
21:05:26.012 [main] DEBUG - Parsing relationship: /_rels/.rels
21:05:26.071 [main] INFO  - Wrong detail is given in input box.......
21:05:28.303 [main] INFO  - Start Now Button is clicked.......
21:05:30.483 [main] INFO  - Invalid Message is printed.......
21:05:31.709 [main] INFO  - Navigating Back to original Window.......
21:05:32.100 [main] INFO  - Type gyms in search box.......
21:05:34.746 [main] DEBUG - Parsing relationship: /xl/_rels/workbook.xml.rels
21:05:34.747 [main] DEBUG - Parsing relationship: /_rels/.rels
21:05:35.224 [main] DEBUG - Save content types part
21:05:35.224 [main] DEBUG - Save package relationships
21:05:35.225 [main] DEBUG - Save part 'docProps/app.xml'
21:05:35.225 [main] DEBUG - Save part 'docProps/core.xml'
21:05:35.226 [main] DEBUG - Save part 'xl/sharedStrings.xml'
21:05:35.226 [main] DEBUG - Save part 'xl/styles.xml'
21:05:35.226 [main] DEBUG - Save part 'xl/workbook.xml'
21:05:35.227 [main] DEBUG - Save part 'xl/worksheets/sheet1.xml'
21:05:35.227 [main] DEBUG - Save part 'xl/worksheets/sheet2.xml'
21:05:35.228 [main] INFO  - Sub-Menu of Gyms are Printed.......
21:05:36.267 [main] DEBUG - Parsing relationship: /xl/_rels/workbook.xml.rels
21:05:36.268 [main] DEBUG - Parsing relationship: /_rels/.rels
21:05:36.284 [main] DEBUG - Save content types part
21:05:36.285 [main] DEBUG - Save package relationships
21:05:36.286 [main] DEBUG - Save part 'docProps/app.xml'
21:05:36.286 [main] DEBUG - Save part 'docProps/core.xml'
21:05:36.287 [main] DEBUG - Save part 'xl/sharedStrings.xml'
21:05:36.287 [main] DEBUG - Save part 'xl/styles.xml'
21:05:36.287 [main] DEBUG - Save part 'xl/workbook.xml'
21:05:36.288 [main] DEBUG - Save part 'xl/worksheets/sheet1.xml'
21:05:36.288 [main] DEBUG - Save part 'xl/worksheets/sheet2.xml'
21:05:36.289 [main] DEBUG - Save part 'xl/worksheets/sheet3.xml'
21:05:36.289 [main] INFO  - Sub-Menu dropdown items list is printed.....
