10:36:11.232 [main] INFO  - Chrome Browser is Opened.......................
10:37:09.834 [main] INFO  - Chrome Browser is Opened.......................
10:37:27.581 [main] INFO  - Chrome Browser is Opened.......................
11:31:25.830 [main] INFO  - Chrome Browser is Opened.......................
11:32:15.164 [main] INFO  - Chrome Browser is Opened.......................
11:32:33.601 [main] INFO  - Chrome Browser is Opened.......................
11:33:37.545 [main] INFO  - Chrome Browser is Opened.......................
11:34:36.070 [main] INFO  - Chrome Browser is Opened.......................
11:34:58.591 [main] INFO  - Chrome Browser is Opened.......................
11:42:40.872 [main] INFO  - Chrome Browser is Opened.......................
11:43:39.611 [main] INFO  - Chrome Browser is Opened.......................
11:43:56.925 [main] INFO  - Chrome Browser is Opened.......................
15:07:58.862 [main] INFO  - Chrome Browser is Opened.......................
15:08:21.762 [main] INFO  - First Pop Up Handled.......
15:08:24.306 [main] INFO  - Near By Location is entered.......
15:08:24.489 [main] INFO  - Suggested location is selected.......
15:08:27.308 [main] INFO  - Type Car Washing Services in search box.......
15:08:32.505 [main] INFO  - Suggested Car Washing Services is selected.......
15:08:37.684 [main] INFO  - Clicked on search button and result appears.......
15:08:40.002 [main] INFO  - Clicked on All Filters Sub-Menu.......
15:08:42.293 [main] INFO  - Click and Select rating 4.0+.......
15:08:45.532 [main] INFO  - Click on Apply Filter Button.......
15:08:55.581 [main] INFO  - PopUp appeared and handled.......
15:09:11.563 [main] INFO  - Click on Show Number Flare Button to get contact of car washing services Dealer 
15:09:12.174 [main] INFO  - Printing Details of Car Washing Services.......
15:09:17.536 [main] INFO  - Chrome Browser is Opened.......................
15:09:52.964 [main] INFO  - Chrome Browser is Opened.......................
16:38:43.091 [main] INFO  - Chrome Browser is Opened.......................
16:38:52.609 [main] INFO  - First Pop Up Handled.......
16:38:55.230 [main] INFO  - Near By Location is entered.......
16:38:55.437 [main] INFO  - Suggested location is selected.......
16:38:57.916 [main] INFO  - Type Car Washing Services in search box.......
16:39:03.114 [main] INFO  - Suggested Car Washing Services is selected.......
16:39:08.303 [main] INFO  - Clicked on search button and result appears.......
16:39:10.550 [main] INFO  - Clicked on All Filters Sub-Menu.......
16:39:12.721 [main] INFO  - Click and Select rating 4.0+.......
16:39:16.023 [main] INFO  - Click on Apply Filter Button.......
16:39:26.051 [main] INFO  - PopUp appeared and handled.......
16:39:42.064 [main] INFO  - Click on Show Number Flare Button to get contact of car washing services Dealer 
16:39:42.863 [main] INFO  - Printing Details of Car Washing Services.......
16:39:48.946 [main] INFO  - Chrome Browser is Opened.......................
16:39:58.364 [main] INFO  - PopUp apperaed and handled.......
16:40:02.020 [main] INFO  - FreeListing is Launched.......
16:40:04.301 [main] INFO  - Wrong detail is given in input box.......
16:40:09.497 [main] INFO  - Start Now Button is clicked.......
16:40:11.563 [main] INFO  - Invalid Message is printed.......
16:40:13.713 [main] INFO  - Driver is navigated back .......
16:40:18.960 [main] INFO  - Chrome Browser is Opened.......................
16:40:28.735 [main] INFO  - PopUp appeared and handled.......
16:40:32.516 [main] INFO  - Type gyms in search box.......
16:40:35.696 [main] INFO  - Search button is clicked and gyms submenu appeared.......
16:40:37.769 [main] INFO  - Sub-Menu of Gyms are Printed.......
16:51:40.166 [main] INFO  - Chrome Browser is Opened.......................
16:51:49.142 [main] INFO  - First Pop Up Handled.......
16:51:51.620 [main] INFO  - Near By Location is entered.......
16:51:51.869 [main] INFO  - Suggested location is selected.......
16:51:54.657 [main] INFO  - Type Car Washing Services in search box.......
16:51:59.840 [main] INFO  - Suggested Car Washing Services is selected.......
16:52:05.028 [main] INFO  - Clicked on search button and result appears.......
16:52:07.273 [main] INFO  - Clicked on All Filters Sub-Menu.......
16:52:09.447 [main] INFO  - Click and Select rating 4.0+.......
16:52:12.657 [main] INFO  - Click on Apply Filter Button.......
16:52:22.722 [main] INFO  - PopUp appeared and handled.......
16:52:38.812 [main] INFO  - Click on Show Number Flare Button to get contact of car washing services Dealer 
16:52:39.868 [main] TRACE - Loading type system org.apache.poi.schemas.ooxml.system.ooxml
16:52:39.873 [main] TRACE - Loading type system org.apache.xmlbeans.metadata.system.sXMLCONFIG
16:52:39.873 [main] TRACE - Loading type system org.apache.xmlbeans.metadata.system.sXMLLANG
16:52:39.874 [main] TRACE - Loading type system org.apache.xmlbeans.metadata.system.sXMLSCHEMA
16:52:39.875 [main] TRACE - Loading type system org.apache.xmlbeans.metadata.system.sXMLTOOLS
16:52:39.876 [main] TRACE - Reading unresolved handles for type system org.apache.xmlbeans.metadata.system.sXMLTOOLS
16:52:39.891 [main] TRACE - Finished loading type system org.apache.xmlbeans.metadata.system.sXMLTOOLS
16:52:39.891 [main] TRACE - Reading unresolved handles for type system org.apache.xmlbeans.metadata.system.sXMLSCHEMA
16:52:39.895 [main] TRACE - Finished loading type system org.apache.xmlbeans.metadata.system.sXMLSCHEMA
16:52:39.896 [main] TRACE - Reading unresolved handles for type system org.apache.xmlbeans.metadata.system.sXMLLANG
16:52:39.898 [main] TRACE - Finished loading type system org.apache.xmlbeans.metadata.system.sXMLLANG
16:52:39.902 [main] TRACE - Reading unresolved handles for type system org.apache.xmlbeans.metadata.system.sXMLCONFIG
16:52:39.903 [main] TRACE - Finished loading type system org.apache.xmlbeans.metadata.system.sXMLCONFIG
16:52:39.905 [main] TRACE - Reading unresolved handles for type system org.apache.poi.schemas.ooxml.system.ooxml
16:52:39.974 [main] TRACE - Finished loading type system org.apache.poi.schemas.ooxml.system.ooxml
16:52:39.976 [main] TRACE - Resolving type for handle ctworkbook83c3type
16:52:40.106 [main] TRACE - Resolving type for handle ctworkbookpr03a5type
16:52:40.125 [main] TRACE - Resolving type for handle ctbookviewsb864type
16:52:40.130 [main] TRACE - Resolving type for handle ctbookviewf677type
16:52:40.142 [main] TRACE - Resolving type for handle ctsheets49fdtype
16:52:40.147 [main] TRACE - Resolving type for handle propertiesee84doctype
16:52:40.151 [main] TRACE - Resolving type for handle ctproperties3f10type
16:52:40.189 [main] TRACE - Resolving type for handle properties288cdoctype
16:52:40.193 [main] TRACE - Resolving type for handle ctproperties2c18type
16:52:40.231 [main] TRACE - Resolving type for handle sstf81fdoctype
16:52:40.236 [main] TRACE - Resolving type for handle ctsst44f3type
16:52:40.244 [main] TRACE - Resolving type for handle stylesheet5d8bdoctype
16:52:40.248 [main] TRACE - Resolving type for handle ctstylesheet4257type
16:52:40.264 [main] TRACE - Resolving type for handle ctfont14d8type
16:52:40.275 [main] TRACE - Resolving type for handle ctfontsizeb3b9type
16:52:40.284 [main] TRACE - Resolving type for handle ctcolord2c2type
16:52:40.290 [main] TRACE - Resolving type for handle ctfontname2dc3type
16:52:40.295 [main] TRACE - Resolving type for handle stxstringf179type
16:52:40.304 [main] TRACE - Resolving type for handle ctfontfamily685ctype
16:52:40.307 [main] TRACE - Resolving type for handle stfontfamily9c6ctype
16:52:40.325 [main] TRACE - Resolving type for handle ctfontschemebf5dtype
16:52:40.330 [main] TRACE - Resolving type for handle stfontschemef36dtype
16:52:40.344 [main] TRACE - Resolving type for handle ctfill550ctype
16:52:40.354 [main] TRACE - Resolving type for handle ctpatternfill7452type
16:52:40.359 [main] TRACE - Resolving type for handle stpatterntype7939type
16:52:40.364 [main] TRACE - Resolving type for handle ctborderf935type
16:52:40.369 [main] TRACE - Resolving type for handle ctborderpre497type
16:52:40.376 [main] TRACE - Resolving type for handle ctxf97f7type
16:52:40.380 [main] TRACE - Resolving type for handle stnumfmtid76fbtype
16:52:40.387 [main] TRACE - Resolving type for handle stfontid9d63type
16:52:40.389 [main] TRACE - Resolving type for handle stfillida097type
16:52:40.392 [main] TRACE - Resolving type for handle stborderid1a80type
16:52:40.395 [main] TRACE - Resolving type for handle stcellstylexfid70c7type
16:52:40.413 [main] TRACE - Resolving type for handle ctsheet4dbetype
16:52:40.423 [main] TRACE - Resolving type for handle ctworksheet530dtype
16:52:40.434 [main] TRACE - Resolving type for handle ctsheetformatprdef7type
16:52:40.443 [main] TRACE - Resolving type for handle ctsheetviewsb918type
16:52:40.461 [main] TRACE - Resolving type for handle ctsheetview0f43type
16:52:40.488 [main] TRACE - Resolving type for handle ctsheetdimensiond310type
16:52:40.491 [main] TRACE - Resolving type for handle stref90a2type
16:52:40.492 [main] TRACE - Resolving type for handle ctsheetdata8408type
16:52:40.494 [main] TRACE - Resolving type for handle ctpagemargins5455type
16:52:40.508 [main] TRACE - Resolving type for handle ctcols627ctype
16:52:40.518 [main] TRACE - Resolving type for handle strelationshipid1e94type
16:52:40.523 [main] TRACE - Resolving type for handle ctrowdd39type
16:52:40.540 [main] TRACE - Resolving type for handle ctcell842btype
16:52:40.553 [main] TRACE - Resolving type for handle stcellrefe4e0type
16:52:40.557 [main] TRACE - Resolving type for handle ctrsta472type
16:52:40.561 [main] TRACE - Resolving type for handle stcelltypebf95type
16:52:41.211 [main] TRACE - Resolving type for handle ctnumfmtsb58btype
16:52:41.213 [main] TRACE - Resolving type for handle ctfonts6623type
16:52:41.218 [main] TRACE - Resolving type for handle ctfills2c6ftype
16:52:41.220 [main] TRACE - Resolving type for handle ctborders0d66type
16:52:41.224 [main] TRACE - Resolving type for handle ctcellxfs1322type
16:52:41.227 [main] TRACE - Resolving type for handle ctcellstylexfsa81ftype
16:52:41.260 [main] DEBUG - Save core properties part
16:52:41.260 [main] DEBUG - Save content types part
16:52:41.405 [main] DEBUG - Save package relationships
16:52:41.413 [main] DEBUG - Save part 'docProps/app.xml'
16:52:41.420 [main] DEBUG - Save part 'docProps/core.xml'
16:52:41.428 [main] DEBUG - Save part 'xl/sharedStrings.xml'
16:52:41.428 [main] DEBUG - Save part 'xl/styles.xml'
16:52:41.428 [main] DEBUG - Save part 'xl/workbook.xml'
16:52:41.430 [main] DEBUG - Save part 'xl/worksheets/sheet1.xml'
16:52:41.436 [main] DEBUG - Save content types part
16:52:41.438 [main] DEBUG - Save package relationships
16:52:41.440 [main] DEBUG - Save part 'docProps/app.xml'
16:52:41.441 [main] DEBUG - Save part 'docProps/core.xml'
16:52:41.442 [main] DEBUG - Save part 'xl/sharedStrings.xml'
16:52:41.442 [main] DEBUG - Save part 'xl/styles.xml'
16:52:41.443 [main] DEBUG - Save part 'xl/workbook.xml'
16:52:41.444 [main] DEBUG - Save part 'xl/worksheets/sheet1.xml'
16:52:41.446 [main] INFO  - Printing Details of Car Washing Services.......
16:52:46.960 [main] INFO  - Chrome Browser is Opened.......................
16:53:02.799 [main] INFO  - PopUp apperaed and handled.......
16:53:05.137 [main] INFO  - FreeListing is Launched.......
16:53:07.417 [main] INFO  - Wrong detail is given in input box.......
16:53:12.557 [main] INFO  - Start Now Button is clicked.......
16:53:14.635 [main] INFO  - Invalid Message is printed.......
16:53:16.810 [main] INFO  - Driver is navigated back .......
16:53:22.055 [main] INFO  - Chrome Browser is Opened.......................
16:53:31.017 [main] INFO  - PopUp appeared and handled.......
16:53:34.268 [main] INFO  - Type gyms in search box.......
16:53:37.509 [main] INFO  - Search button is clicked and gyms submenu appeared.......
16:53:39.595 [main] INFO  - Sub-Menu of Gyms are Printed.......
16:57:08.619 [main] INFO  - Chrome Browser is Opened.......................
16:57:17.639 [main] INFO  - First Pop Up Handled.......
16:57:20.300 [main] INFO  - Near By Location is entered.......
16:57:20.539 [main] INFO  - Suggested location is selected.......
16:57:23.389 [main] INFO  - Type Car Washing Services in search box.......
16:57:28.605 [main] INFO  - Suggested Car Washing Services is selected.......
16:57:33.791 [main] INFO  - Clicked on search button and result appears.......
16:57:36.402 [main] INFO  - Clicked on All Filters Sub-Menu.......
16:57:38.508 [main] INFO  - Click and Select rating 4.0+.......
16:57:41.596 [main] INFO  - Click on Apply Filter Button.......
16:57:51.670 [main] INFO  - PopUp appeared and handled.......
16:58:10.132 [main] INFO  - Chrome Browser is Opened.......................
16:58:18.518 [main] INFO  - PopUp apperaed and handled.......
16:58:43.564 [main] INFO  - Chrome Browser is Opened.......................
16:58:52.409 [main] INFO  - First Pop Up Handled.......
16:58:54.850 [main] INFO  - Near By Location is entered.......
16:58:55.052 [main] INFO  - Suggested location is selected.......
16:58:57.544 [main] INFO  - Type Car Washing Services in search box.......
16:59:02.700 [main] INFO  - Suggested Car Washing Services is selected.......
16:59:07.899 [main] INFO  - Clicked on search button and result appears.......
16:59:10.197 [main] INFO  - Clicked on All Filters Sub-Menu.......
16:59:12.414 [main] INFO  - Click and Select rating 4.0+.......
16:59:15.641 [main] INFO  - Click on Apply Filter Button.......
16:59:25.668 [main] INFO  - PopUp appeared and handled.......
16:59:41.464 [main] INFO  - Click on Show Number Flare Button to get contact of car washing services Dealer 
16:59:42.383 [main] TRACE - Loading type system org.apache.poi.schemas.ooxml.system.ooxml
16:59:42.386 [main] TRACE - Loading type system org.apache.xmlbeans.metadata.system.sXMLCONFIG
16:59:42.386 [main] TRACE - Loading type system org.apache.xmlbeans.metadata.system.sXMLLANG
16:59:42.387 [main] TRACE - Loading type system org.apache.xmlbeans.metadata.system.sXMLSCHEMA
16:59:42.389 [main] TRACE - Loading type system org.apache.xmlbeans.metadata.system.sXMLTOOLS
16:59:42.392 [main] TRACE - Reading unresolved handles for type system org.apache.xmlbeans.metadata.system.sXMLTOOLS
16:59:42.410 [main] TRACE - Finished loading type system org.apache.xmlbeans.metadata.system.sXMLTOOLS
16:59:42.411 [main] TRACE - Reading unresolved handles for type system org.apache.xmlbeans.metadata.system.sXMLSCHEMA
16:59:42.415 [main] TRACE - Finished loading type system org.apache.xmlbeans.metadata.system.sXMLSCHEMA
16:59:42.416 [main] TRACE - Reading unresolved handles for type system org.apache.xmlbeans.metadata.system.sXMLLANG
16:59:42.417 [main] TRACE - Finished loading type system org.apache.xmlbeans.metadata.system.sXMLLANG
16:59:42.418 [main] TRACE - Reading unresolved handles for type system org.apache.xmlbeans.metadata.system.sXMLCONFIG
16:59:42.420 [main] TRACE - Finished loading type system org.apache.xmlbeans.metadata.system.sXMLCONFIG
16:59:42.420 [main] TRACE - Reading unresolved handles for type system org.apache.poi.schemas.ooxml.system.ooxml
16:59:42.486 [main] TRACE - Finished loading type system org.apache.poi.schemas.ooxml.system.ooxml
16:59:42.488 [main] TRACE - Resolving type for handle ctworkbook83c3type
16:59:42.669 [main] TRACE - Resolving type for handle ctworkbookpr03a5type
16:59:42.681 [main] TRACE - Resolving type for handle ctbookviewsb864type
16:59:42.684 [main] TRACE - Resolving type for handle ctbookviewf677type
16:59:42.693 [main] TRACE - Resolving type for handle ctsheets49fdtype
16:59:42.696 [main] TRACE - Resolving type for handle propertiesee84doctype
16:59:42.699 [main] TRACE - Resolving type for handle ctproperties3f10type
16:59:42.717 [main] TRACE - Resolving type for handle properties288cdoctype
16:59:42.722 [main] TRACE - Resolving type for handle ctproperties2c18type
16:59:42.751 [main] TRACE - Resolving type for handle sstf81fdoctype
16:59:42.757 [main] TRACE - Resolving type for handle ctsst44f3type
16:59:42.771 [main] TRACE - Resolving type for handle stylesheet5d8bdoctype
16:59:42.773 [main] TRACE - Resolving type for handle ctstylesheet4257type
16:59:42.794 [main] TRACE - Resolving type for handle ctfont14d8type
16:59:42.821 [main] TRACE - Resolving type for handle ctfontsizeb3b9type
16:59:42.829 [main] TRACE - Resolving type for handle ctcolord2c2type
16:59:42.835 [main] TRACE - Resolving type for handle ctfontname2dc3type
16:59:42.838 [main] TRACE - Resolving type for handle stxstringf179type
16:59:42.848 [main] TRACE - Resolving type for handle ctfontfamily685ctype
16:59:42.854 [main] TRACE - Resolving type for handle stfontfamily9c6ctype
16:59:42.862 [main] TRACE - Resolving type for handle ctfontschemebf5dtype
16:59:42.880 [main] TRACE - Resolving type for handle stfontschemef36dtype
16:59:42.895 [main] TRACE - Resolving type for handle ctfill550ctype
16:59:42.900 [main] TRACE - Resolving type for handle ctpatternfill7452type
16:59:42.913 [main] TRACE - Resolving type for handle stpatterntype7939type
16:59:42.924 [main] TRACE - Resolving type for handle ctborderf935type
16:59:42.937 [main] TRACE - Resolving type for handle ctborderpre497type
16:59:42.947 [main] TRACE - Resolving type for handle ctxf97f7type
16:59:42.965 [main] TRACE - Resolving type for handle stnumfmtid76fbtype
16:59:42.969 [main] TRACE - Resolving type for handle stfontid9d63type
16:59:42.973 [main] TRACE - Resolving type for handle stfillida097type
16:59:42.976 [main] TRACE - Resolving type for handle stborderid1a80type
16:59:42.980 [main] TRACE - Resolving type for handle stcellstylexfid70c7type
16:59:43.001 [main] TRACE - Resolving type for handle ctsheet4dbetype
16:59:43.014 [main] TRACE - Resolving type for handle ctworksheet530dtype
16:59:43.046 [main] TRACE - Resolving type for handle ctsheetformatprdef7type
16:59:43.068 [main] TRACE - Resolving type for handle ctsheetviewsb918type
16:59:43.081 [main] TRACE - Resolving type for handle ctsheetview0f43type
16:59:43.113 [main] TRACE - Resolving type for handle ctsheetdimensiond310type
16:59:43.116 [main] TRACE - Resolving type for handle stref90a2type
16:59:43.118 [main] TRACE - Resolving type for handle ctsheetdata8408type
16:59:43.122 [main] TRACE - Resolving type for handle ctpagemargins5455type
16:59:43.145 [main] TRACE - Resolving type for handle ctcols627ctype
16:59:43.152 [main] TRACE - Resolving type for handle strelationshipid1e94type
16:59:43.157 [main] TRACE - Resolving type for handle ctrowdd39type
16:59:43.197 [main] TRACE - Resolving type for handle ctcell842btype
16:59:43.208 [main] TRACE - Resolving type for handle stcellrefe4e0type
16:59:43.212 [main] TRACE - Resolving type for handle ctrsta472type
16:59:43.215 [main] TRACE - Resolving type for handle stcelltypebf95type
16:59:43.812 [main] TRACE - Resolving type for handle ctnumfmtsb58btype
16:59:43.815 [main] TRACE - Resolving type for handle ctfonts6623type
16:59:43.818 [main] TRACE - Resolving type for handle ctfills2c6ftype
16:59:43.820 [main] TRACE - Resolving type for handle ctborders0d66type
16:59:43.826 [main] TRACE - Resolving type for handle ctcellxfs1322type
16:59:43.830 [main] TRACE - Resolving type for handle ctcellstylexfsa81ftype
16:59:43.858 [main] DEBUG - Save core properties part
16:59:43.859 [main] DEBUG - Save content types part
16:59:43.983 [main] DEBUG - Save package relationships
16:59:43.992 [main] DEBUG - Save part 'docProps/app.xml'
16:59:43.997 [main] DEBUG - Save part 'docProps/core.xml'
16:59:44.004 [main] DEBUG - Save part 'xl/sharedStrings.xml'
16:59:44.006 [main] DEBUG - Save part 'xl/styles.xml'
16:59:44.007 [main] DEBUG - Save part 'xl/workbook.xml'
16:59:44.011 [main] DEBUG - Save part 'xl/worksheets/sheet1.xml'
16:59:44.017 [main] DEBUG - Save content types part
16:59:44.019 [main] DEBUG - Save package relationships
16:59:44.020 [main] DEBUG - Save part 'docProps/app.xml'
16:59:44.020 [main] DEBUG - Save part 'docProps/core.xml'
16:59:44.022 [main] DEBUG - Save part 'xl/sharedStrings.xml'
16:59:44.024 [main] DEBUG - Save part 'xl/styles.xml'
16:59:44.024 [main] DEBUG - Save part 'xl/workbook.xml'
16:59:44.026 [main] DEBUG - Save part 'xl/worksheets/sheet1.xml'
16:59:44.028 [main] INFO  - Printing Details of Car Washing Services.......
16:59:49.406 [main] INFO  - Chrome Browser is Opened.......................
16:59:58.420 [main] INFO  - PopUp apperaed and handled.......
16:59:59.989 [main] INFO  - FreeListing is Launched.......
17:00:02.541 [main] INFO  - Wrong detail is given in input box.......
17:00:07.684 [main] INFO  - Start Now Button is clicked.......
17:00:09.741 [main] INFO  - Invalid Message is printed.......
17:00:11.745 [main] INFO  - Driver is navigated back .......
17:00:17.082 [main] INFO  - Chrome Browser is Opened.......................
17:00:25.829 [main] INFO  - PopUp appeared and handled.......
17:00:29.113 [main] INFO  - Type gyms in search box.......
17:00:32.297 [main] INFO  - Search button is clicked and gyms submenu appeared.......
17:00:34.366 [main] INFO  - Sub-Menu of Gyms are Printed.......
18:01:15.581 [TestNG-tests-2] INFO  - Edge Browser is Opened.......................
18:01:15.992 [TestNG-tests-1] INFO  - Chrome Browser is Opened.......................
18:01:26.319 [TestNG-tests-2] INFO  - First Pop Up Handled.......
18:01:26.573 [TestNG-tests-1] INFO  - First Pop Up Handled.......
18:01:29.315 [TestNG-tests-2] INFO  - Near By Location is entered.......
18:01:29.407 [TestNG-tests-1] INFO  - Near By Location is entered.......
18:01:29.651 [TestNG-tests-2] INFO  - Suggested location is selected.......
18:01:29.888 [TestNG-tests-1] INFO  - Suggested location is selected.......
18:01:32.797 [TestNG-tests-2] INFO  - Type Car Washing Services in search box.......
18:01:33.196 [TestNG-tests-1] INFO  - Type Car Washing Services in search box.......
18:01:38.076 [TestNG-tests-2] INFO  - Suggested Car Washing Services is selected.......
18:01:38.566 [TestNG-tests-1] INFO  - Suggested Car Washing Services is selected.......
18:01:43.382 [TestNG-tests-2] INFO  - Clicked on search button and result appears.......
18:01:43.817 [TestNG-tests-1] INFO  - Clicked on search button and result appears.......
18:01:45.833 [TestNG-tests-2] INFO  - Clicked on All Filters Sub-Menu.......
18:01:46.362 [TestNG-tests-1] INFO  - Clicked on All Filters Sub-Menu.......
18:01:48.338 [TestNG-tests-2] INFO  - Click and Select rating 4.0+.......
18:01:48.928 [TestNG-tests-1] INFO  - Click and Select rating 4.0+.......
18:01:51.891 [TestNG-tests-2] INFO  - Click on Apply Filter Button.......
18:01:52.344 [TestNG-tests-1] INFO  - Click on Apply Filter Button.......
18:02:01.961 [TestNG-tests-2] INFO  - PopUp appeared and handled.......
18:02:02.415 [TestNG-tests-1] INFO  - PopUp appeared and handled.......
18:02:19.515 [TestNG-tests-2] INFO  - Click on Show Number Flare Button to get contact of car washing services Dealer 
18:02:19.796 [TestNG-tests-1] INFO  - Click on Show Number Flare Button to get contact of car washing services Dealer 
18:02:22.855 [TestNG-tests-2] TRACE - Loading type system org.apache.poi.schemas.ooxml.system.ooxml
18:02:22.865 [TestNG-tests-2] TRACE - Loading type system org.apache.xmlbeans.metadata.system.sXMLCONFIG
18:02:22.866 [TestNG-tests-2] TRACE - Loading type system org.apache.xmlbeans.metadata.system.sXMLLANG
18:02:22.867 [TestNG-tests-2] TRACE - Loading type system org.apache.xmlbeans.metadata.system.sXMLSCHEMA
18:02:22.867 [TestNG-tests-2] TRACE - Loading type system org.apache.xmlbeans.metadata.system.sXMLTOOLS
18:02:22.869 [TestNG-tests-2] TRACE - Reading unresolved handles for type system org.apache.xmlbeans.metadata.system.sXMLTOOLS
18:02:22.899 [TestNG-tests-2] TRACE - Finished loading type system org.apache.xmlbeans.metadata.system.sXMLTOOLS
18:02:22.901 [TestNG-tests-2] TRACE - Reading unresolved handles for type system org.apache.xmlbeans.metadata.system.sXMLSCHEMA
18:02:22.905 [TestNG-tests-2] TRACE - Finished loading type system org.apache.xmlbeans.metadata.system.sXMLSCHEMA
18:02:22.912 [TestNG-tests-2] TRACE - Reading unresolved handles for type system org.apache.xmlbeans.metadata.system.sXMLLANG
18:02:22.913 [TestNG-tests-2] TRACE - Finished loading type system org.apache.xmlbeans.metadata.system.sXMLLANG
18:02:22.916 [TestNG-tests-2] TRACE - Reading unresolved handles for type system org.apache.xmlbeans.metadata.system.sXMLCONFIG
18:02:22.917 [TestNG-tests-2] TRACE - Finished loading type system org.apache.xmlbeans.metadata.system.sXMLCONFIG
18:02:22.918 [TestNG-tests-2] TRACE - Reading unresolved handles for type system org.apache.poi.schemas.ooxml.system.ooxml
18:02:23.029 [TestNG-tests-2] TRACE - Finished loading type system org.apache.poi.schemas.ooxml.system.ooxml
18:02:23.031 [TestNG-tests-2] TRACE - Resolving type for handle ctworkbook83c3type
18:02:23.165 [TestNG-tests-1] TRACE - Resolving type for handle ctworkbookpr03a5type
18:02:23.187 [TestNG-tests-2] TRACE - Resolving type for handle ctbookviewsb864type
18:02:23.200 [TestNG-tests-1] TRACE - Resolving type for handle ctbookviewf677type
18:02:23.218 [TestNG-tests-2] TRACE - Resolving type for handle ctsheets49fdtype
18:02:23.229 [TestNG-tests-2] TRACE - Resolving type for handle propertiesee84doctype
18:02:23.234 [TestNG-tests-2] TRACE - Resolving type for handle ctproperties3f10type
18:02:23.247 [TestNG-tests-2] TRACE - Resolving type for handle properties288cdoctype
18:02:23.251 [TestNG-tests-2] TRACE - Resolving type for handle ctproperties2c18type
18:02:23.267 [TestNG-tests-2] TRACE - Resolving type for handle sstf81fdoctype
18:02:23.271 [TestNG-tests-2] TRACE - Resolving type for handle ctsst44f3type
18:02:23.284 [TestNG-tests-1] TRACE - Resolving type for handle stylesheet5d8bdoctype
18:02:23.287 [TestNG-tests-1] TRACE - Resolving type for handle ctstylesheet4257type
18:02:23.300 [TestNG-tests-1] TRACE - Resolving type for handle ctfont14d8type
18:02:23.313 [TestNG-tests-1] TRACE - Resolving type for handle ctfontsizeb3b9type
18:02:23.326 [TestNG-tests-2] TRACE - Resolving type for handle ctcolord2c2type
18:02:23.333 [TestNG-tests-1] TRACE - Resolving type for handle ctfontname2dc3type
18:02:23.336 [TestNG-tests-1] TRACE - Resolving type for handle stxstringf179type
18:02:23.346 [TestNG-tests-2] TRACE - Resolving type for handle ctfontfamily685ctype
18:02:23.350 [TestNG-tests-1] TRACE - Resolving type for handle stfontfamily9c6ctype
18:02:23.360 [TestNG-tests-2] TRACE - Resolving type for handle ctfontschemebf5dtype
18:02:23.366 [TestNG-tests-2] TRACE - Resolving type for handle stfontschemef36dtype
18:02:23.373 [TestNG-tests-2] TRACE - Resolving type for handle ctfill550ctype
18:02:23.379 [TestNG-tests-2] TRACE - Resolving type for handle ctpatternfill7452type
18:02:23.386 [TestNG-tests-2] TRACE - Resolving type for handle stpatterntype7939type
18:02:23.396 [TestNG-tests-1] TRACE - Resolving type for handle ctborderf935type
18:02:23.400 [TestNG-tests-1] TRACE - Resolving type for handle ctborderpre497type
18:02:23.413 [TestNG-tests-2] TRACE - Resolving type for handle ctxf97f7type
18:02:23.418 [TestNG-tests-2] TRACE - Resolving type for handle stnumfmtid76fbtype
18:02:23.421 [TestNG-tests-1] TRACE - Resolving type for handle stfontid9d63type
18:02:23.427 [TestNG-tests-2] TRACE - Resolving type for handle stfillida097type
18:02:23.432 [TestNG-tests-2] TRACE - Resolving type for handle stborderid1a80type
18:02:23.435 [TestNG-tests-1] TRACE - Resolving type for handle stcellstylexfid70c7type
18:02:23.451 [TestNG-tests-2] TRACE - Resolving type for handle ctsheet4dbetype
18:02:23.463 [TestNG-tests-1] TRACE - Resolving type for handle ctworksheet530dtype
18:02:23.470 [TestNG-tests-2] TRACE - Resolving type for handle ctsheetformatprdef7type
18:02:23.483 [TestNG-tests-2] TRACE - Resolving type for handle ctsheetviewsb918type
18:02:23.489 [TestNG-tests-1] TRACE - Resolving type for handle ctsheetview0f43type
18:02:23.502 [TestNG-tests-2] TRACE - Resolving type for handle ctsheetdimensiond310type
18:02:23.508 [TestNG-tests-2] TRACE - Resolving type for handle stref90a2type
18:02:23.513 [TestNG-tests-2] TRACE - Resolving type for handle ctsheetdata8408type
18:02:23.518 [TestNG-tests-2] TRACE - Resolving type for handle ctpagemargins5455type
18:02:23.537 [TestNG-tests-2] TRACE - Resolving type for handle ctcols627ctype
18:02:23.546 [TestNG-tests-1] TRACE - Resolving type for handle strelationshipid1e94type
18:02:23.550 [TestNG-tests-1] TRACE - Resolving type for handle ctrowdd39type
18:02:23.564 [TestNG-tests-2] TRACE - Resolving type for handle ctcell842btype
18:02:23.580 [TestNG-tests-2] TRACE - Resolving type for handle stcellrefe4e0type
18:02:23.585 [TestNG-tests-2] TRACE - Resolving type for handle ctrsta472type
18:02:23.594 [TestNG-tests-2] TRACE - Resolving type for handle stcelltypebf95type
18:02:24.711 [TestNG-tests-1] TRACE - Resolving type for handle ctnumfmtsb58btype
18:02:24.721 [TestNG-tests-1] TRACE - Resolving type for handle ctfonts6623type
18:02:24.732 [TestNG-tests-1] TRACE - Resolving type for handle ctfills2c6ftype
18:02:24.741 [TestNG-tests-1] TRACE - Resolving type for handle ctborders0d66type
18:02:24.751 [TestNG-tests-1] TRACE - Resolving type for handle ctcellxfs1322type
18:02:24.764 [TestNG-tests-1] TRACE - Resolving type for handle ctcellstylexfsa81ftype
18:02:24.845 [TestNG-tests-1] DEBUG - Save core properties part
18:02:24.847 [TestNG-tests-1] DEBUG - Save content types part
18:02:24.983 [TestNG-tests-2] DEBUG - Save core properties part
18:02:24.983 [TestNG-tests-2] DEBUG - Save content types part
18:02:25.186 [TestNG-tests-1] DEBUG - Save package relationships
18:02:25.186 [TestNG-tests-2] DEBUG - Save package relationships
18:02:25.209 [TestNG-tests-2] DEBUG - Save part 'docProps/app.xml'
18:02:25.209 [TestNG-tests-1] DEBUG - Save part 'docProps/app.xml'
18:02:25.219 [TestNG-tests-1] DEBUG - Save part 'docProps/core.xml'
18:02:25.219 [TestNG-tests-2] DEBUG - Save part 'docProps/core.xml'
18:02:25.241 [TestNG-tests-1] DEBUG - Save part 'xl/sharedStrings.xml'
18:02:25.241 [TestNG-tests-2] DEBUG - Save part 'xl/sharedStrings.xml'
18:02:25.242 [TestNG-tests-2] DEBUG - Save part 'xl/styles.xml'
18:02:25.242 [TestNG-tests-1] DEBUG - Save part 'xl/styles.xml'
18:02:25.244 [TestNG-tests-2] DEBUG - Save part 'xl/workbook.xml'
18:02:25.244 [TestNG-tests-1] DEBUG - Save part 'xl/workbook.xml'
18:02:25.249 [TestNG-tests-2] DEBUG - Save part 'xl/worksheets/sheet1.xml'
18:02:25.250 [TestNG-tests-1] DEBUG - Save part 'xl/worksheets/sheet1.xml'
18:02:25.260 [TestNG-tests-1] DEBUG - Save content types part
18:02:25.260 [TestNG-tests-2] DEBUG - Save content types part
18:02:25.264 [TestNG-tests-1] DEBUG - Save package relationships
18:02:25.264 [TestNG-tests-2] DEBUG - Save package relationships
18:02:25.268 [TestNG-tests-2] DEBUG - Save part 'docProps/app.xml'
18:02:25.268 [TestNG-tests-1] DEBUG - Save part 'docProps/app.xml'
18:02:25.268 [TestNG-tests-2] DEBUG - Save part 'docProps/core.xml'
18:02:25.268 [TestNG-tests-1] DEBUG - Save part 'docProps/core.xml'
18:02:25.272 [TestNG-tests-2] DEBUG - Save part 'xl/sharedStrings.xml'
18:02:25.272 [TestNG-tests-1] DEBUG - Save part 'xl/sharedStrings.xml'
18:02:25.275 [TestNG-tests-1] DEBUG - Save part 'xl/styles.xml'
18:02:25.276 [TestNG-tests-1] DEBUG - Save part 'xl/workbook.xml'
18:02:25.276 [TestNG-tests-2] DEBUG - Save part 'xl/styles.xml'
18:02:25.277 [TestNG-tests-2] DEBUG - Save part 'xl/workbook.xml'
18:02:25.280 [TestNG-tests-1] DEBUG - Save part 'xl/worksheets/sheet1.xml'
18:02:25.281 [TestNG-tests-2] DEBUG - Save part 'xl/worksheets/sheet1.xml'
18:02:25.283 [TestNG-tests-2] INFO  - Printing Details of Car Washing Services.......
18:02:25.283 [TestNG-tests-1] INFO  - Printing Details of Car Washing Services.......
18:02:31.974 [TestNG-tests-1] INFO  - Chrome Browser is Opened.......................
18:02:33.484 [TestNG-tests-2] INFO  - Edge Browser is Opened.......................
18:02:42.188 [TestNG-tests-1] INFO  - PopUp apperaed and handled.......
18:02:43.008 [TestNG-tests-2] INFO  - PopUp apperaed and handled.......
18:02:45.066 [TestNG-tests-1] INFO  - FreeListing is Launched.......
18:02:45.786 [TestNG-tests-2] INFO  - FreeListing is Launched.......
18:02:47.830 [TestNG-tests-1] INFO  - Wrong detail is given in input box.......
18:02:48.341 [TestNG-tests-2] INFO  - Wrong detail is given in input box.......
18:02:52.972 [TestNG-tests-1] INFO  - Start Now Button is clicked.......
18:02:53.472 [TestNG-tests-2] INFO  - Start Now Button is clicked.......
18:02:55.060 [TestNG-tests-1] INFO  - Invalid Message is printed.......
18:02:55.545 [TestNG-tests-2] INFO  - Invalid Message is printed.......
18:02:57.441 [TestNG-tests-1] INFO  - Driver is navigated back .......
18:02:57.808 [TestNG-tests-2] INFO  - Driver is navigated back .......
18:03:04.215 [TestNG-tests-1] INFO  - Chrome Browser is Opened.......................
18:03:05.073 [TestNG-tests-2] INFO  - Edge Browser is Opened.......................
18:03:14.615 [TestNG-tests-2] INFO  - PopUp appeared and handled.......
18:03:15.141 [TestNG-tests-1] INFO  - PopUp appeared and handled.......
18:03:18.080 [TestNG-tests-2] INFO  - Type gyms in search box.......
18:03:18.634 [TestNG-tests-1] INFO  - Type gyms in search box.......
18:03:21.298 [TestNG-tests-2] INFO  - Search button is clicked and gyms submenu appeared.......
18:03:21.956 [TestNG-tests-1] INFO  - Search button is clicked and gyms submenu appeared.......
18:03:23.398 [TestNG-tests-2] INFO  - Sub-Menu of Gyms are Printed.......
18:03:24.037 [TestNG-tests-1] INFO  - Sub-Menu of Gyms are Printed.......
12:16:00.153 [main] INFO  - Chrome Browser is Opened.......................
12:16:41.809 [main] INFO  - PopUp apperaed and handled.......
12:17:21.374 [main] INFO  - FreeListing is Launched.......
12:17:23.488 [main] INFO  - Wrong detail is given in input box.......
12:17:28.544 [main] INFO  - Start Now Button is clicked.......
12:17:30.573 [main] INFO  - Invalid Message is printed.......
12:18:09.264 [main] INFO  - Driver is navigated back .......
12:19:08.806 [main] INFO  - Chrome Browser is Opened.......................
12:19:48.031 [main] INFO  - First Pop Up Handled.......
12:19:51.259 [main] INFO  - Near By Location is entered.......
12:19:51.330 [main] INFO  - Suggested location is selected.......
12:19:53.561 [main] INFO  - Type Car Washing Services in search box.......
12:19:58.628 [main] INFO  - Suggested Car Washing Services is selected.......
12:20:03.700 [main] INFO  - Clicked on search button and result appears.......
12:20:05.817 [main] INFO  - Clicked on All Filters Sub-Menu.......
12:20:07.899 [main] INFO  - Click and Select rating 4.0+.......
12:20:11.013 [main] INFO  - Click on Apply Filter Button.......
12:20:21.039 [main] INFO  - PopUp appeared and handled.......
12:20:35.808 [main] INFO  - Click on Show Number Flare Button to get contact of car washing services Dealer 
12:20:36.393 [main] TRACE - Loading type system org.apache.poi.schemas.ooxml.system.ooxml
12:20:36.395 [main] TRACE - Loading type system org.apache.xmlbeans.metadata.system.sXMLCONFIG
12:20:36.395 [main] TRACE - Loading type system org.apache.xmlbeans.metadata.system.sXMLLANG
12:20:36.396 [main] TRACE - Loading type system org.apache.xmlbeans.metadata.system.sXMLSCHEMA
12:20:36.396 [main] TRACE - Loading type system org.apache.xmlbeans.metadata.system.sXMLTOOLS
12:20:36.397 [main] TRACE - Reading unresolved handles for type system org.apache.xmlbeans.metadata.system.sXMLTOOLS
12:20:36.405 [main] TRACE - Finished loading type system org.apache.xmlbeans.metadata.system.sXMLTOOLS
12:20:36.406 [main] TRACE - Reading unresolved handles for type system org.apache.xmlbeans.metadata.system.sXMLSCHEMA
12:20:36.408 [main] TRACE - Finished loading type system org.apache.xmlbeans.metadata.system.sXMLSCHEMA
12:20:36.409 [main] TRACE - Reading unresolved handles for type system org.apache.xmlbeans.metadata.system.sXMLLANG
12:20:36.409 [main] TRACE - Finished loading type system org.apache.xmlbeans.metadata.system.sXMLLANG
12:20:36.410 [main] TRACE - Reading unresolved handles for type system org.apache.xmlbeans.metadata.system.sXMLCONFIG
12:20:36.410 [main] TRACE - Finished loading type system org.apache.xmlbeans.metadata.system.sXMLCONFIG
12:20:36.411 [main] TRACE - Reading unresolved handles for type system org.apache.poi.schemas.ooxml.system.ooxml
12:20:36.444 [main] TRACE - Finished loading type system org.apache.poi.schemas.ooxml.system.ooxml
12:20:36.445 [main] TRACE - Resolving type for handle ctworkbook83c3type
12:20:36.480 [main] TRACE - Resolving type for handle ctworkbookpr03a5type
12:20:36.485 [main] TRACE - Resolving type for handle ctbookviewsb864type
12:20:36.488 [main] TRACE - Resolving type for handle ctbookviewf677type
12:20:36.493 [main] TRACE - Resolving type for handle ctsheets49fdtype
12:20:36.495 [main] TRACE - Resolving type for handle propertiesee84doctype
12:20:36.497 [main] TRACE - Resolving type for handle ctproperties3f10type
12:20:36.501 [main] TRACE - Resolving type for handle properties288cdoctype
12:20:36.503 [main] TRACE - Resolving type for handle ctproperties2c18type
12:20:36.509 [main] TRACE - Resolving type for handle sstf81fdoctype
12:20:36.510 [main] TRACE - Resolving type for handle ctsst44f3type
12:20:36.513 [main] TRACE - Resolving type for handle stylesheet5d8bdoctype
12:20:36.515 [main] TRACE - Resolving type for handle ctstylesheet4257type
12:20:36.518 [main] TRACE - Resolving type for handle ctfont14d8type
12:20:36.525 [main] TRACE - Resolving type for handle ctfontsizeb3b9type
12:20:36.529 [main] TRACE - Resolving type for handle ctcolord2c2type
12:20:36.532 [main] TRACE - Resolving type for handle ctfontname2dc3type
12:20:36.533 [main] TRACE - Resolving type for handle stxstringf179type
12:20:36.536 [main] TRACE - Resolving type for handle ctfontfamily685ctype
12:20:36.537 [main] TRACE - Resolving type for handle stfontfamily9c6ctype
12:20:36.542 [main] TRACE - Resolving type for handle ctfontschemebf5dtype
12:20:36.544 [main] TRACE - Resolving type for handle stfontschemef36dtype
12:20:36.547 [main] TRACE - Resolving type for handle ctfill550ctype
12:20:36.549 [main] TRACE - Resolving type for handle ctpatternfill7452type
12:20:36.552 [main] TRACE - Resolving type for handle stpatterntype7939type
12:20:36.556 [main] TRACE - Resolving type for handle ctborderf935type
12:20:36.558 [main] TRACE - Resolving type for handle ctborderpre497type
12:20:36.562 [main] TRACE - Resolving type for handle ctxf97f7type
12:20:36.564 [main] TRACE - Resolving type for handle stnumfmtid76fbtype
12:20:36.565 [main] TRACE - Resolving type for handle stfontid9d63type
12:20:36.566 [main] TRACE - Resolving type for handle stfillida097type
12:20:36.566 [main] TRACE - Resolving type for handle stborderid1a80type
12:20:36.567 [main] TRACE - Resolving type for handle stcellstylexfid70c7type
12:20:36.575 [main] TRACE - Resolving type for handle ctsheet4dbetype
12:20:36.579 [main] TRACE - Resolving type for handle ctworksheet530dtype
12:20:36.583 [main] TRACE - Resolving type for handle ctsheetformatprdef7type
12:20:36.588 [main] TRACE - Resolving type for handle ctsheetviewsb918type
12:20:36.594 [main] TRACE - Resolving type for handle ctsheetview0f43type
12:20:36.598 [main] TRACE - Resolving type for handle ctsheetdimensiond310type
12:20:36.599 [main] TRACE - Resolving type for handle stref90a2type
12:20:36.600 [main] TRACE - Resolving type for handle ctsheetdata8408type
12:20:36.601 [main] TRACE - Resolving type for handle ctpagemargins5455type
12:20:36.608 [main] TRACE - Resolving type for handle ctcols627ctype
12:20:36.609 [main] TRACE - Resolving type for handle strelationshipid1e94type
12:20:36.611 [main] TRACE - Resolving type for handle ctrowdd39type
12:20:36.617 [main] TRACE - Resolving type for handle ctcell842btype
12:20:36.625 [main] TRACE - Resolving type for handle stcellrefe4e0type
12:20:36.627 [main] TRACE - Resolving type for handle ctrsta472type
12:20:36.630 [main] TRACE - Resolving type for handle stcelltypebf95type
12:20:36.870 [main] TRACE - Resolving type for handle ctnumfmtsb58btype
12:20:36.872 [main] TRACE - Resolving type for handle ctfonts6623type
12:20:36.874 [main] TRACE - Resolving type for handle ctfills2c6ftype
12:20:36.875 [main] TRACE - Resolving type for handle ctborders0d66type
12:20:36.877 [main] TRACE - Resolving type for handle ctcellxfs1322type
12:20:36.879 [main] TRACE - Resolving type for handle ctcellstylexfsa81ftype
12:20:36.893 [main] DEBUG - Save core properties part
12:20:36.894 [main] DEBUG - Save content types part
12:20:36.949 [main] DEBUG - Save package relationships
12:20:36.956 [main] DEBUG - Save part 'docProps/app.xml'
12:20:36.958 [main] DEBUG - Save part 'docProps/core.xml'
12:20:36.961 [main] DEBUG - Save part 'xl/sharedStrings.xml'
12:20:36.962 [main] DEBUG - Save part 'xl/styles.xml'
12:20:36.962 [main] DEBUG - Save part 'xl/workbook.xml'
12:20:36.963 [main] DEBUG - Save part 'xl/worksheets/sheet1.xml'
12:20:36.966 [main] DEBUG - Save content types part
12:20:36.967 [main] DEBUG - Save package relationships
12:20:36.968 [main] DEBUG - Save part 'docProps/app.xml'
12:20:36.968 [main] DEBUG - Save part 'docProps/core.xml'
12:20:36.969 [main] DEBUG - Save part 'xl/sharedStrings.xml'
12:20:36.969 [main] DEBUG - Save part 'xl/styles.xml'
12:20:36.969 [main] DEBUG - Save part 'xl/workbook.xml'
12:20:36.971 [main] DEBUG - Save part 'xl/worksheets/sheet1.xml'
12:20:36.972 [main] INFO  - Printing Details of Car Washing Services.......
12:20:40.384 [main] INFO  - Chrome Browser is Opened.......................
12:21:19.527 [main] INFO  - PopUp apperaed and handled.......
12:21:58.847 [main] INFO  - FreeListing is Launched.......
12:22:00.956 [main] INFO  - Wrong detail is given in input box.......
12:22:06.018 [main] INFO  - Start Now Button is clicked.......
12:22:08.052 [main] INFO  - Invalid Message is printed.......
12:22:46.887 [main] INFO  - Driver is navigated back .......
12:22:50.384 [main] INFO  - Chrome Browser is Opened.......................
12:23:29.470 [main] INFO  - PopUp appeared and handled.......
12:23:32.573 [main] INFO  - Type gyms in search box.......
12:23:35.631 [main] INFO  - Search button is clicked and gyms submenu appeared.......
12:23:37.671 [main] INFO  - Sub-Menu of Gyms are Printed.......
13:57:23.748 [main] INFO  - Chrome Browser is Opened.......................
13:58:05.649 [main] INFO  - First Pop Up Handled.......
13:58:08.707 [main] INFO  - Near By Location is entered.......
13:58:08.783 [main] INFO  - Suggested location is selected.......
13:58:11.433 [main] INFO  - Type Car Washing Services in search box.......
13:58:16.510 [main] INFO  - Suggested Car Washing Services is selected.......
13:58:21.585 [main] INFO  - Clicked on search button and result appears.......
13:58:23.641 [main] INFO  - Clicked on All Filters Sub-Menu.......
13:58:28.393 [main] INFO  - Chrome Browser is Opened.......................
13:59:07.522 [main] INFO  - PopUp apperaed and handled.......
13:59:46.702 [main] INFO  - FreeListing is Launched.......
13:59:48.811 [main] INFO  - Wrong detail is given in input box.......
13:59:53.874 [main] INFO  - Start Now Button is clicked.......
13:59:55.908 [main] INFO  - Invalid Message is printed.......
14:00:34.609 [main] INFO  - Driver is navigated back .......
14:00:37.851 [main] INFO  - Chrome Browser is Opened.......................
14:01:16.906 [main] INFO  - PopUp appeared and handled.......
14:01:20.026 [main] INFO  - Type gyms in search box.......
14:01:23.095 [main] INFO  - Search button is clicked and gyms submenu appeared.......
14:01:25.144 [main] INFO  - Sub-Menu of Gyms are Printed.......
14:03:40.460 [main] INFO  - Chrome Browser is Opened.......................
14:04:19.746 [main] INFO  - First Pop Up Handled.......
14:04:22.949 [main] INFO  - Near By Location is entered.......
14:04:23.023 [main] INFO  - Suggested location is selected.......
14:04:25.331 [main] INFO  - Type Car Washing Services in search box.......
14:04:30.401 [main] INFO  - Suggested Car Washing Services is selected.......
14:04:35.492 [main] INFO  - Clicked on search button and result appears.......
14:04:37.605 [main] INFO  - Clicked on All Filters Sub-Menu.......
14:04:39.701 [main] INFO  - Click and Select rating 4.0+.......
14:04:42.858 [main] INFO  - Click on Apply Filter Button.......
14:04:52.884 [main] INFO  - PopUp appeared and handled.......
14:05:06.162 [main] INFO  - Chrome Browser is Opened.......................
14:05:45.346 [main] INFO  - PopUp apperaed and handled.......
14:06:25.402 [main] INFO  - FreeListing is Launched.......
14:06:27.503 [main] INFO  - Wrong detail is given in input box.......
14:06:32.568 [main] INFO  - Start Now Button is clicked.......
14:06:34.598 [main] INFO  - Invalid Message is printed.......
14:07:13.227 [main] INFO  - Driver is navigated back .......
14:07:16.497 [main] INFO  - Chrome Browser is Opened.......................
14:07:55.614 [main] INFO  - PopUp appeared and handled.......
14:07:58.717 [main] INFO  - Type gyms in search box.......
14:08:01.777 [main] INFO  - Search button is clicked and gyms submenu appeared.......
14:08:03.824 [main] INFO  - Sub-Menu of Gyms are Printed.......
14:10:26.263 [main] INFO  - Chrome Browser is Opened.......................
14:11:05.317 [main] INFO  - First Pop Up Handled.......
14:11:08.245 [main] INFO  - Near By Location is entered.......
14:11:08.329 [main] INFO  - Suggested location is selected.......
14:11:10.731 [main] INFO  - Type Car Washing Services in search box.......
14:11:15.797 [main] INFO  - Suggested Car Washing Services is selected.......
14:11:20.881 [main] INFO  - Clicked on search button and result appears.......
14:11:22.981 [main] INFO  - Clicked on All Filters Sub-Menu.......
14:11:25.054 [main] INFO  - Click and Select rating 4.0+.......
14:11:28.191 [main] INFO  - Click on Apply Filter Button.......
14:11:38.212 [main] INFO  - PopUp appeared and handled.......
14:11:50.789 [main] INFO  - Click on Show Number Flare Button to get contact of car washing services Dealer 
14:11:51.278 [main] TRACE - Loading type system org.apache.poi.schemas.ooxml.system.ooxml
14:11:51.280 [main] TRACE - Loading type system org.apache.xmlbeans.metadata.system.sXMLCONFIG
14:11:51.280 [main] TRACE - Loading type system org.apache.xmlbeans.metadata.system.sXMLLANG
14:11:51.280 [main] TRACE - Loading type system org.apache.xmlbeans.metadata.system.sXMLSCHEMA
14:11:51.281 [main] TRACE - Loading type system org.apache.xmlbeans.metadata.system.sXMLTOOLS
14:11:51.281 [main] TRACE - Reading unresolved handles for type system org.apache.xmlbeans.metadata.system.sXMLTOOLS
14:11:51.290 [main] TRACE - Finished loading type system org.apache.xmlbeans.metadata.system.sXMLTOOLS
14:11:51.291 [main] TRACE - Reading unresolved handles for type system org.apache.xmlbeans.metadata.system.sXMLSCHEMA
14:11:51.294 [main] TRACE - Finished loading type system org.apache.xmlbeans.metadata.system.sXMLSCHEMA
14:11:51.295 [main] TRACE - Reading unresolved handles for type system org.apache.xmlbeans.metadata.system.sXMLLANG
14:11:51.296 [main] TRACE - Finished loading type system org.apache.xmlbeans.metadata.system.sXMLLANG
14:11:51.296 [main] TRACE - Reading unresolved handles for type system org.apache.xmlbeans.metadata.system.sXMLCONFIG
14:11:51.296 [main] TRACE - Finished loading type system org.apache.xmlbeans.metadata.system.sXMLCONFIG
14:11:51.297 [main] TRACE - Reading unresolved handles for type system org.apache.poi.schemas.ooxml.system.ooxml
14:11:51.338 [main] TRACE - Finished loading type system org.apache.poi.schemas.ooxml.system.ooxml
14:11:51.338 [main] TRACE - Resolving type for handle ctworkbook83c3type
14:11:51.373 [main] TRACE - Resolving type for handle ctworkbookpr03a5type
14:11:51.380 [main] TRACE - Resolving type for handle ctbookviewsb864type
14:11:51.381 [main] TRACE - Resolving type for handle ctbookviewf677type
14:11:51.388 [main] TRACE - Resolving type for handle ctsheets49fdtype
14:11:51.394 [main] TRACE - Resolving type for handle propertiesee84doctype
14:11:51.396 [main] TRACE - Resolving type for handle ctproperties3f10type
14:11:51.399 [main] TRACE - Resolving type for handle properties288cdoctype
14:11:51.400 [main] TRACE - Resolving type for handle ctproperties2c18type
14:11:51.403 [main] TRACE - Resolving type for handle sstf81fdoctype
14:11:51.404 [main] TRACE - Resolving type for handle ctsst44f3type
14:11:51.410 [main] TRACE - Resolving type for handle stylesheet5d8bdoctype
14:11:51.411 [main] TRACE - Resolving type for handle ctstylesheet4257type
14:11:51.415 [main] TRACE - Resolving type for handle ctfont14d8type
14:11:51.419 [main] TRACE - Resolving type for handle ctfontsizeb3b9type
14:11:51.424 [main] TRACE - Resolving type for handle ctcolord2c2type
14:11:51.426 [main] TRACE - Resolving type for handle ctfontname2dc3type
14:11:51.431 [main] TRACE - Resolving type for handle stxstringf179type
14:11:51.435 [main] TRACE - Resolving type for handle ctfontfamily685ctype
14:11:51.438 [main] TRACE - Resolving type for handle stfontfamily9c6ctype
14:11:51.443 [main] TRACE - Resolving type for handle ctfontschemebf5dtype
14:11:51.448 [main] TRACE - Resolving type for handle stfontschemef36dtype
